{"C:\\Users\\97798\\Developer\\KrishiPal Web\\frontend\\app\\admin\\blogs\\page.tsx": {"path":"C:\\Users\\97798\\Developer\\KrishiPal Web\\frontend\\app\\admin\\blogs\\page.tsx","statementMap":{"0":{"start":{"line":47,"column":24},"end":{"line":47,"column":null}},"1":{"start":{"line":3,"column":45},"end":{"line":3,"column":null}},"2":{"start":{"line":4,"column":23},"end":{"line":4,"column":null}},"3":{"start":{"line":5,"column":34},"end":{"line":5,"column":null}},"4":{"start":{"line":13,"column":7},"end":{"line":13,"column":null}},"5":{"start":{"line":14,"column":25},"end":{"line":14,"column":null}},"6":{"start":{"line":15,"column":30},"end":{"line":15,"column":null}},"7":{"start":{"line":33,"column":2},"end":{"line":38,"column":null}},"8":{"start":{"line":42,"column":15},"end":{"line":42,"column":null}},"9":{"start":{"line":48,"column":18},"end":{"line":48,"column":null}},"10":{"start":{"line":50,"column":32},"end":{"line":50,"column":null}},"11":{"start":{"line":51,"column":28},"end":{"line":51,"column":null}},"12":{"start":{"line":54,"column":26},"end":{"line":54,"column":null}},"13":{"start":{"line":55,"column":28},"end":{"line":55,"column":null}},"14":{"start":{"line":56,"column":30},"end":{"line":56,"column":null}},"15":{"start":{"line":57,"column":42},"end":{"line":57,"column":null}},"16":{"start":{"line":59,"column":26},"end":{"line":59,"column":null}},"17":{"start":{"line":60,"column":26},"end":{"line":60,"column":null}},"18":{"start":{"line":63,"column":28},"end":{"line":63,"column":null}},"19":{"start":{"line":64,"column":26},"end":{"line":64,"column":null}},"20":{"start":{"line":65,"column":32},"end":{"line":65,"column":null}},"21":{"start":{"line":66,"column":32},"end":{"line":66,"column":null}},"22":{"start":{"line":67,"column":30},"end":{"line":67,"column":null}},"23":{"start":{"line":68,"column":28},"end":{"line":68,"column":null}},"24":{"start":{"line":71,"column":36},"end":{"line":71,"column":null}},"25":{"start":{"line":72,"column":30},"end":{"line":72,"column":null}},"26":{"start":{"line":73,"column":28},"end":{"line":73,"column":null}},"27":{"start":{"line":74,"column":34},"end":{"line":74,"column":null}},"28":{"start":{"line":75,"column":34},"end":{"line":75,"column":null}},"29":{"start":{"line":76,"column":32},"end":{"line":76,"column":null}},"30":{"start":{"line":77,"column":30},"end":{"line":77,"column":null}},"31":{"start":{"line":78,"column":34},"end":{"line":78,"column":null}},"32":{"start":{"line":79,"column":38},"end":{"line":79,"column":null}},"33":{"start":{"line":81,"column":19},"end":{"line":104,"column":null}},"34":{"start":{"line":82,"column":4},"end":{"line":82,"column":null}},"35":{"start":{"line":83,"column":4},"end":{"line":83,"column":null}},"36":{"start":{"line":84,"column":4},"end":{"line":103,"column":null}},"37":{"start":{"line":85,"column":18},"end":{"line":90,"column":null}},"38":{"start":{"line":94,"column":19},"end":{"line":94,"column":null}},"39":{"start":{"line":95,"column":22},"end":{"line":95,"column":null}},"40":{"start":{"line":97,"column":6},"end":{"line":97,"column":null}},"41":{"start":{"line":98,"column":6},"end":{"line":98,"column":null}},"42":{"start":{"line":100,"column":6},"end":{"line":100,"column":null}},"43":{"start":{"line":102,"column":6},"end":{"line":102,"column":null}},"44":{"start":{"line":106,"column":2},"end":{"line":109,"column":null}},"45":{"start":{"line":107,"column":4},"end":{"line":107,"column":null}},"46":{"start":{"line":111,"column":21},"end":{"line":114,"column":null}},"47":{"start":{"line":112,"column":14},"end":{"line":112,"column":40}},"48":{"start":{"line":113,"column":4},"end":{"line":113,"column":null}},"49":{"start":{"line":116,"column":19},"end":{"line":149,"column":null}},"50":{"start":{"line":117,"column":4},"end":{"line":117,"column":null}},"51":{"start":{"line":117,"column":23},"end":{"line":117,"column":null}},"52":{"start":{"line":118,"column":4},"end":{"line":118,"column":null}},"53":{"start":{"line":118,"column":22},"end":{"line":118,"column":null}},"54":{"start":{"line":119,"column":4},"end":{"line":119,"column":null}},"55":{"start":{"line":119,"column":25},"end":{"line":119,"column":null}},"56":{"start":{"line":120,"column":4},"end":{"line":120,"column":null}},"57":{"start":{"line":120,"column":25},"end":{"line":120,"column":null}},"58":{"start":{"line":122,"column":15},"end":{"line":122,"column":null}},"59":{"start":{"line":123,"column":4},"end":{"line":123,"column":null}},"60":{"start":{"line":124,"column":4},"end":{"line":124,"column":null}},"61":{"start":{"line":125,"column":4},"end":{"line":125,"column":null}},"62":{"start":{"line":126,"column":4},"end":{"line":126,"column":null}},"63":{"start":{"line":127,"column":4},"end":{"line":127,"column":null}},"64":{"start":{"line":127,"column":15},"end":{"line":127,"column":null}},"65":{"start":{"line":129,"column":4},"end":{"line":129,"column":null}},"66":{"start":{"line":130,"column":4},"end":{"line":130,"column":null}},"67":{"start":{"line":131,"column":4},"end":{"line":148,"column":null}},"68":{"start":{"line":132,"column":6},"end":{"line":132,"column":null}},"69":{"start":{"line":133,"column":6},"end":{"line":133,"column":null}},"70":{"start":{"line":134,"column":6},"end":{"line":134,"column":null}},"71":{"start":{"line":135,"column":6},"end":{"line":135,"column":null}},"72":{"start":{"line":136,"column":6},"end":{"line":136,"column":null}},"73":{"start":{"line":137,"column":6},"end":{"line":137,"column":null}},"74":{"start":{"line":138,"column":6},"end":{"line":138,"column":null}},"75":{"start":{"line":139,"column":6},"end":{"line":139,"column":null}},"76":{"start":{"line":140,"column":6},"end":{"line":140,"column":null}},"77":{"start":{"line":141,"column":6},"end":{"line":141,"column":null}},"78":{"start":{"line":143,"column":18},"end":{"line":143,"column":null}},"79":{"start":{"line":144,"column":6},"end":{"line":144,"column":null}},"80":{"start":{"line":145,"column":6},"end":{"line":145,"column":null}},"81":{"start":{"line":147,"column":6},"end":{"line":147,"column":null}},"82":{"start":{"line":151,"column":20},"end":{"line":175,"column":null}},"83":{"start":{"line":152,"column":2},"end":{"line":152,"column":null}},"84":{"start":{"line":153,"column":2},"end":{"line":153,"column":null}},"85":{"start":{"line":154,"column":2},"end":{"line":174,"column":null}},"86":{"start":{"line":155,"column":16},"end":{"line":155,"column":null}},"87":{"start":{"line":156,"column":17},"end":{"line":156,"column":34}},"88":{"start":{"line":158,"column":4},"end":{"line":161,"column":null}},"89":{"start":{"line":163,"column":4},"end":{"line":163,"column":null}},"90":{"start":{"line":164,"column":4},"end":{"line":164,"column":null}},"91":{"start":{"line":165,"column":4},"end":{"line":165,"column":null}},"92":{"start":{"line":166,"column":4},"end":{"line":166,"column":null}},"93":{"start":{"line":167,"column":4},"end":{"line":167,"column":37}},"94":{"start":{"line":168,"column":4},"end":{"line":168,"column":null}},"95":{"start":{"line":169,"column":4},"end":{"line":169,"column":null}},"96":{"start":{"line":171,"column":4},"end":{"line":171,"column":null}},"97":{"start":{"line":173,"column":4},"end":{"line":173,"column":null}},"98":{"start":{"line":177,"column":21},"end":{"line":185,"column":null}},"99":{"start":{"line":178,"column":4},"end":{"line":178,"column":null}},"100":{"start":{"line":179,"column":4},"end":{"line":179,"column":null}},"101":{"start":{"line":180,"column":4},"end":{"line":180,"column":null}},"102":{"start":{"line":181,"column":4},"end":{"line":181,"column":null}},"103":{"start":{"line":182,"column":4},"end":{"line":182,"column":null}},"104":{"start":{"line":183,"column":4},"end":{"line":183,"column":null}},"105":{"start":{"line":184,"column":4},"end":{"line":184,"column":null}},"106":{"start":{"line":187,"column":21},"end":{"line":213,"column":null}},"107":{"start":{"line":188,"column":4},"end":{"line":188,"column":null}},"108":{"start":{"line":188,"column":20},"end":{"line":188,"column":null}},"109":{"start":{"line":189,"column":4},"end":{"line":189,"column":null}},"110":{"start":{"line":189,"column":24},"end":{"line":189,"column":null}},"111":{"start":{"line":190,"column":4},"end":{"line":190,"column":null}},"112":{"start":{"line":190,"column":23},"end":{"line":190,"column":null}},"113":{"start":{"line":191,"column":4},"end":{"line":191,"column":null}},"114":{"start":{"line":191,"column":26},"end":{"line":191,"column":null}},"115":{"start":{"line":192,"column":4},"end":{"line":192,"column":null}},"116":{"start":{"line":192,"column":26},"end":{"line":192,"column":null}},"117":{"start":{"line":194,"column":15},"end":{"line":194,"column":null}},"118":{"start":{"line":195,"column":4},"end":{"line":195,"column":null}},"119":{"start":{"line":196,"column":4},"end":{"line":196,"column":null}},"120":{"start":{"line":197,"column":4},"end":{"line":197,"column":null}},"121":{"start":{"line":198,"column":4},"end":{"line":198,"column":null}},"122":{"start":{"line":199,"column":4},"end":{"line":199,"column":null}},"123":{"start":{"line":200,"column":4},"end":{"line":200,"column":null}},"124":{"start":{"line":200,"column":16},"end":{"line":200,"column":null}},"125":{"start":{"line":202,"column":4},"end":{"line":202,"column":null}},"126":{"start":{"line":203,"column":4},"end":{"line":203,"column":null}},"127":{"start":{"line":204,"column":4},"end":{"line":212,"column":null}},"128":{"start":{"line":205,"column":6},"end":{"line":205,"column":null}},"129":{"start":{"line":206,"column":6},"end":{"line":206,"column":null}},"130":{"start":{"line":207,"column":6},"end":{"line":207,"column":null}},"131":{"start":{"line":209,"column":6},"end":{"line":209,"column":null}},"132":{"start":{"line":211,"column":6},"end":{"line":211,"column":null}},"133":{"start":{"line":215,"column":19},"end":{"line":237,"column":null}},"134":{"start":{"line":216,"column":2},"end":{"line":216,"column":null}},"135":{"start":{"line":216,"column":17},"end":{"line":216,"column":null}},"136":{"start":{"line":218,"column":2},"end":{"line":218,"column":null}},"137":{"start":{"line":219,"column":2},"end":{"line":219,"column":null}},"138":{"start":{"line":220,"column":2},"end":{"line":236,"column":null}},"139":{"start":{"line":221,"column":4},"end":{"line":221,"column":null}},"140":{"start":{"line":223,"column":4},"end":{"line":223,"column":null}},"141":{"start":{"line":225,"column":21},"end":{"line":225,"column":null}},"142":{"start":{"line":226,"column":4},"end":{"line":226,"column":null}},"143":{"start":{"line":227,"column":4},"end":{"line":227,"column":null}},"144":{"start":{"line":229,"column":16},"end":{"line":229,"column":null}},"145":{"start":{"line":230,"column":4},"end":{"line":230,"column":null}},"146":{"start":{"line":231,"column":4},"end":{"line":231,"column":null}},"147":{"start":{"line":233,"column":4},"end":{"line":233,"column":null}},"148":{"start":{"line":234,"column":4},"end":{"line":234,"column":null}},"149":{"start":{"line":235,"column":4},"end":{"line":235,"column":null}},"150":{"start":{"line":239,"column":23},"end":{"line":242,"column":null}},"151":{"start":{"line":240,"column":4},"end":{"line":240,"column":null}},"152":{"start":{"line":241,"column":4},"end":{"line":241,"column":null}},"153":{"start":{"line":244,"column":17},"end":{"line":248,"column":null}},"154":{"start":{"line":245,"column":14},"end":{"line":245,"column":null}},"155":{"start":{"line":246,"column":4},"end":{"line":246,"column":null}},"156":{"start":{"line":247,"column":4},"end":{"line":247,"column":null}},"157":{"start":{"line":250,"column":17},"end":{"line":254,"column":null}},"158":{"start":{"line":251,"column":14},"end":{"line":251,"column":null}},"159":{"start":{"line":252,"column":4},"end":{"line":252,"column":null}},"160":{"start":{"line":253,"column":4},"end":{"line":253,"column":null}},"161":{"start":{"line":287,"column":28},"end":{"line":287,"column":42}},"162":{"start":{"line":288,"column":18},"end":{"line":288,"column":null}},"163":{"start":{"line":290,"column":18},"end":{"line":290,"column":null}},"164":{"start":{"line":290,"column":37},"end":{"line":290,"column":null}},"165":{"start":{"line":301,"column":33},"end":{"line":301,"column":null}},"166":{"start":{"line":313,"column":31},"end":{"line":313,"column":null}},"167":{"start":{"line":323,"column":31},"end":{"line":323,"column":null}},"168":{"start":{"line":334,"column":33},"end":{"line":334,"column":null}},"169":{"start":{"line":344,"column":33},"end":{"line":344,"column":null}},"170":{"start":{"line":360,"column":16},"end":{"line":360,"column":null}},"171":{"start":{"line":361,"column":16},"end":{"line":361,"column":null}},"172":{"start":{"line":362,"column":16},"end":{"line":362,"column":null}},"173":{"start":{"line":363,"column":16},"end":{"line":363,"column":null}},"174":{"start":{"line":364,"column":16},"end":{"line":364,"column":null}},"175":{"start":{"line":365,"column":16},"end":{"line":365,"column":null}},"176":{"start":{"line":384,"column":33},"end":{"line":384,"column":null}},"177":{"start":{"line":393,"column":33},"end":{"line":393,"column":null}},"178":{"start":{"line":409,"column":28},"end":{"line":409,"column":null}},"179":{"start":{"line":410,"column":18},"end":{"line":410,"column":null}},"180":{"start":{"line":411,"column":18},"end":{"line":411,"column":null}},"181":{"start":{"line":412,"column":18},"end":{"line":412,"column":null}},"182":{"start":{"line":448,"column":35},"end":{"line":448,"column":54}},"183":{"start":{"line":450,"column":20},"end":{"line":451,"column":38}},"184":{"start":{"line":458,"column":42},"end":{"line":458,"column":56}},"185":{"start":{"line":459,"column":32},"end":{"line":459,"column":null}},"186":{"start":{"line":460,"column":32},"end":{"line":460,"column":null}},"187":{"start":{"line":460,"column":52},"end":{"line":460,"column":null}},"188":{"start":{"line":476,"column":47},"end":{"line":476,"column":null}},"189":{"start":{"line":488,"column":47},"end":{"line":488,"column":null}},"190":{"start":{"line":512,"column":53},"end":{"line":512,"column":null}},"191":{"start":{"line":525,"column":92},"end":{"line":525,"column":106}},"192":{"start":{"line":533,"column":4},"end":{"line":533,"column":null}},"193":{"start":{"line":534,"column":4},"end":{"line":534,"column":null}},"194":{"start":{"line":551,"column":49},"end":{"line":551,"column":null}},"195":{"start":{"line":557,"column":49},"end":{"line":557,"column":null}},"196":{"start":{"line":593,"column":4},"end":{"line":596,"column":null}},"197":{"start":{"line":594,"column":6},"end":{"line":594,"column":null}},"198":{"start":{"line":595,"column":6},"end":{"line":595,"column":null}}},"fnMap":{"0":{"name":"slugify","decl":{"start":{"line":32,"column":9},"end":{"line":32,"column":17}},"loc":{"start":{"line":32,"column":26},"end":{"line":39,"column":null}}},"1":{"name":"StatusBadge","decl":{"start":{"line":41,"column":9},"end":{"line":41,"column":21}},"loc":{"start":{"line":41,"column":60},"end":{"line":45,"column":null}}},"2":{"name":"AdminBlogsPage","decl":{"start":{"line":47,"column":24},"end":{"line":47,"column":null}},"loc":{"start":{"line":47,"column":24},"end":{"line":607,"column":null}}},"3":{"name":"(anonymous_4)","decl":{"start":{"line":81,"column":19},"end":{"line":81,"column":26}},"loc":{"start":{"line":81,"column":45},"end":{"line":104,"column":null}}},"4":{"name":"(anonymous_5)","decl":{"start":{"line":106,"column":12},"end":{"line":106,"column":null}},"loc":{"start":{"line":106,"column":12},"end":{"line":109,"column":5}}},"5":{"name":"(anonymous_6)","decl":{"start":{"line":111,"column":29},"end":{"line":111,"column":null}},"loc":{"start":{"line":111,"column":29},"end":{"line":114,"column":5}}},"6":{"name":"(anonymous_7)","decl":{"start":{"line":116,"column":19},"end":{"line":116,"column":null}},"loc":{"start":{"line":116,"column":19},"end":{"line":149,"column":null}}},"7":{"name":"(anonymous_8)","decl":{"start":{"line":151,"column":20},"end":{"line":151,"column":27}},"loc":{"start":{"line":151,"column":27},"end":{"line":175,"column":null}}},"8":{"name":"(anonymous_9)","decl":{"start":{"line":177,"column":21},"end":{"line":177,"column":null}},"loc":{"start":{"line":177,"column":21},"end":{"line":185,"column":null}}},"9":{"name":"(anonymous_10)","decl":{"start":{"line":187,"column":21},"end":{"line":187,"column":null}},"loc":{"start":{"line":187,"column":21},"end":{"line":213,"column":null}}},"10":{"name":"(anonymous_11)","decl":{"start":{"line":215,"column":19},"end":{"line":215,"column":null}},"loc":{"start":{"line":215,"column":19},"end":{"line":237,"column":null}}},"11":{"name":"(anonymous_12)","decl":{"start":{"line":239,"column":23},"end":{"line":239,"column":null}},"loc":{"start":{"line":239,"column":23},"end":{"line":242,"column":null}}},"12":{"name":"(anonymous_13)","decl":{"start":{"line":244,"column":17},"end":{"line":244,"column":null}},"loc":{"start":{"line":244,"column":17},"end":{"line":248,"column":null}}},"13":{"name":"(anonymous_14)","decl":{"start":{"line":250,"column":17},"end":{"line":250,"column":null}},"loc":{"start":{"line":250,"column":17},"end":{"line":254,"column":null}}},"14":{"name":"(anonymous_15)","decl":{"start":{"line":286,"column":26},"end":{"line":286,"column":27}},"loc":{"start":{"line":286,"column":27},"end":{"line":291,"column":null}}},"15":{"name":"(anonymous_16)","decl":{"start":{"line":290,"column":26},"end":{"line":290,"column":27}},"loc":{"start":{"line":290,"column":37},"end":{"line":290,"column":null}}},"16":{"name":"(anonymous_17)","decl":{"start":{"line":301,"column":26},"end":{"line":301,"column":27}},"loc":{"start":{"line":301,"column":33},"end":{"line":301,"column":null}}},"17":{"name":"(anonymous_18)","decl":{"start":{"line":313,"column":24},"end":{"line":313,"column":25}},"loc":{"start":{"line":313,"column":31},"end":{"line":313,"column":null}}},"18":{"name":"(anonymous_19)","decl":{"start":{"line":323,"column":24},"end":{"line":323,"column":25}},"loc":{"start":{"line":323,"column":31},"end":{"line":323,"column":null}}},"19":{"name":"(anonymous_20)","decl":{"start":{"line":334,"column":26},"end":{"line":334,"column":27}},"loc":{"start":{"line":334,"column":33},"end":{"line":334,"column":null}}},"20":{"name":"(anonymous_21)","decl":{"start":{"line":344,"column":26},"end":{"line":344,"column":27}},"loc":{"start":{"line":344,"column":33},"end":{"line":344,"column":null}}},"21":{"name":"(anonymous_22)","decl":{"start":{"line":359,"column":23},"end":{"line":359,"column":null}},"loc":{"start":{"line":359,"column":23},"end":{"line":366,"column":null}}},"22":{"name":"(anonymous_23)","decl":{"start":{"line":384,"column":26},"end":{"line":384,"column":27}},"loc":{"start":{"line":384,"column":33},"end":{"line":384,"column":null}}},"23":{"name":"(anonymous_24)","decl":{"start":{"line":393,"column":26},"end":{"line":393,"column":27}},"loc":{"start":{"line":393,"column":33},"end":{"line":393,"column":null}}},"24":{"name":"(anonymous_25)","decl":{"start":{"line":408,"column":26},"end":{"line":408,"column":33}},"loc":{"start":{"line":408,"column":33},"end":{"line":413,"column":null}}},"25":{"name":"(anonymous_26)","decl":{"start":{"line":447,"column":27},"end":{"line":447,"column":28}},"loc":{"start":{"line":447,"column":28},"end":{"line":565,"column":null}}},"26":{"name":"(anonymous_27)","decl":{"start":{"line":457,"column":40},"end":{"line":457,"column":41}},"loc":{"start":{"line":457,"column":41},"end":{"line":461,"column":null}}},"27":{"name":"(anonymous_28)","decl":{"start":{"line":460,"column":41},"end":{"line":460,"column":42}},"loc":{"start":{"line":460,"column":52},"end":{"line":460,"column":null}}},"28":{"name":"(anonymous_29)","decl":{"start":{"line":476,"column":40},"end":{"line":476,"column":41}},"loc":{"start":{"line":476,"column":47},"end":{"line":476,"column":null}}},"29":{"name":"(anonymous_30)","decl":{"start":{"line":488,"column":40},"end":{"line":488,"column":41}},"loc":{"start":{"line":488,"column":47},"end":{"line":488,"column":null}}},"30":{"name":"(anonymous_31)","decl":{"start":{"line":512,"column":46},"end":{"line":512,"column":47}},"loc":{"start":{"line":512,"column":53},"end":{"line":512,"column":null}}},"31":{"name":"(anonymous_32)","decl":{"start":{"line":525,"column":86},"end":{"line":525,"column":92}},"loc":{"start":{"line":525,"column":92},"end":{"line":525,"column":106}}},"32":{"name":"(anonymous_33)","decl":{"start":{"line":532,"column":11},"end":{"line":532,"column":null}},"loc":{"start":{"line":532,"column":11},"end":{"line":535,"column":null}}},"33":{"name":"(anonymous_34)","decl":{"start":{"line":551,"column":42},"end":{"line":551,"column":43}},"loc":{"start":{"line":551,"column":49},"end":{"line":551,"column":null}}},"34":{"name":"(anonymous_35)","decl":{"start":{"line":557,"column":42},"end":{"line":557,"column":43}},"loc":{"start":{"line":557,"column":49},"end":{"line":557,"column":null}}},"35":{"name":"(anonymous_36)","decl":{"start":{"line":592,"column":16},"end":{"line":592,"column":17}},"loc":{"start":{"line":592,"column":17},"end":{"line":597,"column":null}}}},"branchMap":{"0":{"loc":{"start":{"line":81,"column":26},"end":{"line":81,"column":34}},"type":"default-arg","locations":[{"start":{"line":81,"column":30},"end":{"line":81,"column":34}}]},"1":{"loc":{"start":{"line":81,"column":36},"end":{"line":81,"column":45}},"type":"default-arg","locations":[{"start":{"line":81,"column":40},"end":{"line":81,"column":45}}]},"2":{"loc":{"start":{"line":88,"column":16},"end":{"line":88,"column":null}},"type":"binary-expr","locations":[{"start":{"line":88,"column":16},"end":{"line":88,"column":33}},{"start":{"line":88,"column":33},"end":{"line":88,"column":null}}]},"3":{"loc":{"start":{"line":94,"column":19},"end":{"line":94,"column":null}},"type":"binary-expr","locations":[{"start":{"line":94,"column":19},"end":{"line":94,"column":32}},{"start":{"line":94,"column":32},"end":{"line":94,"column":null}}]},"4":{"loc":{"start":{"line":95,"column":22},"end":{"line":95,"column":null}},"type":"binary-expr","locations":[{"start":{"line":95,"column":22},"end":{"line":95,"column":35}},{"start":{"line":95,"column":35},"end":{"line":95,"column":49}},{"start":{"line":95,"column":49},"end":{"line":95,"column":null}}]},"5":{"loc":{"start":{"line":97,"column":14},"end":{"line":97,"column":38}},"type":"binary-expr","locations":[{"start":{"line":97,"column":14},"end":{"line":97,"column":28}},{"start":{"line":97,"column":28},"end":{"line":97,"column":36}},{"start":{"line":97,"column":36},"end":{"line":97,"column":38}}]},"6":{"loc":{"start":{"line":98,"column":14},"end":{"line":98,"column":null}},"type":"binary-expr","locations":[{"start":{"line":98,"column":14},"end":{"line":98,"column":25}},{"start":{"line":98,"column":25},"end":{"line":98,"column":null}}]},"7":{"loc":{"start":{"line":100,"column":15},"end":{"line":100,"column":null}},"type":"binary-expr","locations":[{"start":{"line":100,"column":15},"end":{"line":100,"column":45}},{"start":{"line":100,"column":45},"end":{"line":100,"column":59}},{"start":{"line":100,"column":59},"end":{"line":100,"column":null}}]},"8":{"loc":{"start":{"line":112,"column":14},"end":{"line":112,"column":40}},"type":"binary-expr","locations":[{"start":{"line":112,"column":14},"end":{"line":112,"column":29}},{"start":{"line":112,"column":29},"end":{"line":112,"column":40}}]},"9":{"loc":{"start":{"line":113,"column":38},"end":{"line":113,"column":57}},"type":"binary-expr","locations":[{"start":{"line":113,"column":38},"end":{"line":113,"column":53}},{"start":{"line":113,"column":53},"end":{"line":113,"column":57}}]},"10":{"loc":{"start":{"line":117,"column":4},"end":{"line":117,"column":null}},"type":"if","locations":[{"start":{"line":117,"column":4},"end":{"line":117,"column":null}},{"start":{},"end":{}}]},"11":{"loc":{"start":{"line":118,"column":4},"end":{"line":118,"column":null}},"type":"if","locations":[{"start":{"line":118,"column":4},"end":{"line":118,"column":null}},{"start":{},"end":{}}]},"12":{"loc":{"start":{"line":119,"column":4},"end":{"line":119,"column":null}},"type":"if","locations":[{"start":{"line":119,"column":4},"end":{"line":119,"column":null}},{"start":{},"end":{}}]},"13":{"loc":{"start":{"line":120,"column":4},"end":{"line":120,"column":null}},"type":"if","locations":[{"start":{"line":120,"column":4},"end":{"line":120,"column":null}},{"start":{},"end":{}}]},"14":{"loc":{"start":{"line":127,"column":4},"end":{"line":127,"column":null}},"type":"if","locations":[{"start":{"line":127,"column":4},"end":{"line":127,"column":null}},{"start":{},"end":{}}]},"15":{"loc":{"start":{"line":143,"column":18},"end":{"line":143,"column":null}},"type":"binary-expr","locations":[{"start":{"line":143,"column":18},"end":{"line":143,"column":48}},{"start":{"line":143,"column":48},"end":{"line":143,"column":62}},{"start":{"line":143,"column":62},"end":{"line":143,"column":null}}]},"16":{"loc":{"start":{"line":164,"column":14},"end":{"line":164,"column":null}},"type":"binary-expr","locations":[{"start":{"line":164,"column":14},"end":{"line":164,"column":24}},{"start":{"line":164,"column":28},"end":{"line":164,"column":null}}]},"17":{"loc":{"start":{"line":165,"column":13},"end":{"line":165,"column":null}},"type":"binary-expr","locations":[{"start":{"line":165,"column":13},"end":{"line":165,"column":22}},{"start":{"line":165,"column":26},"end":{"line":165,"column":null}}]},"18":{"loc":{"start":{"line":166,"column":16},"end":{"line":166,"column":null}},"type":"binary-expr","locations":[{"start":{"line":166,"column":16},"end":{"line":166,"column":28}},{"start":{"line":166,"column":32},"end":{"line":166,"column":null}}]},"19":{"loc":{"start":{"line":167,"column":16},"end":{"line":167,"column":37}},"type":"binary-expr","locations":[{"start":{"line":167,"column":16},"end":{"line":167,"column":28}},{"start":{"line":167,"column":32},"end":{"line":167,"column":37}}]},"20":{"loc":{"start":{"line":168,"column":15},"end":{"line":168,"column":null}},"type":"binary-expr","locations":[{"start":{"line":168,"column":15},"end":{"line":168,"column":26}},{"start":{"line":168,"column":30},"end":{"line":168,"column":null}}]},"21":{"loc":{"start":{"line":171,"column":13},"end":{"line":171,"column":null}},"type":"binary-expr","locations":[{"start":{"line":171,"column":13},"end":{"line":171,"column":43}},{"start":{"line":171,"column":43},"end":{"line":171,"column":57}},{"start":{"line":171,"column":57},"end":{"line":171,"column":null}}]},"22":{"loc":{"start":{"line":188,"column":4},"end":{"line":188,"column":null}},"type":"if","locations":[{"start":{"line":188,"column":4},"end":{"line":188,"column":null}},{"start":{},"end":{}}]},"23":{"loc":{"start":{"line":189,"column":4},"end":{"line":189,"column":null}},"type":"if","locations":[{"start":{"line":189,"column":4},"end":{"line":189,"column":null}},{"start":{},"end":{}}]},"24":{"loc":{"start":{"line":190,"column":4},"end":{"line":190,"column":null}},"type":"if","locations":[{"start":{"line":190,"column":4},"end":{"line":190,"column":null}},{"start":{},"end":{}}]},"25":{"loc":{"start":{"line":191,"column":4},"end":{"line":191,"column":null}},"type":"if","locations":[{"start":{"line":191,"column":4},"end":{"line":191,"column":null}},{"start":{},"end":{}}]},"26":{"loc":{"start":{"line":192,"column":4},"end":{"line":192,"column":null}},"type":"if","locations":[{"start":{"line":192,"column":4},"end":{"line":192,"column":null}},{"start":{},"end":{}}]},"27":{"loc":{"start":{"line":200,"column":4},"end":{"line":200,"column":null}},"type":"if","locations":[{"start":{"line":200,"column":4},"end":{"line":200,"column":null}},{"start":{},"end":{}}]},"28":{"loc":{"start":{"line":209,"column":15},"end":{"line":209,"column":null}},"type":"binary-expr","locations":[{"start":{"line":209,"column":15},"end":{"line":209,"column":45}},{"start":{"line":209,"column":45},"end":{"line":209,"column":59}},{"start":{"line":209,"column":59},"end":{"line":209,"column":null}}]},"29":{"loc":{"start":{"line":216,"column":2},"end":{"line":216,"column":null}},"type":"if","locations":[{"start":{"line":216,"column":2},"end":{"line":216,"column":null}},{"start":{},"end":{}}]},"30":{"loc":{"start":{"line":225,"column":21},"end":{"line":225,"column":null}},"type":"cond-expr","locations":[{"start":{"line":225,"column":53},"end":{"line":225,"column":64}},{"start":{"line":225,"column":64},"end":{"line":225,"column":null}}]},"31":{"loc":{"start":{"line":225,"column":21},"end":{"line":225,"column":53}},"type":"binary-expr","locations":[{"start":{"line":225,"column":21},"end":{"line":225,"column":33}},{"start":{"line":225,"column":33},"end":{"line":225,"column":53}}]},"32":{"loc":{"start":{"line":229,"column":16},"end":{"line":229,"column":null}},"type":"binary-expr","locations":[{"start":{"line":229,"column":16},"end":{"line":229,"column":46}},{"start":{"line":229,"column":46},"end":{"line":229,"column":60}},{"start":{"line":229,"column":60},"end":{"line":229,"column":null}}]},"33":{"loc":{"start":{"line":265,"column":7},"end":{"line":265,"column":null}},"type":"binary-expr","locations":[{"start":{"line":265,"column":7},"end":{"line":265,"column":null}}]},"34":{"loc":{"start":{"line":290,"column":37},"end":{"line":290,"column":null}},"type":"cond-expr","locations":[{"start":{"line":290,"column":51},"end":{"line":290,"column":58}},{"start":{"line":290,"column":58},"end":{"line":290,"column":null}}]},"35":{"loc":{"start":{"line":303,"column":82},"end":{"line":303,"column":null}},"type":"binary-expr","locations":[{"start":{"line":303,"column":82},"end":{"line":303,"column":90}},{"start":{"line":303,"column":90},"end":{"line":303,"column":null}}]},"36":{"loc":{"start":{"line":334,"column":42},"end":{"line":334,"column":null}},"type":"binary-expr","locations":[{"start":{"line":334,"column":42},"end":{"line":334,"column":61}},{"start":{"line":334,"column":65},"end":{"line":334,"column":null}}]},"37":{"loc":{"start":{"line":336,"column":15},"end":{"line":336,"column":null}},"type":"cond-expr","locations":[{"start":{"line":336,"column":23},"end":{"line":336,"column":null}},{"start":{"line":336,"column":89},"end":{"line":336,"column":null}}]},"38":{"loc":{"start":{"line":440,"column":17},"end":{"line":565,"column":null}},"type":"cond-expr","locations":[{"start":{"line":441,"column":18},"end":{"line":447,"column":23}},{"start":{"line":447,"column":18},"end":{"line":565,"column":null}}]},"39":{"loc":{"start":{"line":440,"column":17},"end":{"line":440,"column":null}},"type":"binary-expr","locations":[{"start":{"line":440,"column":17},"end":{"line":440,"column":29}},{"start":{"line":440,"column":29},"end":{"line":440,"column":null}}]},"40":{"loc":{"start":{"line":454,"column":28},"end":{"line":464,"column":29}},"type":"cond-expr","locations":[{"start":{"line":454,"column":28},"end":{"line":464,"column":29}}]},"41":{"loc":{"start":{"line":460,"column":52},"end":{"line":460,"column":null}},"type":"cond-expr","locations":[{"start":{"line":460,"column":66},"end":{"line":460,"column":73}},{"start":{"line":460,"column":73},"end":{"line":460,"column":null}}]},"42":{"loc":{"start":{"line":466,"column":84},"end":{"line":466,"column":null}},"type":"binary-expr","locations":[{"start":{"line":466,"column":84},"end":{"line":466,"column":93}},{"start":{"line":466,"column":97},"end":{"line":466,"column":null}}]},"43":{"loc":{"start":{"line":473,"column":28},"end":{"line":479,"column":29}},"type":"cond-expr","locations":[{"start":{"line":473,"column":28},"end":{"line":479,"column":29}}]},"44":{"loc":{"start":{"line":485,"column":28},"end":{"line":494,"column":29}},"type":"cond-expr","locations":[{"start":{"line":485,"column":28},"end":{"line":494,"column":29}}]},"45":{"loc":{"start":{"line":499,"column":27},"end":{"line":499,"column":null}},"type":"cond-expr","locations":[{"start":{"line":499,"column":41},"end":{"line":499,"column":82}},{"start":{"line":499,"column":82},"end":{"line":499,"column":null}}]},"46":{"loc":{"start":{"line":505,"column":30},"end":{"line":524,"column":null}},"type":"cond-expr","locations":[{"start":{"line":505,"column":30},"end":{"line":524,"column":null}}]},"47":{"loc":{"start":{"line":512,"column":63},"end":{"line":512,"column":null}},"type":"binary-expr","locations":[{"start":{"line":512,"column":63},"end":{"line":512,"column":82}},{"start":{"line":512,"column":86},"end":{"line":512,"column":null}}]},"48":{"loc":{"start":{"line":545,"column":27},"end":{"line":561,"column":null}},"type":"cond-expr","locations":[{"start":{"line":546,"column":28},"end":{"line":561,"column":null}},{"start":{"line":561,"column":30},"end":{"line":561,"column":null}}]},"49":{"loc":{"start":{"line":559,"column":31},"end":{"line":559,"column":null}},"type":"cond-expr","locations":[{"start":{"line":559,"column":40},"end":{"line":559,"column":null}},{"start":{"line":559,"column":109},"end":{"line":559,"column":null}}]},"50":{"loc":{"start":{"line":575,"column":15},"end":{"line":575,"column":null}},"type":"cond-expr","locations":[{"start":{"line":575,"column":37},"end":{"line":575,"column":null}},{"start":{"line":575,"column":106},"end":{"line":575,"column":null}}]},"51":{"loc":{"start":{"line":579,"column":50},"end":{"line":579,"column":72}},"type":"binary-expr","locations":[{"start":{"line":579,"column":50},"end":{"line":579,"column":61}},{"start":{"line":579,"column":61},"end":{"line":579,"column":72}}]},"52":{"loc":{"start":{"line":582,"column":50},"end":{"line":582,"column":81}},"type":"binary-expr","locations":[{"start":{"line":582,"column":50},"end":{"line":582,"column":61}},{"start":{"line":582,"column":61},"end":{"line":582,"column":81}}]},"53":{"loc":{"start":{"line":593,"column":4},"end":{"line":596,"column":null}},"type":"if","locations":[{"start":{"line":593,"column":4},"end":{"line":596,"column":null}},{"start":{},"end":{}}]},"54":{"loc":{"start":{"line":599,"column":48},"end":{"line":599,"column":75}},"type":"binary-expr","locations":[{"start":{"line":599,"column":48},"end":{"line":599,"column":63}},{"start":{"line":599,"column":63},"end":{"line":599,"column":75}}]},"55":{"loc":{"start":{"line":600,"column":15},"end":{"line":600,"column":null}},"type":"cond-expr","locations":[{"start":{"line":600,"column":25},"end":{"line":600,"column":41}},{"start":{"line":600,"column":41},"end":{"line":600,"column":null}}]}},"s":{"0":6,"1":1,"2":1,"3":1,"4":1,"5":1,"6":1,"7":1,"8":11,"9":76,"10":76,"11":76,"12":76,"13":76,"14":76,"15":76,"16":76,"17":76,"18":76,"19":76,"20":76,"21":76,"22":76,"23":76,"24":76,"25":76,"26":76,"27":76,"28":76,"29":76,"30":76,"31":76,"32":76,"33":76,"34":9,"35":9,"36":9,"37":9,"38":9,"39":9,"40":9,"41":9,"42":0,"43":9,"44":76,"45":6,"46":76,"47":15,"48":15,"49":76,"50":2,"51":1,"52":1,"53":0,"54":1,"55":0,"56":1,"57":0,"58":1,"59":1,"60":1,"61":1,"62":1,"63":1,"64":0,"65":1,"66":1,"67":1,"68":1,"69":1,"70":1,"71":1,"72":1,"73":1,"74":1,"75":1,"76":1,"77":1,"78":0,"79":0,"80":0,"81":1,"82":76,"83":2,"84":2,"85":2,"86":2,"87":2,"88":2,"89":2,"90":2,"91":2,"92":2,"93":2,"94":2,"95":2,"96":0,"97":2,"98":76,"99":1,"100":1,"101":1,"102":1,"103":1,"104":1,"105":1,"106":76,"107":1,"108":0,"109":1,"110":0,"111":1,"112":0,"113":1,"114":0,"115":1,"116":0,"117":1,"118":1,"119":1,"120":1,"121":1,"122":1,"123":1,"124":0,"125":1,"126":1,"127":1,"128":1,"129":1,"130":1,"131":0,"132":1,"133":76,"134":1,"135":0,"136":1,"137":1,"138":1,"139":1,"140":1,"141":1,"142":1,"143":1,"144":0,"145":0,"146":0,"147":1,"148":1,"149":1,"150":76,"151":0,"152":0,"153":76,"154":0,"155":0,"156":0,"157":76,"158":0,"159":0,"160":0,"161":8,"162":8,"163":8,"164":8,"165":0,"166":5,"167":12,"168":0,"169":1,"170":0,"171":0,"172":0,"173":0,"174":0,"175":0,"176":0,"177":0,"178":0,"179":0,"180":0,"181":0,"182":34,"183":34,"184":20,"185":20,"186":20,"187":20,"188":0,"189":0,"190":0,"191":2,"192":1,"193":1,"194":0,"195":0,"196":0,"197":0,"198":0},"f":{"0":1,"1":11,"2":76,"3":9,"4":6,"5":15,"6":2,"7":2,"8":1,"9":1,"10":1,"11":0,"12":0,"13":0,"14":8,"15":8,"16":0,"17":5,"18":12,"19":0,"20":1,"21":0,"22":0,"23":0,"24":0,"25":34,"26":20,"27":20,"28":0,"29":0,"30":0,"31":2,"32":1,"33":0,"34":0,"35":0},"b":{"0":[0],"1":[0],"2":[9,9],"3":[9,0],"4":[9,9,0],"5":[9,0,0],"6":[9,0],"7":[0,0,0],"8":[15,6],"9":[15,6],"10":[1,1],"11":[0,1],"12":[0,1],"13":[0,1],"14":[0,1],"15":[0,0,0],"16":[2,0],"17":[2,0],"18":[2,0],"19":[2,0],"20":[2,0],"21":[0,0,0],"22":[0,1],"23":[0,1],"24":[0,1],"25":[0,1],"26":[0,1],"27":[0,1],"28":[0,0,0],"29":[0,1],"30":[0,1],"31":[1,0],"32":[0,0,0],"33":[76],"34":[7,1],"35":[76,49],"36":[0,0],"37":[0,76],"38":[36,40],"39":[76,65],"40":[23],"41":[20,0],"42":[11,0],"43":[23],"44":[23],"45":[6,28],"46":[23],"47":[0,0],"48":[23,11],"49":[0,23],"50":[64,12],"51":[76,65],"52":[76,65],"53":[0,0],"54":[76,74],"55":[11,65]}}
,"C:\\Users\\97798\\Developer\\KrishiPal Web\\frontend\\app\\admin\\categories\\page.tsx": {"path":"C:\\Users\\97798\\Developer\\KrishiPal Web\\frontend\\app\\admin\\categories\\page.tsx","statementMap":{"0":{"start":{"line":29,"column":24},"end":{"line":29,"column":null}},"1":{"start":{"line":3,"column":45},"end":{"line":3,"column":null}},"2":{"start":{"line":9,"column":7},"end":{"line":9,"column":null}},"3":{"start":{"line":10,"column":23},"end":{"line":10,"column":null}},"4":{"start":{"line":11,"column":34},"end":{"line":11,"column":null}},"5":{"start":{"line":12,"column":25},"end":{"line":12,"column":null}},"6":{"start":{"line":13,"column":30},"end":{"line":13,"column":null}},"7":{"start":{"line":14,"column":29},"end":{"line":14,"column":null}},"8":{"start":{"line":25,"column":12},"end":{"line":25,"column":null}},"9":{"start":{"line":26,"column":2},"end":{"line":26,"column":null}},"10":{"start":{"line":30,"column":20},"end":{"line":30,"column":null}},"11":{"start":{"line":32,"column":28},"end":{"line":32,"column":null}},"12":{"start":{"line":33,"column":32},"end":{"line":33,"column":null}},"13":{"start":{"line":34,"column":28},"end":{"line":34,"column":null}},"14":{"start":{"line":37,"column":32},"end":{"line":37,"column":null}},"15":{"start":{"line":40,"column":36},"end":{"line":40,"column":null}},"16":{"start":{"line":41,"column":34},"end":{"line":41,"column":null}},"17":{"start":{"line":42,"column":38},"end":{"line":42,"column":null}},"18":{"start":{"line":45,"column":34},"end":{"line":45,"column":null}},"19":{"start":{"line":46,"column":38},"end":{"line":46,"column":null}},"20":{"start":{"line":49,"column":38},"end":{"line":49,"column":null}},"21":{"start":{"line":51,"column":19},"end":{"line":65,"column":null}},"22":{"start":{"line":52,"column":4},"end":{"line":52,"column":null}},"23":{"start":{"line":53,"column":4},"end":{"line":53,"column":null}},"24":{"start":{"line":54,"column":4},"end":{"line":64,"column":null}},"25":{"start":{"line":55,"column":18},"end":{"line":55,"column":null}},"26":{"start":{"line":56,"column":6},"end":{"line":56,"column":null}},"27":{"start":{"line":58,"column":18},"end":{"line":58,"column":null}},"28":{"start":{"line":59,"column":6},"end":{"line":59,"column":null}},"29":{"start":{"line":60,"column":6},"end":{"line":60,"column":null}},"30":{"start":{"line":61,"column":6},"end":{"line":61,"column":null}},"31":{"start":{"line":63,"column":6},"end":{"line":63,"column":null}},"32":{"start":{"line":67,"column":2},"end":{"line":70,"column":null}},"33":{"start":{"line":68,"column":4},"end":{"line":68,"column":null}},"34":{"start":{"line":72,"column":20},"end":{"line":78,"column":null}},"35":{"start":{"line":73,"column":4},"end":{"line":73,"column":null}},"36":{"start":{"line":74,"column":4},"end":{"line":74,"column":null}},"37":{"start":{"line":75,"column":4},"end":{"line":75,"column":null}},"38":{"start":{"line":76,"column":4},"end":{"line":76,"column":null}},"39":{"start":{"line":77,"column":4},"end":{"line":77,"column":null}},"40":{"start":{"line":80,"column":21},"end":{"line":84,"column":null}},"41":{"start":{"line":81,"column":4},"end":{"line":81,"column":null}},"42":{"start":{"line":82,"column":4},"end":{"line":82,"column":null}},"43":{"start":{"line":83,"column":4},"end":{"line":83,"column":null}},"44":{"start":{"line":86,"column":17},"end":{"line":110,"column":null}},"45":{"start":{"line":87,"column":17},"end":{"line":87,"column":null}},"46":{"start":{"line":88,"column":4},"end":{"line":91,"column":null}},"47":{"start":{"line":89,"column":6},"end":{"line":89,"column":null}},"48":{"start":{"line":90,"column":6},"end":{"line":90,"column":null}},"49":{"start":{"line":93,"column":4},"end":{"line":93,"column":null}},"50":{"start":{"line":94,"column":4},"end":{"line":94,"column":null}},"51":{"start":{"line":95,"column":4},"end":{"line":95,"column":null}},"52":{"start":{"line":96,"column":4},"end":{"line":109,"column":null}},"53":{"start":{"line":97,"column":6},"end":{"line":97,"column":null}},"54":{"start":{"line":98,"column":6},"end":{"line":98,"column":null}},"55":{"start":{"line":99,"column":6},"end":{"line":99,"column":null}},"56":{"start":{"line":101,"column":6},"end":{"line":101,"column":null}},"57":{"start":{"line":102,"column":6},"end":{"line":102,"column":null}},"58":{"start":{"line":104,"column":18},"end":{"line":104,"column":null}},"59":{"start":{"line":105,"column":6},"end":{"line":105,"column":null}},"60":{"start":{"line":106,"column":6},"end":{"line":106,"column":null}},"61":{"start":{"line":108,"column":6},"end":{"line":108,"column":null}},"62":{"start":{"line":112,"column":19},"end":{"line":138,"column":null}},"63":{"start":{"line":113,"column":4},"end":{"line":113,"column":null}},"64":{"start":{"line":113,"column":20},"end":{"line":113,"column":null}},"65":{"start":{"line":115,"column":17},"end":{"line":115,"column":null}},"66":{"start":{"line":116,"column":4},"end":{"line":119,"column":null}},"67":{"start":{"line":117,"column":6},"end":{"line":117,"column":null}},"68":{"start":{"line":118,"column":6},"end":{"line":118,"column":null}},"69":{"start":{"line":121,"column":4},"end":{"line":121,"column":null}},"70":{"start":{"line":122,"column":4},"end":{"line":122,"column":null}},"71":{"start":{"line":123,"column":4},"end":{"line":123,"column":null}},"72":{"start":{"line":124,"column":4},"end":{"line":137,"column":null}},"73":{"start":{"line":125,"column":6},"end":{"line":125,"column":null}},"74":{"start":{"line":126,"column":6},"end":{"line":126,"column":null}},"75":{"start":{"line":127,"column":6},"end":{"line":127,"column":null}},"76":{"start":{"line":129,"column":6},"end":{"line":129,"column":null}},"77":{"start":{"line":130,"column":6},"end":{"line":130,"column":null}},"78":{"start":{"line":132,"column":18},"end":{"line":132,"column":null}},"79":{"start":{"line":133,"column":6},"end":{"line":133,"column":null}},"80":{"start":{"line":134,"column":6},"end":{"line":134,"column":null}},"81":{"start":{"line":136,"column":6},"end":{"line":136,"column":null}},"82":{"start":{"line":140,"column":21},"end":{"line":143,"column":null}},"83":{"start":{"line":141,"column":4},"end":{"line":141,"column":null}},"84":{"start":{"line":142,"column":4},"end":{"line":142,"column":null}},"85":{"start":{"line":145,"column":17},"end":{"line":166,"column":null}},"86":{"start":{"line":146,"column":4},"end":{"line":146,"column":null}},"87":{"start":{"line":146,"column":19},"end":{"line":146,"column":null}},"88":{"start":{"line":148,"column":4},"end":{"line":148,"column":null}},"89":{"start":{"line":149,"column":4},"end":{"line":149,"column":null}},"90":{"start":{"line":150,"column":4},"end":{"line":150,"column":null}},"91":{"start":{"line":151,"column":4},"end":{"line":165,"column":null}},"92":{"start":{"line":152,"column":6},"end":{"line":152,"column":null}},"93":{"start":{"line":153,"column":6},"end":{"line":153,"column":null}},"94":{"start":{"line":155,"column":6},"end":{"line":155,"column":null}},"95":{"start":{"line":156,"column":6},"end":{"line":156,"column":null}},"96":{"start":{"line":158,"column":18},"end":{"line":158,"column":null}},"97":{"start":{"line":159,"column":6},"end":{"line":159,"column":null}},"98":{"start":{"line":160,"column":6},"end":{"line":160,"column":null}},"99":{"start":{"line":162,"column":6},"end":{"line":162,"column":null}},"100":{"start":{"line":163,"column":6},"end":{"line":163,"column":null}},"101":{"start":{"line":164,"column":6},"end":{"line":164,"column":null}},"102":{"start":{"line":168,"column":15},"end":{"line":168,"column":null}},"103":{"start":{"line":168,"column":29},"end":{"line":168,"column":40}},"104":{"start":{"line":187,"column":90},"end":{"line":187,"column":109}},"105":{"start":{"line":201,"column":31},"end":{"line":201,"column":null}},"106":{"start":{"line":203,"column":16},"end":{"line":203,"column":null}},"107":{"start":{"line":203,"column":39},"end":{"line":203,"column":null}},"108":{"start":{"line":242,"column":33},"end":{"line":242,"column":52}},"109":{"start":{"line":244,"column":18},"end":{"line":245,"column":36}},"110":{"start":{"line":251,"column":45},"end":{"line":251,"column":null}},"111":{"start":{"line":253,"column":30},"end":{"line":253,"column":null}},"112":{"start":{"line":253,"column":53},"end":{"line":253,"column":null}},"113":{"start":{"line":254,"column":30},"end":{"line":254,"column":null}},"114":{"start":{"line":254,"column":54},"end":{"line":254,"column":null}},"115":{"start":{"line":271,"column":47},"end":{"line":271,"column":null}},"116":{"start":{"line":300,"column":71},"end":{"line":300,"column":85}},"117":{"start":{"line":306,"column":47},"end":{"line":306,"column":null}},"118":{"start":{"line":328,"column":10},"end":{"line":331,"column":null}},"119":{"start":{"line":329,"column":12},"end":{"line":329,"column":null}},"120":{"start":{"line":330,"column":12},"end":{"line":330,"column":null}}},"fnMap":{"0":{"name":"normalizeList","decl":{"start":{"line":23,"column":9},"end":{"line":23,"column":23}},"loc":{"start":{"line":23,"column":31},"end":{"line":27,"column":null}}},"1":{"name":"AdminCategoriesPage","decl":{"start":{"line":29,"column":24},"end":{"line":29,"column":null}},"loc":{"start":{"line":29,"column":24},"end":{"line":343,"column":null}}},"2":{"name":"(anonymous_3)","decl":{"start":{"line":51,"column":19},"end":{"line":51,"column":null}},"loc":{"start":{"line":51,"column":19},"end":{"line":65,"column":null}}},"3":{"name":"(anonymous_4)","decl":{"start":{"line":67,"column":12},"end":{"line":67,"column":null}},"loc":{"start":{"line":67,"column":12},"end":{"line":70,"column":5}}},"4":{"name":"(anonymous_5)","decl":{"start":{"line":72,"column":20},"end":{"line":72,"column":21}},"loc":{"start":{"line":72,"column":21},"end":{"line":78,"column":null}}},"5":{"name":"(anonymous_6)","decl":{"start":{"line":80,"column":21},"end":{"line":80,"column":null}},"loc":{"start":{"line":80,"column":21},"end":{"line":84,"column":null}}},"6":{"name":"(anonymous_7)","decl":{"start":{"line":86,"column":17},"end":{"line":86,"column":null}},"loc":{"start":{"line":86,"column":17},"end":{"line":110,"column":null}}},"7":{"name":"(anonymous_8)","decl":{"start":{"line":112,"column":19},"end":{"line":112,"column":null}},"loc":{"start":{"line":112,"column":19},"end":{"line":138,"column":null}}},"8":{"name":"(anonymous_9)","decl":{"start":{"line":140,"column":21},"end":{"line":140,"column":22}},"loc":{"start":{"line":140,"column":22},"end":{"line":143,"column":null}}},"9":{"name":"(anonymous_10)","decl":{"start":{"line":145,"column":17},"end":{"line":145,"column":null}},"loc":{"start":{"line":145,"column":17},"end":{"line":166,"column":null}}},"10":{"name":"(anonymous_11)","decl":{"start":{"line":168,"column":23},"end":{"line":168,"column":29}},"loc":{"start":{"line":168,"column":29},"end":{"line":168,"column":40}}},"11":{"name":"(anonymous_12)","decl":{"start":{"line":187,"column":84},"end":{"line":187,"column":90}},"loc":{"start":{"line":187,"column":90},"end":{"line":187,"column":109}}},"12":{"name":"(anonymous_13)","decl":{"start":{"line":201,"column":24},"end":{"line":201,"column":25}},"loc":{"start":{"line":201,"column":31},"end":{"line":201,"column":null}}},"13":{"name":"(anonymous_14)","decl":{"start":{"line":202,"column":25},"end":{"line":202,"column":26}},"loc":{"start":{"line":202,"column":26},"end":{"line":204,"column":null}}},"14":{"name":"(anonymous_15)","decl":{"start":{"line":241,"column":26},"end":{"line":241,"column":27}},"loc":{"start":{"line":241,"column":27},"end":{"line":317,"column":null}}},"15":{"name":"(anonymous_16)","decl":{"start":{"line":251,"column":38},"end":{"line":251,"column":39}},"loc":{"start":{"line":251,"column":45},"end":{"line":251,"column":null}}},"16":{"name":"(anonymous_17)","decl":{"start":{"line":252,"column":39},"end":{"line":252,"column":40}},"loc":{"start":{"line":252,"column":40},"end":{"line":255,"column":null}}},"17":{"name":"(anonymous_18)","decl":{"start":{"line":271,"column":40},"end":{"line":271,"column":41}},"loc":{"start":{"line":271,"column":47},"end":{"line":271,"column":null}}},"18":{"name":"(anonymous_19)","decl":{"start":{"line":300,"column":65},"end":{"line":300,"column":71}},"loc":{"start":{"line":300,"column":71},"end":{"line":300,"column":85}}},"19":{"name":"(anonymous_20)","decl":{"start":{"line":306,"column":41},"end":{"line":306,"column":47}},"loc":{"start":{"line":306,"column":47},"end":{"line":306,"column":null}}},"20":{"name":"(anonymous_21)","decl":{"start":{"line":327,"column":22},"end":{"line":327,"column":23}},"loc":{"start":{"line":327,"column":23},"end":{"line":332,"column":null}}}},"branchMap":{"0":{"loc":{"start":{"line":25,"column":12},"end":{"line":25,"column":null}},"type":"binary-expr","locations":[{"start":{"line":25,"column":12},"end":{"line":25,"column":25}},{"start":{"line":25,"column":25},"end":{"line":25,"column":null}}]},"1":{"loc":{"start":{"line":26,"column":9},"end":{"line":26,"column":43}},"type":"binary-expr","locations":[{"start":{"line":26,"column":10},"end":{"line":26,"column":21}},{"start":{"line":26,"column":21},"end":{"line":26,"column":41}},{"start":{"line":26,"column":41},"end":{"line":26,"column":43}}]},"2":{"loc":{"start":{"line":56,"column":15},"end":{"line":56,"column":39}},"type":"binary-expr","locations":[{"start":{"line":56,"column":15},"end":{"line":56,"column":37}},{"start":{"line":56,"column":37},"end":{"line":56,"column":39}}]},"3":{"loc":{"start":{"line":58,"column":18},"end":{"line":58,"column":null}},"type":"binary-expr","locations":[{"start":{"line":58,"column":18},"end":{"line":58,"column":48}},{"start":{"line":58,"column":48},"end":{"line":58,"column":62}},{"start":{"line":58,"column":62},"end":{"line":58,"column":null}}]},"4":{"loc":{"start":{"line":76,"column":16},"end":{"line":76,"column":null}},"type":"binary-expr","locations":[{"start":{"line":76,"column":16},"end":{"line":76,"column":22}},{"start":{"line":76,"column":26},"end":{"line":76,"column":null}}]},"5":{"loc":{"start":{"line":88,"column":4},"end":{"line":91,"column":null}},"type":"if","locations":[{"start":{"line":88,"column":4},"end":{"line":91,"column":null}},{"start":{},"end":{}}]},"6":{"loc":{"start":{"line":104,"column":18},"end":{"line":104,"column":null}},"type":"binary-expr","locations":[{"start":{"line":104,"column":18},"end":{"line":104,"column":48}},{"start":{"line":104,"column":48},"end":{"line":104,"column":62}},{"start":{"line":104,"column":62},"end":{"line":104,"column":null}}]},"7":{"loc":{"start":{"line":113,"column":4},"end":{"line":113,"column":null}},"type":"if","locations":[{"start":{"line":113,"column":4},"end":{"line":113,"column":null}},{"start":{},"end":{}}]},"8":{"loc":{"start":{"line":116,"column":4},"end":{"line":119,"column":null}},"type":"if","locations":[{"start":{"line":116,"column":4},"end":{"line":119,"column":null}},{"start":{},"end":{}}]},"9":{"loc":{"start":{"line":132,"column":18},"end":{"line":132,"column":null}},"type":"binary-expr","locations":[{"start":{"line":132,"column":18},"end":{"line":132,"column":48}},{"start":{"line":132,"column":48},"end":{"line":132,"column":62}},{"start":{"line":132,"column":62},"end":{"line":132,"column":null}}]},"10":{"loc":{"start":{"line":142,"column":18},"end":{"line":142,"column":null}},"type":"binary-expr","locations":[{"start":{"line":142,"column":18},"end":{"line":142,"column":24}},{"start":{"line":142,"column":28},"end":{"line":142,"column":null}}]},"11":{"loc":{"start":{"line":146,"column":4},"end":{"line":146,"column":null}},"type":"if","locations":[{"start":{"line":146,"column":4},"end":{"line":146,"column":null}},{"start":{},"end":{}}]},"12":{"loc":{"start":{"line":158,"column":18},"end":{"line":158,"column":null}},"type":"binary-expr","locations":[{"start":{"line":158,"column":18},"end":{"line":158,"column":48}},{"start":{"line":158,"column":48},"end":{"line":158,"column":62}},{"start":{"line":158,"column":62},"end":{"line":158,"column":null}}]},"13":{"loc":{"start":{"line":168,"column":29},"end":{"line":168,"column":40}},"type":"binary-expr","locations":[{"start":{"line":168,"column":29},"end":{"line":168,"column":38}},{"start":{"line":168,"column":38},"end":{"line":168,"column":40}}]},"14":{"loc":{"start":{"line":177,"column":7},"end":{"line":177,"column":null}},"type":"binary-expr","locations":[{"start":{"line":177,"column":7},"end":{"line":177,"column":null}}]},"15":{"loc":{"start":{"line":183,"column":7},"end":{"line":183,"column":null}},"type":"binary-expr","locations":[{"start":{"line":183,"column":7},"end":{"line":183,"column":null}}]},"16":{"loc":{"start":{"line":203,"column":16},"end":{"line":203,"column":null}},"type":"if","locations":[{"start":{"line":203,"column":16},"end":{"line":203,"column":null}},{"start":{},"end":{}}]},"17":{"loc":{"start":{"line":212,"column":15},"end":{"line":212,"column":null}},"type":"cond-expr","locations":[{"start":{"line":212,"column":25},"end":{"line":212,"column":44}},{"start":{"line":212,"column":44},"end":{"line":212,"column":null}}]},"18":{"loc":{"start":{"line":233,"column":17},"end":{"line":233,"column":null}},"type":"binary-expr","locations":[{"start":{"line":233,"column":17},"end":{"line":233,"column":null}}]},"19":{"loc":{"start":{"line":236,"column":23},"end":{"line":236,"column":null}},"type":"cond-expr","locations":[{"start":{"line":236,"column":33},"end":{"line":236,"column":48}},{"start":{"line":236,"column":48},"end":{"line":236,"column":null}}]},"20":{"loc":{"start":{"line":248,"column":26},"end":{"line":259,"column":27}},"type":"cond-expr","locations":[{"start":{"line":248,"column":26},"end":{"line":259,"column":27}}]},"21":{"loc":{"start":{"line":253,"column":30},"end":{"line":253,"column":null}},"type":"if","locations":[{"start":{"line":253,"column":30},"end":{"line":253,"column":null}},{"start":{},"end":{}}]},"22":{"loc":{"start":{"line":254,"column":30},"end":{"line":254,"column":null}},"type":"if","locations":[{"start":{"line":254,"column":30},"end":{"line":254,"column":null}},{"start":{},"end":{}}]},"23":{"loc":{"start":{"line":263,"column":58},"end":{"line":263,"column":null}},"type":"binary-expr","locations":[{"start":{"line":263,"column":58},"end":{"line":263,"column":64}},{"start":{"line":263,"column":68},"end":{"line":263,"column":null}}]},"24":{"loc":{"start":{"line":267,"column":26},"end":{"line":277,"column":27}},"type":"cond-expr","locations":[{"start":{"line":267,"column":26},"end":{"line":277,"column":27}}]},"25":{"loc":{"start":{"line":274,"column":62},"end":{"line":274,"column":null}},"type":"cond-expr","locations":[{"start":{"line":274,"column":75},"end":{"line":274,"column":86}},{"start":{"line":274,"column":86},"end":{"line":274,"column":null}}]},"26":{"loc":{"start":{"line":277,"column":43},"end":{"line":277,"column":null}},"type":"cond-expr","locations":[{"start":{"line":277,"column":66},"end":{"line":277,"column":85}},{"start":{"line":277,"column":85},"end":{"line":277,"column":null}}]},"27":{"loc":{"start":{"line":278,"column":29},"end":{"line":278,"column":null}},"type":"cond-expr","locations":[{"start":{"line":278,"column":52},"end":{"line":278,"column":65}},{"start":{"line":278,"column":65},"end":{"line":278,"column":null}}]},"28":{"loc":{"start":{"line":286,"column":28},"end":{"line":299,"column":null}},"type":"cond-expr","locations":[{"start":{"line":286,"column":28},"end":{"line":299,"column":null}}]},"29":{"loc":{"start":{"line":328,"column":10},"end":{"line":331,"column":null}},"type":"if","locations":[{"start":{"line":328,"column":10},"end":{"line":331,"column":null}},{"start":{},"end":{}}]},"30":{"loc":{"start":{"line":334,"column":54},"end":{"line":334,"column":84}},"type":"binary-expr","locations":[{"start":{"line":334,"column":54},"end":{"line":334,"column":68}},{"start":{"line":334,"column":68},"end":{"line":334,"column":84}}]},"31":{"loc":{"start":{"line":335,"column":21},"end":{"line":335,"column":null}},"type":"cond-expr","locations":[{"start":{"line":335,"column":31},"end":{"line":335,"column":47}},{"start":{"line":335,"column":47},"end":{"line":335,"column":null}}]}},"s":{"0":5,"1":1,"2":1,"3":1,"4":1,"5":1,"6":1,"7":1,"8":9,"9":9,"10":51,"11":51,"12":51,"13":51,"14":51,"15":51,"16":51,"17":51,"18":51,"19":51,"20":51,"21":51,"22":9,"23":9,"24":9,"25":9,"26":9,"27":0,"28":0,"29":0,"30":0,"31":9,"32":51,"33":5,"34":51,"35":1,"36":1,"37":1,"38":1,"39":1,"40":51,"41":1,"42":1,"43":1,"44":51,"45":2,"46":2,"47":0,"48":0,"49":2,"50":2,"51":2,"52":2,"53":2,"54":2,"55":2,"56":2,"57":2,"58":0,"59":0,"60":0,"61":2,"62":51,"63":1,"64":0,"65":1,"66":1,"67":0,"68":0,"69":1,"70":1,"71":1,"72":1,"73":1,"74":1,"75":1,"76":1,"77":1,"78":0,"79":0,"80":0,"81":1,"82":51,"83":1,"84":1,"85":51,"86":1,"87":0,"88":1,"89":1,"90":1,"91":1,"92":1,"93":1,"94":1,"95":1,"96":0,"97":0,"98":0,"99":1,"100":1,"101":1,"102":51,"103":14,"104":1,"105":10,"106":10,"107":0,"108":27,"109":27,"110":14,"111":13,"112":0,"113":13,"114":0,"115":1,"116":1,"117":1,"118":0,"119":0,"120":0},"f":{"0":9,"1":51,"2":9,"3":5,"4":1,"5":1,"6":2,"7":1,"8":1,"9":1,"10":14,"11":1,"12":10,"13":10,"14":27,"15":14,"16":13,"17":1,"18":1,"19":1,"20":0},"b":{"0":[9,0],"1":[9,0,0],"2":[9,0],"3":[0,0,0],"4":[1,0],"5":[0,2],"6":[0,0,0],"7":[0,1],"8":[0,1],"9":[0,0,0],"10":[1,0],"11":[0,1],"12":[0,0,0],"13":[14,0],"14":[51],"15":[51],"16":[0,10],"17":[9,42],"18":[51],"19":[7,18],"20":[17],"21":[0,13],"22":[0,13],"23":[27,0],"24":[17],"25":[15,2],"26":[2,8],"27":[2,8],"28":[17],"29":[0,0],"30":[51,49],"31":[9,42]}}
,"C:\\Users\\97798\\Developer\\KrishiPal Web\\frontend\\app\\admin\\settings\\page.tsx": {"path":"C:\\Users\\97798\\Developer\\KrishiPal Web\\frontend\\app\\admin\\settings\\page.tsx","statementMap":{"0":{"start":{"line":20,"column":24},"end":{"line":20,"column":null}},"1":{"start":{"line":3,"column":45},"end":{"line":3,"column":null}},"2":{"start":{"line":4,"column":21},"end":{"line":4,"column":null}},"3":{"start":{"line":5,"column":23},"end":{"line":5,"column":null}},"4":{"start":{"line":10,"column":7},"end":{"line":10,"column":null}},"5":{"start":{"line":13,"column":25},"end":{"line":13,"column":null}},"6":{"start":{"line":16,"column":12},"end":{"line":16,"column":null}},"7":{"start":{"line":17,"column":2},"end":{"line":17,"column":null}},"8":{"start":{"line":22,"column":20},"end":{"line":22,"column":null}},"9":{"start":{"line":24,"column":32},"end":{"line":24,"column":null}},"10":{"start":{"line":25,"column":24},"end":{"line":25,"column":null}},"11":{"start":{"line":26,"column":24},"end":{"line":26,"column":null}},"12":{"start":{"line":28,"column":34},"end":{"line":28,"column":null}},"13":{"start":{"line":31,"column":4},"end":{"line":31,"column":null}},"14":{"start":{"line":33,"column":26},"end":{"line":43,"column":null}},"15":{"start":{"line":45,"column":18},"end":{"line":48,"column":null}},"16":{"start":{"line":46,"column":4},"end":{"line":46,"column":null}},"17":{"start":{"line":46,"column":25},"end":{"line":46,"column":null}},"18":{"start":{"line":47,"column":4},"end":{"line":47,"column":null}},"19":{"start":{"line":50,"column":24},"end":{"line":88,"column":null}},"20":{"start":{"line":51,"column":4},"end":{"line":51,"column":null}},"21":{"start":{"line":52,"column":4},"end":{"line":52,"column":null}},"22":{"start":{"line":53,"column":4},"end":{"line":53,"column":null}},"23":{"start":{"line":54,"column":4},"end":{"line":87,"column":null}},"24":{"start":{"line":55,"column":18},"end":{"line":55,"column":null}},"25":{"start":{"line":56,"column":19},"end":{"line":56,"column":null}},"26":{"start":{"line":58,"column":6},"end":{"line":62,"column":null}},"27":{"start":{"line":65,"column":6},"end":{"line":65,"column":null}},"28":{"start":{"line":68,"column":6},"end":{"line":72,"column":null}},"29":{"start":{"line":75,"column":8},"end":{"line":75,"column":null}},"30":{"start":{"line":76,"column":6},"end":{"line":76,"column":null}},"31":{"start":{"line":79,"column":6},"end":{"line":84,"column":null}},"32":{"start":{"line":86,"column":6},"end":{"line":86,"column":null}},"33":{"start":{"line":90,"column":2},"end":{"line":93,"column":null}},"34":{"start":{"line":91,"column":4},"end":{"line":91,"column":null}},"35":{"start":{"line":95,"column":15},"end":{"line":174,"column":null}},"36":{"start":{"line":96,"column":4},"end":{"line":96,"column":null}},"37":{"start":{"line":97,"column":4},"end":{"line":97,"column":null}},"38":{"start":{"line":98,"column":4},"end":{"line":98,"column":null}},"39":{"start":{"line":99,"column":4},"end":{"line":173,"column":null}},"40":{"start":{"line":100,"column":22},"end":{"line":118,"column":null}},"41":{"start":{"line":121,"column":8},"end":{"line":123,"column":null}},"42":{"start":{"line":125,"column":6},"end":{"line":138,"column":null}},"43":{"start":{"line":126,"column":8},"end":{"line":126,"column":null}},"44":{"start":{"line":127,"column":8},"end":{"line":127,"column":null}},"45":{"start":{"line":130,"column":8},"end":{"line":135,"column":null}},"46":{"start":{"line":137,"column":8},"end":{"line":137,"column":null}},"47":{"start":{"line":140,"column":18},"end":{"line":140,"column":null}},"48":{"start":{"line":143,"column":22},"end":{"line":143,"column":null}},"49":{"start":{"line":144,"column":6},"end":{"line":149,"column":null}},"50":{"start":{"line":144,"column":27},"end":{"line":149,"column":null}},"51":{"start":{"line":151,"column":6},"end":{"line":151,"column":null}},"52":{"start":{"line":154,"column":6},"end":{"line":158,"column":null}},"53":{"start":{"line":161,"column":8},"end":{"line":161,"column":null}},"54":{"start":{"line":162,"column":6},"end":{"line":162,"column":null}},"55":{"start":{"line":165,"column":6},"end":{"line":170,"column":null}},"56":{"start":{"line":172,"column":6},"end":{"line":172,"column":null}},"57":{"start":{"line":214,"column":20},"end":{"line":214,"column":null}},"58":{"start":{"line":214,"column":41},"end":{"line":214,"column":null}},"59":{"start":{"line":228,"column":20},"end":{"line":228,"column":null}},"60":{"start":{"line":228,"column":41},"end":{"line":228,"column":null}},"61":{"start":{"line":241,"column":20},"end":{"line":241,"column":null}},"62":{"start":{"line":241,"column":41},"end":{"line":241,"column":null}},"63":{"start":{"line":271,"column":32},"end":{"line":271,"column":51}},"64":{"start":{"line":272,"column":22},"end":{"line":272,"column":null}},"65":{"start":{"line":272,"column":30},"end":{"line":272,"column":null}},"66":{"start":{"line":274,"column":22},"end":{"line":274,"column":null}},"67":{"start":{"line":275,"column":22},"end":{"line":275,"column":null}},"68":{"start":{"line":276,"column":22},"end":{"line":276,"column":null}},"69":{"start":{"line":277,"column":22},"end":{"line":314,"column":null}},"70":{"start":{"line":278,"column":36},"end":{"line":278,"column":null}},"71":{"start":{"line":279,"column":40},"end":{"line":279,"column":null}},"72":{"start":{"line":281,"column":24},"end":{"line":284,"column":null}},"73":{"start":{"line":281,"column":45},"end":{"line":284,"column":null}},"74":{"start":{"line":287,"column":24},"end":{"line":287,"column":null}},"75":{"start":{"line":289,"column":24},"end":{"line":289,"column":null}},"76":{"start":{"line":292,"column":24},"end":{"line":296,"column":null}},"77":{"start":{"line":299,"column":26},"end":{"line":301,"column":null}},"78":{"start":{"line":302,"column":24},"end":{"line":302,"column":null}},"79":{"start":{"line":305,"column":24},"end":{"line":310,"column":null}},"80":{"start":{"line":312,"column":24},"end":{"line":312,"column":null}},"81":{"start":{"line":313,"column":24},"end":{"line":313,"column":null}},"82":{"start":{"line":332,"column":20},"end":{"line":335,"column":null}},"83":{"start":{"line":332,"column":41},"end":{"line":335,"column":null}},"84":{"start":{"line":356,"column":20},"end":{"line":359,"column":null}},"85":{"start":{"line":356,"column":41},"end":{"line":359,"column":null}},"86":{"start":{"line":374,"column":20},"end":{"line":377,"column":null}},"87":{"start":{"line":374,"column":41},"end":{"line":377,"column":null}},"88":{"start":{"line":466,"column":20},"end":{"line":469,"column":null}},"89":{"start":{"line":466,"column":41},"end":{"line":469,"column":null}},"90":{"start":{"line":487,"column":16},"end":{"line":488,"column":null}},"91":{"start":{"line":495,"column":22},"end":{"line":501,"column":null}},"92":{"start":{"line":495,"column":43},"end":{"line":501,"column":null}}},"fnMap":{"0":{"name":"num","decl":{"start":{"line":15,"column":9},"end":{"line":15,"column":13}},"loc":{"start":{"line":15,"column":33},"end":{"line":18,"column":null}}},"1":{"name":"AdminSettingsPage","decl":{"start":{"line":20,"column":24},"end":{"line":20,"column":null}},"loc":{"start":{"line":20,"column":24},"end":{"line":531,"column":null}}},"2":{"name":"(anonymous_3)","decl":{"start":{"line":45,"column":26},"end":{"line":45,"column":null}},"loc":{"start":{"line":45,"column":26},"end":{"line":48,"column":5}}},"3":{"name":"(anonymous_4)","decl":{"start":{"line":50,"column":24},"end":{"line":50,"column":null}},"loc":{"start":{"line":50,"column":24},"end":{"line":88,"column":null}}},"4":{"name":"(anonymous_5)","decl":{"start":{"line":90,"column":12},"end":{"line":90,"column":null}},"loc":{"start":{"line":90,"column":12},"end":{"line":93,"column":5}}},"5":{"name":"(anonymous_6)","decl":{"start":{"line":95,"column":15},"end":{"line":95,"column":null}},"loc":{"start":{"line":95,"column":15},"end":{"line":174,"column":null}}},"6":{"name":"(anonymous_7)","decl":{"start":{"line":144,"column":14},"end":{"line":144,"column":15}},"loc":{"start":{"line":144,"column":27},"end":{"line":149,"column":null}}},"7":{"name":"(anonymous_8)","decl":{"start":{"line":213,"column":28},"end":{"line":213,"column":29}},"loc":{"start":{"line":214,"column":20},"end":{"line":214,"column":null}}},"8":{"name":"(anonymous_9)","decl":{"start":{"line":214,"column":28},"end":{"line":214,"column":29}},"loc":{"start":{"line":214,"column":41},"end":{"line":214,"column":null}}},"9":{"name":"(anonymous_10)","decl":{"start":{"line":227,"column":28},"end":{"line":227,"column":29}},"loc":{"start":{"line":228,"column":20},"end":{"line":228,"column":null}}},"10":{"name":"(anonymous_11)","decl":{"start":{"line":228,"column":28},"end":{"line":228,"column":29}},"loc":{"start":{"line":228,"column":41},"end":{"line":228,"column":null}}},"11":{"name":"(anonymous_12)","decl":{"start":{"line":240,"column":28},"end":{"line":240,"column":29}},"loc":{"start":{"line":241,"column":20},"end":{"line":241,"column":null}}},"12":{"name":"(anonymous_13)","decl":{"start":{"line":241,"column":28},"end":{"line":241,"column":29}},"loc":{"start":{"line":241,"column":41},"end":{"line":241,"column":null}}},"13":{"name":"(anonymous_14)","decl":{"start":{"line":270,"column":30},"end":{"line":270,"column":37}},"loc":{"start":{"line":270,"column":37},"end":{"line":315,"column":null}}},"14":{"name":"(anonymous_15)","decl":{"start":{"line":281,"column":32},"end":{"line":281,"column":33}},"loc":{"start":{"line":281,"column":45},"end":{"line":284,"column":null}}},"15":{"name":"(anonymous_16)","decl":{"start":{"line":331,"column":28},"end":{"line":331,"column":29}},"loc":{"start":{"line":332,"column":20},"end":{"line":335,"column":null}}},"16":{"name":"(anonymous_17)","decl":{"start":{"line":332,"column":28},"end":{"line":332,"column":29}},"loc":{"start":{"line":332,"column":41},"end":{"line":335,"column":null}}},"17":{"name":"(anonymous_18)","decl":{"start":{"line":355,"column":28},"end":{"line":355,"column":29}},"loc":{"start":{"line":356,"column":20},"end":{"line":359,"column":null}}},"18":{"name":"(anonymous_19)","decl":{"start":{"line":356,"column":28},"end":{"line":356,"column":29}},"loc":{"start":{"line":356,"column":41},"end":{"line":359,"column":null}}},"19":{"name":"(anonymous_20)","decl":{"start":{"line":373,"column":28},"end":{"line":373,"column":29}},"loc":{"start":{"line":374,"column":20},"end":{"line":377,"column":null}}},"20":{"name":"(anonymous_21)","decl":{"start":{"line":374,"column":28},"end":{"line":374,"column":29}},"loc":{"start":{"line":374,"column":41},"end":{"line":377,"column":null}}},"21":{"name":"(anonymous_22)","decl":{"start":{"line":465,"column":28},"end":{"line":465,"column":29}},"loc":{"start":{"line":466,"column":20},"end":{"line":469,"column":null}}},"22":{"name":"(anonymous_23)","decl":{"start":{"line":466,"column":28},"end":{"line":466,"column":29}},"loc":{"start":{"line":466,"column":41},"end":{"line":469,"column":null}}},"23":{"name":"(anonymous_24)","decl":{"start":{"line":486,"column":46},"end":{"line":486,"column":47}},"loc":{"start":{"line":487,"column":16},"end":{"line":488,"column":null}}},"24":{"name":"(anonymous_25)","decl":{"start":{"line":494,"column":30},"end":{"line":494,"column":31}},"loc":{"start":{"line":495,"column":22},"end":{"line":501,"column":null}}},"25":{"name":"(anonymous_26)","decl":{"start":{"line":495,"column":30},"end":{"line":495,"column":31}},"loc":{"start":{"line":495,"column":43},"end":{"line":501,"column":null}}}},"branchMap":{"0":{"loc":{"start":{"line":15,"column":21},"end":{"line":15,"column":33}},"type":"default-arg","locations":[{"start":{"line":15,"column":32},"end":{"line":15,"column":33}}]},"1":{"loc":{"start":{"line":17,"column":9},"end":{"line":17,"column":null}},"type":"cond-expr","locations":[{"start":{"line":17,"column":30},"end":{"line":17,"column":34}},{"start":{"line":17,"column":34},"end":{"line":17,"column":null}}]},"2":{"loc":{"start":{"line":31,"column":4},"end":{"line":31,"column":null}},"type":"binary-expr","locations":[{"start":{"line":31,"column":4},"end":{"line":31,"column":39}},{"start":{"line":31,"column":43},"end":{"line":31,"column":null}}]},"3":{"loc":{"start":{"line":46,"column":4},"end":{"line":46,"column":null}},"type":"if","locations":[{"start":{"line":46,"column":4},"end":{"line":46,"column":null}},{"start":{},"end":{}}]},"4":{"loc":{"start":{"line":56,"column":19},"end":{"line":56,"column":null}},"type":"binary-expr","locations":[{"start":{"line":56,"column":19},"end":{"line":56,"column":37}},{"start":{"line":56,"column":37},"end":{"line":56,"column":null}}]},"5":{"loc":{"start":{"line":60,"column":20},"end":{"line":60,"column":null}},"type":"binary-expr","locations":[{"start":{"line":60,"column":20},"end":{"line":60,"column":40}},{"start":{"line":60,"column":40},"end":{"line":60,"column":null}}]},"6":{"loc":{"start":{"line":61,"column":19},"end":{"line":61,"column":null}},"type":"binary-expr","locations":[{"start":{"line":61,"column":19},"end":{"line":61,"column":38}},{"start":{"line":61,"column":38},"end":{"line":61,"column":null}}]},"7":{"loc":{"start":{"line":75,"column":8},"end":{"line":75,"column":null}},"type":"binary-expr","locations":[{"start":{"line":75,"column":8},"end":{"line":75,"column":38}},{"start":{"line":75,"column":38},"end":{"line":75,"column":52}},{"start":{"line":75,"column":52},"end":{"line":75,"column":null}}]},"8":{"loc":{"start":{"line":101,"column":26},"end":{"line":101,"column":null}},"type":"binary-expr","locations":[{"start":{"line":101,"column":26},"end":{"line":101,"column":40}},{"start":{"line":101,"column":44},"end":{"line":101,"column":null}}]},"9":{"loc":{"start":{"line":102,"column":29},"end":{"line":102,"column":null}},"type":"binary-expr","locations":[{"start":{"line":102,"column":29},"end":{"line":102,"column":46}},{"start":{"line":102,"column":50},"end":{"line":102,"column":null}}]},"10":{"loc":{"start":{"line":103,"column":27},"end":{"line":103,"column":null}},"type":"binary-expr","locations":[{"start":{"line":103,"column":27},"end":{"line":103,"column":42}},{"start":{"line":103,"column":46},"end":{"line":103,"column":null}}]},"11":{"loc":{"start":{"line":104,"column":27},"end":{"line":104,"column":null}},"type":"binary-expr","locations":[{"start":{"line":104,"column":27},"end":{"line":104,"column":42}},{"start":{"line":104,"column":46},"end":{"line":104,"column":null}}]},"12":{"loc":{"start":{"line":108,"column":10},"end":{"line":110,"column":null}},"type":"cond-expr","locations":[{"start":{"line":109,"column":14},"end":{"line":109,"column":null}},{"start":{"line":110,"column":14},"end":{"line":110,"column":null}}]},"13":{"loc":{"start":{"line":108,"column":10},"end":{"line":108,"column":null}},"type":"binary-expr","locations":[{"start":{"line":108,"column":10},"end":{"line":108,"column":47}},{"start":{"line":108,"column":47},"end":{"line":108,"column":null}}]},"14":{"loc":{"start":{"line":125,"column":6},"end":{"line":138,"column":null}},"type":"if","locations":[{"start":{"line":125,"column":6},"end":{"line":138,"column":null}},{"start":{},"end":{}}]},"15":{"loc":{"start":{"line":143,"column":22},"end":{"line":143,"column":null}},"type":"binary-expr","locations":[{"start":{"line":143,"column":22},"end":{"line":143,"column":40}},{"start":{"line":143,"column":40},"end":{"line":143,"column":null}}]},"16":{"loc":{"start":{"line":147,"column":20},"end":{"line":147,"column":55}},"type":"binary-expr","locations":[{"start":{"line":147,"column":20},"end":{"line":147,"column":43}},{"start":{"line":147,"column":43},"end":{"line":147,"column":55}}]},"17":{"loc":{"start":{"line":148,"column":19},"end":{"line":148,"column":52}},"type":"binary-expr","locations":[{"start":{"line":148,"column":19},"end":{"line":148,"column":41}},{"start":{"line":148,"column":41},"end":{"line":148,"column":52}}]},"18":{"loc":{"start":{"line":161,"column":8},"end":{"line":161,"column":null}},"type":"binary-expr","locations":[{"start":{"line":161,"column":8},"end":{"line":161,"column":38}},{"start":{"line":161,"column":38},"end":{"line":161,"column":52}},{"start":{"line":161,"column":52},"end":{"line":161,"column":null}}]},"19":{"loc":{"start":{"line":188,"column":9},"end":{"line":188,"column":null}},"type":"binary-expr","locations":[{"start":{"line":188,"column":9},"end":{"line":188,"column":null}}]},"20":{"loc":{"start":{"line":193,"column":9},"end":{"line":193,"column":null}},"type":"binary-expr","locations":[{"start":{"line":193,"column":9},"end":{"line":193,"column":null}}]},"21":{"loc":{"start":{"line":212,"column":25},"end":{"line":212,"column":null}},"type":"binary-expr","locations":[{"start":{"line":212,"column":25},"end":{"line":212,"column":39}},{"start":{"line":212,"column":43},"end":{"line":212,"column":null}}]},"22":{"loc":{"start":{"line":226,"column":25},"end":{"line":226,"column":null}},"type":"binary-expr","locations":[{"start":{"line":226,"column":25},"end":{"line":226,"column":40}},{"start":{"line":226,"column":44},"end":{"line":226,"column":null}}]},"23":{"loc":{"start":{"line":239,"column":25},"end":{"line":239,"column":null}},"type":"binary-expr","locations":[{"start":{"line":239,"column":25},"end":{"line":239,"column":40}},{"start":{"line":239,"column":44},"end":{"line":239,"column":null}}]},"24":{"loc":{"start":{"line":257,"column":22},"end":{"line":263,"column":23}},"type":"cond-expr","locations":[{"start":{"line":257,"column":22},"end":{"line":263,"column":23}}]},"25":{"loc":{"start":{"line":272,"column":22},"end":{"line":272,"column":null}},"type":"if","locations":[{"start":{"line":272,"column":22},"end":{"line":272,"column":null}},{"start":{},"end":{}}]},"26":{"loc":{"start":{"line":283,"column":37},"end":{"line":283,"column":70}},"type":"binary-expr","locations":[{"start":{"line":283,"column":37},"end":{"line":283,"column":59}},{"start":{"line":283,"column":59},"end":{"line":283,"column":70}}]},"27":{"loc":{"start":{"line":299,"column":26},"end":{"line":301,"column":null}},"type":"binary-expr","locations":[{"start":{"line":299,"column":26},"end":{"line":299,"column":null}},{"start":{"line":300,"column":26},"end":{"line":300,"column":null}},{"start":{"line":301,"column":26},"end":{"line":301,"column":null}}]},"28":{"loc":{"start":{"line":330,"column":25},"end":{"line":330,"column":null}},"type":"binary-expr","locations":[{"start":{"line":330,"column":25},"end":{"line":330,"column":42}},{"start":{"line":330,"column":46},"end":{"line":330,"column":null}}]},"29":{"loc":{"start":{"line":354,"column":25},"end":{"line":354,"column":null}},"type":"binary-expr","locations":[{"start":{"line":354,"column":25},"end":{"line":354,"column":48}},{"start":{"line":354,"column":52},"end":{"line":354,"column":null}}]},"30":{"loc":{"start":{"line":372,"column":25},"end":{"line":372,"column":null}},"type":"binary-expr","locations":[{"start":{"line":372,"column":25},"end":{"line":372,"column":51}},{"start":{"line":372,"column":55},"end":{"line":372,"column":null}}]},"31":{"loc":{"start":{"line":400,"column":19},"end":{"line":403,"column":65}},"type":"cond-expr","locations":[{"start":{"line":402,"column":22},"end":{"line":402,"column":null}},{"start":{"line":403,"column":22},"end":{"line":403,"column":65}}]},"32":{"loc":{"start":{"line":400,"column":19},"end":{"line":401,"column":null}},"type":"binary-expr","locations":[{"start":{"line":400,"column":19},"end":{"line":400,"column":null}},{"start":{"line":401,"column":18},"end":{"line":401,"column":null}}]},"33":{"loc":{"start":{"line":417,"column":26},"end":{"line":417,"column":null}},"type":"binary-expr","locations":[{"start":{"line":417,"column":26},"end":{"line":417,"column":41}},{"start":{"line":417,"column":45},"end":{"line":417,"column":null}}]},"34":{"loc":{"start":{"line":426,"column":19},"end":{"line":426,"column":null}},"type":"binary-expr","locations":[{"start":{"line":426,"column":19},"end":{"line":426,"column":null}}]},"35":{"loc":{"start":{"line":431,"column":19},"end":{"line":431,"column":null}},"type":"binary-expr","locations":[{"start":{"line":431,"column":19},"end":{"line":431,"column":null}}]},"36":{"loc":{"start":{"line":436,"column":19},"end":{"line":436,"column":null}},"type":"binary-expr","locations":[{"start":{"line":436,"column":19},"end":{"line":436,"column":null}}]},"37":{"loc":{"start":{"line":441,"column":19},"end":{"line":441,"column":null}},"type":"binary-expr","locations":[{"start":{"line":441,"column":19},"end":{"line":441,"column":null}},{"start":{"line":442,"column":20},"end":{"line":442,"column":null}},{"start":{"line":443,"column":20},"end":{"line":443,"column":null}}]},"38":{"loc":{"start":{"line":464,"column":25},"end":{"line":464,"column":null}},"type":"binary-expr","locations":[{"start":{"line":464,"column":25},"end":{"line":464,"column":47}},{"start":{"line":464,"column":51},"end":{"line":464,"column":null}}]},"39":{"loc":{"start":{"line":498,"column":30},"end":{"line":498,"column":46}},"type":"binary-expr","locations":[{"start":{"line":498,"column":30},"end":{"line":498,"column":40}},{"start":{"line":498,"column":44},"end":{"line":498,"column":46}}]},"40":{"loc":{"start":{"line":524,"column":15},"end":{"line":524,"column":null}},"type":"cond-expr","locations":[{"start":{"line":524,"column":25},"end":{"line":524,"column":39}},{"start":{"line":524,"column":39},"end":{"line":524,"column":null}}]}},"s":{"0":6,"1":1,"2":1,"3":1,"4":1,"5":1,"6":177,"7":177,"8":83,"9":83,"10":83,"11":83,"12":83,"13":83,"14":83,"15":83,"16":12,"17":11,"18":1,"19":83,"20":7,"21":7,"22":7,"23":7,"24":7,"25":6,"26":6,"27":6,"28":6,"29":1,"30":1,"31":1,"32":7,"33":83,"34":6,"35":83,"36":2,"37":2,"38":2,"39":2,"40":2,"41":2,"42":2,"43":1,"44":1,"45":1,"46":1,"47":1,"48":1,"49":1,"50":1,"51":1,"52":1,"53":0,"54":0,"55":0,"56":2,"57":18,"58":18,"59":19,"60":19,"61":14,"62":14,"63":1,"64":1,"65":0,"66":1,"67":1,"68":1,"69":1,"70":1,"71":0,"72":0,"73":0,"74":0,"75":0,"76":0,"77":1,"78":1,"79":1,"80":1,"81":1,"82":0,"83":0,"84":4,"85":4,"86":0,"87":0,"88":0,"89":0,"90":249,"91":3,"92":3},"f":{"0":177,"1":83,"2":12,"3":7,"4":6,"5":2,"6":1,"7":1
[...]
,"C:\\Users\\97798\\Developer\\KrishiPal Web\\frontend\\lib\\api\\admin\\dashboard.ts": {"path":"C:\\Users\\97798\\Developer\\KrishiPal Web\\frontend\\lib\\api\\admin\\dashboard.ts","statementMap":{"0":{"start":{"line":4,"column":22},"end":{"line":4,"column":44}},"1":{"start":{"line":1,"column":20},"end":{"line":1,"column":null}},"2":{"start":{"line":2,"column":26},"end":{"line":2,"column":null}},"3":{"start":{"line":10,"column":14},"end":{"line":17,"column":null}},"4":{"start":{"line":18,"column":2},"end":{"line":18,"column":null}}},"fnMap":{"0":{"name":"adminDashboardSummary","decl":{"start":{"line":4,"column":22},"end":{"line":4,"column":44}},"loc":{"start":{"line":9,"column":1},"end":{"line":19,"column":null}}}},"branchMap":{"0":{"loc":{"start":{"line":12,"column":14},"end":{"line":12,"column":null}},"type":"binary-expr","locations":[{"start":{"line":12,"column":14},"end":{"line":12,"column":32}},{"start":{"line":12,"column":32},"end":{"line":12,"column":null}}]},"1":{"loc":{"start":{"line":13,"column":10},"end":{"line":13,"column":51}},"type":"cond-expr","locations":[{"start":{"line":13,"column":25},"end":{"line":13,"column":49}},{"start":{"line":13,"column":49},"end":{"line":13,"column":51}}]},"2":{"loc":{"start":{"line":14,"column":10},"end":{"line":14,"column":45}},"type":"cond-expr","locations":[{"start":{"line":14,"column":23},"end":{"line":14,"column":43}},{"start":{"line":14,"column":43},"end":{"line":14,"column":45}}]},"3":{"loc":{"start":{"line":15,"column":10},"end":{"line":15,"column":60}},"type":"cond-expr","locations":[{"start":{"line":15,"column":28},"end":{"line":15,"column":58}},{"start":{"line":15,"column":58},"end":{"line":15,"column":60}}]}},"s":{"0":2,"1":1,"2":1,"3":2,"4":2},"f":{"0":2},"b":{"0":[2,1],"1":[1,1],"2":[1,1],"3":[1,1]}}
,"C:\\Users\\97798\\Developer\\KrishiPal Web\\frontend\\lib\\api\\admin\\inventory.ts": {"path":"C:\\Users\\97798\\Developer\\KrishiPal Web\\frontend\\lib\\api\\admin\\inventory.ts","statementMap":{"0":{"start":{"line":10,"column":18},"end":{"line":10,"column":37}},"1":{"start":{"line":13,"column":18},"end":{"line":13,"column":32}},"2":{"start":{"line":4,"column":18},"end":{"line":4,"column":31}},"3":{"start":{"line":7,"column":18},"end":{"line":7,"column":32}},"4":{"start":{"line":1,"column":22},"end":{"line":1,"column":null}},"5":{"start":{"line":2,"column":28},"end":{"line":2,"column":null}},"6":{"start":{"line":5,"column":4},"end":{"line":5,"column":null}},"7":{"start":{"line":8,"column":4},"end":{"line":8,"column":null}},"8":{"start":{"line":11,"column":4},"end":{"line":11,"column":null}},"9":{"start":{"line":14,"column":4},"end":{"line":16,"column":null}}},"fnMap":{"0":{"name":"adminStockIn","decl":{"start":{"line":4,"column":18},"end":{"line":4,"column":31}},"loc":{"start":{"line":4,"column":91},"end":{"line":6,"column":null}}},"1":{"name":"adminStockOut","decl":{"start":{"line":7,"column":18},"end":{"line":7,"column":32}},"loc":{"start":{"line":7,"column":92},"end":{"line":9,"column":null}}},"2":{"name":"adminInventoryLogs","decl":{"start":{"line":10,"column":18},"end":{"line":10,"column":37}},"loc":{"start":{"line":10,"column":114},"end":{"line":12,"column":null}}},"3":{"name":"adminLowStock","decl":{"start":{"line":13,"column":18},"end":{"line":13,"column":32}},"loc":{"start":{"line":13,"column":50},"end":{"line":17,"column":null}}}},"branchMap":{"0":{"loc":{"start":{"line":15,"column":14},"end":{"line":15,"column":null}},"type":"cond-expr","locations":[{"start":{"line":15,"column":26},"end":{"line":15,"column":42}},{"start":{"line":15,"column":42},"end":{"line":15,"column":null}}]}},"s":{"0":1,"1":2,"2":1,"3":0,"4":1,"5":1,"6":1,"7":0,"8":1,"9":2},"f":{"0":1,"1":0,"2":1,"3":2},"b":{"0":[1,1]}}
,"C:\\Users\\97798\\Developer\\KrishiPal Web\\frontend\\lib\\api\\admin\\payment.ts": {"path":"C:\\Users\\97798\\Developer\\KrishiPal Web\\frontend\\lib\\api\\admin\\payment.ts","statementMap":{"0":{"start":{"line":12,"column":22},"end":{"line":12,"column":41}},"1":{"start":{"line":4,"column":22},"end":{"line":4,"column":43}},"2":{"start":{"line":8,"column":22},"end":{"line":8,"column":39}},"3":{"start":{"line":20,"column":22},"end":{"line":20,"column":47}},"4":{"start":{"line":16,"column":22},"end":{"line":16,"column":40}},"5":{"start":{"line":1,"column":20},"end":{"line":1,"column":null}},"6":{"start":{"line":2,"column":26},"end":{"line":2,"column":null}},"7":{"start":{"line":5,"column":2},"end":{"line":5,"column":null}},"8":{"start":{"line":9,"column":2},"end":{"line":9,"column":null}},"9":{"start":{"line":13,"column":2},"end":{"line":13,"column":null}},"10":{"start":{"line":17,"column":2},"end":{"line":17,"column":null}},"11":{"start":{"line":21,"column":2},"end":{"line":21,"column":null}}},"fnMap":{"0":{"name":"adminListPaymentLogs","decl":{"start":{"line":4,"column":22},"end":{"line":4,"column":43}},"loc":{"start":{"line":4,"column":102},"end":{"line":6,"column":null}}},"1":{"name":"adminListRefunds","decl":{"start":{"line":8,"column":22},"end":{"line":8,"column":39}},"loc":{"start":{"line":8,"column":98},"end":{"line":10,"column":null}}},"2":{"name":"adminApproveRefund","decl":{"start":{"line":12,"column":22},"end":{"line":12,"column":41}},"loc":{"start":{"line":12,"column":71},"end":{"line":14,"column":null}}},"3":{"name":"adminRejectRefund","decl":{"start":{"line":16,"column":22},"end":{"line":16,"column":40}},"loc":{"start":{"line":16,"column":70},"end":{"line":18,"column":null}}},"4":{"name":"adminMarkRefundProcessed","decl":{"start":{"line":20,"column":22},"end":{"line":20,"column":47}},"loc":{"start":{"line":20,"column":57},"end":{"line":22,"column":null}}}},"branchMap":{"0":{"loc":{"start":{"line":13,"column":65},"end":{"line":13,"column":81}},"type":"binary-expr","locations":[{"start":{"line":13,"column":65},"end":{"line":13,"column":78}},{"start":{"line":13,"column":78},"end":{"line":13,"column":81}}]},"1":{"loc":{"start":{"line":17,"column":64},"end":{"line":17,"column":80}},"type":"binary-expr","locations":[{"start":{"line":17,"column":64},"end":{"line":17,"column":77}},{"start":{"line":17,"column":77},"end":{"line":17,"column":80}}]}},"s":{"0":2,"1":1,"2":0,"3":1,"4":1,"5":1,"6":1,"7":1,"8":0,"9":2,"10":1,"11":1},"f":{"0":1,"1":0,"2":2,"3":1,"4":1},"b":{"0":[2,1],"1":[1,1]}}
,"C:\\Users\\97798\\Developer\\KrishiPal Web\\frontend\\lib\\api\\admin\\settings.ts": {"path":"C:\\Users\\97798\\Developer\\KrishiPal Web\\frontend\\lib\\api\\admin\\settings.ts","statementMap":{"0":{"start":{"line":4,"column":13},"end":{"line":4,"column":32}},"1":{"start":{"line":5,"column":13},"end":{"line":5,"column":35}},"2":{"start":{"line":6,"column":13},"end":{"line":6,"column":31}},"3":{"start":{"line":1,"column":20},"end":{"line":1,"column":null}},"4":{"start":{"line":2,"column":26},"end":{"line":2,"column":null}},"5":{"start":{"line":4,"column":32},"end":{"line":4,"column":null}},"6":{"start":{"line":4,"column":38},"end":{"line":4,"column":null}},"7":{"start":{"line":5,"column":35},"end":{"line":5,"column":null}},"8":{"start":{"line":5,"column":53},"end":{"line":5,"column":null}},"9":{"start":{"line":6,"column":31},"end":{"line":13,"column":null}},"10":{"start":{"line":7,"column":13},"end":{"line":7,"column":null}},"11":{"start":{"line":8,"column":2},"end":{"line":8,"column":null}},"12":{"start":{"line":10,"column":2},"end":{"line":12,"column":null}}},"fnMap":{"0":{"name":"(anonymous_4)","decl":{"start":{"line":4,"column":32},"end":{"line":4,"column":38}},"loc":{"start":{"line":4,"column":38},"end":{"line":4,"column":null}}},"1":{"name":"(anonymous_5)","decl":{"start":{"line":5,"column":35},"end":{"line":5,"column":36}},"loc":{"start":{"line":5,"column":53},"end":{"line":5,"column":null}}},"2":{"name":"(anonymous_6)","decl":{"start":{"line":6,"column":31},"end":{"line":6,"column":32}},"loc":{"start":{"line":6,"column":32},"end":{"line":13,"column":null}}}},"branchMap":{},"s":{"0":1,"1":1,"2":1,"3":1,"4":1,"5":1,"6":1,"7":1,"8":1,"9":1,"10":1,"11":1,"12":1},"f":{"0":1,"1":1,"2":1},"b":{}}
,"C:\\Users\\97798\\Developer\\KrishiPal Web\\frontend\\lib\\api\\admin\\user.ts": {"path":"C:\\Users\\97798\\Developer\\KrishiPal Web\\frontend\\lib\\api\\admin\\user.ts","statementMap":{"0":{"start":{"line":34,"column":22},"end":{"line":34,"column":38}},"1":{"start":{"line":26,"column":22},"end":{"line":26,"column":39}},"2":{"start":{"line":58,"column":22},"end":{"line":58,"column":42}},"3":{"start":{"line":8,"column":22},"end":{"line":8,"column":37}},"4":{"start":{"line":50,"column":22},"end":{"line":50,"column":42}},"5":{"start":{"line":42,"column":22},"end":{"line":42,"column":38}},"6":{"start":{"line":1,"column":20},"end":{"line":1,"column":null}},"7":{"start":{"line":2,"column":26},"end":{"line":2,"column":null}},"8":{"start":{"line":9,"column":16},"end":{"line":9,"column":null}},"9":{"start":{"line":10,"column":2},"end":{"line":10,"column":null}},"10":{"start":{"line":10,"column":20},"end":{"line":10,"column":null}},"11":{"start":{"line":11,"column":2},"end":{"line":11,"column":null}},"12":{"start":{"line":11,"column":21},"end":{"line":11,"column":null}},"13":{"start":{"line":13,"column":13},"end":{"line":13,"column":null}},"14":{"start":{"line":16,"column":15},"end":{"line":16,"column":36}},"15":{"start":{"line":17,"column":14},"end":{"line":17,"column":null}},"16":{"start":{"line":19,"column":14},"end":{"line":19,"column":null}},"17":{"start":{"line":20,"column":2},"end":{"line":20,"column":19}},"18":{"start":{"line":27,"column":14},"end":{"line":27,"column":null}},"19":{"start":{"line":28,"column":2},"end":{"line":28,"column":null}},"20":{"start":{"line":35,"column":14},"end":{"line":35,"column":null}},"21":{"start":{"line":36,"column":2},"end":{"line":36,"column":null}},"22":{"start":{"line":43,"column":14},"end":{"line":43,"column":null}},"23":{"start":{"line":44,"column":2},"end":{"line":44,"column":null}},"24":{"start":{"line":51,"column":14},"end":{"line":51,"column":null}},"25":{"start":{"line":52,"column":2},"end":{"line":52,"column":null}},"26":{"start":{"line":59,"column":14},"end":{"line":59,"column":null}},"27":{"start":{"line":60,"column":2},"end":{"line":60,"column":null}}},"fnMap":{"0":{"name":"adminListUsers","decl":{"start":{"line":8,"column":22},"end":{"line":8,"column":37}},"loc":{"start":{"line":8,"column":79},"end":{"line":21,"column":null}}},"1":{"name":"adminGetUserById","decl":{"start":{"line":26,"column":22},"end":{"line":26,"column":39}},"loc":{"start":{"line":26,"column":49},"end":{"line":29,"column":null}}},"2":{"name":"adminCreateUser","decl":{"start":{"line":34,"column":22},"end":{"line":34,"column":38}},"loc":{"start":{"line":34,"column":50},"end":{"line":37,"column":null}}},"3":{"name":"adminUpdateUser","decl":{"start":{"line":42,"column":22},"end":{"line":42,"column":38}},"loc":{"start":{"line":42,"column":62},"end":{"line":45,"column":null}}},"4":{"name":"adminSoftDeleteUser","decl":{"start":{"line":50,"column":22},"end":{"line":50,"column":42}},"loc":{"start":{"line":50,"column":52},"end":{"line":53,"column":null}}},"5":{"name":"adminHardDeleteUser","decl":{"start":{"line":58,"column":22},"end":{"line":58,"column":42}},"loc":{"start":{"line":58,"column":52},"end":{"line":61,"column":null}}}},"branchMap":{"0":{"loc":{"start":{"line":10,"column":2},"end":{"line":10,"column":null}},"type":"if","locations":[{"start":{"line":10,"column":2},"end":{"line":10,"column":null}},{"start":{},"end":{}}]},"1":{"loc":{"start":{"line":11,"column":2},"end":{"line":11,"column":null}},"type":"if","locations":[{"start":{"line":11,"column":2},"end":{"line":11,"column":null}},{"start":{},"end":{}}]},"2":{"loc":{"start":{"line":17,"column":14},"end":{"line":17,"column":null}},"type":"cond-expr","locations":[{"start":{"line":17,"column":19},"end":{"line":17,"column":34}},{"start":{"line":17,"column":37},"end":{"line":17,"column":null}}]}},"s":{"0":1,"1":1,"2":1,"3":2,"4":1,"5":1,"6":1,"7":1,"8":2,"9":2,"10":1,"11":2,"12":1,"13":2,"14":2,"15":2,"16":2,"17":2,"18":1,"19":1,"20":1,"21":1,"22":1,"23":1,"24":1,"25":1,"26":1,"27":1},"f":{"0":2,"1":1,"2":1,"3":1,"4":1,"5":1},"b":{"0":[1,1],"1":[1,1],"2":[1,1]}}
,"C:\\Users\\97798\\Developer\\KrishiPal Web\\frontend\\lib\\contexts\\auth-contexts.tsx": {"path":"C:\\Users\\97798\\Developer\\KrishiPal Web\\frontend\\lib\\contexts\\auth-contexts.tsx","statementMap":{"0":{"start":{"line":35,"column":16},"end":{"line":35,"column":29}},"1":{"start":{"line":102,"column":16},"end":{"line":102,"column":null}},"2":{"start":{"line":9,"column":7},"end":{"line":9,"column":null}},"3":{"start":{"line":10,"column":26},"end":{"line":10,"column":null}},"4":{"start":{"line":11,"column":60},"end":{"line":11,"column":null}},"5":{"start":{"line":12,"column":25},"end":{"line":12,"column":null}},"6":{"start":{"line":13,"column":20},"end":{"line":13,"column":null}},"7":{"start":{"line":14,"column":26},"end":{"line":14,"column":null}},"8":{"start":{"line":33,"column":20},"end":{"line":33,"column":null}},"9":{"start":{"line":36,"column":26},"end":{"line":36,"column":null}},"10":{"start":{"line":37,"column":36},"end":{"line":37,"column":null}},"11":{"start":{"line":38,"column":17},"end":{"line":38,"column":null}},"12":{"start":{"line":40,"column":2},"end":{"line":43,"column":null}},"13":{"start":{"line":41,"column":4},"end":{"line":41,"column":null}},"14":{"start":{"line":42,"column":4},"end":{"line":42,"column":null}},"15":{"start":{"line":45,"column":16},"end":{"line":87,"column":null}},"16":{"start":{"line":46,"column":4},"end":{"line":46,"column":null}},"17":{"start":{"line":47,"column":4},"end":{"line":86,"column":null}},"18":{"start":{"line":48,"column":16},"end":{"line":48,"column":49}},"19":{"start":{"line":49,"column":6},"end":{"line":49,"column":null}},"20":{"start":{"line":52,"column":6},"end":{"line":79,"column":null}},"21":{"start":{"line":53,"column":22},"end":{"line":53,"column":null}},"22":{"start":{"line":54,"column":19},"end":{"line":54,"column":null}},"23":{"start":{"line":56,"column":52},"end":{"line":56,"column":null}},"24":{"start":{"line":59,"column":8},"end":{"line":65,"column":null}},"25":{"start":{"line":60,"column":10},"end":{"line":64,"column":null}},"26":{"start":{"line":68,"column":8},"end":{"line":76,"column":null}},"27":{"start":{"line":69,"column":10},"end":{"line":69,"column":null}},"28":{"start":{"line":69,"column":21},"end":{"line":69,"column":null}},"29":{"start":{"line":70,"column":10},"end":{"line":75,"column":null}},"30":{"start":{"line":82,"column":6},"end":{"line":83,"column":null}},"31":{"start":{"line":82,"column":30},"end":{"line":82,"column":null}},"32":{"start":{"line":83,"column":11},"end":{"line":83,"column":null}},"33":{"start":{"line":85,"column":6},"end":{"line":85,"column":null}},"34":{"start":{"line":89,"column":17},"end":{"line":93,"column":null}},"35":{"start":{"line":90,"column":4},"end":{"line":90,"column":null}},"36":{"start":{"line":91,"column":4},"end":{"line":91,"column":null}},"37":{"start":{"line":92,"column":4},"end":{"line":92,"column":null}},"38":{"start":{"line":103,"column":14},"end":{"line":103,"column":null}},"39":{"start":{"line":104,"column":2},"end":{"line":104,"column":null}},"40":{"start":{"line":104,"column":12},"end":{"line":104,"column":null}},"41":{"start":{"line":105,"column":2},"end":{"line":105,"column":null}}},"fnMap":{"0":{"name":"AuthProvider","decl":{"start":{"line":35,"column":16},"end":{"line":35,"column":29}},"loc":{"start":{"line":35,"column":66},"end":{"line":100,"column":null}}},"1":{"name":"(anonymous_4)","decl":{"start":{"line":40,"column":12},"end":{"line":40,"column":null}},"loc":{"start":{"line":40,"column":12},"end":{"line":43,"column":5}}},"2":{"name":"(anonymous_5)","decl":{"start":{"line":45,"column":16},"end":{"line":45,"column":23}},"loc":{"start":{"line":45,"column":38},"end":{"line":87,"column":null}}},"3":{"name":"(anonymous_6)","decl":{"start":{"line":68,"column":16},"end":{"line":68,"column":17}},"loc":{"start":{"line":68,"column":17},"end":{"line":76,"column":null}}},"4":{"name":"(anonymous_7)","decl":{"start":{"line":89,"column":17},"end":{"line":89,"column":null}},"loc":{"start":{"line":89,"column":17},"end":{"line":93,"column":null}}},"5":{"name":"useAuth","decl":{"start":{"line":102,"column":16},"end":{"line":102,"column":null}},"loc":{"start":{"line":102,"column":16},"end":{"line":106,"column":null}}}},"branchMap":{"0":{"loc":{"start":{"line":54,"column":19},"end":{"line":54,"column":null}},"type":"binary-expr","locations":[{"start":{"line":54,"column":19},"end":{"line":54,"column":40}},{"start":{"line":54,"column":40},"end":{"line":54,"column":null}}]},"1":{"loc":{"start":{"line":59,"column":8},"end":{"line":65,"column":null}},"type":"if","locations":[{"start":{"line":59,"column":8},"end":{"line":65,"column":null}},{"start":{},"end":{}}]},"2":{"loc":{"start":{"line":62,"column":18},"end":{"line":62,"column":52}},"type":"binary-expr","locations":[{"start":{"line":62,"column":18},"end":{"line":62,"column":34}},{"start":{"line":62,"column":34},"end":{"line":62,"column":46}},{"start":{"line":62,"column":46},"end":{"line":62,"column":52}}]},"3":{"loc":{"start":{"line":63,"column":19},"end":{"line":63,"column":39}},"type":"binary-expr","locations":[{"start":{"line":63,"column":19},"end":{"line":63,"column":32}},{"start":{"line":63,"column":32},"end":{"line":63,"column":39}}]},"4":{"loc":{"start":{"line":69,"column":10},"end":{"line":69,"column":null}},"type":"if","locations":[{"start":{"line":69,"column":10},"end":{"line":69,"column":null}},{"start":{},"end":{}}]},"5":{"loc":{"start":{"line":72,"column":18},"end":{"line":72,"column":55}},"type":"binary-expr","locations":[{"start":{"line":72,"column":18},"end":{"line":72,"column":34}},{"start":{"line":72,"column":34},"end":{"line":72,"column":46}},{"start":{"line":72,"column":46},"end":{"line":72,"column":55}}]},"6":{"loc":{"start":{"line":73,"column":19},"end":{"line":73,"column":42}},"type":"binary-expr","locations":[{"start":{"line":73,"column":19},"end":{"line":73,"column":32}},{"start":{"line":73,"column":32},"end":{"line":73,"column":42}}]},"7":{"loc":{"start":{"line":74,"column":29},"end":{"line":74,"column":68}},"type":"binary-expr","locations":[{"start":{"line":74,"column":29},"end":{"line":74,"column":48}},{"start":{"line":74,"column":48},"end":{"line":74,"column":68}}]},"8":{"loc":{"start":{"line":82,"column":6},"end":{"line":83,"column":null}},"type":"if","locations":[{"start":{"line":82,"column":6},"end":{"line":83,"column":null}},{"start":{"line":83,"column":11},"end":{"line":83,"column":null}}]},"9":{"loc":{"start":{"line":104,"column":2},"end":{"line":104,"column":null}},"type":"if","locations":[{"start":{"line":104,"column":2},"end":{"line":104,"column":null}},{"start":{},"end":{}}]}},"s":{"0":4,"1":12,"2":1,"3":1,"4":1,"5":1,"6":1,"7":1,"8":1,"9":13,"10":13,"11":13,"12":13,"13":4,"14":4,"15":13,"16":2,"17":2,"18":2,"19":2,"20":2,"21":2,"22":1,"23":1,"24":1,"25":1,"26":1,"27":1,"28":0,"29":1,"30":2,"31":1,"32":1,"33":2,"34":13,"35":1,"36":1,"37":1,"38":12,"39":12,"40":0,"41":12},"f":{"0":13,"1":4,"2":2,"3":1,"4":1,"5":12},"b":{"0":[1,0],"1":[1,0],"2":[1,0,0],"3":[1,0],"4":[0,1],"5":[1,0,0],"6":[1,0],"7":[1,0],"8":[1,1],"9":[0,12]}}
}
