TN:
SF:app\admin\blogs\page.tsx
FN:32,slugify
FN:41,StatusBadge
FN:47,AdminBlogsPage
FN:81,(anonymous_4)
FN:106,(anonymous_5)
FN:111,(anonymous_6)
FN:116,(anonymous_7)
FN:151,(anonymous_8)
FN:177,(anonymous_9)
FN:187,(anonymous_10)
FN:215,(anonymous_11)
FN:239,(anonymous_12)
FN:244,(anonymous_13)
FN:250,(anonymous_14)
FN:286,(anonymous_15)
FN:290,(anonymous_16)
FN:301,(anonymous_17)
FN:313,(anonymous_18)
FN:323,(anonymous_19)
FN:334,(anonymous_20)
FN:344,(anonymous_21)
FN:359,(anonymous_22)
FN:384,(anonymous_23)
FN:393,(anonymous_24)
FN:408,(anonymous_25)
FN:447,(anonymous_26)
FN:457,(anonymous_27)
FN:460,(anonymous_28)
FN:476,(anonymous_29)
FN:488,(anonymous_30)
FN:512,(anonymous_31)
FN:525,(anonymous_32)
FN:532,(anonymous_33)
FN:551,(anonymous_34)
FN:557,(anonymous_35)
FN:592,(anonymous_36)
FNF:36
FNH:21
FNDA:1,slugify
FNDA:11,StatusBadge
FNDA:76,AdminBlogsPage
FNDA:9,(anonymous_4)
FNDA:6,(anonymous_5)
FNDA:15,(anonymous_6)
FNDA:2,(anonymous_7)
FNDA:2,(anonymous_8)
FNDA:1,(anonymous_9)
FNDA:1,(anonymous_10)
FNDA:1,(anonymous_11)
FNDA:0,(anonymous_12)
FNDA:0,(anonymous_13)
FNDA:0,(anonymous_14)
FNDA:8,(anonymous_15)
FNDA:8,(anonymous_16)
FNDA:0,(anonymous_17)
FNDA:5,(anonymous_18)
FNDA:12,(anonymous_19)
FNDA:0,(anonymous_20)
FNDA:1,(anonymous_21)
FNDA:0,(anonymous_22)
FNDA:0,(anonymous_23)
FNDA:0,(anonymous_24)
FNDA:0,(anonymous_25)
FNDA:34,(anonymous_26)
FNDA:20,(anonymous_27)
FNDA:20,(anonymous_28)
FNDA:0,(anonymous_29)
FNDA:0,(anonymous_30)
FNDA:0,(anonymous_31)
FNDA:2,(anonymous_32)
FNDA:1,(anonymous_33)
FNDA:0,(anonymous_34)
FNDA:0,(anonymous_35)
FNDA:0,(anonymous_36)
DA:3,1
DA:4,1
DA:5,1
DA:13,1
DA:14,1
DA:15,1
DA:33,1
DA:42,11
DA:47,6
DA:48,76
DA:50,76
DA:51,76
DA:54,76
DA:55,76
DA:56,76
DA:57,76
DA:59,76
DA:60,76
DA:63,76
DA:64,76
DA:65,76
DA:66,76
DA:67,76
DA:68,76
DA:71,76
DA:72,76
DA:73,76
DA:74,76
DA:75,76
DA:76,76
DA:77,76
DA:78,76
DA:79,76
DA:81,76
DA:82,9
DA:83,9
DA:84,9
DA:85,9
DA:94,9
DA:95,9
DA:97,9
DA:98,9
DA:100,0
DA:102,9
DA:106,76
DA:107,6
DA:111,76
DA:112,15
DA:113,15
DA:116,76
DA:117,2
DA:118,1
DA:119,1
DA:120,1
DA:122,1
DA:123,1
DA:124,1
DA:125,1
DA:126,1
DA:127,1
DA:129,1
DA:130,1
DA:131,1
DA:132,1
DA:133,1
DA:134,1
DA:135,1
DA:136,1
DA:137,1
DA:138,1
DA:139,1
DA:140,1
DA:141,1
DA:143,0
DA:144,0
DA:145,0
DA:147,1
DA:151,76
DA:152,2
DA:153,2
DA:154,2
DA:155,2
DA:156,2
DA:158,2
DA:163,2
DA:164,2
DA:165,2
DA:166,2
DA:167,2
DA:168,2
DA:169,2
DA:171,0
DA:173,2
DA:177,76
DA:178,1
DA:179,1
DA:180,1
DA:181,1
DA:182,1
DA:183,1
DA:184,1
DA:187,76
DA:188,1
DA:189,1
DA:190,1
DA:191,1
DA:192,1
DA:194,1
DA:195,1
DA:196,1
DA:197,1
DA:198,1
DA:199,1
DA:200,1
DA:202,1
DA:203,1
DA:204,1
DA:205,1
DA:206,1
DA:207,1
DA:209,0
DA:211,1
DA:215,76
DA:216,1
DA:218,1
DA:219,1
DA:220,1
DA:221,1
DA:223,1
DA:225,1
DA:226,1
DA:227,1
DA:229,0
DA:230,0
DA:231,0
DA:233,1
DA:234,1
DA:235,1
DA:239,76
DA:240,0
DA:241,0
DA:244,76
DA:245,0
DA:246,0
DA:247,0
DA:250,76
DA:251,0
DA:252,0
DA:253,0
DA:287,8
DA:288,8
DA:290,8
DA:301,0
DA:313,5
DA:323,12
DA:334,0
DA:344,1
DA:360,0
DA:361,0
DA:362,0
DA:363,0
DA:364,0
DA:365,0
DA:384,0
DA:393,0
DA:409,0
DA:410,0
DA:411,0
DA:412,0
DA:448,34
DA:450,34
DA:458,20
DA:459,20
DA:460,20
DA:476,0
DA:488,0
DA:512,0
DA:525,2
DA:533,1
DA:534,1
DA:551,0
DA:557,0
DA:593,0
DA:594,0
DA:595,0
LF:185
LH:146
BRDA:81,0,0,0
BRDA:81,1,0,0
BRDA:88,2,0,9
BRDA:88,2,1,9
BRDA:94,3,0,9
BRDA:94,3,1,0
BRDA:95,4,0,9
BRDA:95,4,1,9
BRDA:95,4,2,0
BRDA:97,5,0,9
BRDA:97,5,1,0
BRDA:97,5,2,0
BRDA:98,6,0,9
BRDA:98,6,1,0
BRDA:100,7,0,0
BRDA:100,7,1,0
BRDA:100,7,2,0
BRDA:112,8,0,15
BRDA:112,8,1,6
BRDA:113,9,0,15
BRDA:113,9,1,6
BRDA:117,10,0,1
BRDA:117,10,1,1
BRDA:118,11,0,0
BRDA:118,11,1,1
BRDA:119,12,0,0
BRDA:119,12,1,1
BRDA:120,13,0,0
BRDA:120,13,1,1
BRDA:127,14,0,0
BRDA:127,14,1,1
BRDA:143,15,0,0
BRDA:143,15,1,0
BRDA:143,15,2,0
BRDA:164,16,0,2
BRDA:164,16,1,0
BRDA:165,17,0,2
BRDA:165,17,1,0
BRDA:166,18,0,2
BRDA:166,18,1,0
BRDA:167,19,0,2
BRDA:167,19,1,0
BRDA:168,20,0,2
BRDA:168,20,1,0
BRDA:171,21,0,0
BRDA:171,21,1,0
BRDA:171,21,2,0
BRDA:188,22,0,0
BRDA:188,22,1,1
BRDA:189,23,0,0
BRDA:189,23,1,1
BRDA:190,24,0,0
BRDA:190,24,1,1
BRDA:191,25,0,0
BRDA:191,25,1,1
BRDA:192,26,0,0
BRDA:192,26,1,1
BRDA:200,27,0,0
BRDA:200,27,1,1
BRDA:209,28,0,0
BRDA:209,28,1,0
BRDA:209,28,2,0
BRDA:216,29,0,0
BRDA:216,29,1,1
BRDA:225,30,0,0
BRDA:225,30,1,1
BRDA:225,31,0,1
BRDA:225,31,1,0
BRDA:229,32,0,0
BRDA:229,32,1,0
BRDA:229,32,2,0
BRDA:265,33,0,76
BRDA:290,34,0,7
BRDA:290,34,1,1
BRDA:303,35,0,76
BRDA:303,35,1,49
BRDA:334,36,0,0
BRDA:334,36,1,0
BRDA:336,37,0,0
BRDA:336,37,1,76
BRDA:440,38,0,36
BRDA:440,38,1,40
BRDA:440,39,0,76
BRDA:440,39,1,65
BRDA:454,40,0,23
BRDA:460,41,0,20
BRDA:460,41,1,0
BRDA:466,42,0,11
BRDA:466,42,1,0
BRDA:473,43,0,23
BRDA:485,44,0,23
BRDA:499,45,0,6
BRDA:499,45,1,28
BRDA:505,46,0,23
BRDA:512,47,0,0
BRDA:512,47,1,0
BRDA:545,48,0,23
BRDA:545,48,1,11
BRDA:559,49,0,0
BRDA:559,49,1,23
BRDA:575,50,0,64
BRDA:575,50,1,12
BRDA:579,51,0,76
BRDA:579,51,1,65
BRDA:582,52,0,76
BRDA:582,52,1,65
BRDA:593,53,0,0
BRDA:593,53,1,0
BRDA:599,54,0,76
BRDA:599,54,1,74
BRDA:600,55,0,11
BRDA:600,55,1,65
BRF:112
BRH:62
end_of_record
TN:
SF:app\admin\categories\page.tsx
FN:23,normalizeList
FN:29,AdminCategoriesPage
FN:51,(anonymous_3)
FN:67,(anonymous_4)
FN:72,(anonymous_5)
FN:80,(anonymous_6)
FN:86,(anonymous_7)
FN:112,(anonymous_8)
FN:140,(anonymous_9)
FN:145,(anonymous_10)
FN:168,(anonymous_11)
FN:187,(anonymous_12)
FN:201,(anonymous_13)
FN:202,(anonymous_14)
FN:241,(anonymous_15)
FN:251,(anonymous_16)
FN:252,(anonymous_17)
FN:271,(anonymous_18)
FN:300,(anonymous_19)
FN:306,(anonymous_20)
FN:327,(anonymous_21)
FNF:21
FNH:20
FNDA:9,normalizeList
FNDA:51,AdminCategoriesPage
FNDA:9,(anonymous_3)
FNDA:5,(anonymous_4)
FNDA:1,(anonymous_5)
FNDA:1,(anonymous_6)
FNDA:2,(anonymous_7)
FNDA:1,(anonymous_8)
FNDA:1,(anonymous_9)
FNDA:1,(anonymous_10)
FNDA:14,(anonymous_11)
FNDA:1,(anonymous_12)
FNDA:10,(anonymous_13)
FNDA:10,(anonymous_14)
FNDA:27,(anonymous_15)
FNDA:14,(anonymous_16)
FNDA:13,(anonymous_17)
FNDA:1,(anonymous_18)
FNDA:1,(anonymous_19)
FNDA:1,(anonymous_20)
FNDA:0,(anonymous_21)
DA:3,1
DA:9,1
DA:10,1
DA:11,1
DA:12,1
DA:13,1
DA:14,1
DA:25,9
DA:26,9
DA:29,5
DA:30,51
DA:32,51
DA:33,51
DA:34,51
DA:37,51
DA:40,51
DA:41,51
DA:42,51
DA:45,51
DA:46,51
DA:49,51
DA:51,51
DA:52,9
DA:53,9
DA:54,9
DA:55,9
DA:56,9
DA:58,0
DA:59,0
DA:60,0
DA:61,0
DA:63,9
DA:67,51
DA:68,5
DA:72,51
DA:73,1
DA:74,1
DA:75,1
DA:76,1
DA:77,1
DA:80,51
DA:81,1
DA:82,1
DA:83,1
DA:86,51
DA:87,2
DA:88,2
DA:89,0
DA:90,0
DA:93,2
DA:94,2
DA:95,2
DA:96,2
DA:97,2
DA:98,2
DA:99,2
DA:101,2
DA:102,2
DA:104,0
DA:105,0
DA:106,0
DA:108,2
DA:112,51
DA:113,1
DA:115,1
DA:116,1
DA:117,0
DA:118,0
DA:121,1
DA:122,1
DA:123,1
DA:124,1
DA:125,1
DA:126,1
DA:127,1
DA:129,1
DA:130,1
DA:132,0
DA:133,0
DA:134,0
DA:136,1
DA:140,51
DA:141,1
DA:142,1
DA:145,51
DA:146,1
DA:148,1
DA:149,1
DA:150,1
DA:151,1
DA:152,1
DA:153,1
DA:155,1
DA:156,1
DA:158,0
DA:159,0
DA:160,0
DA:162,1
DA:163,1
DA:164,1
DA:168,51
DA:187,1
DA:201,10
DA:203,10
DA:242,27
DA:244,27
DA:251,14
DA:253,13
DA:254,13
DA:271,1
DA:300,1
DA:306,1
DA:328,0
DA:329,0
DA:330,0
LF:115
LH:95
BRDA:25,0,0,9
BRDA:25,0,1,0
BRDA:26,1,0,9
BRDA:26,1,1,0
BRDA:26,1,2,0
BRDA:56,2,0,9
BRDA:56,2,1,0
BRDA:58,3,0,0
BRDA:58,3,1,0
BRDA:58,3,2,0
BRDA:76,4,0,1
BRDA:76,4,1,0
BRDA:88,5,0,0
BRDA:88,5,1,2
BRDA:104,6,0,0
BRDA:104,6,1,0
BRDA:104,6,2,0
BRDA:113,7,0,0
BRDA:113,7,1,1
BRDA:116,8,0,0
BRDA:116,8,1,1
BRDA:132,9,0,0
BRDA:132,9,1,0
BRDA:132,9,2,0
BRDA:142,10,0,1
BRDA:142,10,1,0
BRDA:146,11,0,0
BRDA:146,11,1,1
BRDA:158,12,0,0
BRDA:158,12,1,0
BRDA:158,12,2,0
BRDA:168,13,0,14
BRDA:168,13,1,0
BRDA:177,14,0,51
BRDA:183,15,0,51
BRDA:203,16,0,0
BRDA:203,16,1,10
BRDA:212,17,0,9
BRDA:212,17,1,42
BRDA:233,18,0,51
BRDA:236,19,0,7
BRDA:236,19,1,18
BRDA:248,20,0,17
BRDA:253,21,0,0
BRDA:253,21,1,13
BRDA:254,22,0,0
BRDA:254,22,1,13
BRDA:263,23,0,27
BRDA:263,23,1,0
BRDA:267,24,0,17
BRDA:274,25,0,15
BRDA:274,25,1,2
BRDA:277,26,0,2
BRDA:277,26,1,8
BRDA:278,27,0,2
BRDA:278,27,1,8
BRDA:286,28,0,17
BRDA:328,29,0,0
BRDA:328,29,1,0
BRDA:334,30,0,51
BRDA:334,30,1,49
BRDA:335,31,0,9
BRDA:335,31,1,42
BRF:63
BRH:34
end_of_record
TN:
SF:app\admin\settings\page.tsx
FN:15,num
FN:20,AdminSettingsPage
FN:45,(anonymous_3)
FN:50,(anonymous_4)
FN:90,(anonymous_5)
FN:95,(anonymous_6)
FN:144,(anonymous_7)
FN:213,(anonymous_8)
FN:214,(anonymous_9)
FN:227,(anonymous_10)
FN:228,(anonymous_11)
FN:240,(anonymous_12)
FN:241,(anonymous_13)
FN:270,(anonymous_14)
FN:281,(anonymous_15)
FN:331,(anonymous_16)
FN:332,(anonymous_17)
FN:355,(anonymous_18)
FN:356,(anonymous_19)
FN:373,(anonymous_20)
FN:374,(anonymous_21)
FN:465,(anonymous_22)
FN:466,(anonymous_23)
FN:486,(anonymous_24)
FN:494,(anonymous_25)
FN:495,(anonymous_26)
FNF:26
FNH:19
FNDA:177,num
FNDA:83,AdminSettingsPage
FNDA:12,(anonymous_3)
FNDA:7,(anonymous_4)
FNDA:6,(anonymous_5)
FNDA:2,(anonymous_6)
FNDA:1,(anonymous_7)
FNDA:18,(anonymous_8)
FNDA:18,(anonymous_9)
FNDA:19,(anonymous_10)
FNDA:19,(anonymous_11)
FNDA:14,(anonymous_12)
FNDA:14,(anonymous_13)
FNDA:1,(anonymous_14)
FNDA:0,(anonymous_15)
FNDA:0,(anonymous_16)
FNDA:0,(anonymous_17)
FNDA:4,(anonymous_18)
FNDA:4,(anonymous_19)
FNDA:0,(anonymous_20)
FNDA:0,(anonymous_21)
FNDA:0,(anonymous_22)
FNDA:0,(anonymous_23)
FNDA:249,(anonymous_24)
FNDA:3,(anonymous_25)
FNDA:3,(anonymous_26)
DA:3,1
DA:4,1
DA:5,1
DA:10,1
DA:13,1
DA:16,177
DA:17,177
DA:20,6
DA:22,83
DA:24,83
DA:25,83
DA:26,83
DA:28,83
DA:31,83
DA:33,83
DA:45,83
DA:46,12
DA:47,1
DA:50,83
DA:51,7
DA:52,7
DA:53,7
DA:54,7
DA:55,7
DA:56,6
DA:58,6
DA:65,6
DA:68,6
DA:75,1
DA:76,1
DA:79,1
DA:86,7
DA:90,83
DA:91,6
DA:95,83
DA:96,2
DA:97,2
DA:98,2
DA:99,2
DA:100,2
DA:121,2
DA:125,2
DA:126,1
DA:127,1
DA:130,1
DA:137,1
DA:140,1
DA:143,1
DA:144,1
DA:151,1
DA:154,1
DA:161,0
DA:162,0
DA:165,0
DA:172,2
DA:214,18
DA:228,19
DA:241,14
DA:271,1
DA:272,1
DA:274,1
DA:275,1
DA:276,1
DA:277,1
DA:278,1
DA:279,0
DA:281,0
DA:287,0
DA:289,0
DA:292,0
DA:299,1
DA:302,1
DA:305,1
DA:312,1
DA:313,1
DA:332,0
DA:356,4
DA:374,0
DA:466,0
DA:487,249
DA:495,3
LF:81
LH:70
BRDA:15,0,0,0
BRDA:17,1,0,159
BRDA:17,1,1,18
BRDA:31,2,0,83
BRDA:31,2,1,0
BRDA:46,3,0,11
BRDA:46,3,1,1
BRDA:56,4,0,6
BRDA:56,4,1,0
BRDA:60,5,0,6
BRDA:60,5,1,0
BRDA:61,6,0,6
BRDA:61,6,1,2
BRDA:75,7,0,1
BRDA:75,7,1,1
BRDA:75,7,2,0
BRDA:101,8,0,2
BRDA:101,8,1,0
BRDA:102,9,0,2
BRDA:102,9,1,2
BRDA:103,10,0,2
BRDA:103,10,1,1
BRDA:104,11,0,2
BRDA:104,11,1,1
BRDA:108,12,0,2
BRDA:108,12,1,0
BRDA:108,13,0,2
BRDA:108,13,1,2
BRDA:125,14,0,1
BRDA:125,14,1,1
BRDA:143,15,0,1
BRDA:143,15,1,0
BRDA:147,16,0,1
BRDA:147,16,1,0
BRDA:148,17,0,1
BRDA:148,17,1,1
BRDA:161,18,0,0
BRDA:161,18,1,0
BRDA:161,18,2,0
BRDA:188,19,0,83
BRDA:193,20,0,83
BRDA:212,21,0,83
BRDA:212,21,1,14
BRDA:226,22,0,83
BRDA:226,22,1,43
BRDA:239,23,0,83
BRDA:239,23,1,62
BRDA:257,24,0,1
BRDA:272,25,0,0
BRDA:272,25,1,1
BRDA:283,26,0,0
BRDA:283,26,1,0
BRDA:299,27,0,1
BRDA:299,27,1,1
BRDA:299,27,2,0
BRDA:330,28,0,83
BRDA:330,28,1,81
BRDA:354,29,0,83
BRDA:354,29,1,6
BRDA:372,30,0,83
BRDA:372,30,1,82
BRDA:400,31,0,76
BRDA:400,31,1,7
BRDA:400,32,0,83
BRDA:400,32,1,7
BRDA:417,33,0,83
BRDA:417,33,1,62
BRDA:426,34,0,83
BRDA:431,35,0,83
BRDA:436,36,0,83
BRDA:441,37,0,83
BRDA:441,37,1,4
BRDA:441,37,2,3
BRDA:464,38,0,83
BRDA:464,38,1,6
BRDA:498,39,0,3
BRDA:498,39,1,0
BRDA:524,40,0,9
BRDA:524,40,1,74
BRF:79
BRH:62
end_of_record
TN:
SF:app\admin\users\page.tsx
FN:35,(anonymous_2)
FN:46,(anonymous_3)
FN:48,(anonymous_4)
FN:54,(anonymous_5)
FN:63,normalizePhotoUrl
FN:81,withCacheBust
FN:96,AdminUsersPage
FN:126,(anonymous_9)
FN:167,(anonymous_10)
FN:170,(anonymous_11)
FN:175,(anonymous_12)
FN:182,(anonymous_13)
FN:187,(anonymous_14)
FN:189,(anonymous_15)
FN:190,(anonymous_16)
FN:195,(anonymous_17)
FN:198,(anonymous_18)
FN:213,(anonymous_19)
FN:246,(anonymous_20)
FN:254,(anonymous_21)
FN:257,(anonymous_22)
FN:272,(anonymous_23)
FN:275,(anonymous_24)
FN:277,(anonymous_25)
FN:288,(anonymous_26)
FN:304,(anonymous_27)
FN:313,(anonymous_28)
FN:390,(anonymous_29)
FN:405,(anonymous_30)
FN:421,(anonymous_31)
FN:437,(anonymous_32)
FN:471,(anonymous_33)
FN:471,(anonymous_34)
FN:477,(anonymous_35)
FN:485,(anonymous_36)
FN:501,(anonymous_37)
FN:501,(anonymous_38)
FN:527,(anonymous_39)
FN:543,(anonymous_40)
FN:595,(anonymous_41)
FN:625,(anonymous_42)
FN:625,(anonymous_43)
FN:638,(anonymous_44)
FN:638,(anonymous_45)
FN:651,(anonymous_46)
FN:660,(anonymous_47)
FNF:46
FNH:27
FNDA:15,(anonymous_2)
FNDA:21,(anonymous_3)
FNDA:6,(anonymous_4)
FNDA:0,(anonymous_5)
FNDA:15,normalizePhotoUrl
FNDA:15,withCacheBust
FNDA:47,AdminUsersPage
FNDA:8,(anonymous_9)
FNDA:7,(anonymous_10)
FNDA:7,(anonymous_11)
FNDA:7,(anonymous_12)
FNDA:20,(anonymous_13)
FNDA:12,(anonymous_14)
FNDA:8,(anonymous_15)
FNDA:8,(anonymous_16)
FNDA:25,(anonymous_17)
FNDA:34,(anonymous_18)
FNDA:3,(anonymous_19)
FNDA:12,(anonymous_20)
FNDA:6,(anonymous_21)
FNDA:6,(anonymous_22)
FNDA:0,(anonymous_23)
FNDA:0,(anonymous_24)
FNDA:0,(anonymous_25)
FNDA:0,(anonymous_26)
FNDA:2,(anonymous_27)
FNDA:0,(anonymous_28)
FNDA:13,(anonymous_29)
FNDA:0,(anonymous_30)
FNDA:0,(anonymous_31)
FNDA:1,(anonymous_32)
FNDA:0,(anonymous_33)
FNDA:0,(anonymous_34)
FNDA:39,(anonymous_35)
FNDA:0,(anonymous_36)
FNDA:0,(anonymous_37)
FNDA:0,(anonymous_38)
FNDA:15,(anonymous_39)
FNDA:0,(anonymous_40)
FNDA:2,(anonymous_41)
FNDA:0,(anonymous_42)
FNDA:0,(anonymous_43)
FNDA:0,(anonymous_44)
FNDA:0,(anonymous_45)
FNDA:0,(anonymous_46)
FNDA:2,(anonymous_47)
DA:3,1
DA:4,1
DA:5,1
DA:6,1
DA:20,1
DA:23,1
DA:24,1
DA:35,1
DA:36,15
DA:37,2
DA:38,2
DA:39,2
DA:46,21
DA:48,1
DA:49,6
DA:50,2
DA:51,2
DA:54,1
DA:55,0
DA:56,0
DA:57,0
DA:61,1
DA:64,15
DA:66,1
DA:69,1
DA:71,0
DA:72,0
DA:74,0
DA:75,0
DA:77,0
DA:78,0
DA:82,15
DA:83,1
DA:84,1
DA:96,6
DA:98,47
DA:100,47
DA:101,47
DA:109,47
DA:110,47
DA:112,47
DA:113,47
DA:116,47
DA:117,47
DA:120,47
DA:123,47
DA:124,47
DA:126,47
DA:127,8
DA:128,8
DA:130,8
DA:132,8
DA:134,7
DA:135,7
DA:137,7
DA:140,7
DA:141,7
DA:151,0
DA:159,1
DA:160,1
DA:162,8
DA:167,47
DA:168,7
DA:170,7
DA:171,7
DA:172,7
DA:175,7
DA:176,7
DA:182,47
DA:183,20
DA:187,47
DA:188,12
DA:189,12
DA:190,12
DA:191,12
DA:195,47
DA:196,25
DA:198,25
DA:200,34
DA:206,34
DA:207,34
DA:209,26
DA:210,26
DA:213,25
DA:214,3
DA:215,3
DA:216,3
DA:217,3
DA:219,3
DA:220,3
DA:222,3
DA:224,3
DA:226,0
DA:228,0
DA:230,0
DA:232,0
DA:234,0
DA:236,0
DA:240,25
DA:243,47
DA:244,47
DA:246,47
DA:247,12
DA:248,12
DA:249,5
DA:250,5
DA:251,5
DA:254,47
DA:255,6
DA:256,6
DA:257,6
DA:260,0
DA:261,0
DA:262,0
DA:264,0
DA:265,0
DA:266,0
DA:267,0
DA:269,0
DA:270,0
DA:272,0
DA:275,47
DA:277,0
DA:285,0
DA:286,0
DA:288,0
DA:291,0
DA:292,0
DA:294,0
DA:295,0
DA:296,0
DA:297,0
DA:298,0
DA:299,0
DA:300,0
DA:304,47
DA:305,2
DA:306,2
DA:307,2
DA:311,1
DA:312,1
DA:313,0
DA:315,1
DA:318,1
DA:324,1
DA:325,1
DA:332,2
DA:390,13
DA:405,0
DA:421,0
DA:437,1
DA:471,0
DA:478,39
DA:485,0
DA:501,0
DA:528,15
DA:529,15
DA:531,15
DA:533,15
DA:544,0
DA:595,2
DA:625,0
DA:638,0
DA:652,0
DA:661,2
DA:662,2
DA:664,2
DA:665,2
LF:168
LH:119
BRDA:36,0,0,13
BRDA:36,0,1,2
BRDA:38,1,0,0
BRDA:38,1,1,2
BRDA:46,2,0,21
BRDA:46,2,1,17
BRDA:49,3,0,4
BRDA:49,3,1,2
BRDA:51,4,0,2
BRDA:51,4,1,0
BRDA:55,5,0,0
BRDA:55,5,1,0
BRDA:56,6,0,0
BRDA:56,6,1,0
BRDA:61,7,0,1
BRDA:61,7,1,0
BRDA:64,8,0,14
BRDA:64,8,1,1
BRDA:66,9,0,0
BRDA:66,9,1,1
BRDA:66,10,0,1
BRDA:66,10,1,1
BRDA:69,11,0,1
BRDA:69,11,1,0
BRDA:71,12,0,0
BRDA:71,12,1,0
BRDA:72,13,0,0
BRDA:72,13,1,0
BRDA:74,14,0,0
BRDA:74,14,1,0
BRDA:75,15,0,0
BRDA:75,15,1,0
BRDA:77,16,0,0
BRDA:77,16,1,0
BRDA:82,17,0,14
BRDA:82,17,1,1
BRDA:83,18,0,0
BRDA:83,18,1,1
BRDA:126,19,0,0
BRDA:126,20,0,0
BRDA:134,21,0,7
BRDA:134,21,1,0
BRDA:135,22,0,7
BRDA:135,22,1,0
BRDA:140,23,0,7
BRDA:140,23,1,0
BRDA:142,24,0,7
BRDA:142,24,1,0
BRDA:143,25,0,7
BRDA:143,25,1,0
BRDA:144,26,0,7
BRDA:144,26,1,0
BRDA:145,27,0,7
BRDA:145,27,1,0
BRDA:159,28,0,1
BRDA:159,28,1,1
BRDA:159,28,2,0
BRDA:171,29,0,0
BRDA:171,29,1,7
BRDA:200,30,0,34
BRDA:200,30,1,0
BRDA:202,31,0,0
BRDA:202,31,1,0
BRDA:206,32,0,0
BRDA:206,32,1,34
BRDA:207,33,0,8
BRDA:207,33,1,26
BRDA:214,34,0,3
BRDA:214,34,1,0
BRDA:215,35,0,3
BRDA:215,35,1,0
BRDA:216,36,0,3
BRDA:216,36,1,0
BRDA:217,37,0,3
BRDA:217,37,1,0
BRDA:222,38,0,3
BRDA:222,38,1,0
BRDA:222,38,2,0
BRDA:222,38,3,0
BRDA:222,38,4,0
BRDA:222,38,5,0
BRDA:222,38,6,0
BRDA:243,39,0,47
BRDA:243,39,1,0
BRDA:247,40,0,12
BRDA:247,40,1,0
BRDA:248,41,0,7
BRDA:248,41,1,5
BRDA:256,42,0,6
BRDA:256,42,1,0
BRDA:265,43,0,0
BRDA:265,43,1,0
BRDA:267,44,0,0
BRDA:267,44,1,0
BRDA:267,45,0,0
BRDA:267,45,1,0
BRDA:269,46,0,0
BRDA:269,46,1,0
BRDA:272,47,0,0
BRDA:272,47,1,0
BRDA:278,48,0,0
BRDA:278,48,1,0
BRDA:279,49,0,0
BRDA:279,49,1,0
BRDA:280,50,0,0
BRDA:280,50,1,0
BRDA:281,51,0,0
BRDA:281,51,1,0
BRDA:311,52,0,1
BRDA:311,52,1,0
BRDA:312,53,0,0
BRDA:312,53,1,1
BRDA:324,54,0,1
BRDA:324,54,1,1
BRDA:324,54,2,0
BRDA:368,55,0,47
BRDA:368,55,1,40
BRDA:368,55,2,39
BRDA:448,56,0,47
BRDA:452,57,0,47
BRDA:452,57,1,40
BRDA:456,58,0,47
BRDA:456,58,1,40
BRDA:478,59,0,0
BRDA:478,59,1,39
BRDA:488,60,0,39
BRDA:488,60,1,0
BRDA:528,61,0,15
BRDA:528,61,1,0
BRDA:528,61,2,0
BRDA:531,62,0,15
BRDA:531,62,1,14
BRDA:538,63,0,1
BRDA:538,63,1,14
BRDA:553,64,0,15
BRDA:553,64,1,0
BRDA:565,65,0,6
BRDA:565,65,1,9
BRDA:609,66,0,39
BRDA:652,67,0,0
BRDA:652,67,1,0
BRDA:657,68,0,2
BRDA:657,68,1,45
BRDA:661,69,0,0
BRDA:661,69,1,2
BRF:145
BRH:68
end_of_record
TN:
SF:app\auth\components\ui\button.tsx
FN:39,Button
FNF:1
FNH:1
FNDA:891,Button
DA:1,4
DA:2,4
DA:3,4
DA:5,4
DA:7,4
DA:49,891
DA:60,969
LF:7
LH:7
BRDA:43,0,0,891
BRDA:49,1,0,0
BRDA:49,1,1,891
BRF:3
BRH:2
end_of_record
TN:
SF:app\auth\components\ui\card.tsx
FN:4,Card
FN:17,CardHeader
FN:30,CardTitle
FN:40,CardDescription
FN:50,CardAction
FN:63,CardContent
FN:73,CardFooter
FNF:7
FNH:2
FNDA:745,Card
FNDA:0,CardHeader
FNDA:0,CardTitle
FNDA:0,CardDescription
FNDA:0,CardAction
FNDA:330,CardContent
FNDA:0,CardFooter
DA:1,3
DA:3,3
DA:84,745
DA:85,0
DA:86,0
DA:87,0
DA:88,0
DA:89,0
DA:90,330
LF:9
LH:4
BRF:0
BRH:0
end_of_record
TN:
SF:app\auth\forgot-password\page.tsx
FN:10,ForgotPasswordPage
FN:16,(anonymous_3)
FN:62,(anonymous_4)
FNF:3
FNH:3
FNDA:46,ForgotPasswordPage
FNDA:4,(anonymous_3)
FNDA:35,(anonymous_4)
DA:3,1
DA:4,1
DA:5,1
DA:6,1
DA:7,1
DA:8,1
DA:10,5
DA:11,46
DA:12,46
DA:13,46
DA:14,46
DA:16,46
DA:17,4
DA:18,4
DA:20,4
DA:21,4
DA:22,2
DA:23,2
DA:26,2
DA:27,2
DA:28,2
DA:29,1
DA:31,1
DA:33,2
DA:62,35
LF:25
LH:25
BRDA:21,0,0,2
BRDA:21,0,1,2
BRDA:31,1,0,1
BRDA:31,1,1,0
BRDA:31,1,2,0
BRDA:46,2,0,1
BRDA:67,3,0,45
BRDA:74,4,0,2
BRDA:74,4,1,43
BRF:9
BRH:7
end_of_record
TN:
SF:app\auth\login\page.tsx
FN:13,LoginPage
FN:23,(anonymous_3)
FN:27,(anonymous_4)
FN:30,(anonymous_5)
FN:111,(anonymous_6)
FN:126,(anonymous_7)
FN:135,(anonymous_8)
FNF:7
FNH:7
FNDA:85,LoginPage
FNDA:72,(anonymous_3)
FNDA:72,(anonymous_4)
FNDA:3,(anonymous_5)
FNDA:51,(anonymous_6)
FNDA:21,(anonymous_7)
FNDA:1,(anonymous_8)
DA:3,1
DA:4,1
DA:5,1
DA:6,1
DA:7,1
DA:8,1
DA:9,1
DA:10,1
DA:11,1
DA:13,6
DA:14,85
DA:15,85
DA:16,85
DA:17,85
DA:18,85
DA:19,85
DA:20,85
DA:21,85
DA:23,85
DA:24,72
DA:25,72
DA:26,72
DA:27,72
DA:30,85
DA:31,3
DA:32,3
DA:34,3
DA:35,3
DA:37,3
DA:38,0
DA:39,0
DA:42,3
DA:43,3
DA:44,3
DA:46,2
DA:47,2
DA:51,1
DA:55,1
DA:61,1
DA:63,3
DA:112,51
DA:113,51
DA:127,21
DA:128,21
DA:135,1
LF:45
LH:43
BRDA:25,0,0,51
BRDA:25,0,1,21
BRDA:26,1,0,21
BRDA:26,1,1,51
BRDA:37,2,0,0
BRDA:37,2,1,3
BRDA:37,3,0,3
BRDA:37,3,1,3
BRDA:47,4,0,2
BRDA:47,4,1,1
BRDA:55,5,0,1
BRDA:55,5,1,0
BRDA:57,6,0,0
BRDA:57,6,1,0
BRDA:57,6,2,0
BRDA:98,7,0,85
BRDA:109,8,0,18
BRDA:109,8,1,67
BRDA:117,9,0,85
BRDA:122,10,0,1
BRDA:122,10,1,84
BRDA:124,11,0,18
BRDA:124,11,1,67
BRDA:138,12,0,1
BRDA:150,13,0,85
BRDA:150,13,1,82
BRDA:150,13,2,64
BRDA:152,14,0,3
BRDA:152,14,1,82
BRF:29
BRH:24
end_of_record
TN:
SF:app\auth\reset-password\page.tsx
FN:13,ResetPasswordPage
FN:17,(anonymous_3)
FN:25,(anonymous_4)
FN:46,(anonymous_5)
FN:83,(anonymous_6)
FN:88,(anonymous_7)
FN:88,(anonymous_8)
FNF:7
FNH:7
FNDA:30,ResetPasswordPage
FNDA:30,(anonymous_3)
FNDA:3,(anonymous_4)
FNDA:1,(anonymous_5)
FNDA:19,(anonymous_6)
FNDA:1,(anonymous_7)
FNDA:1,(anonymous_8)
DA:3,1
DA:4,1
DA:5,1
DA:6,1
DA:7,1
DA:8,1
DA:9,1
DA:10,1
DA:13,5
DA:14,30
DA:15,30
DA:17,30
DA:19,30
DA:20,30
DA:21,30
DA:22,30
DA:23,30
DA:25,30
DA:26,3
DA:27,3
DA:29,3
DA:30,0
DA:31,0
DA:33,3
DA:34,3
DA:35,1
DA:36,1
DA:40,2
DA:41,2
DA:42,2
DA:43,1
DA:46,1
DA:48,1
DA:50,2
DA:83,19
DA:88,1
LF:36
LH:34
BRDA:17,0,0,30
BRDA:17,0,1,1
BRDA:29,1,0,0
BRDA:29,1,1,3
BRDA:34,2,0,1
BRDA:34,2,1,2
BRDA:48,3,0,1
BRDA:48,3,1,0
BRDA:48,3,2,0
BRDA:60,4,0,30
BRDA:67,5,0,1
BRDA:79,6,0,1
BRDA:79,6,1,28
BRDA:91,7,0,1
BRDA:95,8,0,29
BRDA:100,9,0,29
BRDA:100,9,1,27
BRDA:102,10,0,2
BRDA:102,10,1,27
BRF:19
BRH:16
end_of_record
TN:
SF:app\auth\signup\page.tsx
FN:15,SignupPage
FN:34,(anonymous_3)
FN:49,(anonymous_4)
FN:52,(anonymous_5)
FN:54,(anonymous_6)
FN:58,(anonymous_7)
FN:73,(anonymous_8)
FN:114,(anonymous_9)
FN:127,(anonymous_10)
FN:196,(anonymous_11)
FN:196,(anonymous_12)
FN:250,(anonymous_13)
FN:275,(anonymous_14)
FNF:13
FNH:11
FNDA:177,SignupPage
FNDA:168,(anonymous_3)
FNDA:168,(anonymous_4)
FNDA:168,(anonymous_5)
FNDA:168,(anonymous_6)
FNDA:3,(anonymous_7)
FNDA:18,(anonymous_8)
FNDA:1,(anonymous_9)
FNDA:528,(anonymous_10)
FNDA:3,(anonymous_11)
FNDA:3,(anonymous_12)
FNDA:0,(anonymous_13)
FNDA:0,(anonymous_14)
DA:4,1
DA:5,1
DA:6,1
DA:7,1
DA:8,1
DA:9,1
DA:10,1
DA:11,1
DA:12,1
DA:13,1
DA:15,3
DA:16,177
DA:17,177
DA:19,177
DA:20,177
DA:22,177
DA:32,177
DA:34,177
DA:35,168
DA:36,168
DA:37,24
DA:38,144
DA:39,51
DA:40,93
DA:41,30
DA:42,63
DA:43,27
DA:44,36
DA:45,18
DA:46,18
DA:47,18
DA:49,168
DA:52,177
DA:53,168
DA:54,168
DA:55,168
DA:58,177
DA:59,3
DA:60,3
DA:61,3
DA:64,3
DA:73,18
DA:75,3
DA:76,0
DA:77,0
DA:81,3
DA:82,3
DA:99,2
DA:101,2
DA:102,1
DA:106,1
DA:109,1
DA:114,1
DA:115,1
DA:118,1
DA:127,528
DA:196,3
DA:250,0
DA:275,0
LF:59
LH:55
BRDA:36,0,0,24
BRDA:36,0,1,144
BRDA:38,1,0,51
BRDA:38,1,1,93
BRDA:40,2,0,30
BRDA:40,2,1,63
BRDA:42,3,0,27
BRDA:42,3,1,36
BRDA:44,4,0,18
BRDA:44,4,1,18
BRDA:46,5,0,18
BRDA:46,5,1,0
BRDA:75,6,0,0
BRDA:75,6,1,3
BRDA:101,7,0,1
BRDA:101,7,1,1
BRDA:104,8,0,1
BRDA:104,8,1,0
BRDA:127,9,0,177
BRDA:127,9,1,132
BRDA:127,9,2,129
BRDA:127,9,3,105
BRDA:127,9,4,66
BRDA:127,9,5,36
BRDA:127,9,6,9
BRDA:174,10,0,0
BRDA:174,10,1,177
BRDA:178,11,0,177
BRDA:186,12,0,15
BRDA:186,12,1,162
BRDA:190,13,0,177
BRDA:217,14,0,0
BRDA:217,14,1,177
BRDA:221,15,0,177
BRDA:230,16,0,0
BRDA:230,16,1,177
BRDA:234,17,0,177
BRDA:240,18,0,0
BRDA:240,18,1,177
BRDA:243,19,0,15
BRDA:243,19,1,162
BRDA:253,20,0,0
BRDA:257,21,0,177
BRDA:263,22,0,0
BRDA:263,22,1,177
BRDA:267,23,0,15
BRDA:267,23,1,162
BRDA:278,24,0,0
BRDA:282,25,0,177
BRF:49
BRH:39
end_of_record
TN:
SF:app\blogs\page.tsx
FNF:0
FNH:0
DA:1,6
LF:1
LH:1
BRF:0
BRH:0
end_of_record
TN:
SF:app\user\dashboard\about\page.tsx
FN:10,backendPublic
FN:17,resolveAboutImage
FN:28,AboutPage
FN:32,(anonymous_5)
FN:39,(anonymous_6)
FN:46,(anonymous_7)
FN:49,(anonymous_8)
FN:66,(anonymous_9)
FN:97,(anonymous_10)
FNF:9
FNH:9
FNDA:2,backendPublic
FNDA:12,resolveAboutImage
FNDA:7,AboutPage
FNDA:6,(anonymous_5)
FNDA:6,(anonymous_6)
FNDA:4,(anonymous_7)
FNDA:4,(anonymous_8)
FNDA:4,(anonymous_9)
FNDA:2,(anonymous_10)
DA:3,1
DA:4,1
DA:5,1
DA:6,1
DA:7,1
DA:8,1
DA:11,2
DA:12,2
DA:13,2
DA:14,2
DA:15,2
DA:18,12
DA:19,12
DA:22,4
DA:25,2
DA:28,4
DA:29,7
DA:30,7
DA:32,7
DA:33,6
DA:39,7
DA:40,6
DA:46,7
DA:47,4
DA:49,4
DA:50,4
DA:51,4
DA:52,3
DA:53,3
DA:54,3
DA:57,4
DA:58,4
DA:59,3
DA:60,3
DA:62,1
DA:66,4
DA:67,4
DA:71,7
DA:73,7
DA:76,7
DA:77,7
DA:79,7
DA:80,7
DA:82,7
DA:98,2
LF:45
LH:45
BRDA:11,0,0,2
BRDA:11,0,1,0
BRDA:12,1,0,0
BRDA:12,1,1,2
BRDA:13,2,0,0
BRDA:13,2,1,2
BRDA:13,3,0,2
BRDA:13,3,1,2
BRDA:14,4,0,0
BRDA:14,4,1,2
BRDA:18,5,0,12
BRDA:18,5,1,8
BRDA:19,6,0,8
BRDA:19,6,1,4
BRDA:22,7,0,2
BRDA:22,7,1,2
BRDA:22,8,0,4
BRDA:22,8,1,4
BRDA:52,9,0,3
BRDA:52,9,1,0
BRDA:52,9,2,0
BRDA:53,10,0,3
BRDA:53,10,1,0
BRDA:54,11,0,3
BRDA:54,11,1,0
BRDA:54,12,0,3
BRDA:54,12,1,3
BRDA:59,13,0,3
BRDA:59,13,1,0
BRDA:59,13,2,0
BRDA:60,14,0,3
BRDA:60,14,1,0
BRDA:62,15,0,1
BRDA:62,15,1,0
BRDA:71,16,0,7
BRDA:71,16,1,6
BRDA:73,17,0,7
BRDA:73,17,1,6
BRDA:76,18,0,7
BRDA:76,18,1,6
BRDA:77,19,0,7
BRDA:77,19,1,6
BRDA:79,20,0,7
BRDA:79,20,1,6
BRDA:80,21,0,7
BRDA:80,21,1,6
BRDA:82,22,0,1
BRDA:82,22,1,6
BRDA:95,23,0,1
BRDA:95,23,1,6
BRDA:105,24,0,2
BRDA:105,24,1,0
BRF:52
BRH:39
end_of_record
TN:
SF:app\user\dashboard\blogs\page.tsx
FN:19,BlogsPage
FN:30,(anonymous_3)
FN:48,(anonymous_4)
FN:53,(anonymous_5)
FN:58,(anonymous_6)
FN:63,(anonymous_7)
FN:69,(anonymous_8)
FN:97,(anonymous_9)
FN:98,(anonymous_10)
FN:126,(anonymous_11)
FN:193,(anonymous_12)
FNF:11
FNH:11
FNDA:32,BlogsPage
FNDA:10,(anonymous_3)
FNDA:6,(anonymous_4)
FNDA:16,(anonymous_5)
FNDA:1,(anonymous_6)
FNDA:1,(anonymous_7)
FNDA:1,(anonymous_8)
FNDA:6,(anonymous_9)
FNDA:6,(anonymous_10)
FNDA:10,(anonymous_11)
FNDA:1,(anonymous_12)
DA:3,1
DA:4,1
DA:5,1
DA:6,1
DA:7,1
DA:19,6
DA:20,32
DA:21,32
DA:23,32
DA:24,32
DA:25,32
DA:27,32
DA:28,32
DA:30,32
DA:31,10
DA:32,10
DA:33,10
DA:34,10
DA:36,9
DA:37,9
DA:39,9
DA:40,9
DA:42,1
DA:44,10
DA:48,32
DA:49,6
DA:53,32
DA:54,16
DA:55,16
DA:58,32
DA:59,1
DA:60,1
DA:63,32
DA:64,1
DA:65,1
DA:66,1
DA:69,32
DA:70,1
DA:71,1
DA:72,1
DA:97,6
DA:99,6
DA:127,10
DA:194,1
DA:195,1
DA:196,1
DA:197,1
LF:47
LH:47
BRDA:30,0,0,0
BRDA:30,1,0,0
BRDA:34,2,0,10
BRDA:34,2,1,9
BRDA:36,3,0,9
BRDA:36,3,1,0
BRDA:37,4,0,9
BRDA:37,4,1,9
BRDA:37,4,2,0
BRDA:39,5,0,9
BRDA:39,5,1,0
BRDA:39,5,2,0
BRDA:40,6,0,9
BRDA:40,6,1,0
BRDA:42,7,0,1
BRDA:42,7,1,1
BRDA:42,7,2,0
BRDA:54,8,0,16
BRDA:54,8,1,6
BRDA:55,9,0,16
BRDA:55,9,1,6
BRDA:99,10,0,0
BRDA:99,10,1,6
BRDA:111,11,0,1
BRDA:111,11,1,31
BRDA:119,12,0,7
BRDA:118,13,0,32
BRDA:118,13,1,10
BRDA:121,14,0,16
BRDA:136,15,0,1
BRDA:150,16,0,1
BRDA:150,16,1,9
BRDA:156,17,0,10
BRDA:156,17,1,8
BRDA:171,18,0,19
BRDA:171,18,1,13
BRDA:178,19,0,32
BRDA:178,19,1,22
BRDA:185,20,0,32
BRDA:185,20,1,22
BRF:40
BRH:31
end_of_record
TN:
SF:app\user\dashboard\cart\page.tsx
FN:12,productImageUrl
FN:17,money
FN:23,getPid
FN:27,CartPage
FN:50,(anonymous_5)
FN:52,(anonymous_6)
FN:58,(anonymous_7)
FN:61,(anonymous_8)
FN:70,(anonymous_9)
FN:71,(anonymous_10)
FN:74,(anonymous_11)
FN:98,(anonymous_12)
FN:154,(anonymous_13)
FN:175,(anonymous_14)
FN:214,(anonymous_15)
FN:231,(anonymous_16)
FN:248,(anonymous_17)
FNF:17
FNH:16
FNDA:16,productImageUrl
FNDA:92,money
FNDA:24,getPid
FNDA:16,CartPage
FNDA:8,(anonymous_5)
FNDA:8,(anonymous_6)
FNDA:8,(anonymous_7)
FNDA:4,(anonymous_8)
FNDA:8,(anonymous_9)
FNDA:4,(anonymous_10)
FNDA:3,(anonymous_11)
FNDA:1,(anonymous_12)
FNDA:16,(anonymous_13)
FNDA:0,(anonymous_14)
FNDA:1,(anonymous_15)
FNDA:1,(anonymous_16)
FNDA:1,(anonymous_17)
DA:3,1
DA:4,1
DA:5,1
DA:6,1
DA:7,1
DA:8,1
DA:10,1
DA:13,16
DA:14,16
DA:18,92
DA:19,92
DA:24,24
DA:27,8
DA:28,16
DA:43,16
DA:45,16
DA:46,16
DA:48,16
DA:50,16
DA:51,8
DA:52,8
DA:53,8
DA:54,8
DA:58,16
DA:60,8
DA:61,4
DA:64,8
DA:65,8
DA:66,8
DA:67,8
DA:70,16
DA:71,8
DA:74,16
DA:75,3
DA:76,3
DA:77,3
DA:78,2
DA:79,1
DA:98,1
DA:155,16
DA:156,16
DA:157,16
DA:158,16
DA:160,16
DA:161,16
DA:162,16
DA:164,16
DA:166,16
DA:176,0
DA:215,1
DA:216,1
DA:217,1
DA:219,1
DA:232,1
DA:233,1
DA:234,1
DA:236,1
DA:249,1
DA:250,1
DA:251,1
DA:253,1
LF:61
LH:60
BRDA:10,0,0,1
BRDA:10,0,1,0
BRDA:13,1,0,0
BRDA:13,1,1,16
BRDA:18,2,0,92
BRDA:18,2,1,0
BRDA:19,3,0,92
BRDA:19,3,1,0
BRDA:24,4,0,24
BRDA:24,4,1,0
BRDA:24,4,2,0
BRDA:48,5,0,16
BRDA:48,5,1,0
BRDA:54,6,0,8
BRDA:54,6,1,8
BRDA:61,7,0,4
BRDA:61,7,1,0
BRDA:61,8,0,4
BRDA:61,8,1,0
BRDA:71,9,0,4
BRDA:71,9,1,0
BRDA:76,10,0,0
BRDA:76,10,1,3
BRDA:77,11,0,1
BRDA:77,11,1,2
BRDA:78,12,0,1
BRDA:78,12,1,1
BRDA:94,13,0,16
BRDA:106,14,0,16
BRDA:112,15,0,16
BRDA:118,16,0,16
BRDA:118,16,1,16
BRDA:125,17,0,16
BRDA:125,17,1,16
BRDA:156,18,0,16
BRDA:156,18,1,0
BRDA:157,19,0,16
BRDA:157,19,1,0
BRDA:158,20,0,16
BRDA:158,20,1,0
BRDA:160,21,0,16
BRDA:160,21,1,0
BRDA:161,22,0,16
BRDA:161,22,1,0
BRDA:164,23,0,16
BRDA:164,23,1,0
BRDA:176,24,0,0
BRDA:176,24,1,0
BRDA:184,25,0,16
BRDA:184,25,1,0
BRDA:194,26,0,16
BRDA:194,26,1,0
BRDA:194,27,0,16
BRDA:194,27,1,0
BRDA:213,28,0,16
BRDA:213,28,1,13
BRDA:230,29,0,16
BRDA:230,29,1,13
BRDA:261,30,0,16
BRDA:261,30,1,2
BRDA:267,31,0,16
BRDA:267,31,1,2
BRDA:311,32,0,15
BRDA:311,32,1,15
BRDA:317,33,0,15
BRDA:323,34,0,15
BRF:66
BRH:44
end_of_record
TN:
SF:app\user\dashboard\contact\page.tsx
FN:15,ContactPage
FN:22,(anonymous_2)
FN:25,(anonymous_3)
FN:42,(anonymous_4)
FNF:4
FNH:4
FNDA:3,ContactPage
FNDA:2,(anonymous_2)
FNDA:2,(anonymous_3)
FNDA:2,(anonymous_4)
DA:3,1
DA:4,1
DA:5,1
DA:6,1
DA:7,1
DA:15,2
DA:16,3
DA:22,3
DA:23,2
DA:25,2
DA:26,2
DA:27,2
DA:29,1
DA:30,1
DA:32,1
DA:42,2
DA:43,2
DA:47,3
DA:48,3
DA:49,3
LF:20
LH:20
BRDA:29,0,0,1
BRDA:29,0,1,0
BRDA:29,0,2,0
BRDA:30,1,0,0
BRDA:30,1,1,1
BRDA:33,2,0,1
BRDA:33,2,1,0
BRDA:34,3,0,1
BRDA:34,3,1,0
BRDA:35,4,0,1
BRDA:35,4,1,0
BRDA:47,5,0,3
BRDA:47,5,1,2
BRDA:48,6,0,3
BRDA:48,6,1,2
BRDA:49,7,0,3
BRDA:49,7,1,2
BRF:17
BRH:11
end_of_record
TN:
SF:app\user\dashboard\orders\page.tsx
FN:11,statusBadge
FN:29,MyOrdersPage
FN:37,(anonymous_4)
FN:53,(anonymous_5)
FN:104,(anonymous_6)
FN:135,(anonymous_7)
FN:152,(anonymous_8)
FNF:7
FNH:6
FNDA:3,statusBadge
FNDA:11,MyOrdersPage
FNDA:4,(anonymous_4)
FNDA:3,(anonymous_5)
FNDA:3,(anonymous_6)
FNDA:0,(anonymous_7)
FNDA:1,(anonymous_8)
DA:3,1
DA:4,1
DA:5,1
DA:6,1
DA:7,1
DA:8,1
DA:9,1
DA:12,3
DA:13,3
DA:15,2
DA:17,1
DA:19,0
DA:21,0
DA:23,0
DA:25,0
DA:29,3
DA:30,11
DA:31,11
DA:32,11
DA:33,11
DA:34,11
DA:35,11
DA:37,11
DA:38,4
DA:39,4
DA:40,4
DA:41,4
DA:42,3
DA:43,3
DA:45,1
DA:46,1
DA:47,1
DA:49,4
DA:53,11
DA:54,3
DA:58,11
DA:105,3
DA:136,0
DA:137,0
DA:138,0
DA:153,1
DA:154,1
DA:155,1
LF:43
LH:36
BRDA:13,0,0,2
BRDA:13,0,1,1
BRDA:13,0,2,0
BRDA:13,0,3,0
BRDA:13,0,4,0
BRDA:13,0,5,0
BRDA:37,1,0,0
BRDA:42,2,0,3
BRDA:42,2,1,0
BRDA:43,3,0,3
BRDA:43,3,1,0
BRDA:45,4,0,1
BRDA:45,4,1,1
BRDA:45,4,2,0
BRDA:71,5,0,11
BRDA:88,6,0,4
BRDA:88,6,1,7
BRDA:94,7,0,4
BRDA:94,7,1,3
BRDA:107,8,0,3
BRDA:107,8,1,0
BRDA:113,9,0,3
BRDA:113,9,1,0
BRDA:134,10,0,11
BRDA:134,10,1,7
BRDA:151,11,0,11
BRDA:151,11,1,7
BRF:27
BRH:17
end_of_record
TN:
SF:app\user\dashboard\orders\[id]\page.tsx
FN:22,money
FN:27,isValidObjectId
FN:31,statusLabel
FN:37,refundStatusBadge
FN:50,TrackOrderPage
FN:55,(anonymous_7)
FN:91,(anonymous_8)
FN:121,(anonymous_9)
FN:140,(anonymous_10)
FN:144,(anonymous_11)
FN:151,(anonymous_12)
FN:160,(anonymous_13)
FN:167,(anonymous_14)
FN:168,(anonymous_15)
FN:170,(anonymous_16)
FN:190,(anonymous_17)
FN:195,(anonymous_18)
FN:201,(anonymous_19)
FN:217,(anonymous_20)
FN:244,(anonymous_21)
FN:280,(anonymous_22)
FN:287,(anonymous_23)
FN:323,(anonymous_24)
FN:416,(anonymous_25)
FN:476,(anonymous_26)
FN:540,(anonymous_27)
FN:582,(anonymous_28)
FN:594,(anonymous_29)
FN:606,(anonymous_30)
FNF:29
FNH:15
FNDA:20,money
FNDA:2,isValidObjectId
FNDA:36,statusLabel
FNDA:0,refundStatusBadge
FNDA:6,TrackOrderPage
FNDA:2,(anonymous_7)
FNDA:2,(anonymous_8)
FNDA:2,(anonymous_9)
FNDA:2,(anonymous_10)
FNDA:0,(anonymous_11)
FNDA:2,(anonymous_12)
FNDA:2,(anonymous_13)
FNDA:3,(anonymous_14)
FNDA:3,(anonymous_15)
FNDA:3,(anonymous_16)
FNDA:0,(anonymous_17)
FNDA:0,(anonymous_18)
FNDA:0,(anonymous_19)
FNDA:0,(anonymous_20)
FNDA:0,(anonymous_21)
FNDA:0,(anonymous_22)
FNDA:0,(anonymous_23)
FNDA:0,(anonymous_24)
FNDA:24,(anonymous_25)
FNDA:1,(anonymous_26)
FNDA:0,(anonymous_27)
FNDA:0,(anonymous_28)
FNDA:0,(anonymous_29)
FNDA:0,(anonymous_30)
DA:3,1
DA:4,1
DA:5,1
DA:6,1
DA:7,1
DA:8,1
DA:9,1
DA:10,1
DA:11,1
DA:12,1
DA:15,1
DA:18,1
DA:23,20
DA:24,20
DA:28,2
DA:32,36
DA:33,36
DA:34,31
DA:38,0
DA:40,0
DA:42,0
DA:43,0
DA:44,0
DA:45,0
DA:47,0
DA:50,2
DA:51,6
DA:52,6
DA:53,6
DA:55,6
DA:56,2
DA:57,2
DA:58,2
DA:59,2
DA:62,6
DA:63,6
DA:65,6
DA:66,6
DA:69,6
DA:72,6
DA:73,6
DA:83,6
DA:86,6
DA:89,6
DA:91,6
DA:92,2
DA:93,2
DA:94,2
DA:95,2
DA:97,2
DA:98,2
DA:104,2
DA:106,2
DA:114,2
DA:116,0
DA:117,0
DA:121,6
DA:122,2
DA:123,1
DA:124,1
DA:125,1
DA:127,1
DA:128,1
DA:129,1
DA:130,1
DA:131,1
DA:133,0
DA:134,0
DA:136,1
DA:140,6
DA:141,2
DA:142,2
DA:143,2
DA:144,2
DA:145,2
DA:147,0
DA:151,6
DA:152,2
DA:153,2
DA:154,2
DA:155,2
DA:160,6
DA:161,2
DA:162,2
DA:163,2
DA:167,6
DA:168,6
DA:169,6
DA:170,3
DA:174,6
DA:175,6
DA:176,6
DA:178,6
DA:179,6
DA:181,6
DA:183,6
DA:187,6
DA:190,6
DA:191,0
DA:195,6
DA:196,0
DA:197,0
DA:201,6
DA:202,0
DA:204,0
DA:205,0
DA:206,0
DA:207,0
DA:208,0
DA:209,0
DA:211,0
DA:213,0
DA:217,6
DA:218,0
DA:219,0
DA:220,0
DA:221,0
DA:222,0
DA:225,0
DA:227,0
DA:231,0
DA:232,0
DA:233,0
DA:236,0
DA:237,0
DA:238,0
DA:240,0
DA:244,6
DA:245,0
DA:247,0
DA:252,0
DA:253,0
DA:256,0
DA:257,0
DA:258,0
DA:259,0
DA:260,0
DA:261,0
DA:262,0
DA:264,0
DA:266,0
DA:268,0
DA:271,0
DA:272,0
DA:273,0
DA:276,0
DA:280,6
DA:281,0
DA:282,0
DA:287,6
DA:288,0
DA:290,0
DA:292,0
DA:293,0
DA:294,0
DA:295,0
DA:298,0
DA:299,0
DA:300,0
DA:302,0
DA:303,0
DA:304,0
DA:305,0
DA:307,0
DA:308,0
DA:309,0
DA:312,0
DA:313,0
DA:314,0
DA:316,0
DA:322,0
DA:323,0
DA:325,0
DA:326,0
DA:328,0
DA:330,0
DA:335,6
DA:417,24
DA:418,24
DA:477,1
DA:478,1
DA:479,1
DA:481,1
DA:541,0
DA:582,0
DA:594,0
DA:606,0
LF:187
LH:99
BRDA:23,0,0,20
BRDA:23,0,1,0
BRDA:24,1,0,20
BRDA:24,1,1,0
BRDA:32,2,0,36
BRDA:32,2,1,5
BRDA:33,3,0,5
BRDA:33,3,1,31
BRDA:38,4,0,0
BRDA:38,4,1,0
BRDA:42,5,0,0
BRDA:42,5,1,0
BRDA:43,6,0,0
BRDA:43,6,1,0
BRDA:44,7,0,0
BRDA:44,7,1,0
BRDA:45,8,0,0
BRDA:45,8,1,0
BRDA:56,9,0,2
BRDA:56,9,1,0
BRDA:58,10,0,2
BRDA:58,10,1,0
BRDA:59,11,0,0
BRDA:59,11,1,2
BRDA:59,12,0,0
BRDA:59,12,1,0
BRDA:59,13,0,2
BRDA:59,13,1,0
BRDA:94,14,0,2
BRDA:94,14,1,1
BRDA:97,15,0,2
BRDA:97,15,1,1
BRDA:106,16,0,1
BRDA:106,16,1,1
BRDA:108,17,0,0
BRDA:108,17,1,1
BRDA:110,18,0,0
BRDA:110,18,1,1
BRDA:114,19,0,1
BRDA:114,19,1,1
BRDA:122,20,0,1
BRDA:122,20,1,1
BRDA:131,21,0,1
BRDA:131,21,1,0
BRDA:133,22,0,0
BRDA:133,22,1,0
BRDA:133,22,2,0
BRDA:143,23,0,2
BRDA:143,23,1,1
BRDA:152,24,0,2
BRDA:152,24,1,0
BRDA:162,25,0,0
BRDA:162,25,1,2
BRDA:163,26,0,0
BRDA:163,26,1,2
BRDA:167,27,0,3
BRDA:167,27,1,2
BRDA:168,28,0,3
BRDA:168,28,1,3
BRDA:170,29,0,3
BRDA:170,29,1,2
BRDA:174,30,0,6
BRDA:174,30,1,5
BRDA:175,31,0,6
BRDA:175,31,1,5
BRDA:176,32,0,6
BRDA:176,32,1,5
BRDA:181,33,0,6
BRDA:181,33,1,0
BRDA:183,34,0,6
BRDA:183,34,1,1
BRDA:187,35,0,6
BRDA:187,35,1,0
BRDA:187,35,2,0
BRDA:196,36,0,0
BRDA:196,36,1,0
BRDA:202,37,0,0
BRDA:202,37,1,0
BRDA:207,38,0,0
BRDA:207,38,1,0
BRDA:208,39,0,0
BRDA:208,39,1,0
BRDA:211,40,0,0
BRDA:211,40,1,0
BRDA:211,40,2,0
BRDA:220,41,0,0
BRDA:220,41,1,0
BRDA:231,42,0,0
BRDA:231,42,1,0
BRDA:233,43,0,0
BRDA:233,43,1,0
BRDA:240,44,0,0
BRDA:240,44,1,0
BRDA:247,45,0,0
BRDA:247,45,1,0
BRDA:248,46,0,0
BRDA:248,46,1,0
BRDA:248,46,2,0
BRDA:248,46,3,0
BRDA:248,46,4,0
BRDA:248,46,5,0
BRDA:256,47,0,0
BRDA:256,47,1,0
BRDA:261,48,0,0
BRDA:261,48,1,0
BRDA:264,49,0,0
BRDA:264,49,1,0
BRDA:264,49,2,0
BRDA:271,50,0,0
BRDA:271,50,1,0
BRDA:281,51,0,0
BRDA:281,51,1,0
BRDA:281,52,0,0
BRDA:281,52,1,0
BRDA:288,53,0,0
BRDA:288,53,1,0
BRDA:288,54,0,0
BRDA:288,54,1,0
BRDA:290,55,0,0
BRDA:290,55,1,0
BRDA:292,56,0,0
BRDA:292,56,1,0
BRDA:293,57,0,0
BRDA:293,57,1,0
BRDA:299,58,0,0
BRDA:299,58,1,0
BRDA:300,59,0,0
BRDA:300,59,1,0
BRDA:303,60,0,0
BRDA:303,60,1,0
BRDA:303,61,0,0
BRDA:303,61,1,0
BRDA:307,62,0,0
BRDA:307,62,1,0
BRDA:319,63,0,0
BRDA:319,63,1,0
BRDA:322,64,0,0
BRDA:322,64,1,0
BRDA:323,65,0,0
BRDA:323,65,1,0
BRDA:328,66,0,0
BRDA:328,66,1,0
BRDA:328,66,2,0
BRDA:335,67,0,6
BRDA:335,67,1,1
BRDA:335,67,2,0
BRDA:335,67,3,1
BRDA:335,67,4,0
BRDA:381,68,0,6
BRDA:384,69,0,0
BRDA:384,69,1,0
BRDA:391,70,0,0
BRDA:391,70,1,0
BRDA:395,71,0,6
BRDA:401,72,0,0
BRDA:401,72,1,0
BRDA:407,73,0,6
BRDA:420,74,0,7
BRDA:420,74,1,17
BRDA:431,75,0,6
BRDA:435,76,0,0
BRDA:463,77,0,1
BRDA:463,77,1,5
BRDA:469,78,0,4
BRDA:469,78,1,1
BRDA:469,79,0,5
BRDA:469,79,1,4
BRDA:476,80,0,1
BRDA:476,80,1,0
BRDA:477,81,0,1
BRDA:477,81,1,0
BRDA:478,82,0,1
BRDA:478,82,1,0
BRDA:484,83,0,1
BRDA:484,83,1,0
BRDA:486,84,0,1
BRDA:496,85,0,1
BRDA:496,85,1,0
BRDA:482,86,0,1
BRDA:482,86,1,0
BRDA:515,87,0,6
BRDA:525,88,0,0
BRDA:532,89,0,0
BRDA:532,89,1,0
BRDA:536,90,0,0
BRDA:543,91,0,0
BRDA:543,91,1,0
BRDA:571,92,0,6
BRDA:576,93,0,1
BRDA:588,94,0,1
BRDA:600,95,0,1
BRDA:621,96,0,0
BRDA:621,96,1,6
BRDA:630,97,0,6
BRDA:630,97,1,5
BRF:195
BRH:74
end_of_record
TN:
SF:app\user\dashboard\shop\page.tsx
FN:20,productImageUrl
FN:24,money
FN:36,flyToCart
FN:78,(anonymous_8)
FN:84,(anonymous_9)
FN:96,(anonymous_10)
FN:106,ShopPage
FN:113,(anonymous_12)
FN:139,(anonymous_13)
FN:142,(anonymous_14)
FN:153,(anonymous_15)
FN:158,(anonymous_16)
FN:161,(anonymous_17)
FN:176,(anonymous_18)
FN:181,(anonymous_19)
FN:195,(anonymous_20)
FN:198,(anonymous_21)
FN:207,(anonymous_22)
FN:217,(anonymous_23)
FN:222,(anonymous_24)
FN:228,(anonymous_25)
FN:235,(anonymous_26)
FN:239,(anonymous_27)
FN:259,(anonymous_28)
FN:289,(anonymous_29)
FN:305,(anonymous_30)
FN:319,(anonymous_31)
FN:332,(anonymous_32)
FN:342,(anonymous_33)
FN:375,(anonymous_34)
FN:389,(anonymous_35)
FN:392,(anonymous_36)
FN:417,(anonymous_37)
FN:440,(anonymous_38)
FN:441,(anonymous_39)
FN:501,(anonymous_40)
FN:519,(anonymous_41)
FN:545,(anonymous_42)
FNF:38
FNH:17
FNDA:8,productImageUrl
FNDA:8,money
FNDA:0,flyToCart
FNDA:0,(anonymous_8)
FNDA:0,(anonymous_9)
FNDA:0,(anonymous_10)
FNDA:8,ShopPage
FNDA:0,(anonymous_12)
FNDA:2,(anonymous_13)
FNDA:2,(anonymous_14)
FNDA:2,(anonymous_15)
FNDA:2,(anonymous_16)
FNDA:2,(anonymous_17)
FNDA:2,(anonymous_18)
FNDA:3,(anonymous_19)
FNDA:0,(anonymous_20)
FNDA:3,(anonymous_21)
FNDA:3,(anonymous_22)
FNDA:1,(anonymous_23)
FNDA:1,(anonymous_24)
FNDA:0,(anonymous_25)
FNDA:0,(anonymous_26)
FNDA:0,(anonymous_27)
FNDA:0,(anonymous_28)
FNDA:0,(anonymous_29)
FNDA:0,(anonymous_30)
FNDA:0,(anonymous_31)
FNDA:0,(anonymous_32)
FNDA:0,(anonymous_33)
FNDA:0,(anonymous_34)
FNDA:8,(anonymous_35)
FNDA:1,(anonymous_36)
FNDA:8,(anonymous_37)
FNDA:0,(anonymous_38)
FNDA:0,(anonymous_39)
FNDA:0,(anonymous_40)
FNDA:0,(anonymous_41)
FNDA:0,(anonymous_42)
DA:3,1
DA:4,1
DA:5,1
DA:7,1
DA:8,1
DA:9,1
DA:10,1
DA:11,1
DA:12,1
DA:13,1
DA:14,1
DA:15,1
DA:16,1
DA:18,1
DA:21,8
DA:25,8
DA:26,8
DA:37,0
DA:38,0
DA:39,0
DA:41,0
DA:42,0
DA:44,0
DA:47,0
DA:50,0
DA:51,0
DA:52,0
DA:53,0
DA:54,0
DA:55,0
DA:56,0
DA:57,0
DA:58,0
DA:59,0
DA:60,0
DA:61,0
DA:64,0
DA:67,0
DA:68,0
DA:71,0
DA:72,0
DA:74,0
DA:75,0
DA:78,0
DA:79,0
DA:80,0
DA:84,0
DA:85,0
DA:96,0
DA:97,0
DA:99,0
DA:100,0
DA:106,2
DA:107,8
DA:108,8
DA:109,8
DA:110,8
DA:111,8
DA:113,8
DA:114,0
DA:115,0
DA:116,0
DA:119,8
DA:121,8
DA:122,8
DA:123,8
DA:125,8
DA:126,8
DA:128,8
DA:129,8
DA:130,8
DA:131,8
DA:133,8
DA:134,8
DA:136,8
DA:137,8
DA:139,8
DA:140,2
DA:142,2
DA:143,2
DA:144,2
DA:145,2
DA:146,2
DA:147,2
DA:153,2
DA:154,2
DA:158,8
DA:159,2
DA:161,2
DA:162,2
DA:163,2
DA:164,2
DA:165,2
DA:166,2
DA:168,0
DA:169,0
DA:171,2
DA:172,2
DA:176,2
DA:177,2
DA:181,8
DA:182,3
DA:183,3
DA:184,3
DA:185,3
DA:193,3
DA:194,3
DA:195,0
DA:198,3
DA:200,0
DA:201,0
DA:203,3
DA:207,8
DA:208,3
DA:209,2
DA:210,2
DA:211,2
DA:212,2
DA:215,1
DA:217,1
DA:218,1
DA:219,1
DA:222,1
DA:223,1
DA:228,8
DA:229,0
DA:230,0
DA:231,0
DA:232,0
DA:235,8
DA:236,0
DA:239,8
DA:240,0
DA:242,0
DA:244,0
DA:245,0
DA:246,0
DA:260,0
DA:261,0
DA:290,0
DA:291,0
DA:292,0
DA:305,0
DA:319,0
DA:332,0
DA:343,0
DA:344,0
DA:345,0
DA:346,0
DA:347,0
DA:348,0
DA:375,0
DA:390,8
DA:392,1
DA:418,8
DA:421,8
DA:425,8
DA:426,8
DA:427,8
DA:430,8
DA:432,8
DA:440,0
DA:442,0
DA:502,0
DA:503,0
DA:506,0
DA:509,0
DA:520,0
DA:521,0
DA:522,0
DA:546,0
DA:547,0
DA:548,0
LF:173
LH:93
BRDA:18,0,0,1
BRDA:18,0,1,0
BRDA:25,1,0,8
BRDA:25,1,1,0
BRDA:26,2,0,8
BRDA:26,2,1,0
BRDA:39,3,0,0
BRDA:39,3,1,0
BRDA:39,4,0,0
BRDA:39,4,1,0
BRDA:97,5,0,0
BRDA:97,5,1,0
BRDA:97,6,0,0
BRDA:97,6,1,0
BRDA:114,7,0,0
BRDA:114,7,1,0
BRDA:145,8,0,2
BRDA:145,8,1,0
BRDA:146,9,0,0
BRDA:146,9,1,2
BRDA:147,10,0,2
BRDA:147,10,1,0
BRDA:165,11,0,0
BRDA:165,11,1,2
BRDA:166,12,0,2
BRDA:166,12,1,0
BRDA:168,13,0,0
BRDA:168,13,1,0
BRDA:171,14,0,0
BRDA:171,14,1,2
BRDA:189,15,0,0
BRDA:189,15,1,3
BRDA:190,16,0,3
BRDA:190,16,1,2
BRDA:193,17,0,3
BRDA:193,17,1,0
BRDA:194,18,0,0
BRDA:194,18,1,3
BRDA:195,19,0,0
BRDA:195,19,1,0
BRDA:198,20,0,0
BRDA:198,20,1,3
BRDA:200,21,0,0
BRDA:200,21,1,0
BRDA:201,22,0,0
BRDA:201,22,1,0
BRDA:208,23,0,2
BRDA:208,23,1,1
BRDA:215,24,0,0
BRDA:215,24,1,1
BRDA:223,25,0,1
BRDA:223,25,1,0
BRDA:230,26,0,0
BRDA:230,26,1,0
BRDA:278,27,0,8
BRDA:291,28,0,0
BRDA:291,28,1,0
BRDA:355,29,0,2
BRDA:355,29,1,6
BRDA:370,30,0,8
BRDA:377,31,0,6
BRDA:377,31,1,2
BRDA:386,32,0,2
BRDA:386,32,1,6
BRDA:386,33,0,8
BRDA:386,33,1,6
BRDA:394,34,0,2
BRDA:394,34,1,6
BRDA:410,35,0,8
BRDA:418,36,0,8
BRDA:418,36,1,0
BRDA:421,37,0,8
BRDA:421,37,1,0
BRDA:421,37,2,0
BRDA:425,38,0,0
BRDA:425,38,1,8
BRDA:426,39,0,8
BRDA:426,39,1,0
BRDA:427,40,0,8
BRDA:427,40,1,8
BRDA:427,41,0,8
BRDA:427,41,1,0
BRDA:442,42,0,0
BRDA:442,42,1,0
BRDA:455,43,0,8
BRDA:460,44,0,8
BRDA:465,45,0,8
BRDA:475,46,0,8
BRDA:475,46,1,0
BRDA:485,47,0,8
BRDA:491,48,0,8
BRDA:491,48,1,0
BRDA:503,49,0,0
BRDA:503,49,1,0
BRDA:521,50,0,0
BRDA:521,50,1,0
BRDA:533,51,0,8
BRDA:533,51,1,6
BRDA:533,51,2,2
BRDA:551,52,0,2
BRDA:551,52,1,6
BRF:101
BRH:50
end_of_record
TN:
SF:lib\cookie.ts
FN:21,setAuthCookies
FN:31,updateUserCookie
FN:49,getToken
FN:53,getUser
FN:63,clearAuthCookies
FNF:5
FNH:5
FNDA:1,setAuthCookies
FNDA:1,updateUserCookie
FNDA:1,getToken
FNDA:3,getUser
FNDA:1,clearAuthCookies
DA:2,2
DA:14,2
DA:21,1
DA:22,1
DA:23,1
DA:26,1
DA:27,1
DA:31,1
DA:32,1
DA:33,1
DA:35,1
DA:36,1
DA:37,1
DA:39,1
DA:41,1
DA:42,1
DA:49,1
DA:50,1
DA:53,3
DA:54,3
DA:55,3
DA:56,2
DA:57,2
DA:59,1
DA:63,1
DA:64,1
DA:65,1
DA:67,1
DA:68,1
LF:29
LH:29
BRDA:26,0,0,1
BRDA:26,0,1,0
BRDA:33,1,0,0
BRDA:33,1,1,1
BRDA:41,2,0,1
BRDA:41,2,1,0
BRDA:55,3,0,1
BRDA:55,3,1,2
BRDA:67,4,0,1
BRDA:67,4,1,0
BRF:10
BRH:6
end_of_record
TN:
SF:lib\utlis.ts
FN:4,cn
FNF:1
FNH:1
FNDA:1966,cn
DA:1,4
DA:2,4
DA:4,1966
DA:5,1966
LF:4
LH:4
BRF:0
BRH:0
end_of_record
TN:
SF:lib\validation.ts
FN:3,(anonymous_1)
FN:11,(anonymous_2)
FN:22,(anonymous_3)
FN:28,(anonymous_4)
FN:35,(anonymous_5)
FN:42,(anonymous_6)
FNF:6
FNH:2
FNDA:4,(anonymous_1)
FNDA:3,(anonymous_2)
FNDA:0,(anonymous_3)
FNDA:0,(anonymous_4)
FNDA:0,(anonymous_5)
FNDA:0,(anonymous_6)
DA:1,7
DA:4,4
DA:5,4
DA:6,3
DA:7,2
DA:12,3
DA:13,3
DA:14,2
DA:15,2
DA:16,2
DA:17,2
DA:18,2
DA:23,0
DA:24,0
DA:29,0
DA:30,0
DA:31,0
DA:36,0
DA:37,0
DA:38,0
DA:43,0
DA:44,0
DA:45,0
LF:23
LH:12
BRDA:5,0,0,1
BRDA:5,0,1,3
BRDA:6,1,0,1
BRDA:6,1,1,2
BRDA:12,2,0,0
BRDA:12,2,1,3
BRDA:13,3,0,1
BRDA:13,3,1,2
BRDA:14,4,0,0
BRDA:14,4,1,2
BRDA:15,5,0,0
BRDA:15,5,1,2
BRDA:16,6,0,0
BRDA:16,6,1,2
BRDA:17,7,0,0
BRDA:17,7,1,2
BRDA:23,8,0,0
BRDA:23,8,1,0
BRDA:29,9,0,0
BRDA:29,9,1,0
BRDA:30,10,0,0
BRDA:30,10,1,0
BRDA:36,11,0,0
BRDA:36,11,1,0
BRDA:37,12,0,0
BRDA:37,12,1,0
BRDA:43,13,0,0
BRDA:43,13,1,0
BRDA:44,14,0,0
BRDA:44,14,1,0
BRF:30
BRH:11
end_of_record
TN:
SF:lib\api\auth.ts
FN:18,loginApi
FN:36,forgotPasswordApi
FN:42,resetPasswordApi
FNF:3
FNH:3
FNDA:2,loginApi
FNDA:1,forgotPasswordApi
FNDA:1,resetPasswordApi
DA:2,1
DA:3,1
DA:4,1
DA:18,2
DA:19,2
DA:21,2
DA:23,2
DA:30,2
DA:32,2
DA:36,1
DA:37,1
DA:38,1
DA:42,1
DA:43,1
DA:44,1
LF:15
LH:15
BRDA:24,0,0,2
BRDA:24,0,1,1
BRDA:24,0,2,0
BRF:3
BRH:2
end_of_record
TN:
SF:lib\api\endpoints.ts
FN:6,(anonymous_1)
FN:15,(anonymous_2)
FN:16,(anonymous_3)
FN:17,(anonymous_4)
FN:21,(anonymous_5)
FN:24,(anonymous_6)
FN:25,(anonymous_7)
FN:28,(anonymous_8)
FN:29,(anonymous_9)
FN:30,(anonymous_10)
FN:31,(anonymous_11)
FN:32,(anonymous_12)
FN:35,(anonymous_13)
FN:36,(anonymous_14)
FN:37,(anonymous_15)
FN:41,(anonymous_16)
FN:42,(anonymous_17)
FN:43,(anonymous_18)
FN:51,(anonymous_19)
FN:62,(anonymous_20)
FN:66,(anonymous_21)
FN:73,(anonymous_22)
FN:74,(anonymous_23)
FN:81,(anonymous_24)
FN:82,(anonymous_25)
FN:83,(anonymous_26)
FNF:26
FNH:0
FNDA:0,(anonymous_1)
FNDA:0,(anonymous_2)
FNDA:0,(anonymous_3)
FNDA:0,(anonymous_4)
FNDA:0,(anonymous_5)
FNDA:0,(anonymous_6)
FNDA:0,(anonymous_7)
FNDA:0,(anonymous_8)
FNDA:0,(anonymous_9)
FNDA:0,(anonymous_10)
FNDA:0,(anonymous_11)
FNDA:0,(anonymous_12)
FNDA:0,(anonymous_13)
FNDA:0,(anonymous_14)
FNDA:0,(anonymous_15)
FNDA:0,(anonymous_16)
FNDA:0,(anonymous_17)
FNDA:0,(anonymous_18)
FNDA:0,(anonymous_19)
FNDA:0,(anonymous_20)
FNDA:0,(anonymous_21)
FNDA:0,(anonymous_22)
FNDA:0,(anonymous_23)
FNDA:0,(anonymous_24)
FNDA:0,(anonymous_25)
FNDA:0,(anonymous_26)
DA:1,1
DA:6,0
DA:15,0
DA:16,0
DA:17,0
DA:21,0
DA:24,0
DA:25,0
DA:28,0
DA:29,0
DA:30,0
DA:31,0
DA:32,0
DA:35,0
DA:36,0
DA:37,0
DA:41,0
DA:42,0
DA:43,0
DA:51,0
DA:62,0
DA:66,0
DA:73,0
DA:74,0
DA:81,0
DA:82,0
DA:83,0
LF:27
LH:1
BRF:0
BRH:0
end_of_record
TN:
SF:lib\api\admin\about.ts
FN:3,adminGetAbout
FN:8,adminUpdateAbout
FN:13,adminUploadMissionImage
FN:22,adminUploadVisionImage
FNF:4
FNH:4
FNDA:1,adminGetAbout
FNDA:1,adminUpdateAbout
FNDA:1,adminUploadMissionImage
FNDA:1,adminUploadVisionImage
DA:1,2
DA:3,1
DA:4,1
DA:5,1
DA:8,1
DA:9,1
DA:10,1
DA:13,1
DA:14,1
DA:15,1
DA:16,1
DA:19,1
DA:22,1
DA:23,1
DA:24,1
DA:25,1
DA:28,1
LF:17
LH:17
BRF:0
BRH:0
end_of_record
TN:
SF:lib\api\admin\category.ts
FN:4,adminListCategories
FN:9,adminCreateCategory
FN:14,adminUpdateCategory
FN:19,adminDeleteCategory
FNF:4
FNH:4
FNDA:1,adminListCategories
FNDA:1,adminCreateCategory
FNDA:1,adminUpdateCategory
FNDA:1,adminDeleteCategory
DA:1,1
DA:2,1
DA:4,1
DA:5,1
DA:6,1
DA:9,1
DA:10,1
DA:11,1
DA:14,1
DA:15,1
DA:16,1
DA:19,1
DA:20,1
DA:21,1
LF:14
LH:14
BRF:0
BRH:0
end_of_record
TN:
SF:lib\api\admin\dashboard.ts
FN:4,adminDashboardSummary
FNF:1
FNH:1
FNDA:2,adminDashboardSummary
DA:1,1
DA:2,1
DA:4,2
DA:10,2
DA:18,2
LF:5
LH:5
BRDA:12,0,0,2
BRDA:12,0,1,1
BRDA:13,1,0,1
BRDA:13,1,1,1
BRDA:14,2,0,1
BRDA:14,2,1,1
BRDA:15,3,0,1
BRDA:15,3,1,1
BRF:8
BRH:8
end_of_record
TN:
SF:lib\api\admin\inventory.ts
FN:4,adminStockIn
FN:7,adminStockOut
FN:10,adminInventoryLogs
FN:13,adminLowStock
FNF:4
FNH:3
FNDA:1,adminStockIn
FNDA:0,adminStockOut
FNDA:1,adminInventoryLogs
FNDA:2,adminLowStock
DA:1,1
DA:2,1
DA:4,1
DA:5,1
DA:7,0
DA:8,0
DA:10,1
DA:11,1
DA:13,2
DA:14,2
LF:10
LH:8
BRDA:15,0,0,1
BRDA:15,0,1,1
BRF:2
BRH:2
end_of_record
TN:
SF:lib\api\admin\payment.ts
FN:4,adminListPaymentLogs
FN:8,adminListRefunds
FN:12,adminApproveRefund
FN:16,adminRejectRefund
FN:20,adminMarkRefundProcessed
FNF:5
FNH:4
FNDA:1,adminListPaymentLogs
FNDA:0,adminListRefunds
FNDA:2,adminApproveRefund
FNDA:1,adminRejectRefund
FNDA:1,adminMarkRefundProcessed
DA:1,1
DA:2,1
DA:4,1
DA:5,1
DA:8,0
DA:9,0
DA:12,2
DA:13,2
DA:16,1
DA:17,1
DA:20,1
DA:21,1
LF:12
LH:10
BRDA:13,0,0,2
BRDA:13,0,1,1
BRDA:17,1,0,1
BRDA:17,1,1,1
BRF:4
BRH:4
end_of_record
TN:
SF:lib\api\admin\settings.ts
FN:4,(anonymous_4)
FN:5,(anonymous_5)
FN:6,(anonymous_6)
FNF:3
FNH:3
FNDA:1,(anonymous_4)
FNDA:1,(anonymous_5)
FNDA:1,(anonymous_6)
DA:1,1
DA:2,1
DA:4,1
DA:5,1
DA:6,1
DA:7,1
DA:8,1
DA:10,1
LF:8
LH:8
BRF:0
BRH:0
end_of_record
TN:
SF:lib\api\admin\user.ts
FN:8,adminListUsers
FN:26,adminGetUserById
FN:34,adminCreateUser
FN:42,adminUpdateUser
FN:50,adminSoftDeleteUser
FN:58,adminHardDeleteUser
FNF:6
FNH:6
FNDA:2,adminListUsers
FNDA:1,adminGetUserById
FNDA:1,adminCreateUser
FNDA:1,adminUpdateUser
FNDA:1,adminSoftDeleteUser
FNDA:1,adminHardDeleteUser
DA:1,1
DA:2,1
DA:8,2
DA:9,2
DA:10,2
DA:11,2
DA:13,2
DA:16,2
DA:17,2
DA:19,2
DA:20,2
DA:26,1
DA:27,1
DA:28,1
DA:34,1
DA:35,1
DA:36,1
DA:42,1
DA:43,1
DA:44,1
DA:50,1
DA:51,1
DA:52,1
DA:58,1
DA:59,1
DA:60,1
LF:26
LH:26
BRDA:10,0,0,1
BRDA:10,0,1,1
BRDA:11,1,0,1
BRDA:11,1,1,1
BRDA:17,2,0,1
BRDA:17,2,1,1
BRF:6
BRH:6
end_of_record
TN:
SF:lib\contexts\auth-contexts.tsx
FN:35,AuthProvider
FN:40,(anonymous_4)
FN:45,(anonymous_5)
FN:68,(anonymous_6)
FN:89,(anonymous_7)
FN:102,useAuth
FNF:6
FNH:6
FNDA:13,AuthProvider
FNDA:4,(anonymous_4)
FNDA:2,(anonymous_5)
FNDA:1,(anonymous_6)
FNDA:1,(anonymous_7)
FNDA:12,useAuth
DA:9,1
DA:10,1
DA:11,1
DA:12,1
DA:13,1
DA:14,1
DA:33,1
DA:35,4
DA:36,13
DA:37,13
DA:38,13
DA:40,13
DA:41,4
DA:42,4
DA:45,13
DA:46,2
DA:47,2
DA:48,2
DA:49,2
DA:52,2
DA:53,2
DA:54,1
DA:56,1
DA:59,1
DA:60,1
DA:68,1
DA:69,1
DA:70,1
DA:82,2
DA:83,1
DA:85,2
DA:89,13
DA:90,1
DA:91,1
DA:92,1
DA:102,12
DA:103,12
DA:104,12
DA:105,12
LF:39
LH:39
BRDA:54,0,0,1
BRDA:54,0,1,0
BRDA:59,1,0,1
BRDA:59,1,1,0
BRDA:62,2,0,1
BRDA:62,2,1,0
BRDA:62,2,2,0
BRDA:63,3,0,1
BRDA:63,3,1,0
BRDA:69,4,0,0
BRDA:69,4,1,1
BRDA:72,5,0,1
BRDA:72,5,1,0
BRDA:72,5,2,0
BRDA:73,6,0,1
BRDA:73,6,1,0
BRDA:74,7,0,1
BRDA:74,7,1,0
BRDA:82,8,0,1
BRDA:82,8,1,1
BRDA:104,9,0,0
BRDA:104,9,1,12
BRF:22
BRH:11
end_of_record
