{"C:\\Users\\97798\\Developer\\KrishiPal Web\\backend\\src\\config\\index.ts": {"path":"C:\\Users\\97798\\Developer\\KrishiPal Web\\backend\\src\\config\\index.ts","statementMap":{"0":{"start":{"line":1,"column":0},"end":{"line":1,"column":28}},"1":{"start":{"line":2,"column":0},"end":{"line":2,"column":16}},"2":{"start":{"line":4,"column":13},"end":{"line":5,"column":57}},"3":{"start":{"line":6,"column":13},"end":{"line":7,"column":69}},"4":{"start":{"line":11,"column":13},"end":{"line":12,"column":null}}},"fnMap":{},"branchMap":{"0":{"loc":{"start":{"line":5,"column":4},"end":{"line":5,"column":56}},"type":"cond-expr","locations":[{"start":{"line":5,"column":23},"end":{"line":5,"column":49}},{"start":{"line":5,"column":52},"end":{"line":5,"column":56}}]},"1":{"loc":{"start":{"line":7,"column":4},"end":{"line":7,"column":68}},"type":"binary-expr","locations":[{"start":{"line":7,"column":4},"end":{"line":7,"column":27}},{"start":{"line":7,"column":31},"end":{"line":7,"column":68}}]},"2":{"loc":{"start":{"line":12,"column":4},"end":{"line":12,"column":39}},"type":"binary-expr","locations":[{"start":{"line":12,"column":4},"end":{"line":12,"column":26}},{"start":{"line":12,"column":30},"end":{"line":12,"column":39}}]}},"s":{"0":39,"1":39,"2":39,"3":39,"4":39},"f":{},"b":{"0":[39,0],"1":[39,39],"2":[39,0]}}
,"C:\\Users\\97798\\Developer\\KrishiPal Web\\backend\\src\\controllers\\admin.about.controller.ts": {"path":"C:\\Users\\97798\\Developer\\KrishiPal Web\\backend\\src\\controllers\\admin.about.controller.ts","statementMap":{"0":{"start":{"line":3,"column":0},"end":{"line":3,"column":57}},"1":{"start":{"line":5,"column":16},"end":{"line":5,"column":34}},"2":{"start":{"line":10,"column":16},"end":{"line":10,"column":43}},"3":{"start":{"line":11,"column":4},"end":{"line":11,"column":62}},"4":{"start":{"line":16,"column":20},"end":{"line":16,"column":56}},"5":{"start":{"line":17,"column":4},"end":{"line":17,"column":66}},"6":{"start":{"line":22,"column":4},"end":{"line":22,"column":97}},"7":{"start":{"line":22,"column":19},"end":{"line":22,"column":97}},"8":{"start":{"line":24,"column":20},"end":{"line":24,"column":77}},"9":{"start":{"line":25,"column":4},"end":{"line":25,"column":66}},"10":{"start":{"line":30,"column":4},"end":{"line":30,"column":97}},"11":{"start":{"line":30,"column":19},"end":{"line":30,"column":97}},"12":{"start":{"line":32,"column":20},"end":{"line":32,"column":76}},"13":{"start":{"line":33,"column":4},"end":{"line":33,"column":66}},"14":{"start":{"line":7,"column":0},"end":{"line":7,"column":13}}},"fnMap":{"0":{"name":"(anonymous_0)","decl":{"start":{"line":9,"column":2},"end":{"line":9,"column":7}},"loc":{"start":{"line":9,"column":43},"end":{"line":12,"column":3}}},"1":{"name":"(anonymous_1)","decl":{"start":{"line":15,"column":2},"end":{"line":15,"column":7}},"loc":{"start":{"line":15,"column":46},"end":{"line":18,"column":3}}},"2":{"name":"(anonymous_2)","decl":{"start":{"line":21,"column":2},"end":{"line":21,"column":7}},"loc":{"start":{"line":21,"column":50},"end":{"line":26,"column":3}}},"3":{"name":"(anonymous_3)","decl":{"start":{"line":29,"column":2},"end":{"line":29,"column":7}},"loc":{"start":{"line":29,"column":49},"end":{"line":34,"column":3}}}},"branchMap":{"0":{"loc":{"start":{"line":16,"column":41},"end":{"line":16,"column":55}},"type":"binary-expr","locations":[{"start":{"line":16,"column":41},"end":{"line":16,"column":49}},{"start":{"line":16,"column":53},"end":{"line":16,"column":55}}]},"1":{"loc":{"start":{"line":22,"column":4},"end":{"line":22,"column":97}},"type":"if","locations":[{"start":{"line":22,"column":4},"end":{"line":22,"column":97}},{"start":{},"end":{}}]},"2":{"loc":{"start":{"line":30,"column":4},"end":{"line":30,"column":97}},"type":"if","locations":[{"start":{"line":30,"column":4},"end":{"line":30,"column":97}},{"start":{},"end":{}}]}},"s":{"0":20,"1":20,"2":1,"3":1,"4":1,"5":1,"6":1,"7":0,"8":1,"9":1,"10":1,"11":0,"12":1,"13":1,"14":20},"f":{"0":1,"1":1,"2":1,"3":1},"b":{"0":[1,0],"1":[0,1],"2":[0,1]}}
,"C:\\Users\\97798\\Developer\\KrishiPal Web\\backend\\src\\controllers\\admin.blog.controller.ts": {"path":"C:\\Users\\97798\\Developer\\KrishiPal Web\\backend\\src\\controllers\\admin.blog.controller.ts","statementMap":{"0":{"start":{"line":2,"column":0},"end":{"line":2,"column":32}},"1":{"start":{"line":4,"column":0},"end":{"line":4,"column":49}},"2":{"start":{"line":5,"column":0},"end":{"line":5,"column":55}},"3":{"start":{"line":7,"column":16},"end":{"line":7,"column":33}},"4":{"start":{"line":12,"column":19},"end":{"line":12,"column":70}},"5":{"start":{"line":13,"column":20},"end":{"line":13,"column":87}},"6":{"start":{"line":14,"column":4},"end":{"line":14,"column":66}},"7":{"start":{"line":19,"column":19},"end":{"line":19,"column":53}},"8":{"start":{"line":20,"column":4},"end":{"line":20,"column":89}},"9":{"start":{"line":25,"column":19},"end":{"line":25,"column":29}},"10":{"start":{"line":26,"column":4},"end":{"line":26,"column":90}},"11":{"start":{"line":26,"column":46},"end":{"line":26,"column":90}},"12":{"start":{"line":27,"column":17},"end":{"line":27,"column":47}},"13":{"start":{"line":28,"column":4},"end":{"line":28,"column":58}},"14":{"start":{"line":28,"column":15},"end":{"line":28,"column":58}},"15":{"start":{"line":29,"column":4},"end":{"line":29,"column":57}},"16":{"start":{"line":34,"column":19},"end":{"line":34,"column":29}},"17":{"start":{"line":35,"column":4},"end":{"line":35,"column":90}},"18":{"start":{"line":35,"column":46},"end":{"line":35,"column":90}},"19":{"start":{"line":37,"column":19},"end":{"line":37,"column":70}},"20":{"start":{"line":38,"column":20},"end":{"line":38,"column":74}},"21":{"start":{"line":39,"column":4},"end":{"line":39,"column":66}},"22":{"start":{"line":44,"column":19},"end":{"line":44,"column":29}},"23":{"start":{"line":45,"column":4},"end":{"line":45,"column":90}},"24":{"start":{"line":45,"column":46},"end":{"line":45,"column":90}},"25":{"start":{"line":46,"column":20},"end":{"line":46,"column":53}},"26":{"start":{"line":47,"column":4},"end":{"line":47,"column":66}},"27":{"start":{"line":9,"column":0},"end":{"line":9,"column":13}}},"fnMap":{"0":{"name":"(anonymous_1)","decl":{"start":{"line":11,"column":2},"end":{"line":11,"column":7}},"loc":{"start":{"line":11,"column":46},"end":{"line":15,"column":3}}},"1":{"name":"(anonymous_2)","decl":{"start":{"line":18,"column":2},"end":{"line":18,"column":7}},"loc":{"start":{"line":18,"column":44},"end":{"line":21,"column":3}}},"2":{"name":"(anonymous_3)","decl":{"start":{"line":24,"column":2},"end":{"line":24,"column":7}},"loc":{"start":{"line":24,"column":47},"end":{"line":30,"column":3}}},"3":{"name":"(anonymous_4)","decl":{"start":{"line":33,"column":2},"end":{"line":33,"column":7}},"loc":{"start":{"line":33,"column":46},"end":{"line":40,"column":3}}},"4":{"name":"(anonymous_5)","decl":{"start":{"line":43,"column":2},"end":{"line":43,"column":7}},"loc":{"start":{"line":43,"column":46},"end":{"line":48,"column":3}}}},"branchMap":{"0":{"loc":{"start":{"line":13,"column":51},"end":{"line":13,"column":64}},"type":"binary-expr","locations":[{"start":{"line":13,"column":51},"end":{"line":13,"column":56}},{"start":{"line":13,"column":60},"end":{"line":13,"column":64}}]},"1":{"loc":{"start":{"line":13,"column":66},"end":{"line":13,"column":86}},"type":"binary-expr","locations":[{"start":{"line":13,"column":66},"end":{"line":13,"column":78}},{"start":{"line":13,"column":82},"end":{"line":13,"column":86}}]},"2":{"loc":{"start":{"line":26,"column":4},"end":{"line":26,"column":90}},"type":"if","locations":[{"start":{"line":26,"column":4},"end":{"line":26,"column":90}},{"start":{},"end":{}}]},"3":{"loc":{"start":{"line":28,"column":4},"end":{"line":28,"column":58}},"type":"if","locations":[{"start":{"line":28,"column":4},"end":{"line":28,"column":58}},{"start":{},"end":{}}]},"4":{"loc":{"start":{"line":35,"column":4},"end":{"line":35,"column":90}},"type":"if","locations":[{"start":{"line":35,"column":4},"end":{"line":35,"column":90}},{"start":{},"end":{}}]},"5":{"loc":{"start":{"line":38,"column":60},"end":{"line":38,"column":73}},"type":"binary-expr","locations":[{"start":{"line":38,"column":60},"end":{"line":38,"column":65}},{"start":{"line":38,"column":69},"end":{"line":38,"column":73}}]},"6":{"loc":{"start":{"line":45,"column":4},"end":{"line":45,"column":90}},"type":"if","locations":[{"start":{"line":45,"column":4},"end":{"line":45,"column":90}},{"start":{},"end":{}}]}},"s":{"0":20,"1":20,"2":20,"3":20,"4":1,"5":1,"6":1,"7":1,"8":1,"9":1,"10":1,"11":0,"12":1,"13":1,"14":0,"15":1,"16":1,"17":1,"18":0,"19":1,"20":1,"21":1,"22":1,"23":1,"24":0,"25":1,"26":1,"27":20},"f":{"0":1,"1":1,"2":1,"3":1,"4":1},"b":{"0":[1,0],"1":[1,0],"2":[0,1],"3":[0,1],"4":[0,1],"5":[1,1],"6":[0,1]}}
,"C:\\Users\\97798\\Developer\\KrishiPal Web\\backend\\src\\controllers\\admin.cart.controller.ts": {"path":"C:\\Users\\97798\\Developer\\KrishiPal Web\\backend\\src\\controllers\\admin.cart.controller.ts","statementMap":{"0":{"start":{"line":2,"column":0},"end":{"line":2,"column":32}},"1":{"start":{"line":4,"column":0},"end":{"line":4,"column":49}},"2":{"start":{"line":5,"column":0},"end":{"line":5,"column":49}},"3":{"start":{"line":8,"column":2},"end":{"line":8,"column":73}},"4":{"start":{"line":8,"column":34},"end":{"line":8,"column":73}},"5":{"start":{"line":13,"column":16},"end":{"line":13,"column":33}},"6":{"start":{"line":14,"column":2},"end":{"line":27,"column":8}},"7":{"start":{"line":15,"column":16},"end":{"line":15,"column":35}},"8":{"start":{"line":17,"column":17},"end":{"line":17,"column":46}},"9":{"start":{"line":18,"column":14},"end":{"line":18,"column":30}},"10":{"start":{"line":20,"column":6},"end":{"line":24,"column":30}},"11":{"start":{"line":26,"column":4},"end":{"line":26,"column":29}},"12":{"start":{"line":33,"column":4},"end":{"line":33,"column":19}},"13":{"start":{"line":35,"column":17},"end":{"line":35,"column":57}},"14":{"start":{"line":36,"column":18},"end":{"line":36,"column":75}},"15":{"start":{"line":37,"column":19},"end":{"line":37,"column":70}},"16":{"start":{"line":40,"column":23},"end":{"line":40,"column":25}},"17":{"start":{"line":43,"column":16},"end":{"line":47,"column":13}},"18":{"start":{"line":50,"column":19},"end":{"line":50,"column":22}},"19":{"start":{"line":51,"column":4},"end":{"line":57,"column":5}},"20":{"start":{"line":52,"column":6},"end":{"line":56,"column":9}},"21":{"start":{"line":53,"column":18},"end":{"line":53,"column":62}},"22":{"start":{"line":54,"column":18},"end":{"line":54,"column":59}},"23":{"start":{"line":55,"column":8},"end":{"line":55,"column":56}},"24":{"start":{"line":59,"column":18},"end":{"line":59,"column":33}},"25":{"start":{"line":60,"column":18},"end":{"line":60,"column":36}},"26":{"start":{"line":61,"column":18},"end":{"line":61,"column":54}},"27":{"start":{"line":64,"column":17},"end":{"line":85,"column":6}},"28":{"start":{"line":65,"column":20},"end":{"line":65,"column":33}},"29":{"start":{"line":66,"column":25},"end":{"line":66,"column":89}},"30":{"start":{"line":66,"column":62},"end":{"line":66,"column":85}},"31":{"start":{"line":68,"column":24},"end":{"line":70,"column":24}},"32":{"start":{"line":69,"column":26},"end":{"line":69,"column":43}},"33":{"start":{"line":72,"column":6},"end":{"line":84,"column":8}},"34":{"start":{"line":87,"column":4},"end":{"line":91,"column":7}},"35":{"start":{"line":96,"column":4},"end":{"line":96,"column":19}},"36":{"start":{"line":98,"column":19},"end":{"line":98,"column":29}},"37":{"start":{"line":99,"column":4},"end":{"line":99,"column":90}},"38":{"start":{"line":99,"column":46},"end":{"line":99,"column":90}},"39":{"start":{"line":101,"column":17},"end":{"line":108,"column":13}},"40":{"start":{"line":110,"column":4},"end":{"line":110,"column":58}},"41":{"start":{"line":110,"column":15},"end":{"line":110,"column":58}},"42":{"start":{"line":112,"column":4},"end":{"line":118,"column":7}},"43":{"start":{"line":123,"column":4},"end":{"line":123,"column":19}},"44":{"start":{"line":125,"column":30},"end":{"line":125,"column":40}},"45":{"start":{"line":126,"column":20},"end":{"line":126,"column":28}},"46":{"start":{"line":128,"column":4},"end":{"line":128,"column":90}},"47":{"start":{"line":128,"column":46},"end":{"line":128,"column":90}},"48":{"start":{"line":129,"column":4},"end":{"line":129,"column":99}},"49":{"start":{"line":129,"column":53},"end":{"line":129,"column":99}},"50":{"start":{"line":131,"column":20},"end":{"line":131,"column":31}},"51":{"start":{"line":132,"column":4},"end":{"line":132,"column":96}},"52":{"start":{"line":132,"column":51},"end":{"line":132,"column":96}},"53":{"start":{"line":134,"column":20},"end":{"line":148,"column":13}},"54":{"start":{"line":150,"column":4},"end":{"line":150,"column":69}},"55":{"start":{"line":150,"column":18},"end":{"line":150,"column":69}},"56":{"start":{"line":152,"column":4},"end":{"line":158,"column":7}},"57":{"start":{"line":163,"column":4},"end":{"line":163,"column":19}},"58":{"start":{"line":165,"column":30},"end":{"line":165,"column":40}},"59":{"start":{"line":166,"column":4},"end":{"line":166,"column":90}},"60":{"start":{"line":166,"column":46},"end":{"line":166,"column":90}},"61":{"start":{"line":167,"column":4},"end":{"line":167,"column":99}},"62":{"start":{"line":167,"column":53},"end":{"line":167,"column":99}},"63":{"start":{"line":169,"column":20},"end":{"line":180,"column":13}},"64":{"start":{"line":182,"column":4},"end":{"line":182,"column":61}},"65":{"start":{"line":182,"column":18},"end":{"line":182,"column":61}},"66":{"start":{"line":184,"column":4},"end":{"line":190,"column":7}},"67":{"start":{"line":195,"column":4},"end":{"line":195,"column":19}},"68":{"start":{"line":197,"column":19},"end":{"line":197,"column":29}},"69":{"start":{"line":198,"column":4},"end":{"line":198,"column":90}},"70":{"start":{"line":198,"column":46},"end":{"line":198,"column":90}},"71":{"start":{"line":200,"column":20},"end":{"line":202,"column":13}},"72":{"start":{"line":204,"column":4},"end":{"line":204,"column":61}},"73":{"start":{"line":204,"column":18},"end":{"line":204,"column":61}},"74":{"start":{"line":206,"column":4},"end":{"line":206,"column":66}},"75":{"start":{"line":211,"column":4},"end":{"line":211,"column":19}},"76":{"start":{"line":213,"column":19},"end":{"line":213,"column":29}},"77":{"start":{"line":214,"column":4},"end":{"line":214,"column":90}},"78":{"start":{"line":214,"column":46},"end":{"line":214,"column":90}},"79":{"start":{"line":216,"column":20},"end":{"line":216,"column":64}},"80":{"start":{"line":217,"column":4},"end":{"line":217,"column":61}},"81":{"start":{"line":217,"column":18},"end":{"line":217,"column":61}},"82":{"start":{"line":219,"column":4},"end":{"line":219,"column":76}},"83":{"start":{"line":30,"column":0},"end":{"line":30,"column":13}}},"fnMap":{"0":{"name":"mustAdmin","decl":{"start":{"line":7,"column":9},"end":{"line":7,"column":18}},"loc":{"start":{"line":7,"column":35},"end":{"line":9,"column":1}}},"1":{"name":"calcSubtotal","decl":{"start":{"line":12,"column":9},"end":{"line":12,"column":21}},"loc":{"start":{"line":12,"column":31},"end":{"line":28,"column":1}}},"2":{"name":"(anonymous_3)","decl":{"start":{"line":14,"column":22},"end":{"line":14,"column":23}},"loc":{"start":{"line":14,"column":47},"end":{"line":27,"column":3}}},"3":{"name":"(anonymous_4)","decl":{"start":{"line":32,"column":2},"end":{"line":32,"column":7}},"loc":{"start":{"line":32,"column":44},"end":{"line":92,"column":3}}},"4":{"name":"(anonymous_5)","decl":{"start":{"line":52,"column":28},"end":{"line":52,"column":29}},"loc":{"start":{"line":52,"column":39},"end":{"line":56,"column":7}}},"5":{"name":"(anonymous_6)","decl":{"start":{"line":64,"column":27},"end":{"line":64,"column":28}},"loc":{"start":{"line":64,"column":38},"end":{"line":85,"column":5}}},"6":{"name":"(anonymous_7)","decl":{"start":{"line":66,"column":38},"end":{"line":66,"column":39}},"loc":{"start":{"line":66,"column":62},"end":{"line":66,"column":85}}},"7":{"name":"(anonymous_8)","decl":{"start":{"line":69,"column":13},"end":{"line":69,"column":14}},"loc":{"start":{"line":69,"column":26},"end":{"line":69,"column":43}}},"8":{"name":"(anonymous_9)","decl":{"start":{"line":95,"column":2},"end":{"line":95,"column":7}},"loc":{"start":{"line":95,"column":47},"end":{"line":119,"column":3}}},"9":{"name":"(anonymous_10)","decl":{"start":{"line":122,"column":2},"end":{"line":122,"column":7}},"loc":{"start":{"line":122,"column":50},"end":{"line":159,"column":3}}},"10":{"name":"(anonymous_11)","decl":{"start":{"line":162,"column":2},"end":{"line":162,"column":7}},"loc":{"start":{"line":162,"column":50},"end":{"line":191,"column":3}}},"11":{"name":"(anonymous_12)","decl":{"start":{"line":194,"column":2},"end":{"line":194,"column":7}},"loc":{"start":{"line":194,"column":45},"end":{"line":207,"column":3}}},"12":{"name":"(anonymous_13)","decl":{"start":{"line":210,"column":2},"end":{"line":210,"column":7}},"loc":{"start":{"line":210,"column":50},"end":{"line":220,"column":3}}}},"branchMap":{"0":{"loc":{"start":{"line":8,"column":2},"end":{"line":8,"column":73}},"type":"if","locations":[{"start":{"line":8,"column":2},"end":{"line":8,"column":73}},{"start":{},"end":{}}]},"1":{"loc":{"start":{"line":13,"column":16},"end":{"line":13,"column":33}},"type":"binary-expr","locations":[{"start":{"line":13,"column":16},"end":{"line":13,"column":27}},{"start":{"line":13,"column":31},"end":{"line":13,"column":33}}]},"2":{"loc":{"start":{"line":15,"column":23},"end":{"line":15,"column":34}},"type":"binary-expr","locations":[{"start":{"line":15,"column":23},"end":{"line":15,"column":29}},{"start":{"line":15,"column":33},"end":{"line":15,"column":34}}]},"3":{"loc":{"start":{"line":17,"column":24},"end":{"line":17,"column":45}},"type":"binary-expr","locations":[{"start":{"line":17,"column":24},"end":{"line":17,"column":40}},{"start":{"line":17,"column":44},"end":{"line":17,"column":45}}]},"4":{"loc":{"start":{"line":18,"column":14},"end":{"line":18,"column":30}},"type":"binary-expr","locations":[{"start":{"line":18,"column":14},"end":{"line":18,"column":24}},{"start":{"line":18,"column":28},"end":{"line":18,"column":30}}]},"5":{"loc":{"start":{"line":20,"column":6},"end":{"line":24,"column":30}},"type":"cond-expr","locations":[{"start":{"line":21,"column":10},"end":{"line":21,"column":14}},{"start":{"line":22,"column":10},"end":{"line":24,"column":30}}]},"6":{"loc":{"start":{"line":22,"column":10},"end":{"line":24,"column":30}},"type":"cond-expr","locations":[{"start":{"line":23,"column":10},"end":{"line":23,"column":33}},{"start":{"line":24,"column":10},"end":{"line":24,"column":30}}]},"7":{"loc":{"start":{"line":22,"column":10},"end":{"line":22,"column":67}},"type":"binary-expr","locations":[{"start":{"line":22,"column":10},"end":{"line":22,"column":34}},{"start":{"line":22,"column":38},"end":{"line":22,"column":67}}]},"8":{"loc":{"start":{"line":24,"column":17},"end":{"line":24,"column":29}},"type":"binary-expr","locations":[{"start":{"line":24,"column":17},"end":{"line":24,"column":24}},{"start":{"line":24,"column":28},"end":{"line":24,"column":29}}]},"9":{"loc":{"start":{"line":35,"column":36},"end":{"line":35,"column":55}},"type":"binary-expr","locations":[{"start":{"line":35,"column":36},"end":{"line":35,"column":50}},{"start":{"line":35,"column":54},"end":{"line":35,"column":55}}]},"10":{"loc":{"start":{"line":36,"column":51},"end":{"line":36,"column":72}},"type":"binary-expr","locations":[{"start":{"line":36,"column":51},"end":{"line":36,"column":66}},{"start":{"line":36,"column":70},"end":{"line":36,"column":72}}]},"11":{"loc":{"start":{"line":37,"column":26},"end":{"line":37,"column":48}},"type":"binary-expr","locations":[{"start":{"line":37,"column":26},"end":{"line":37,"column":42}},{"start":{"line":37,"column":46},"end":{"line":37,"column":48}}]},"12":{"loc":{"start":{"line":51,"column":4},"end":{"line":57,"column":5}},"type":"if","locations":[{"start":{"line":51,"column":4},"end":{"line":57,"column":5}},{"start":{},"end":{}}]},"13":{"loc":{"start":{"line":53,"column":25},"end":{"line":53,"column":47}},"type":"binary-expr","locations":[{"start":{"line":53,"column":25},"end":{"line":53,"column":41}},{"start":{"line":53,"column":45},"end":{"line":53,"column":47}}]},"14":{"loc":{"start":{"line":54,"column":25},"end":{"line":54,"column":44}},"type":"binary-expr","locations":[{"start":{"line":54,"column":25},"end":{"line":54,"column":38}},{"start":{"line":54,"column":42},"end":{"line":54,"column":44}}]},"15":{"loc":{"start":{"line":55,"column":15},"end":{"line":55,"column":55}},"type":"binary-expr","locations":[{"start":{"line":55,"column":15},"end":{"line":55,"column":33}},{"start":{"line":55,"column":37},"end":{"line":55,"column":55}}]},"16":{"loc":{"start":{"line":65,"column":20},"end":{"line":65,"column":33}},"type":"binary-expr","locations":[{"start":{"line":65,"column":20},"end":{"line":65,"column":27}},{"start":{"line":65,"column":31},"end":{"line":65,"column":33}}]},"17":{"loc":{"start":{"line":66,"column":73},"end":{"line":66,"column":84}},"type":"binary-expr","locations":[{"start":{"line":66,"column":73},"end":{"line":66,"column":79}},{"start":{"line":66,"column":83},"end":{"line":66,"column":84}}]},"18":{"loc":{"start":{"line":76,"column":18},"end":{"line":76,"column":41}},"type":"binary-expr","locations":[{"start":{"line":76,"column":18},"end":{"line":76,"column":34}},{"start":{"line":76,"column":38},"end":{"line":76,"column":41}}]},"19":{"loc":{"start":{"line":77,"column":19},"end":{"line":77,"column":39}},"type":"binary-expr","locations":[{"start":{"line":77,"column":19},"end":{"line":77,"column":32}},{"start":{"line":77,"column":36},"end":{"line":77,"column":39}}]},"20":{"loc":{"start":{"line":99,"column":4},"end":{"line":99,"column":90}},"type":"if","locations":[{"start":{"line":99,"column":4},"end":{"line":99,"column":90}},{"start":{},"end":{}}]},"21":{"loc":{"start":{"line":110,"column":4},"end":{"line":110,"column":58}},"type":"if","locations":[{"start":{"line":110,"column":4},"end":{"line":110,"column":58}},{"start":{},"end":{}}]},"22":{"loc":{"start":{"line":128,"column":4},"end":{"line":128,"column":90}},"type":"if","locations":[{"start":{"line":128,"column":4},"end":{"line":128,"column":90}},{"start":{},"end":{}}]},"23":{"loc":{"start":{"line":129,"column":4},"end":{"line":129,"column":99}},"type":"if","locations":[{"start":{"line":129,"column":4},"end":{"line":129,"column":99}},{"start":{},"end":{}}]},"24":{"loc":{"start":{"line":132,"column":4},"end":{"line":132,"column":96}},"type":"if","locations":[{"start":{"line":132,"column":4},"end":{"line":132,"column":96}},{"start":{},"end":{}}]},"25":{"loc":{"start":{"line":132,"column":8},"end":{"line":132,"column":49}},"type":"binary-expr","locations":[{"start":{"line":132,"column":8},"end":{"line":132,"column":34}},{"start":{"line":132,"column":38},"end":{"line":132,"column":49}}]},"26":{"loc":{"start":{"line":150,"column":4},"end":{"line":150,"column":69}},"type":"if","locations":[{"start":{"line":150,"column":4},"end":{"line":150,"column":69}},{"start":{},"end":{}}]},"27":{"loc":{"start":{"line":166,"column":4},"end":{"line":166,"column":90}},"type":"if","locations":[{"start":{"line":166,"column":4},"end":{"line":166,"column":90}},{"start":{},"end":{}}]},"28":{"loc":{"start":{"line":167,"column":4},"end":{"line":167,"column":99}},"type":"if","locations":[{"start":{"line":167,"column":4},"end":{"line":167,"column":99}},{"start":{},"end":{}}]},"29":{"loc":{"start":{"line":182,"column":4},"end":{"line":182,"column":61}},"type":"if","locations":[{"start":{"line":182,"column":4},"end":{"line":182,"column":61}},{"start":{},"end":{}}]},"30":{"loc":{"start":{"line":198,"column":4},"end":{"line":198,"column":90}},"type":"if","locations":[{"start":{"line":198,"column":4},"end":{"line":198,"column":90}},{"start":{},"end":{}}]},"31":{"loc":{"start":{"line":204,"column":4},"end":{"line":204,"column":61}},"type":"if","locations":[{"start":{"line":204,"column":4},"end":{"line":204,"column":61}},{"start":{},"end":{}}]},"32":{"loc":{"start":{"line":214,"column":4},"end":{"line":214,"column":90}},"type":"if","locations":[{"start":{"line":214,"column":4},"end":{"line":214,"column":90}},{"start":{},"end":{}}]},"33":{"loc":{"start":{"line":217,"column":4},"end":{"line":217,"column":61}},"type":"if","locations":[{"start":{"line":217,"column":4},"end":{"line":217,"column":61}},{"start":{},"end":{}}]}},"s":{"0":20,"1":20,"2":20,"3":5,"4":0,"5":3,"6":3,"7":2,"8":2,"9":2,"10":2,"11":2,"12":0,"13":0,"14":0,"15":0,"16":0,"17":0,"18":0,"19":0,"20":0,"21":0,"22":0,"23":0,"24":0,"25":0,"26":0,"27":0,"28":0,"29":0,"30":0,"31":0,"32":0,"33":0,"34":0,"35":1,"36":1,"37":1,"38":0,"39":1,"40":1,"41":0,"42":1,"43":1,"44":1,"45":1,"46":1,"47":0,"48":1,"49":0,"50":1,"51":1,"52":0,"53":1,"54":1,"55":0,"56":1,"57":1,"58":1,"59":1,"60":0,"61":1,"62":0,"63":1,"64":1,"65":0,"66":1,"67":1,"68":1,"69":1,"70":0,"71":1,"72":1,"73":0,"74":1,"75":1,"76":1,"77":1,"78":0,"79":1,"80":1,"81":0,"82":1,"83":20},"f":{"0":5,"1":3,"2":2,"3":0,"4":0,"5":0,"6":0,"7":0,"8":1,"9":1,"10":1,"11":1,"12":1},"b":{"0":[0,5],"1":[3,0],"2":[2,0],"3":[2,0],"4":[2,0],"5":[2,0],"6":[0,0],"7":[0,0],"8":[0,0],"9":[0,0],"10":[0,0],"11":[0,0],"12":[0,0],"13":[0,0],"14":[0,0],"15":[0,0],"16":[0,0],"17":[0,0],"18":[0,0],"19":[0,0],"20":[0,1],"21":[0,1],"22":[0,1],"23":[0,1],"24":[0,1],"25":[1,1],"26":[0,1],"27":[0,1],"28":[0,1],"29":[0,1],"30":[0,1],"31":[0,1],"32":[0,1],"33":[0,1]}}
,"C:\\Users\\97798\\Developer\\KrishiPal Web\\backend\\src\\controllers\\admin.category.controller.ts": {"path":"C:\\Users\\97798\\Developer\\KrishiPal Web\\backend\\src\\controllers\\admin.category.controller.ts","statementMap":{"0":{"start":{"line":2,"column":0},"end":{"line":2,"column":20}},"1":{"start":{"line":3,"column":0},"end":{"line":3,"column":63}},"2":{"start":{"line":4,"column":0},"end":{"line":4,"column":86}},"3":{"start":{"line":6,"column":16},"end":{"line":6,"column":37}},"4":{"start":{"line":10,"column":19},"end":{"line":10,"column":61}},"5":{"start":{"line":11,"column":4},"end":{"line":13,"column":5}},"6":{"start":{"line":12,"column":6},"end":{"line":12,"column":93}},"7":{"start":{"line":15,"column":16},"end":{"line":15,"column":49}},"8":{"start":{"line":16,"column":4},"end":{"line":16,"column":62}},"9":{"start":{"line":20,"column":17},"end":{"line":20,"column":37}},"10":{"start":{"line":21,"column":4},"end":{"line":21,"column":57}},"11":{"start":{"line":25,"column":17},"end":{"line":25,"column":53}},"12":{"start":{"line":26,"column":4},"end":{"line":26,"column":57}},"13":{"start":{"line":30,"column":19},"end":{"line":30,"column":61}},"14":{"start":{"line":31,"column":4},"end":{"line":33,"column":5}},"15":{"start":{"line":32,"column":6},"end":{"line":32,"column":93}},"16":{"start":{"line":35,"column":20},"end":{"line":35,"column":68}},"17":{"start":{"line":36,"column":4},"end":{"line":36,"column":66}},"18":{"start":{"line":40,"column":20},"end":{"line":40,"column":55}},"19":{"start":{"line":41,"column":4},"end":{"line":41,"column":95}},"20":{"start":{"line":8,"column":0},"end":{"line":8,"column":13}}},"fnMap":{"0":{"name":"(anonymous_1)","decl":{"start":{"line":9,"column":2},"end":{"line":9,"column":7}},"loc":{"start":{"line":9,"column":42},"end":{"line":17,"column":3}}},"1":{"name":"(anonymous_2)","decl":{"start":{"line":19,"column":2},"end":{"line":19,"column":7}},"loc":{"start":{"line":19,"column":41},"end":{"line":22,"column":3}}},"2":{"name":"(anonymous_3)","decl":{"start":{"line":24,"column":2},"end":{"line":24,"column":7}},"loc":{"start":{"line":24,"column":43},"end":{"line":27,"column":3}}},"3":{"name":"(anonymous_4)","decl":{"start":{"line":29,"column":2},"end":{"line":29,"column":7}},"loc":{"start":{"line":29,"column":42},"end":{"line":37,"column":3}}},"4":{"name":"(anonymous_5)","decl":{"start":{"line":39,"column":2},"end":{"line":39,"column":7}},"loc":{"start":{"line":39,"column":42},"end":{"line":42,"column":3}}}},"branchMap":{"0":{"loc":{"start":{"line":11,"column":4},"end":{"line":13,"column":5}},"type":"if","locations":[{"start":{"line":11,"column":4},"end":{"line":13,"column":5}},{"start":{},"end":{}}]},"1":{"loc":{"start":{"line":31,"column":4},"end":{"line":33,"column":5}},"type":"if","locations":[{"start":{"line":31,"column":4},"end":{"line":33,"column":5}},{"start":{},"end":{}}]}},"s":{"0":20,"1":20,"2":20,"3":20,"4":2,"5":2,"6":0,"7":2,"8":2,"9":1,"10":1,"11":2,"12":1,"13":1,"14":1,"15":0,"16":1,"17":1,"18":1,"19":1,"20":20},"f":{"0":2,"1":1,"2":2,"3":1,"4":1},"b":{"0":[0,2],"1":[0,1]}}
,"C:\\Users\\97798\\Developer\\KrishiPal Web\\backend\\src\\controllers\\admin.dashboard.controller.ts": {"path":"C:\\Users\\97798\\Developer\\KrishiPal Web\\backend\\src\\controllers\\admin.dashboard.controller.ts","statementMap":{"0":{"start":{"line":4,"column":0},"end":{"line":4,"column":49}},"1":{"start":{"line":5,"column":0},"end":{"line":5,"column":76}},"2":{"start":{"line":8,"column":2},"end":{"line":8,"column":39}},"3":{"start":{"line":12,"column":10},"end":{"line":12,"column":48}},"4":{"start":{"line":15,"column":19},"end":{"line":15,"column":75}},"5":{"start":{"line":17,"column":17},"end":{"line":17,"column":52}},"6":{"start":{"line":18,"column":15},"end":{"line":18,"column":48}},"7":{"start":{"line":20,"column":23},"end":{"line":20,"column":75}},"8":{"start":{"line":21,"column":37},"end":{"line":21,"column":75}},"9":{"start":{"line":23,"column":4},"end":{"line":23,"column":93}},"10":{"start":{"line":23,"column":30},"end":{"line":23,"column":93}},"11":{"start":{"line":24,"column":4},"end":{"line":24,"column":87}},"12":{"start":{"line":24,"column":26},"end":{"line":24,"column":87}},"13":{"start":{"line":26,"column":17},"end":{"line":31,"column":6}},"14":{"start":{"line":33,"column":4},"end":{"line":33,"column":57}},"15":{"start":{"line":11,"column":0},"end":{"line":11,"column":13}}},"fnMap":{"0":{"name":"isYmd","decl":{"start":{"line":7,"column":9},"end":{"line":7,"column":14}},"loc":{"start":{"line":7,"column":24},"end":{"line":9,"column":1}}},"1":{"name":"(anonymous_1)","decl":{"start":{"line":11,"column":0},"end":{"line":11,"column":13}},"loc":{"start":{"line":11,"column":0},"end":{"line":35,"column":1}}},"2":{"name":"(anonymous_2)","decl":{"start":{"line":14,"column":2},"end":{"line":14,"column":7}},"loc":{"start":{"line":14,"column":47},"end":{"line":34,"column":3}}}},"branchMap":{"0":{"loc":{"start":{"line":15,"column":51},"end":{"line":15,"column":72}},"type":"binary-expr","locations":[{"start":{"line":15,"column":51},"end":{"line":15,"column":67}},{"start":{"line":15,"column":71},"end":{"line":15,"column":72}}]},"1":{"loc":{"start":{"line":17,"column":24},"end":{"line":17,"column":44}},"type":"binary-expr","locations":[{"start":{"line":17,"column":24},"end":{"line":17,"column":38}},{"start":{"line":17,"column":42},"end":{"line":17,"column":44}}]},"2":{"loc":{"start":{"line":18,"column":22},"end":{"line":18,"column":40}},"type":"binary-expr","locations":[{"start":{"line":18,"column":22},"end":{"line":18,"column":34}},{"start":{"line":18,"column":38},"end":{"line":18,"column":40}}]},"3":{"loc":{"start":{"line":20,"column":30},"end":{"line":20,"column":53}},"type":"binary-expr","locations":[{"start":{"line":20,"column":30},"end":{"line":20,"column":47}},{"start":{"line":20,"column":51},"end":{"line":20,"column":53}}]},"4":{"loc":{"start":{"line":21,"column":37},"end":{"line":21,"column":75}},"type":"cond-expr","locations":[{"start":{"line":21,"column":60},"end":{"line":21,"column":65}},{"start":{"line":21,"column":68},"end":{"line":21,"column":75}}]},"5":{"loc":{"start":{"line":23,"column":4},"end":{"line":23,"column":93}},"type":"if","locations":[{"start":{"line":23,"column":4},"end":{"line":23,"column":93}},{"start":{},"end":{}}]},"6":{"loc":{"start":{"line":23,"column":8},"end":{"line":23,"column":28}},"type":"binary-expr","locations":[{"start":{"line":23,"column":8},"end":{"line":23,"column":12}},{"start":{"line":23,"column":16},"end":{"line":23,"column":28}}]},"7":{"loc":{"start":{"line":24,"column":4},"end":{"line":24,"column":87}},"type":"if","locations":[{"start":{"line":24,"column":4},"end":{"line":24,"column":87}},{"start":{},"end":{}}]},"8":{"loc":{"start":{"line":24,"column":8},"end":{"line":24,"column":24}},"type":"binary-expr","locations":[{"start":{"line":24,"column":8},"end":{"line":24,"column":10}},{"start":{"line":24,"column":14},"end":{"line":24,"column":24}}]},"9":{"loc":{"start":{"line":28,"column":12},"end":{"line":28,"column":29}},"type":"binary-expr","locations":[{"start":{"line":28,"column":12},"end":{"line":28,"column":16}},{"start":{"line":28,"column":20},"end":{"line":28,"column":29}}]},"10":{"loc":{"start":{"line":29,"column":10},"end":{"line":29,"column":25}},"type":"binary-expr","locations":[{"start":{"line":29,"column":10},"end":{"line":29,"column":12}},{"start":{"line":29,"column":16},"end":{"line":29,"column":25}}]}},"s":{"0":20,"1":20,"2":0,"3":20,"4":1,"5":1,"6":1,"7":1,"8":1,"9":1,"10":0,"11":1,"12":0,"13":1,"14":1,"15":20},"f":{"0":0,"1":20,"2":1},"b":{"0":[1,1],"1":[1,1],"2":[1,1],"3":[1,1],"4":[0,1],"5":[0,1],"6":[1,0],"7":[0,1],"8":[1,0],"9":[1,1],"10":[1,1]}}
,"C:\\Users\\97798\\Developer\\KrishiPal Web\\backend\\src\\controllers\\admin.inventory.controller.ts": {"path":"C:\\Users\\97798\\Developer\\KrishiPal Web\\backend\\src\\controllers\\admin.inventory.controller.ts","statementMap":{"0":{"start":{"line":2,"column":0},"end":{"line":2,"column":32}},"1":{"start":{"line":4,"column":0},"end":{"line":4,"column":49}},"2":{"start":{"line":5,"column":0},"end":{"line":5,"column":65}},"3":{"start":{"line":6,"column":0},"end":{"line":6,"column":63}},"4":{"start":{"line":8,"column":16},"end":{"line":8,"column":38}},"5":{"start":{"line":9,"column":24},"end":{"line":9,"column":45}},"6":{"start":{"line":14,"column":39},"end":{"line":14,"column":47}},"7":{"start":{"line":15,"column":4},"end":{"line":15,"column":99}},"8":{"start":{"line":15,"column":53},"end":{"line":15,"column":99}},"9":{"start":{"line":17,"column":19},"end":{"line":22,"column":6}},"10":{"start":{"line":24,"column":4},"end":{"line":24,"column":65}},"11":{"start":{"line":29,"column":39},"end":{"line":29,"column":47}},"12":{"start":{"line":30,"column":4},"end":{"line":30,"column":99}},"13":{"start":{"line":30,"column":53},"end":{"line":30,"column":99}},"14":{"start":{"line":32,"column":19},"end":{"line":38,"column":6}},"15":{"start":{"line":40,"column":4},"end":{"line":40,"column":65}},"16":{"start":{"line":45,"column":19},"end":{"line":50,"column":6}},"17":{"start":{"line":52,"column":4},"end":{"line":52,"column":89}},"18":{"start":{"line":60,"column":19},"end":{"line":60,"column":54}},"19":{"start":{"line":62,"column":23},"end":{"line":62,"column":63}},"20":{"start":{"line":63,"column":19},"end":{"line":63,"column":89}},"21":{"start":{"line":66,"column":4},"end":{"line":66,"column":76}},"22":{"start":{"line":68,"column":15},"end":{"line":68,"column":48}},"23":{"start":{"line":69,"column":2},"end":{"line":69,"column":76}},"24":{"start":{"line":11,"column":0},"end":{"line":11,"column":13}}},"fnMap":{"0":{"name":"(anonymous_1)","decl":{"start":{"line":13,"column":2},"end":{"line":13,"column":7}},"loc":{"start":{"line":13,"column":47},"end":{"line":25,"column":3}}},"1":{"name":"(anonymous_2)","decl":{"start":{"line":28,"column":2},"end":{"line":28,"column":7}},"loc":{"start":{"line":28,"column":48},"end":{"line":41,"column":3}}},"2":{"name":"(anonymous_3)","decl":{"start":{"line":44,"column":2},"end":{"line":44,"column":7}},"loc":{"start":{"line":44,"column":44},"end":{"line":53,"column":3}}},"3":{"name":"(anonymous_4)","decl":{"start":{"line":59,"column":0},"end":{"line":59,"column":5}},"loc":{"start":{"line":59,"column":46},"end":{"line":70,"column":1}}}},"branchMap":{"0":{"loc":{"start":{"line":15,"column":4},"end":{"line":15,"column":99}},"type":"if","locations":[{"start":{"line":15,"column":4},"end":{"line":15,"column":99}},{"start":{},"end":{}}]},"1":{"loc":{"start":{"line":20,"column":15},"end":{"line":20,"column":35}},"type":"binary-expr","locations":[{"start":{"line":20,"column":15},"end":{"line":20,"column":27}},{"start":{"line":20,"column":31},"end":{"line":20,"column":35}}]},"2":{"loc":{"start":{"line":21,"column":21},"end":{"line":21,"column":33}},"type":"binary-expr","locations":[{"start":{"line":21,"column":21},"end":{"line":21,"column":27}},{"start":{"line":21,"column":31},"end":{"line":21,"column":33}}]},"3":{"loc":{"start":{"line":30,"column":4},"end":{"line":30,"column":99}},"type":"if","locations":[{"start":{"line":30,"column":4},"end":{"line":30,"column":99}},{"start":{},"end":{}}]},"4":{"loc":{"start":{"line":36,"column":15},"end":{"line":36,"column":35}},"type":"binary-expr","locations":[{"start":{"line":36,"column":15},"end":{"line":36,"column":27}},{"start":{"line":36,"column":31},"end":{"line":36,"column":35}}]},"5":{"loc":{"start":{"line":37,"column":21},"end":{"line":37,"column":33}},"type":"binary-expr","locations":[{"start":{"line":37,"column":21},"end":{"line":37,"column":27}},{"start":{"line":37,"column":31},"end":{"line":37,"column":33}}]},"6":{"loc":{"start":{"line":46,"column":19},"end":{"line":46,"column":38}},"type":"binary-expr","locations":[{"start":{"line":46,"column":19},"end":{"line":46,"column":33}},{"start":{"line":46,"column":37},"end":{"line":46,"column":38}}]},"7":{"loc":{"start":{"line":47,"column":20},"end":{"line":47,"column":41}},"type":"binary-expr","locations":[{"start":{"line":47,"column":20},"end":{"line":47,"column":35}},{"start":{"line":47,"column":39},"end":{"line":47,"column":41}}]},"8":{"loc":{"start":{"line":48,"column":24},"end":{"line":48,"column":49}},"type":"binary-expr","locations":[{"start":{"line":48,"column":24},"end":{"line":48,"column":43}},{"start":{"line":48,"column":47},"end":{"line":48,"column":49}}]},"9":{"loc":{"start":{"line":49,"column":19},"end":{"line":49,"column":39}},"type":"binary-expr","locations":[{"start":{"line":49,"column":19},"end":{"line":49,"column":33}},{"start":{"line":49,"column":37},"end":{"line":49,"column":39}}]},"10":{"loc":{"start":{"line":62,"column":30},"end":{"line":62,"column":62}},"type":"binary-expr","locations":[{"start":{"line":62,"column":30},"end":{"line":62,"column":57}},{"start":{"line":62,"column":61},"end":{"line":62,"column":62}}]},"11":{"loc":{"start":{"line":63,"column":19},"end":{"line":63,"column":89}},"type":"cond-expr","locations":[{"start":{"line":63,"column":55},"end":{"line":63,"column":82}},{"start":{"line":63,"column":85},"end":{"line":63,"column":89}}]},"12":{"loc":{"start":{"line":66,"column":4},"end":{"line":66,"column":76}},"type":"cond-expr","locations":[{"start":{"line":66,"column":53},"end":{"line":66,"column":61}},{"start":{"line":66,"column":64},"end":{"line":66,"column":76}}]},"13":{"loc":{"start":{"line":66,"column":4},"end":{"line":66,"column":50}},"type":"binary-expr","locations":[{"start":{"line":66,"column":4},"end":{"line":66,"column":21}},{"start":{"line":66,"column":25},"end":{"line":66,"column":50}}]}},"s":{"0":20,"1":20,"2":20,"3":20,"4":20,"5":20,"6":1,"7":1,"8":0,"9":1,"10":1,"11":1,"12":1,"13":0,"14":1,"15":1,"16":1,"17":1,"18":1,"19":1,"20":1,"21":1,"22":1,"23":1,"24":20},"f":{"0":1,"1":1,"2":1,"3":1},"b":{"0":[0,1],"1":[1,0],"2":[1,0],"3":[0,1],"4":[1,0],"5":[1,0],"6":[1,1],"7":[1,1],"8":[1,1],"9":[1,1],"10":[1,0],"11":[0,1],"12":[0,1],"13":[1,0]}}
,"C:\\Users\\97798\\Developer\\KrishiPal Web\\backend\\src\\controllers\\admin.order.controller.ts": {"path":"C:\\Users\\97798\\Developer\\KrishiPal Web\\backend\\src\\controllers\\admin.order.controller.ts","statementMap":{"0":{"start":{"line":3,"column":0},"end":{"line":3,"column":32}},"1":{"start":{"line":4,"column":0},"end":{"line":4,"column":24}},"2":{"start":{"line":5,"column":0},"end":{"line":5,"column":20}},"3":{"start":{"line":8,"column":0},"end":{"line":8,"column":49}},"4":{"start":{"line":9,"column":0},"end":{"line":9,"column":51}},"5":{"start":{"line":10,"column":0},"end":{"line":10,"column":71}},"6":{"start":{"line":11,"column":0},"end":{"line":11,"column":89}},"7":{"start":{"line":12,"column":0},"end":{"line":12,"column":76}},"8":{"start":{"line":13,"column":0},"end":{"line":13,"column":63}},"9":{"start":{"line":14,"column":0},"end":{"line":14,"column":69}},"10":{"start":{"line":15,"column":0},"end":{"line":15,"column":49}},"11":{"start":{"line":17,"column":23},"end":{"line":17,"column":93}},"12":{"start":{"line":22,"column":17},"end":{"line":22,"column":57}},"13":{"start":{"line":23,"column":18},"end":{"line":23,"column":75}},"14":{"start":{"line":24,"column":17},"end":{"line":24,"column":35}},"15":{"start":{"line":26,"column":19},"end":{"line":26,"column":56}},"16":{"start":{"line":27,"column":17},"end":{"line":27,"column":52}},"17":{"start":{"line":28,"column":15},"end":{"line":28,"column":48}},"18":{"start":{"line":30,"column":16},"end":{"line":30,"column":37}},"19":{"start":{"line":31,"column":4},"end":{"line":31,"column":96}},"20":{"start":{"line":31,"column":33},"end":{"line":31,"column":96}},"21":{"start":{"line":32,"column":4},"end":{"line":32,"column":90}},"22":{"start":{"line":32,"column":29},"end":{"line":32,"column":90}},"23":{"start":{"line":34,"column":24},"end":{"line":34,"column":44}},"24":{"start":{"line":37,"column":4},"end":{"line":42,"column":5}},"25":{"start":{"line":38,"column":29},"end":{"line":38,"column":31}},"26":{"start":{"line":39,"column":6},"end":{"line":39,"column":67}},"27":{"start":{"line":39,"column":16},"end":{"line":39,"column":67}},"28":{"start":{"line":40,"column":6},"end":{"line":40,"column":63}},"29":{"start":{"line":40,"column":14},"end":{"line":40,"column":63}},"30":{"start":{"line":41,"column":6},"end":{"line":41,"column":35}},"31":{"start":{"line":49,"column":17},"end":{"line":53,"column":13}},"32":{"start":{"line":55,"column":19},"end":{"line":55,"column":23}},"33":{"start":{"line":56,"column":4},"end":{"line":64,"column":5}},"34":{"start":{"line":57,"column":16},"end":{"line":57,"column":36}},"35":{"start":{"line":58,"column":6},"end":{"line":63,"column":9}},"36":{"start":{"line":59,"column":19},"end":{"line":59,"column":52}},"37":{"start":{"line":60,"column":18},"end":{"line":60,"column":62}},"38":{"start":{"line":61,"column":18},"end":{"line":61,"column":59}},"39":{"start":{"line":62,"column":8},"end":{"line":62,"column":64}},"40":{"start":{"line":66,"column":18},"end":{"line":66,"column":33}},"41":{"start":{"line":67,"column":18},"end":{"line":67,"column":52}},"42":{"start":{"line":69,"column":17},"end":{"line":85,"column":6}},"43":{"start":{"line":70,"column":25},"end":{"line":70,"column":103}},"44":{"start":{"line":70,"column":74},"end":{"line":70,"column":99}},"45":{"start":{"line":72,"column":6},"end":{"line":84,"column":8}},"46":{"start":{"line":87,"column":4},"end":{"line":91,"column":7}},"47":{"start":{"line":96,"column":19},"end":{"line":96,"column":29}},"48":{"start":{"line":97,"column":4},"end":{"line":97,"column":91}},"49":{"start":{"line":97,"column":46},"end":{"line":97,"column":91}},"50":{"start":{"line":99,"column":18},"end":{"line":101,"column":13}},"51":{"start":{"line":103,"column":4},"end":{"line":103,"column":60}},"52":{"start":{"line":103,"column":16},"end":{"line":103,"column":60}},"53":{"start":{"line":104,"column":4},"end":{"line":104,"column":64}},"54":{"start":{"line":109,"column":19},"end":{"line":109,"column":29}},"55":{"start":{"line":110,"column":4},"end":{"line":110,"column":91}},"56":{"start":{"line":110,"column":46},"end":{"line":110,"column":91}},"57":{"start":{"line":112,"column":18},"end":{"line":112,"column":80}},"58":{"start":{"line":113,"column":4},"end":{"line":113,"column":60}},"59":{"start":{"line":113,"column":16},"end":{"line":113,"column":60}},"60":{"start":{"line":115,"column":4},"end":{"line":117,"column":5}},"61":{"start":{"line":116,"column":6},"end":{"line":116,"column":71}},"62":{"start":{"line":119,"column":14},"end":{"line":121,"column":9}},"63":{"start":{"line":123,"column":14},"end":{"line":125,"column":7}},"64":{"start":{"line":127,"column":20},"end":{"line":127,"column":50}},"65":{"start":{"line":128,"column":21},"end":{"line":128,"column":83}},"66":{"start":{"line":130,"column":12},"end":{"line":144,"column":2}},"67":{"start":{"line":150,"column":4},"end":{"line":150,"column":53}},"68":{"start":{"line":151,"column":4},"end":{"line":151,"column":81}},"69":{"start":{"line":152,"column":4},"end":{"line":152,"column":37}},"70":{"start":{"line":157,"column":19},"end":{"line":157,"column":29}},"71":{"start":{"line":158,"column":4},"end":{"line":158,"column":91}},"72":{"start":{"line":158,"column":46},"end":{"line":158,"column":91}},"73":{"start":{"line":160,"column":19},"end":{"line":160,"column":70}},"74":{"start":{"line":161,"column":4},"end":{"line":163,"column":5}},"75":{"start":{"line":162,"column":6},"end":{"line":162,"column":88}},"76":{"start":{"line":165,"column":18},"end":{"line":168,"column":6}},"77":{"start":{"line":170,"column":4},"end":{"line":170,"column":60}},"78":{"start":{"line":170,"column":16},"end":{"line":170,"column":60}},"79":{"start":{"line":172,"column":22},"end":{"line":172,"column":62}},"80":{"start":{"line":173,"column":4},"end":{"line":175,"column":5}},"81":{"start":{"line":174,"column":6},"end":{"line":174,"column":77}},"82":{"start":{"line":177,"column":18},"end":{"line":177,"column":78}},"83":{"start":{"line":178,"column":21},"end":{"line":178,"column":81}},"84":{"start":{"line":179,"column":24},"end":{"line":179,"column":46}},"85":{"start":{"line":181,"column":4},"end":{"line":183,"column":5}},"86":{"start":{"line":182,"column":6},"end":{"line":182,"column":74}},"87":{"start":{"line":185,"column":4},"end":{"line":185,"column":33}},"88":{"start":{"line":187,"column":22},"end":{"line":187,"column":27}},"89":{"start":{"line":188,"column":4},"end":{"line":193,"column":5}},"90":{"start":{"line":189,"column":6},"end":{"line":189,"column":35}},"91":{"start":{"line":190,"column":6},"end":{"line":190,"column":35}},"92":{"start":{"line":191,"column":6},"end":{"line":191,"column":32}},"93":{"start":{"line":192,"column":6},"end":{"line":192,"column":25}},"94":{"start":{"line":195,"column":4},"end":{"line":195,"column":23}},"95":{"start":{"line":197,"column":4},"end":{"line":200,"column":5}},"96":{"start":{"line":198,"column":23},"end":{"line":198,"column":50}},"97":{"start":{"line":199,"column":6},"end":{"line":199,"column":85}},"98":{"start":{"line":202,"column":23},"end":{"line":202,"column":41}},"99":{"start":{"line":203,"column":15},"end":{"line":203,"column":26}},"100":{"start":{"line":205,"column":4},"end":{"line":214,"column":5}},"101":{"start":{"line":206,"column":6},"end":{"line":213,"column":97}},"102":{"start":{"line":213,"column":29},"end":{"line":213,"column":95}},"103":{"start":{"line":216,"column":4},"end":{"line":258,"column":5}},"104":{"start":{"line":217,"column":6},"end":{"line":257,"column":7}},"105":{"start":{"line":218,"column":25},"end":{"line":218,"column":66}},"106":{"start":{"line":219,"column":29},"end":{"line":219,"column":47}},"107":{"start":{"line":220,"column":32},"end":{"line":220,"column":53}},"108":{"start":{"line":222,"column":25},"end":{"line":222,"column":74}},"109":{"start":{"line":223,"column":29},"end":{"line":223,"column":75}},"110":{"start":{"line":225,"column":22},"end":{"line":227,"column":15}},"111":{"start":{"line":229,"column":24},"end":{"line":229,"column":54}},"112":{"start":{"line":230,"column":27},"end":{"line":245,"column":10}},"113":{"start":{"line":247,"column":8},"end":{"line":254,"column":11}},"114":{"start":{"line":256,"column":8},"end":{"line":256,"column":74}},"115":{"start":{"line":260,"column":4},"end":{"line":260,"column":75}},"116":{"start":{"line":19,"column":0},"end":{"line":19,"column":13}}},"fnMap":{"0":{"name":"(anonymous_1)","decl":{"start":{"line":21,"column":2},"end":{"line":21,"column":7}},"loc":{"start":{"line":21,"column":44},"end":{"line":92,"column":3}}},"1":{"name":"(anonymous_2)","decl":{"start":{"line":58,"column":29},"end":{"line":58,"column":30}},"loc":{"start":{"line":58,"column":40},"end":{"line":63,"column":7}}},"2":{"name":"(anonymous_3)","decl":{"start":{"line":69,"column":27},"end":{"line":69,"column":28}},"loc":{"start":{"line":69,"column":38},"end":{"line":85,"column":5}}},"3":{"name":"(anonymous_4)","decl":{"start":{"line":70,"column":48},"end":{"line":70,"column":49}},"loc":{"start":{"line":70,"column":74},"end":{"line":70,"column":99}}},"4":{"name":"(anonymous_5)","decl":{"start":{"line":95,"column":2},"end":{"line":95,"column":7}},"loc":{"start":{"line":95,"column":47},"end":{"line":105,"column":3}}},"5":{"name":"(anonymous_6)","decl":{"start":{"line":108,"column":2},"end":{"line":108,"column":7}},"loc":{"start":{"line":108,"column":55},"end":{"line":153,"column":3}}},"6":{"name":"(anonymous_7)","decl":{"start":{"line":156,"column":2},"end":{"line":156,"column":7}},"loc":{"start":{"line":156,"column":52},"end":{"line":261,"column":3}}},"7":{"name":"(anonymous_8)","decl":{"start":{"line":213,"column":15},"end":{"line":213,"column":16}},"loc":{"start":{"line":213,"column":29},"end":{"line":213,"column":95}}}},"branchMap":{"0":{"loc":{"start":{"line":22,"column":36},"end":{"line":22,"column":55}},"type":"binary-expr","locations":[{"start":{"line":22,"column":36},"end":{"line":22,"column":50}},{"start":{"line":22,"column":54},"end":{"line":22,"column":55}}]},"1":{"loc":{"start":{"line":23,"column":51},"end":{"line":23,"column":72}},"type":"binary-expr","locations":[{"start":{"line":23,"column":51},"end":{"line":23,"column":66}},{"start":{"line":23,"column":70},"end":{"line":23,"column":72}}]},"2":{"loc":{"start":{"line":26,"column":26},"end":{"line":26,"column":48}},"type":"binary-expr","locations":[{"start":{"line":26,"column":26},"end":{"line":26,"column":42}},{"start":{"line":26,"column":46},"end":{"line":26,"column":48}}]},"3":{"loc":{"start":{"line":27,"column":24},"end":{"line":27,"column":44}},"type":"binary-expr","locations":[{"start":{"line":27,"column":24},"end":{"line":27,"column":38}},{"start":{"line":27,"column":42},"end":{"line":27,"column":44}}]},"4":{"loc":{"start":{"line":28,"column":22},"end":{"line":28,"column":40}},"type":"binary-expr","locations":[{"start":{"line":28,"column":22},"end":{"line":28,"column":34}},{"start":{"line":28,"column":38},"end":{"line":28,"column":40}}]},"5":{"loc":{"start":{"line":31,"column":4},"end":{"line":31,"column":96}},"type":"if","locations":[{"start":{"line":31,"column":4},"end":{"line":31,"column":96}},{"start":{},"end":{}}]},"6":{"loc":{"start":{"line":31,"column":8},"end":{"line":31,"column":31}},"type":"binary-expr","locations":[{"start":{"line":31,"column":8},"end":{"line":31,"column":12}},{"start":{"line":31,"column":16},"end":{"line":31,"column":31}}]},"7":{"loc":{"start":{"line":32,"column":4},"end":{"line":32,"column":90}},"type":"if","locations":[{"start":{"line":32,"column":4},"end":{"line":32,"column":90}},{"start":{},"end":{}}]},"8":{"loc":{"start":{"line":32,"column":8},"end":{"line":32,"column":27}},"type":"binary-expr","locations":[{"start":{"line":32,"column":8},"end":{"line":32,"column":10}},{"start":{"line":32,"column":14},"end":{"line":32,"column":27}}]},"9":{"loc":{"start":{"line":37,"column":4},"end":{"line":42,"column":5}},"type":"if","locations":[{"start":{"line":37,"column":4},"end":{"line":42,"column":5}},{"start":{},"end":{}}]},"10":{"loc":{"start":{"line":37,"column":8},"end":{"line":37,"column":18}},"type":"binary-expr","locations":[{"start":{"line":37,"column":8},"end":{"line":37,"column":12}},{"start":{"line":37,"column":16},"end":{"line":37,"column":18}}]},"11":{"loc":{"start":{"line":39,"column":6},"end":{"line":39,"column":67}},"type":"if","locations":[{"start":{"line":39,"column":6},"end":{"line":39,"column":67}},{"start":{},"end":{}}]},"12":{"loc":{"start":{"line":40,"column":6},"end":{"line":40,"column":63}},"type":"if","locations":[{"start":{"line":40,"column":6},"end":{"line":40,"column":63}},{"start":{},"end":{}}]},"13":{"loc":{"start":{"line":56,"column":4},"end":{"line":64,"column":5}},"type":"if","locations":[{"start":{"line":56,"column":4},"end":{"line":64,"column":5}},{"start":{},"end":{}}]},"14":{"loc":{"start":{"line":59,"column":26},"end":{"line":59,"column":37}},"type":"binary-expr","locations":[{"start":{"line":59,"column":26},"end":{"line":59,"column":31}},{"start":{"line":59,"column":35},"end":{"line":59,"column":37}}]},"15":{"loc":{"start":{"line":60,"column":25},"end":{"line":60,"column":47}},"type":"binary-expr","locations":[{"start":{"line":60,"column":25},"end":{"line":60,"column":41}},{"start":{"line":60,"column":45},"end":{"line":60,"column":47}}]},"16":{"loc":{"start":{"line":61,"column":25},"end":{"line":61,"column":44}},"type":"binary-expr","locations":[{"start":{"line":61,"column":25},"end":{"line":61,"column":38}},{"start":{"line":61,"column":42},"end":{"line":61,"column":44}}]},"17":{"loc":{"start":{"line":62,"column":15},"end":{"line":62,"column":63}},"type":"binary-expr","locations":[{"start":{"line":62,"column":15},"end":{"line":62,"column":29}},{"start":{"line":62,"column":33},"end":{"line":62,"column":46}},{"start":{"line":62,"column":50},"end":{"line":62,"column":63}}]},"18":{"loc":{"start":{"line":70,"column":26},"end":{"line":70,"column":39}},"type":"binary-expr","locations":[{"start":{"line":70,"column":26},"end":{"line":70,"column":33}},{"start":{"line":70,"column":37},"end":{"line":70,"column":39}}]},"19":{"loc":{"start":{"line":70,"column":87},"end":{"line":70,"column":98}},"type":"binary-expr","locations":[{"start":{"line":70,"column":87},"end":{"line":70,"column":93}},{"start":{"line":70,"column":97},"end":{"line":70,"column":98}}]},"20":{"loc":{"start":{"line":74,"column":18},"end":{"line":74,"column":41}},"type":"binary-expr","locations":[{"start":{"line":74,"column":18},"end":{"line":74,"column":34}},{"start":{"line":74,"column":38},"end":{"line":74,"column":41}}]},"21":{"loc":{"start":{"line":75,"column":19},"end":{"line":75,"column":39}},"type":"binary-expr","locations":[{"start":{"line":75,"column":19},"end":{"line":75,"column":32}},{"start":{"line":75,"column":36},"end":{"line":75,"column":39}}]},"22":{"loc":{"start":{"line":77,"column":25},"end":{"line":77,"column":40}},"type":"binary-expr","locations":[{"start":{"line":77,"column":25},"end":{"line":77,"column":35}},{"start":{"line":77,"column":39},"end":{"line":77,"column":40}}]},"23":{"loc":{"start":{"line":78,"column":22},"end":{"line":78,"column":34}},"type":"binary-expr","locations":[{"start":{"line":78,"column":22},"end":{"line":78,"column":29}},{"start":{"line":78,"column":33},"end":{"line":78,"column":34}}]},"24":{"loc":{"start":{"line":97,"column":4},"end":{"line":97,"column":91}},"type":"if","locations":[{"start":{"line":97,"column":4},"end":{"line":97,"column":91}},{"start":{},"end":{}}]},"25":{"loc":{"start":{"line":103,"column":4},"end":{"line":103,"column":60}},"type":"if","locations":[{"start":{"line":103,"column":4},"end":{"line":103,"column":60}},{"start":{},"end":{}}]},"26":{"loc":{"start":{"line":110,"column":4},"end":{"line":110,"column":91}},"type":"if","locations":[{"start":{"line":110,"column":4},"end":{"line":110,"column":91}},{"start":{},"end":{}}]},"27":{"loc":{"start":{"line":113,"column":4},"end":{"line":113,"column":60}},"type":"if","locations":[{"start":{"line":113,"column":4},"end":{"line":113,"column":60}},{"start":{},"end":{}}]},"28":{"loc":{"start":{"line":115,"column":4},"end":{"line":117,"column":5}},"type":"if","locations":[{"start":{"line":115,"column":4},"end":{"line":117,"column":5}},{"start":{},"end":{}}]},"29":{"loc":{"start":{"line":123,"column":14},"end":{"line":125,"column":7}},"type":"cond-expr","locations":[{"start":{"line":124,"column":4},"end":{"line":124,"column":83}},{"start":{"line":125,"column":4},"end":{"line":125,"column":7}}]},"30":{"loc":{"start":{"line":124,"column":14},"end":{"line":124,"column":34}},"type":"binary-expr","locations":[{"start":{"line":124,"column":14},"end":{"line":124,"column":28}},{"start":{"line":124,"column":32},"end":{"line":124,"column":34}}]},"31":{"loc":{"start":{"line":124,"column":52},"end":{"line":124,"column":66}},"type":"binary-expr","locations":[{"start":{"line":124,"column":52},"end":{"line":124,"column":60}},{"start":{"line":124,"column":64},"end":{"line":124,"column":66}}]},"32":{"loc":{"start":{"line":128,"column":21},"end":{"line":128,"column":83}},"type":"cond-expr","locations":[{"start":{"line":128,"column":55},"end":{"line":128,"column":71}},{"start":{"line":128,"column":74},"end":{"line":128,"column":83}}]},"33":{"loc":{"start":{"line":140,"column":10},"end":{"line":140,"column":28}},"type":"binary-expr","locations":[{"start":{"line":140,"column":10},"end":{"line":140,"column":21}},{"start":{"line":140,"column":25},"end":{"line":140,"column":28}}]},"34":{"loc":{"start":{"line":141,"column":11},"end":{"line":141,"column":26}},"type":"binary-expr","locations":[{"start":{"line":141,"column":11},"end":{"line":141,"column":19}},{"start":{"line":141,"column":23},"end":{"line":141,"column":26}}]},"35":{"loc":{"start":{"line":158,"column":4},"end":{"line":158,"column":91}},"type":"if","locations":[{"start":{"line":158,"column":4},"end":{"line":158,"column":91}},{"start":{},"end":{}}]},"36":{"loc":{"start":{"line":160,"column":26},"end":{"line":160,"column":48}},"type":"binary-expr","locations":[{"start":{"line":160,"column":26},"end":{"line":160,"column":42}},{"start":{"line":160,"column":46},"end":{"line":160,"column":48}}]},"37":{"loc":{"start":{"line":161,"column":4},"end":{"line":163,"column":5}},"type":"if","locations":[{"start":{"line":161,"column":4},"end":{"line":163,"column":5}},{"start":{},"end":{}}]},"38":{"loc":{"start":{"line":170,"column":4},"end":{"line":170,"column":60}},"type":"if","locations":[{"start":{"line":170,"column":4},"end":{"line":170,"column":60}},{"start":{},"end":{}}]},"39":{"loc":{"start":{"line":172,"column":29},"end":{"line":172,"column":47}},"type":"binary-expr","locations":[{"start":{"line":172,"column":29},"end":{"line":172,"column":41}},{"start":{"line":172,"column":45},"end":{"line":172,"column":47}}]},"40":{"loc":{"start":{"line":173,"column":4},"end":{"line":175,"column":5}},"type":"if","locations":[{"start":{"line":173,"column":4},"end":{"line":175,"column":5}},{"start":{},"end":{}}]},"41":{"loc":{"start":{"line":177,"column":25},"end":{"line":177,"column":53}},"type":"binary-expr","locations":[{"start":{"line":177,"column":25},"end":{"line":177,"column":44}},{"start":{"line":177,"column":48},"end":{"line":177,"column":53}}]},"42":{"loc":{"start":{"line":178,"column":28},"end":{"line":178,"column":53}},"type":"binary-expr","locations":[{"start":{"line":178,"column":28},"end":{"line":178,"column":47}},{"start":{"line":178,"column":51},"end":{"line":178,"column":53}}]},"43":{"loc":{"start":{"line":181,"column":4},"end":{"line":183,"column":5}},"type":"if","locations":[{"start":{"line":181,"column":4},"end":{"line":183,"column":5}},{"start":{},"end":{}}]},"44":{"loc":{"start":{"line":181,"column":8},"end":{"line":181,"column":87}},"type":"binary-expr","locations":[{"start":{"line":181,"column":8},"end":{"line":181,"column":16}},{"start":{"line":181,"column":20},"end":{"line":181,"column":31}},{"start":{"line":181,"column":35},"end":{"line":181,"column":87}}]},"45":{"loc":{"start":{"line":188,"column":4},"end":{"line":193,"column":5}},"type":"if","locations":[{"start":{"line":188,"column":4},"end":{"line":193,"column":5}},{"start":{},"end":{}}]},"46":{"loc":{"start":{"line":188,"column":8},"end":{"line":188,"column":84}},"type":"binary-expr","locations":[{"start":{"line":188,"column":8},"end":{"line":188,"column":13}},{"start":{"line":188,"column":17},"end":{"line":188,"column":28}},{"start":{"line":188,"column":32},"end":{"line":188,"column":84}}]},"47":{"loc":{"start":{"line":197,"column":4},"end":{"line":200,"column":5}},"type":"if","locations":[{"start":{"line":197,"column":4},"end":{"line":200,"column":5}},{"start":{},"end":{}}]},"48":{"loc":{"start":{"line":199,"column":63},"end":{"line":199,"column":83}},"type":"binary-expr","locations":[{"start":{"line":199,"column":63},"end":{"line":199,"column":75}},{"start":{"line":199,"column":79},"end":{"line":199,"column":83}}]},"49":{"loc":{"start":{"line":205,"column":4},"end":{"line":214,"column":5}},"type":"if","locations":[{"start":{"line":205,"column":4},"end":{"line":214,"column":5}},{"start":{},"end":{}}]},"50":{"loc":{"start":{"line":211,"column":22},"end":{"line":211,"column":38}},"type":"binary-expr","locations":[{"start":{"line":211,"column":22},"end":{"line":211,"column":33}},{"start":{"line":211,"column":37},"end":{"line":211,"column":38}}]},"51":{"loc":{"start":{"line":212,"column":24},"end":{"line":212,"column":43}},"type":"binary-expr","locations":[{"start":{"line":212,"column":24},"end":{"line":212,"column":37}},{"start":{"line":212,"column":41},"end":{"line":212,"column":43}}]},"52":{"loc":{"start":{"line":213,"column":75},"end":{"line":213,"column":94}},"type":"binary-expr","locations":[{"start":{"line":213,"column":75},"end":{"line":213,"column":87}},{"start":{"line":213,"column":91},"end":{"line":213,"column":94}}]},"53":{"loc":{"start":{"line":216,"column":4},"end":{"line":258,"column":5}},"type":"if","locations":[{"start":{"line":216,"column":4},"end":{"line":258,"column":5}},{"start":{},"end":{}}]},"54":{"loc":{"start":{"line":216,"column":8},"end":{"line":216,"column":25}},"type":"binary-expr","locations":[{"start":{"line":216,"column":8},"end":{"line":216,"column":19}},{"start":{"line":216,"column":23},"end":{"line":216,"column":25}}]},"55":{"loc":{"start":{"line":223,"column":29},"end":{"line":223,"column":75}},"type":"cond-expr","locations":[{"start":{"line":223,"column":55},"end":{"line":223,"column":63}},{"start":{"line":223,"column":66},"end":{"line":223,"column":75}}]},"56":{"loc":{"start":{"line":225,"column":22},"end":{"line":227,"column":15}},"type":"cond-expr","locations":[{"start":{"line":226,"column":12},"end":{"line":226,"column":97}},{"start":{"line":227,"column":12},"end":{"line":227,"column":15}}]},"57":{"loc":{"start":{"line":226,"column":22},"end":{"line":226,"column":45}},"type":"binary-expr","locations":[{"start":{"line":226,"column":22},"end":{"line":226,"column":39}},{"start":{"line":226,"column":43},"end":{"line":226,"column":45}}]},"58":{"loc":{"start":{"line":226,"column":63},"end":{"line":226,"column":80}},"type":"binary-expr","locations":[{"start":{"line":226,"column":63},"end":{"line":226,"column":74}},{"start":{"line":226,"column":78},"end":{"line":226,"column":80}}]},"59":{"loc":{"start":{"line":240,"column":18},"end":{"line":240,"column":39}},"type":"binary-expr","locations":[{"start":{"line":240,"column":18},"end":{"line":240,"column":32}},{"start":{"line":240,"column":36},"end":{"line":240,"column":39}}]},"60":{"loc":{"start":{"line":241,"column":19},"end":{"line":241,"column":37}},"type":"binary-expr","locations":[{"start":{"line":241,"column":19},"end":{"line":241,"column":30}},{"start":{"line":241,"column":34},"end":{"line":241,"column":37}}]},"61":{"loc":{"start":{"line":251,"column":24},"end":{"line":251,"column":40}},"type":"binary-expr","locations":[{"start":{"line":251,"column":24},"end":{"line":251,"column":35}},{"start":{"line":251,"column":39},"end":{"line":251,"column":40}}]},"62":{"loc":{"start":{"line":256,"column":53},"end":{"line":256,"column":72}},"type":"binary-expr","locations":[{"start":{"line":256,"column":53},"end":{"line":256,"column":65}},{"start":{"line":256,"column":69},"end":{"line":256,"column":72}}]}},"s":{"0":20,"1":20,"2":20,"3":20,"4":20,"5":20,"6":20,"7":20,"8":20,"9":20,"10":20,"11":20,"12":1,"13":1,"14":1,"15":1,"16":1,"17":1,"18":1,"19":1,"20":0,"21":1,"22":0,"23":1,"24":1,"25":0,"26":0,"27":0,"28":0,"29":0,"30":0,"31":1,"32":1,"33":1,"34":0,"35":0,"36":0,"37":0,"38":0,"39":0,"40":1,"41":1,"42":1,"43":20,"44":8,"45":20,"46":1,"47":1,"48":1,"49":0,"50":1,"51":1,"52":0,"53":1,"54":1,"55":1,"56":0,"57":1,"58":1,"59":0,"60":1,"61":0,"62":1,"63":1,"64":1,"65":1,"66":1,"67":1,"68":1,"69":1,"70":1,"71":1,"72":0,"73":1,"74":1,"75":0,"76":1,"77":1,"78":0,"79":1,"80":1,"81":0,"82":1,"83":1,"84":1,"85":1,"86":0,"87":1,"88":1,"89":1,"90":0,"91":0,"92":0,"93":0,"94":1,"95":1,"96":0,"97":0,"98":1,"99":1,"100":1,"101":1,"102":0,"103":1,"104":0,"105":0,"106":0,"107":0,"108":0,"109":0,"110":0,"111":0,"112":0,"113":0,"114":0,"115":1,"116":20},"f":{"0":1,"1":0,"2":20,"3":8,"4":1,"5":1,"6":1,"7":0},"b":{"0":[1,1],"1":[1,1],"2":[1,1],"3":[1,1],"4":[1,1],"5":[0,1],"6":[1,0],"7":[0,1],"8":[1,0],"9":[0,1],"10":[1,1],"11":[0,0],"12":[0,0],"13":[0,1],"14":[0,0],"15":[0,0],"16":[0,0],"17":[0,0,0],"18":[20,0],"19":[8,0],"20":[20,0],"21":[20,0],"22":[20,0],"23":[20,0],"24":[0,1],"25":[0,1],"26":[0,1],"27":[0,1],"28":[0,1],"29":[1,0],"30":[1,0],"31":[1,0],"32":[1,0],"33":[1,0],"34":[1,0],"35":[0,1],"36":[1,0],"37":[0,1],"38":[0,1],"39":[1,0],"40":[0,1],"41":[1,0],"42":[1,0],"43":[0,1],"44":[1,0,0],"45":[0,1],"46":[1,1,0],"47":[0,1],"48":[0,0],"49":[1,0],"50":[1,0],"51":[1,0],"52":[0,0],"53":[0,1],"54":[1,0],"55":[0,0],"56":[0,0],"57":[0,0],"58":[0,0],"59":[0,0],"60":[0,0],"61":[0,0],"62":[0,0]}}
,"C:\\Users\\97798\\Developer\\KrishiPal Web\\backend\\src\\controllers\\admin.payment.controller.ts": {"path":"C:\\Users\\97798\\Developer\\KrishiPal Web\\backend\\src\\controllers\\admin.payment.controller.ts","statementMap":{"0":{"start":{"line":2,"column":0},"end":{"line":2,"column":32}},"1":{"start":{"line":4,"column":0},"end":{"line":4,"column":49}},"2":{"start":{"line":5,"column":0},"end":{"line":5,"column":62}},"3":{"start":{"line":6,"column":0},"end":{"line":6,"column":68}},"4":{"start":{"line":11,"column":17},"end":{"line":11,"column":57}},"5":{"start":{"line":12,"column":18},"end":{"line":12,"column":75}},"6":{"start":{"line":13,"column":17},"end":{"line":13,"column":35}},"7":{"start":{"line":14,"column":19},"end":{"line":14,"column":56}},"8":{"start":{"line":16,"column":24},"end":{"line":16,"column":26}},"9":{"start":{"line":17,"column":4},"end":{"line":27,"column":5}},"10":{"start":{"line":19,"column":6},"end":{"line":22,"column":8}},"11":{"start":{"line":23,"column":6},"end":{"line":26,"column":7}},"12":{"start":{"line":24,"column":8},"end":{"line":24,"column":43}},"13":{"start":{"line":25,"column":8},"end":{"line":25,"column":42}},"14":{"start":{"line":29,"column":26},"end":{"line":38,"column":6}},"15":{"start":{"line":40,"column":4},"end":{"line":44,"column":7}},"16":{"start":{"line":49,"column":17},"end":{"line":49,"column":57}},"17":{"start":{"line":50,"column":18},"end":{"line":50,"column":75}},"18":{"start":{"line":51,"column":17},"end":{"line":51,"column":35}},"19":{"start":{"line":52,"column":19},"end":{"line":52,"column":56}},"20":{"start":{"line":54,"column":24},"end":{"line":54,"column":26}},"21":{"start":{"line":55,"column":4},"end":{"line":55,"column":39}},"22":{"start":{"line":55,"column":16},"end":{"line":55,"column":39}},"23":{"start":{"line":57,"column":26},"end":{"line":66,"column":6}},"24":{"start":{"line":68,"column":4},"end":{"line":68,"column":93}},"25":{"start":{"line":73,"column":15},"end":{"line":73,"column":42}},"26":{"start":{"line":74,"column":4},"end":{"line":74,"column":92}},"27":{"start":{"line":74,"column":46},"end":{"line":74,"column":92}},"28":{"start":{"line":76,"column":15},"end":{"line":76,"column":52}},"29":{"start":{"line":77,"column":4},"end":{"line":77,"column":66}},"30":{"start":{"line":77,"column":13},"end":{"line":77,"column":66}},"31":{"start":{"line":79,"column":4},"end":{"line":79,"column":102}},"32":{"start":{"line":79,"column":35},"end":{"line":79,"column":102}},"33":{"start":{"line":81,"column":4},"end":{"line":81,"column":27}},"34":{"start":{"line":82,"column":4},"end":{"line":82,"column":68}},"35":{"start":{"line":83,"column":4},"end":{"line":83,"column":62}},"36":{"start":{"line":84,"column":4},"end":{"line":84,"column":31}},"37":{"start":{"line":85,"column":4},"end":{"line":85,"column":20}},"38":{"start":{"line":87,"column":4},"end":{"line":87,"column":72}},"39":{"start":{"line":92,"column":15},"end":{"line":92,"column":42}},"40":{"start":{"line":93,"column":4},"end":{"line":93,"column":92}},"41":{"start":{"line":93,"column":46},"end":{"line":93,"column":92}},"42":{"start":{"line":95,"column":15},"end":{"line":95,"column":52}},"43":{"start":{"line":96,"column":4},"end":{"line":96,"column":66}},"44":{"start":{"line":96,"column":13},"end":{"line":96,"column":66}},"45":{"start":{"line":98,"column":4},"end":{"line":98,"column":102}},"46":{"start":{"line":98,"column":35},"end":{"line":98,"column":102}},"47":{"start":{"line":100,"column":4},"end":{"line":100,"column":27}},"48":{"start":{"line":101,"column":4},"end":{"line":101,"column":68}},"49":{"start":{"line":102,"column":4},"end":{"line":102,"column":62}},"50":{"start":{"line":103,"column":4},"end":{"line":103,"column":31}},"51":{"start":{"line":104,"column":4},"end":{"line":104,"column":20}},"52":{"start":{"line":106,"column":4},"end":{"line":106,"column":72}},"53":{"start":{"line":111,"column":15},"end":{"line":111,"column":42}},"54":{"start":{"line":112,"column":4},"end":{"line":112,"column":92}},"55":{"start":{"line":112,"column":46},"end":{"line":112,"column":92}},"56":{"start":{"line":114,"column":15},"end":{"line":114,"column":52}},"57":{"start":{"line":115,"column":4},"end":{"line":115,"column":66}},"58":{"start":{"line":115,"column":13},"end":{"line":115,"column":66}},"59":{"start":{"line":117,"column":4},"end":{"line":117,"column":101}},"60":{"start":{"line":117,"column":34},"end":{"line":117,"column":101}},"61":{"start":{"line":119,"column":4},"end":{"line":119,"column":28}},"62":{"start":{"line":120,"column":4},"end":{"line":120,"column":32}},"63":{"start":{"line":121,"column":4},"end":{"line":121,"column":20}},"64":{"start":{"line":123,"column":4},"end":{"line":123,"column":72}},"65":{"start":{"line":8,"column":0},"end":{"line":8,"column":13}}},"fnMap":{"0":{"name":"(anonymous_1)","decl":{"start":{"line":10,"column":2},"end":{"line":10,"column":7}},"loc":{"start":{"line":10,"column":48},"end":{"line":45,"column":3}}},"1":{"name":"(anonymous_2)","decl":{"start":{"line":48,"column":2},"end":{"line":48,"column":7}},"loc":{"start":{"line":48,"column":51},"end":{"line":69,"column":3}}},"2":{"name":"(anonymous_3)","decl":{"start":{"line":72,"column":2},"end":{"line":72,"column":7}},"loc":{"start":{"line":72,"column":53},"end":{"line":88,"column":3}}},"3":{"name":"(anonymous_4)","decl":{"start":{"line":91,"column":2},"end":{"line":91,"column":7}},"loc":{"start":{"line":91,"column":52},"end":{"line":107,"column":3}}},"4":{"name":"(anonymous_5)","decl":{"start":{"line":110,"column":2},"end":{"line":110,"column":7}},"loc":{"start":{"line":110,"column":53},"end":{"line":124,"column":3}}}},"branchMap":{"0":{"loc":{"start":{"line":11,"column":36},"end":{"line":11,"column":55}},"type":"binary-expr","locations":[{"start":{"line":11,"column":36},"end":{"line":11,"column":50}},{"start":{"line":11,"column":54},"end":{"line":11,"column":55}}]},"1":{"loc":{"start":{"line":12,"column":51},"end":{"line":12,"column":72}},"type":"binary-expr","locations":[{"start":{"line":12,"column":51},"end":{"line":12,"column":66}},{"start":{"line":12,"column":70},"end":{"line":12,"column":72}}]},"2":{"loc":{"start":{"line":14,"column":26},"end":{"line":14,"column":48}},"type":"binary-expr","locations":[{"start":{"line":14,"column":26},"end":{"line":14,"column":42}},{"start":{"line":14,"column":46},"end":{"line":14,"column":48}}]},"3":{"loc":{"start":{"line":17,"column":4},"end":{"line":27,"column":5}},"type":"if","locations":[{"start":{"line":17,"column":4},"end":{"line":27,"column":5}},{"start":{},"end":{}}]},"4":{"loc":{"start":{"line":23,"column":6},"end":{"line":26,"column":7}},"type":"if","locations":[{"start":{"line":23,"column":6},"end":{"line":26,"column":7}},{"start":{},"end":{}}]},"5":{"loc":{"start":{"line":49,"column":36},"end":{"line":49,"column":55}},"type":"binary-expr","locations":[{"start":{"line":49,"column":36},"end":{"line":49,"column":50}},{"start":{"line":49,"column":54},"end":{"line":49,"column":55}}]},"6":{"loc":{"start":{"line":50,"column":51},"end":{"line":50,"column":72}},"type":"binary-expr","locations":[{"start":{"line":50,"column":51},"end":{"line":50,"column":66}},{"start":{"line":50,"column":70},"end":{"line":50,"column":72}}]},"7":{"loc":{"start":{"line":52,"column":26},"end":{"line":52,"column":48}},"type":"binary-expr","locations":[{"start":{"line":52,"column":26},"end":{"line":52,"column":42}},{"start":{"line":52,"column":46},"end":{"line":52,"column":48}}]},"8":{"loc":{"start":{"line":55,"column":4},"end":{"line":55,"column":39}},"type":"if","locations":[{"start":{"line":55,"column":4},"end":{"line":55,"column":39}},{"start":{},"end":{}}]},"9":{"loc":{"start":{"line":73,"column":22},"end":{"line":73,"column":41}},"type":"binary-expr","locations":[{"start":{"line":73,"column":22},"end":{"line":73,"column":35}},{"start":{"line":73,"column":39},"end":{"line":73,"column":41}}]},"10":{"loc":{"start":{"line":74,"column":4},"end":{"line":74,"column":92}},"type":"if","locations":[{"start":{"line":74,"column":4},"end":{"line":74,"column":92}},{"start":{},"end":{}}]},"11":{"loc":{"start":{"line":77,"column":4},"end":{"line":77,"column":66}},"type":"if","locations":[{"start":{"line":77,"column":4},"end":{"line":77,"column":66}},{"start":{},"end":{}}]},"12":{"loc":{"start":{"line":79,"column":4},"end":{"line":79,"column":102}},"type":"if","locations":[{"start":{"line":79,"column":4},"end":{"line":79,"column":102}},{"start":{},"end":{}}]},"13":{"loc":{"start":{"line":82,"column":19},"end":{"line":82,"column":67}},"type":"binary-expr","locations":[{"start":{"line":82,"column":19},"end":{"line":82,"column":59}},{"start":{"line":82,"column":63},"end":{"line":82,"column":67}}]},"14":{"loc":{"start":{"line":82,"column":26},"end":{"line":82,"column":51}},"type":"binary-expr","locations":[{"start":{"line":82,"column":26},"end":{"line":82,"column":45}},{"start":{"line":82,"column":49},"end":{"line":82,"column":51}}]},"15":{"loc":{"start":{"line":92,"column":22},"end":{"line":92,"column":41}},"type":"binary-expr","locations":[{"start":{"line":92,"column":22},"end":{"line":92,"column":35}},{"start":{"line":92,"column":39},"end":{"line":92,"column":41}}]},"16":{"loc":{"start":{"line":93,"column":4},"end":{"line":93,"column":92}},"type":"if","locations":[{"start":{"line":93,"column":4},"end":{"line":93,"column":92}},{"start":{},"end":{}}]},"17":{"loc":{"start":{"line":96,"column":4},"end":{"line":96,"column":66}},"type":"if","locations":[{"start":{"line":96,"column":4},"end":{"line":96,"column":66}},{"start":{},"end":{}}]},"18":{"loc":{"start":{"line":98,"column":4},"end":{"line":98,"column":102}},"type":"if","locations":[{"start":{"line":98,"column":4},"end":{"line":98,"column":102}},{"start":{},"end":{}}]},"19":{"loc":{"start":{"line":101,"column":19},"end":{"line":101,"column":67}},"type":"binary-expr","locations":[{"start":{"line":101,"column":19},"end":{"line":101,"column":59}},{"start":{"line":101,"column":63},"end":{"line":101,"column":67}}]},"20":{"loc":{"start":{"line":101,"column":26},"end":{"line":101,"column":51}},"type":"binary-expr","locations":[{"start":{"line":101,"column":26},"end":{"line":101,"column":45}},{"start":{"line":101,"column":49},"end":{"line":101,"column":51}}]},"21":{"loc":{"start":{"line":111,"column":22},"end":{"line":111,"column":41}},"type":"binary-expr","locations":[{"start":{"line":111,"column":22},"end":{"line":111,"column":35}},{"start":{"line":111,"column":39},"end":{"line":111,"column":41}}]},"22":{"loc":{"start":{"line":112,"column":4},"end":{"line":112,"column":92}},"type":"if","locations":[{"start":{"line":112,"column":4},"end":{"line":112,"column":92}},{"start":{},"end":{}}]},"23":{"loc":{"start":{"line":115,"column":4},"end":{"line":115,"column":66}},"type":"if","locations":[{"start":{"line":115,"column":4},"end":{"line":115,"column":66}},{"start":{},"end":{}}]},"24":{"loc":{"start":{"line":117,"column":4},"end":{"line":117,"column":101}},"type":"if","locations":[{"start":{"line":117,"column":4},"end":{"line":117,"column":101}},{"start":{},"end":{}}]}},"s":{"0":20,"1":20,"2":20,"3":20,"4":1,"5":1,"6":1,"7":1,"8":1,"9":1,"10":0,"11":0,"12":0,"13":0,"14":1,"15":1,"16":1,"17":1,"18":1,"19":1,"20":1,"21":1,"22":0,"23":1,"24":1,"25":1,"26":1,"27":0,"28":1,"29":1,"30":0,"31":1,"32":0,"33":1,"34":1,"35":1,"36":1,"37":1,"38":1,"39":0,"40":0,"41":0,"42":0,"43":0,"44":0,"45":0,"46":0,"47":0,"48":0,"49":0,"50":0,"51":0,"52":0,"53":1,"54":1,"55":0,"56":1,"57":1,"58":0,"59":1,"60":0,"61":1,"62":1,"63":1,"64":1,"65":20},"f":{"0":1,"1":1,"2":1,"3":0,"4":1},"b":{"0":[1,1],"1":[1,1],"2":[1,1],"3":[0,1],"4":[0,0],"5":[1,1],"6":[1,1],"7":[1,1],"8":[0,1],"9":[1,0],"10":[0,1],"11":[0,1],"12":[0,1],"13":[1,1],"14":[1,1],"15":[0,0],"16":[0,0],"17":[0,0],"18":[0,0],"19":[0,0],"20":[0,0],"21":[1,0],"22":[0,1],"23":[0,1],"24":[0,1]}}
,"C:\\Users\\97798\\Developer\\KrishiPal Web\\backend\\src\\controllers\\admin.product.controller.ts": {"path":"C:\\Users\\97798\\Developer\\KrishiPal Web\\backend\\src\\controllers\\admin.product.controller.ts","statementMap":{"0":{"start":{"line":2,"column":0},"end":{"line":2,"column":20}},"1":{"start":{"line":3,"column":0},"end":{"line":3,"column":61}},"2":{"start":{"line":4,"column":0},"end":{"line":4,"column":83}},"3":{"start":{"line":6,"column":16},"end":{"line":6,"column":36}},"4":{"start":{"line":10,"column":19},"end":{"line":10,"column":60}},"5":{"start":{"line":11,"column":4},"end":{"line":13,"column":5}},"6":{"start":{"line":12,"column":6},"end":{"line":12,"column":93}},"7":{"start":{"line":15,"column":20},"end":{"line":15,"column":43}},"8":{"start":{"line":16,"column":20},"end":{"line":16,"column":60}},"9":{"start":{"line":18,"column":4},"end":{"line":18,"column":66}},"10":{"start":{"line":22,"column":15},"end":{"line":22,"column":55}},"11":{"start":{"line":23,"column":16},"end":{"line":23,"column":72}},"12":{"start":{"line":24,"column":17},"end":{"line":24,"column":54}},"13":{"start":{"line":26,"column":17},"end":{"line":26,"column":65}},"14":{"start":{"line":28,"column":2},"end":{"line":32,"column":5}},"15":{"start":{"line":36,"column":17},"end":{"line":36,"column":53}},"16":{"start":{"line":37,"column":4},"end":{"line":37,"column":93}},"17":{"start":{"line":37,"column":15},"end":{"line":37,"column":93}},"18":{"start":{"line":38,"column":4},"end":{"line":38,"column":57}},"19":{"start":{"line":42,"column":19},"end":{"line":42,"column":60}},"20":{"start":{"line":43,"column":4},"end":{"line":45,"column":5}},"21":{"start":{"line":44,"column":6},"end":{"line":44,"column":93}},"22":{"start":{"line":47,"column":20},"end":{"line":47,"column":43}},"23":{"start":{"line":48,"column":20},"end":{"line":48,"column":75}},"24":{"start":{"line":50,"column":4},"end":{"line":50,"column":66}},"25":{"start":{"line":54,"column":20},"end":{"line":54,"column":59}},"26":{"start":{"line":55,"column":4},"end":{"line":55,"column":99}},"27":{"start":{"line":59,"column":20},"end":{"line":59,"column":59}},"28":{"start":{"line":60,"column":4},"end":{"line":60,"column":99}},"29":{"start":{"line":8,"column":0},"end":{"line":8,"column":13}}},"fnMap":{"0":{"name":"(anonymous_1)","decl":{"start":{"line":9,"column":2},"end":{"line":9,"column":7}},"loc":{"start":{"line":9,"column":42},"end":{"line":19,"column":3}}},"1":{"name":"(anonymous_2)","decl":{"start":{"line":21,"column":2},"end":{"line":21,"column":7}},"loc":{"start":{"line":21,"column":40},"end":{"line":33,"column":1}}},"2":{"name":"(anonymous_3)","decl":{"start":{"line":35,"column":2},"end":{"line":35,"column":7}},"loc":{"start":{"line":35,"column":43},"end":{"line":39,"column":3}}},"3":{"name":"(anonymous_4)","decl":{"start":{"line":41,"column":2},"end":{"line":41,"column":7}},"loc":{"start":{"line":41,"column":42},"end":{"line":51,"column":3}}},"4":{"name":"(anonymous_5)","decl":{"start":{"line":53,"column":2},"end":{"line":53,"column":7}},"loc":{"start":{"line":53,"column":42},"end":{"line":56,"column":
[...]
\settings.service.ts": {"path":"C:\\Users\\97798\\Developer\\KrishiPal Web\\backend\\src\\services\\settings.service.ts","statementMap":{"0":{"start":{"line":1,"column":2},"end":{"line":1,"column":59}},"1":{"start":{"line":2,"column":2},"end":{"line":2,"column":51}},"2":{"start":{"line":6,"column":14},"end":{"line":6,"column":52}},"3":{"start":{"line":7,"column":6},"end":{"line":7,"column":62}},"4":{"start":{"line":7,"column":14},"end":{"line":7,"column":62}},"5":{"start":{"line":8,"column":6},"end":{"line":8,"column":15}},"6":{"start":{"line":13,"column":24},"end":{"line":13,"column":26}},"7":{"start":{"line":15,"column":6},"end":{"line":15,"column":99}},"8":{"start":{"line":15,"column":43},"end":{"line":15,"column":99}},"9":{"start":{"line":16,"column":6},"end":{"line":16,"column":108}},"10":{"start":{"line":16,"column":46},"end":{"line":16,"column":108}},"11":{"start":{"line":17,"column":6},"end":{"line":17,"column":102}},"12":{"start":{"line":17,"column":44},"end":{"line":17,"column":102}},"13":{"start":{"line":18,"column":6},"end":{"line":20,"column":7}},"14":{"start":{"line":19,"column":6},"end":{"line":19,"column":64}},"15":{"start":{"line":21,"column":6},"end":{"line":21,"column":99}},"16":{"start":{"line":21,"column":43},"end":{"line":21,"column":99}},"17":{"start":{"line":23,"column":6},"end":{"line":27,"column":7}},"18":{"start":{"line":24,"column":18},"end":{"line":24,"column":52}},"19":{"start":{"line":25,"column":8},"end":{"line":25,"column":97}},"20":{"start":{"line":25,"column":42},"end":{"line":25,"column":97}},"21":{"start":{"line":26,"column":8},"end":{"line":26,"column":36}},"22":{"start":{"line":29,"column":6},"end":{"line":37,"column":7}},"23":{"start":{"line":30,"column":8},"end":{"line":36,"column":9}},"24":{"start":{"line":31,"column":10},"end":{"line":31,"column":44}},"25":{"start":{"line":33,"column":20},"end":{"line":33,"column":57}},"26":{"start":{"line":34,"column":10},"end":{"line":34,"column":102}},"27":{"start":{"line":34,"column":44},"end":{"line":34,"column":102}},"28":{"start":{"line":35,"column":10},"end":{"line":35,"column":41}},"29":{"start":{"line":39,"column":6},"end":{"line":43,"column":7}},"30":{"start":{"line":40,"column":18},"end":{"line":40,"column":51}},"31":{"start":{"line":41,"column":8},"end":{"line":41,"column":96}},"32":{"start":{"line":41,"column":42},"end":{"line":41,"column":96}},"33":{"start":{"line":42,"column":8},"end":{"line":42,"column":35}},"34":{"start":{"line":45,"column":6},"end":{"line":51,"column":7}},"35":{"start":{"line":46,"column":8},"end":{"line":50,"column":10}},"36":{"start":{"line":53,"column":23},"end":{"line":53,"column":54}},"37":{"start":{"line":54,"column":6},"end":{"line":57,"column":7}},"38":{"start":{"line":55,"column":24},"end":{"line":55,"column":56}},"39":{"start":{"line":56,"column":8},"end":{"line":56,"column":34}},"40":{"start":{"line":59,"column":22},"end":{"line":63,"column":14}},"41":{"start":{"line":65,"column":6},"end":{"line":65,"column":21}},"42":{"start":{"line":4,"column":2},"end":{"line":4,"column":15}}},"fnMap":{"0":{"name":"(anonymous_0)","decl":{"start":{"line":5,"column":4},"end":{"line":5,"column":9}},"loc":{"start":{"line":5,"column":21},"end":{"line":9,"column":5}}},"1":{"name":"(anonymous_1)","decl":{"start":{"line":11,"column":4},"end":{"line":11,"column":9}},"loc":{"start":{"line":11,"column":29},"end":{"line":66,"column":5}}}},"branchMap":{"0":{"loc":{"start":{"line":7,"column":6},"end":{"line":7,"column":62}},"type":"if","locations":[{"start":{"line":7,"column":6},"end":{"line":7,"column":62}},{"start":{},"end":{}}]},"1":{"loc":{"start":{"line":15,"column":6},"end":{"line":15,"column":99}},"type":"if","locations":[{"start":{"line":15,"column":6},"end":{"line":15,"column":99}},{"start":{},"end":{}}]},"2":{"loc":{"start":{"line":15,"column":67},"end":{"line":15,"column":90}},"type":"binary-expr","locations":[{"start":{"line":15,"column":67},"end":{"line":15,"column":84}},{"start":{"line":15,"column":88},"end":{"line":15,"column":90}}]},"3":{"loc":{"start":{"line":16,"column":6},"end":{"line":16,"column":108}},"type":"if","locations":[{"start":{"line":16,"column":6},"end":{"line":16,"column":108}},{"start":{},"end":{}}]},"4":{"loc":{"start":{"line":16,"column":73},"end":{"line":16,"column":99}},"type":"binary-expr","locations":[{"start":{"line":16,"column":73},"end":{"line":16,"column":93}},{"start":{"line":16,"column":97},"end":{"line":16,"column":99}}]},"5":{"loc":{"start":{"line":17,"column":6},"end":{"line":17,"column":102}},"type":"if","locations":[{"start":{"line":17,"column":6},"end":{"line":17,"column":102}},{"start":{},"end":{}}]},"6":{"loc":{"start":{"line":17,"column":69},"end":{"line":17,"column":93}},"type":"binary-expr","locations":[{"start":{"line":17,"column":69},"end":{"line":17,"column":87}},{"start":{"line":17,"column":91},"end":{"line":17,"column":93}}]},"7":{"loc":{"start":{"line":18,"column":6},"end":{"line":20,"column":7}},"type":"if","locations":[{"start":{"line":18,"column":6},"end":{"line":20,"column":7}},{"start":{},"end":{}}]},"8":{"loc":{"start":{"line":19,"column":31},"end":{"line":19,"column":55}},"type":"binary-expr","locations":[{"start":{"line":19,"column":31},"end":{"line":19,"column":49}},{"start":{"line":19,"column":53},"end":{"line":19,"column":55}}]},"9":{"loc":{"start":{"line":21,"column":6},"end":{"line":21,"column":99}},"type":"if","locations":[{"start":{"line":21,"column":6},"end":{"line":21,"column":99}},{"start":{},"end":{}}]},"10":{"loc":{"start":{"line":21,"column":67},"end":{"line":21,"column":90}},"type":"binary-expr","locations":[{"start":{"line":21,"column":67},"end":{"line":21,"column":84}},{"start":{"line":21,"column":88},"end":{"line":21,"column":90}}]},"11":{"loc":{"start":{"line":23,"column":6},"end":{"line":27,"column":7}},"type":"if","locations":[{"start":{"line":23,"column":6},"end":{"line":27,"column":7}},{"start":{},"end":{}}]},"12":{"loc":{"start":{"line":25,"column":8},"end":{"line":25,"column":97}},"type":"if","locations":[{"start":{"line":25,"column":8},"end":{"line":25,"column":97}},{"start":{},"end":{}}]},"13":{"loc":{"start":{"line":25,"column":12},"end":{"line":25,"column":40}},"type":"binary-expr","locations":[{"start":{"line":25,"column":12},"end":{"line":25,"column":31}},{"start":{"line":25,"column":35},"end":{"line":25,"column":40}}]},"14":{"loc":{"start":{"line":29,"column":6},"end":{"line":37,"column":7}},"type":"if","locations":[{"start":{"line":29,"column":6},"end":{"line":37,"column":7}},{"start":{},"end":{}}]},"15":{"loc":{"start":{"line":30,"column":8},"end":{"line":36,"column":9}},"type":"if","locations":[{"start":{"line":30,"column":8},"end":{"line":36,"column":9}},{"start":{"line":32,"column":15},"end":{"line":36,"column":9}}]},"16":{"loc":{"start":{"line":30,"column":12},"end":{"line":30,"column":90}},"type":"binary-expr","locations":[{"start":{"line":30,"column":12},"end":{"line":30,"column":50}},{"start":{"line":30,"column":54},"end":{"line":30,"column":90}}]},"17":{"loc":{"start":{"line":34,"column":10},"end":{"line":34,"column":102}},"type":"if","locations":[{"start":{"line":34,"column":10},"end":{"line":34,"column":102}},{"start":{},"end":{}}]},"18":{"loc":{"start":{"line":34,"column":14},"end":{"line":34,"column":42}},"type":"binary-expr","locations":[{"start":{"line":34,"column":14},"end":{"line":34,"column":33}},{"start":{"line":34,"column":37},"end":{"line":34,"column":42}}]},"19":{"loc":{"start":{"line":39,"column":6},"end":{"line":43,"column":7}},"type":"if","locations":[{"start":{"line":39,"column":6},"end":{"line":43,"column":7}},{"start":{},"end":{}}]},"20":{"loc":{"start":{"line":41,"column":8},"end":{"line":41,"column":96}},"type":"if","locations":[{"start":{"line":41,"column":8},"end":{"line":41,"column":96}},{"start":{},"end":{}}]},"21":{"loc":{"start":{"line":41,"column":12},"end":{"line":41,"column":40}},"type":"binary-expr","locations":[{"start":{"line":41,"column":12},"end":{"line":41,"column":31}},{"start":{"line":41,"column":35},"end":{"line":41,"column":40}}]},"22":{"loc":{"start":{"line":45,"column":6},"end":{"line":51,"column":7}},"type":"if","locations":[{"start":{"line":45,"column":6},"end":{"line":51,"column":7}},{"start":{},"end":{}}]},"23":{"loc":{"start":{"line":54,"column":6},"end":{"line":57,"column":7}},"type":"if","locations":[{"start":{"line":54,"column":6},"end":{"line":57,"column":7}},{"start":{},"end":{}}]}},"s":{"0":21,"1":21,"2":14,"3":14,"4":1,"5":14,"6":12,"7":12,"8":3,"9":12,"10":1,"11":12,"12":2,"13":12,"14":1,"15":12,"16":1,"17":12,"18":3,"19":3,"20":2,"21":1,"22":10,"23":4,"24":2,"25":2,"26":2,"27":2,"28":0,"29":8,"30":4,"31":4,"32":2,"33":2,"34":6,"35":2,"36":6,"37":6,"38":1,"39":1,"40":5,"41":5,"42":21},"f":{"0":14,"1":12},"b":{"0":[1,13],"1":[3,9],"2":[3,0],"3":[1,11],"4":[1,0],"5":[2,10],"6":[2,0],"7":[1,11],"8":[1,0],"9":[1,11],"10":[1,0],"11":[3,9],"12":[2,1],"13":[3,2],"14":[4,6],"15":[2,2],"16":[4,3],"17":[2,0],"18":[2,1],"19":[4,4],"20":[2,2],"21":[4,3],"22":[2,4],"23":[1,5]}}
,"C:\\Users\\97798\\Developer\\KrishiPal Web\\backend\\src\\services\\user.service.ts": {"path":"C:\\Users\\97798\\Developer\\KrishiPal Web\\backend\\src\\services\\user.service.ts","statementMap":{"0":{"start":{"line":1,"column":0},"end":{"line":1,"column":30}},"1":{"start":{"line":2,"column":0},"end":{"line":2,"column":31}},"2":{"start":{"line":3,"column":0},"end":{"line":3,"column":28}},"3":{"start":{"line":4,"column":0},"end":{"line":4,"column":39}},"4":{"start":{"line":5,"column":0},"end":{"line":5,"column":49}},"5":{"start":{"line":6,"column":0},"end":{"line":6,"column":65}},"6":{"start":{"line":8,"column":0},"end":{"line":8,"column":49}},"7":{"start":{"line":9,"column":0},"end":{"line":9,"column":48}},"8":{"start":{"line":11,"column":17},"end":{"line":11,"column":37}},"9":{"start":{"line":15,"column":2},"end":{"line":15,"column":61}},"10":{"start":{"line":20,"column":19},"end":{"line":20,"column":56}},"11":{"start":{"line":21,"column":4},"end":{"line":21,"column":69}},"12":{"start":{"line":21,"column":16},"end":{"line":21,"column":69}},"13":{"start":{"line":23,"column":19},"end":{"line":23,"column":55}},"14":{"start":{"line":25,"column":4},"end":{"line":35,"column":7}},"15":{"start":{"line":39,"column":17},"end":{"line":39,"column":54}},"16":{"start":{"line":40,"column":4},"end":{"line":40,"column":58}},"17":{"start":{"line":40,"column":15},"end":{"line":40,"column":58}},"18":{"start":{"line":42,"column":15},"end":{"line":42,"column":65}},"19":{"start":{"line":43,"column":4},"end":{"line":43,"column":61}},"20":{"start":{"line":43,"column":13},"end":{"line":43,"column":61}},"21":{"start":{"line":45,"column":18},"end":{"line":48,"column":null}},"22":{"start":{"line":51,"column":21},"end":{"line":51,"column":61}},"23":{"start":{"line":52,"column":4},"end":{"line":52,"column":37}},"24":{"start":{"line":56,"column":17},"end":{"line":56,"column":47}},"25":{"start":{"line":57,"column":4},"end":{"line":57,"column":58}},"26":{"start":{"line":57,"column":15},"end":{"line":57,"column":58}},"27":{"start":{"line":58,"column":4},"end":{"line":58,"column":16}},"28":{"start":{"line":62,"column":20},"end":{"line":62,"column":73}},"29":{"start":{"line":63,"column":4},"end":{"line":63,"column":61}},"30":{"start":{"line":63,"column":18},"end":{"line":63,"column":61}},"31":{"start":{"line":64,"column":4},"end":{"line":64,"column":19}},"32":{"start":{"line":72,"column":25},"end":{"line":72,"column":36}},"33":{"start":{"line":74,"column":4},"end":{"line":74,"column":67}},"34":{"start":{"line":74,"column":25},"end":{"line":74,"column":67}},"35":{"start":{"line":76,"column":4},"end":{"line":76,"column":79}},"36":{"start":{"line":76,"column":23},"end":{"line":76,"column":79}},"37":{"start":{"line":78,"column":4},"end":{"line":83,"column":5}},"38":{"start":{"line":79,"column":21},"end":{"line":79,"column":58}},"39":{"start":{"line":80,"column":6},"end":{"line":82,"column":7}},"40":{"start":{"line":81,"column":8},"end":{"line":81,"column":61}},"41":{"start":{"line":85,"column":20},"end":{"line":85,"column":62}},"42":{"start":{"line":86,"column":4},"end":{"line":86,"column":61}},"43":{"start":{"line":86,"column":18},"end":{"line":86,"column":61}},"44":{"start":{"line":87,"column":4},"end":{"line":87,"column":19}},"45":{"start":{"line":95,"column":17},"end":{"line":98,"column":6}},"46":{"start":{"line":100,"column":4},"end":{"line":102,"column":5}},"47":{"start":{"line":101,"column":6},"end":{"line":101,"column":78}},"48":{"start":{"line":104,"column":21},"end":{"line":104,"column":59}},"49":{"start":{"line":105,"column":22},"end":{"line":105,"column":80}},"50":{"start":{"line":107,"column":4},"end":{"line":107,"column":42}},"51":{"start":{"line":108,"column":4},"end":{"line":108,"column":75}},"52":{"start":{"line":109,"column":4},"end":{"line":109,"column":22}},"53":{"start":{"line":112,"column":17},"end":{"line":112,"column":32}},"54":{"start":{"line":116,"column":6},"end":{"line":117,"column":59}},"55":{"start":{"line":119,"column":4},"end":{"line":119,"column":54}},"56":{"start":{"line":121,"column":4},"end":{"line":121,"column":57}},"57":{"start":{"line":126,"column":22},"end":{"line":126,"column":77}},"58":{"start":{"line":128,"column":17},"end":{"line":132,"column":6}},"59":{"start":{"line":134,"column":4},"end":{"line":134,"column":74}},"60":{"start":{"line":134,"column":15},"end":{"line":134,"column":74}},"61":{"start":{"line":136,"column":4},"end":{"line":136,"column":55}},"62":{"start":{"line":137,"column":4},"end":{"line":137,"column":37}},"63":{"start":{"line":138,"column":4},"end":{"line":138,"column":42}},"64":{"start":{"line":139,"column":4},"end":{"line":139,"column":22}},"65":{"start":{"line":141,"column":4},"end":{"line":141,"column":52}},"66":{"start":{"line":18,"column":0},"end":{"line":18,"column":13}}},"fnMap":{"0":{"name":"gen6DigitCode","decl":{"start":{"line":13,"column":9},"end":{"line":13,"column":22}},"loc":{"start":{"line":13,"column":22},"end":{"line":16,"column":1}}},"1":{"name":"(anonymous_2)","decl":{"start":{"line":19,"column":2},"end":{"line":19,"column":7}},"loc":{"start":{"line":19,"column":36},"end":{"line":36,"column":3}}},"2":{"name":"(anonymous_3)","decl":{"start":{"line":38,"column":2},"end":{"line":38,"column":7}},"loc":{"start":{"line":38,"column":32},"end":{"line":53,"column":3}}},"3":{"name":"(anonymous_4)","decl":{"start":{"line":55,"column":2},"end":{"line":55,"column":7}},"loc":{"start":{"line":55,"column":28},"end":{"line":59,"column":3}}},"4":{"name":"(anonymous_5)","decl":{"start":{"line":61,"column":2},"end":{"line":61,"column":7}},"loc":{"start":{"line":61,"column":58},"end":{"line":65,"column":3}}},"5":{"name":"(anonymous_6)","decl":{"start":{"line":67,"column":2},"end":{"line":67,"column":7}},"loc":{"start":{"line":70,"column":35},"end":{"line":88,"column":3}}},"6":{"name":"(anonymous_7)","decl":{"start":{"line":94,"column":2},"end":{"line":94,"column":7}},"loc":{"start":{"line":94,"column":36},"end":{"line":122,"column":3}}},"7":{"name":"(anonymous_8)","decl":{"start":{"line":125,"column":2},"end":{"line":125,"column":7}},"loc":{"start":{"line":125,"column":56},"end":{"line":142,"column":3}}}},"branchMap":{"0":{"loc":{"start":{"line":21,"column":4},"end":{"line":21,"column":69}},"type":"if","locations":[{"start":{"line":21,"column":4},"end":{"line":21,"column":69}},{"start":{},"end":{}}]},"1":{"loc":{"start":{"line":40,"column":4},"end":{"line":40,"column":58}},"type":"if","locations":[{"start":{"line":40,"column":4},"end":{"line":40,"column":58}},{"start":{},"end":{}}]},"2":{"loc":{"start":{"line":43,"column":4},"end":{"line":43,"column":61}},"type":"if","locations":[{"start":{"line":43,"column":4},"end":{"line":43,"column":61}},{"start":{},"end":{}}]},"3":{"loc":{"start":{"line":57,"column":4},"end":{"line":57,"column":58}},"type":"if","locations":[{"start":{"line":57,"column":4},"end":{"line":57,"column":58}},{"start":{},"end":{}}]},"4":{"loc":{"start":{"line":63,"column":4},"end":{"line":63,"column":61}},"type":"if","locations":[{"start":{"line":63,"column":4},"end":{"line":63,"column":61}},{"start":{},"end":{}}]},"5":{"loc":{"start":{"line":74,"column":4},"end":{"line":74,"column":67}},"type":"if","locations":[{"start":{"line":74,"column":4},"end":{"line":74,"column":67}},{"start":{},"end":{}}]},"6":{"loc":{"start":{"line":76,"column":4},"end":{"line":76,"column":79}},"type":"if","locations":[{"start":{"line":76,"column":4},"end":{"line":76,"column":79}},{"start":{},"end":{}}]},"7":{"loc":{"start":{"line":78,"column":4},"end":{"line":83,"column":5}},"type":"if","locations":[{"start":{"line":78,"column":4},"end":{"line":83,"column":5}},{"start":{},"end":{}}]},"8":{"loc":{"start":{"line":80,"column":6},"end":{"line":82,"column":7}},"type":"if","locations":[{"start":{"line":80,"column":6},"end":{"line":82,"column":7}},{"start":{},"end":{}}]},"9":{"loc":{"start":{"line":80,"column":10},"end":{"line":80,"column":49}},"type":"binary-expr","locations":[{"start":{"line":80,"column":10},"end":{"line":80,"column":16}},{"start":{"line":80,"column":20},"end":{"line":80,"column":49}}]},"10":{"loc":{"start":{"line":86,"column":4},"end":{"line":86,"column":61}},"type":"if","locations":[{"start":{"line":86,"column":4},"end":{"line":86,"column":61}},{"start":{},"end":{}}]},"11":{"loc":{"start":{"line":100,"column":4},"end":{"line":102,"column":5}},"type":"if","locations":[{"start":{"line":100,"column":4},"end":{"line":102,"column":5}},{"start":{},"end":{}}]},"12":{"loc":{"start":{"line":134,"column":4},"end":{"line":134,"column":74}},"type":"if","locations":[{"start":{"line":134,"column":4},"end":{"line":134,"column":74}},{"start":{},"end":{}}]}},"s":{"0":22,"1":22,"2":22,"3":22,"4":22,"5":22,"6":22,"7":22,"8":22,"9":3,"10":77,"11":77,"12":2,"13":75,"14":75,"15":72,"16":72,"17":1,"18":71,"19":71,"20":2,"21":69,"22":69,"23":69,"24":3,"25":3,"26":0,"27":3,"28":0,"29":0,"30":0,"31":0,"32":0,"33":0,"34":0,"35":0,"36":0,"37":0,"38":0,"39":0,"40":0,"41":0,"42":0,"43":0,"44":0,"45":5,"46":5,"47":2,"48":3,"49":3,"50":3,"51":3,"52":3,"53":3,"54":3,"55":3,"56":3,"57":3,"58":3,"59":3,"60":1,"61":2,"62":2,"63":2,"64":2,"65":2,"66":22},"f":{"0":3,"1":77,"2":72,"3":3,"4":0,"5":0,"6":5,"7":3},"b":{"0":[2,75],"1":[1,71],"2":[2,69],"3":[0,3],"4":[0,0],"5":[0,0],"6":[0,0],"7":[0,0],"8":[0,0],"9":[0,0],"10":[0,0],"11":[2,3],"12":[1,2]}}
,"C:\\Users\\97798\\Developer\\KrishiPal Web\\backend\\src\\types\\user.type.ts": {"path":"C:\\Users\\97798\\Developer\\KrishiPal Web\\backend\\src\\types\\user.type.ts","statementMap":{"0":{"start":{"line":1,"column":0},"end":{"line":1,"column":20}},"1":{"start":{"line":3,"column":13},"end":{"line":15,"column":3}}},"fnMap":{},"branchMap":{},"s":{"0":20,"1":20},"f":{},"b":{}}
,"C:\\Users\\97798\\Developer\\KrishiPal Web\\backend\\src\\utils\\blogSlug.ts": {"path":"C:\\Users\\97798\\Developer\\KrishiPal Web\\backend\\src\\utils\\blogSlug.ts","statementMap":{"0":{"start":{"line":1,"column":0},"end":{"line":1,"column":16}},"1":{"start":{"line":2,"column":2},"end":{"line":7,"column":25}}},"fnMap":{"0":{"name":"toSlug","decl":{"start":{"line":1,"column":16},"end":{"line":1,"column":22}},"loc":{"start":{"line":1,"column":36},"end":{"line":8,"column":1}}}},"branchMap":{"0":{"loc":{"start":{"line":2,"column":16},"end":{"line":2,"column":27}},"type":"binary-expr","locations":[{"start":{"line":2,"column":16},"end":{"line":2,"column":21}},{"start":{"line":2,"column":25},"end":{"line":2,"column":27}}]}},"s":{"0":20,"1":2},"f":{"0":2},"b":{"0":[2,0]}}
,"C:\\Users\\97798\\Developer\\KrishiPal Web\\backend\\src\\utils\\slug.ts": {"path":"C:\\Users\\97798\\Developer\\KrishiPal Web\\backend\\src\\utils\\slug.ts","statementMap":{"0":{"start":{"line":1,"column":0},"end":{"line":1,"column":16}},"1":{"start":{"line":2,"column":2},"end":{"line":7,"column":25}}},"fnMap":{"0":{"name":"toSlug","decl":{"start":{"line":1,"column":16},"end":{"line":1,"column":22}},"loc":{"start":{"line":1,"column":36},"end":{"line":8,"column":1}}}},"branchMap":{},"s":{"0":21,"1":8},"f":{"0":8},"b":{}}
}
