TN:
SF:src\config\index.ts
FNF:0
FNH:0
DA:1,39
DA:2,39
DA:4,39
DA:6,39
DA:11,39
LF:5
LH:5
BRDA:5,0,0,39
BRDA:5,0,1,0
BRDA:7,1,0,39
BRDA:7,1,1,39
BRDA:12,2,0,39
BRDA:12,2,1,0
BRF:6
BRH:4
end_of_record
TN:
SF:src\controllers\admin.about.controller.ts
FN:9,(anonymous_0)
FN:15,(anonymous_1)
FN:21,(anonymous_2)
FN:29,(anonymous_3)
FNF:4
FNH:4
FNDA:1,(anonymous_0)
FNDA:1,(anonymous_1)
FNDA:1,(anonymous_2)
FNDA:1,(anonymous_3)
DA:3,20
DA:5,20
DA:7,20
DA:10,1
DA:11,1
DA:16,1
DA:17,1
DA:22,1
DA:24,1
DA:25,1
DA:30,1
DA:32,1
DA:33,1
LF:13
LH:13
BRDA:16,0,0,1
BRDA:16,0,1,0
BRDA:22,1,0,0
BRDA:22,1,1,1
BRDA:30,2,0,0
BRDA:30,2,1,1
BRF:6
BRH:3
end_of_record
TN:
SF:src\controllers\admin.blog.controller.ts
FN:11,(anonymous_1)
FN:18,(anonymous_2)
FN:24,(anonymous_3)
FN:33,(anonymous_4)
FN:43,(anonymous_5)
FNF:5
FNH:5
FNDA:1,(anonymous_1)
FNDA:1,(anonymous_2)
FNDA:1,(anonymous_3)
FNDA:1,(anonymous_4)
FNDA:1,(anonymous_5)
DA:2,20
DA:4,20
DA:5,20
DA:7,20
DA:9,20
DA:12,1
DA:13,1
DA:14,1
DA:19,1
DA:20,1
DA:25,1
DA:26,1
DA:27,1
DA:28,1
DA:29,1
DA:34,1
DA:35,1
DA:37,1
DA:38,1
DA:39,1
DA:44,1
DA:45,1
DA:46,1
DA:47,1
LF:24
LH:24
BRDA:13,0,0,1
BRDA:13,0,1,0
BRDA:13,1,0,1
BRDA:13,1,1,0
BRDA:26,2,0,0
BRDA:26,2,1,1
BRDA:28,3,0,0
BRDA:28,3,1,1
BRDA:35,4,0,0
BRDA:35,4,1,1
BRDA:38,5,0,1
BRDA:38,5,1,1
BRDA:45,6,0,0
BRDA:45,6,1,1
BRF:14
BRH:8
end_of_record
TN:
SF:src\controllers\admin.cart.controller.ts
FN:7,mustAdmin
FN:12,calcSubtotal
FN:14,(anonymous_3)
FN:32,(anonymous_4)
FN:52,(anonymous_5)
FN:64,(anonymous_6)
FN:66,(anonymous_7)
FN:69,(anonymous_8)
FN:95,(anonymous_9)
FN:122,(anonymous_10)
FN:162,(anonymous_11)
FN:194,(anonymous_12)
FN:210,(anonymous_13)
FNF:13
FNH:8
FNDA:5,mustAdmin
FNDA:3,calcSubtotal
FNDA:2,(anonymous_3)
FNDA:0,(anonymous_4)
FNDA:0,(anonymous_5)
FNDA:0,(anonymous_6)
FNDA:0,(anonymous_7)
FNDA:0,(anonymous_8)
FNDA:1,(anonymous_9)
FNDA:1,(anonymous_10)
FNDA:1,(anonymous_11)
FNDA:1,(anonymous_12)
FNDA:1,(anonymous_13)
DA:2,20
DA:4,20
DA:5,20
DA:8,5
DA:13,3
DA:14,3
DA:15,2
DA:17,2
DA:18,2
DA:20,2
DA:26,2
DA:30,20
DA:33,0
DA:35,0
DA:36,0
DA:37,0
DA:40,0
DA:43,0
DA:50,0
DA:51,0
DA:52,0
DA:53,0
DA:54,0
DA:55,0
DA:59,0
DA:60,0
DA:61,0
DA:64,0
DA:65,0
DA:66,0
DA:68,0
DA:69,0
DA:72,0
DA:87,0
DA:96,1
DA:98,1
DA:99,1
DA:101,1
DA:110,1
DA:112,1
DA:123,1
DA:125,1
DA:126,1
DA:128,1
DA:129,1
DA:131,1
DA:132,1
DA:134,1
DA:150,1
DA:152,1
DA:163,1
DA:165,1
DA:166,1
DA:167,1
DA:169,1
DA:182,1
DA:184,1
DA:195,1
DA:197,1
DA:198,1
DA:200,1
DA:204,1
DA:206,1
DA:211,1
DA:213,1
DA:214,1
DA:216,1
DA:217,1
DA:219,1
LF:69
LH:47
BRDA:8,0,0,0
BRDA:8,0,1,5
BRDA:13,1,0,3
BRDA:13,1,1,0
BRDA:15,2,0,2
BRDA:15,2,1,0
BRDA:17,3,0,2
BRDA:17,3,1,0
BRDA:18,4,0,2
BRDA:18,4,1,0
BRDA:20,5,0,2
BRDA:20,5,1,0
BRDA:22,6,0,0
BRDA:22,6,1,0
BRDA:22,7,0,0
BRDA:22,7,1,0
BRDA:24,8,0,0
BRDA:24,8,1,0
BRDA:35,9,0,0
BRDA:35,9,1,0
BRDA:36,10,0,0
BRDA:36,10,1,0
BRDA:37,11,0,0
BRDA:37,11,1,0
BRDA:51,12,0,0
BRDA:51,12,1,0
BRDA:53,13,0,0
BRDA:53,13,1,0
BRDA:54,14,0,0
BRDA:54,14,1,0
BRDA:55,15,0,0
BRDA:55,15,1,0
BRDA:65,16,0,0
BRDA:65,16,1,0
BRDA:66,17,0,0
BRDA:66,17,1,0
BRDA:76,18,0,0
BRDA:76,18,1,0
BRDA:77,19,0,0
BRDA:77,19,1,0
BRDA:99,20,0,0
BRDA:99,20,1,1
BRDA:110,21,0,0
BRDA:110,21,1,1
BRDA:128,22,0,0
BRDA:128,22,1,1
BRDA:129,23,0,0
BRDA:129,23,1,1
BRDA:132,24,0,0
BRDA:132,24,1,1
BRDA:132,25,0,1
BRDA:132,25,1,1
BRDA:150,26,0,0
BRDA:150,26,1,1
BRDA:166,27,0,0
BRDA:166,27,1,1
BRDA:167,28,0,0
BRDA:167,28,1,1
BRDA:182,29,0,0
BRDA:182,29,1,1
BRDA:198,30,0,0
BRDA:198,30,1,1
BRDA:204,31,0,0
BRDA:204,31,1,1
BRDA:214,32,0,0
BRDA:214,32,1,1
BRDA:217,33,0,0
BRDA:217,33,1,1
BRF:68
BRH:21
end_of_record
TN:
SF:src\controllers\admin.category.controller.ts
FN:9,(anonymous_1)
FN:19,(anonymous_2)
FN:24,(anonymous_3)
FN:29,(anonymous_4)
FN:39,(anonymous_5)
FNF:5
FNH:5
FNDA:2,(anonymous_1)
FNDA:1,(anonymous_2)
FNDA:2,(anonymous_3)
FNDA:1,(anonymous_4)
FNDA:1,(anonymous_5)
DA:2,20
DA:3,20
DA:4,20
DA:6,20
DA:8,20
DA:10,2
DA:11,2
DA:12,0
DA:15,2
DA:16,2
DA:20,1
DA:21,1
DA:25,2
DA:26,1
DA:30,1
DA:31,1
DA:32,0
DA:35,1
DA:36,1
DA:40,1
DA:41,1
LF:21
LH:19
BRDA:11,0,0,0
BRDA:11,0,1,2
BRDA:31,1,0,0
BRDA:31,1,1,1
BRF:4
BRH:2
end_of_record
TN:
SF:src\controllers\admin.dashboard.controller.ts
FN:7,isYmd
FN:11,(anonymous_1)
FN:14,(anonymous_2)
FNF:3
FNH:2
FNDA:0,isYmd
FNDA:20,(anonymous_1)
FNDA:1,(anonymous_2)
DA:4,20
DA:5,20
DA:8,0
DA:11,20
DA:12,20
DA:15,1
DA:17,1
DA:18,1
DA:20,1
DA:21,1
DA:23,1
DA:24,1
DA:26,1
DA:33,1
LF:14
LH:13
BRDA:15,0,0,1
BRDA:15,0,1,1
BRDA:17,1,0,1
BRDA:17,1,1,1
BRDA:18,2,0,1
BRDA:18,2,1,1
BRDA:20,3,0,1
BRDA:20,3,1,1
BRDA:21,4,0,0
BRDA:21,4,1,1
BRDA:23,5,0,0
BRDA:23,5,1,1
BRDA:23,6,0,1
BRDA:23,6,1,0
BRDA:24,7,0,0
BRDA:24,7,1,1
BRDA:24,8,0,1
BRDA:24,8,1,0
BRDA:28,9,0,1
BRDA:28,9,1,1
BRDA:29,10,0,1
BRDA:29,10,1,1
BRF:22
BRH:17
end_of_record
TN:
SF:src\controllers\admin.inventory.controller.ts
FN:13,(anonymous_1)
FN:28,(anonymous_2)
FN:44,(anonymous_3)
FN:59,(anonymous_4)
FNF:4
FNH:4
FNDA:1,(anonymous_1)
FNDA:1,(anonymous_2)
FNDA:1,(anonymous_3)
FNDA:1,(anonymous_4)
DA:2,20
DA:4,20
DA:5,20
DA:6,20
DA:8,20
DA:9,20
DA:11,20
DA:14,1
DA:15,1
DA:17,1
DA:24,1
DA:29,1
DA:30,1
DA:32,1
DA:40,1
DA:45,1
DA:52,1
DA:60,1
DA:62,1
DA:63,1
DA:66,1
DA:68,1
DA:69,1
LF:23
LH:23
BRDA:15,0,0,0
BRDA:15,0,1,1
BRDA:20,1,0,1
BRDA:20,1,1,0
BRDA:21,2,0,1
BRDA:21,2,1,0
BRDA:30,3,0,0
BRDA:30,3,1,1
BRDA:36,4,0,1
BRDA:36,4,1,0
BRDA:37,5,0,1
BRDA:37,5,1,0
BRDA:46,6,0,1
BRDA:46,6,1,1
BRDA:47,7,0,1
BRDA:47,7,1,1
BRDA:48,8,0,1
BRDA:48,8,1,1
BRDA:49,9,0,1
BRDA:49,9,1,1
BRDA:62,10,0,1
BRDA:62,10,1,0
BRDA:63,11,0,0
BRDA:63,11,1,1
BRDA:66,12,0,0
BRDA:66,12,1,1
BRDA:66,13,0,1
BRDA:66,13,1,0
BRF:28
BRH:18
end_of_record
TN:
SF:src\controllers\admin.order.controller.ts
FN:21,(anonymous_1)
FN:58,(anonymous_2)
FN:69,(anonymous_3)
FN:70,(anonymous_4)
FN:95,(anonymous_5)
FN:108,(anonymous_6)
FN:156,(anonymous_7)
FN:213,(anonymous_8)
FNF:8
FNH:6
FNDA:1,(anonymous_1)
FNDA:0,(anonymous_2)
FNDA:20,(anonymous_3)
FNDA:8,(anonymous_4)
FNDA:1,(anonymous_5)
FNDA:1,(anonymous_6)
FNDA:1,(anonymous_7)
FNDA:0,(anonymous_8)
DA:3,20
DA:4,20
DA:5,20
DA:8,20
DA:9,20
DA:10,20
DA:11,20
DA:12,20
DA:13,20
DA:14,20
DA:15,20
DA:17,20
DA:19,20
DA:22,1
DA:23,1
DA:24,1
DA:26,1
DA:27,1
DA:28,1
DA:30,1
DA:31,1
DA:32,1
DA:34,1
DA:37,1
DA:38,0
DA:39,0
DA:40,0
DA:41,0
DA:49,1
DA:55,1
DA:56,1
DA:57,0
DA:58,0
DA:59,0
DA:60,0
DA:61,0
DA:62,0
DA:66,1
DA:67,1
DA:69,1
DA:70,20
DA:72,20
DA:87,1
DA:96,1
DA:97,1
DA:99,1
DA:103,1
DA:104,1
DA:109,1
DA:110,1
DA:112,1
DA:113,1
DA:115,1
DA:116,0
DA:119,1
DA:123,1
DA:127,1
DA:128,1
DA:130,1
DA:150,1
DA:151,1
DA:152,1
DA:157,1
DA:158,1
DA:160,1
DA:161,1
DA:162,0
DA:165,1
DA:170,1
DA:172,1
DA:173,1
DA:174,0
DA:177,1
DA:178,1
DA:179,1
DA:181,1
DA:182,0
DA:185,1
DA:187,1
DA:188,1
DA:189,0
DA:190,0
DA:191,0
DA:192,0
DA:195,1
DA:197,1
DA:198,0
DA:199,0
DA:202,1
DA:203,1
DA:205,1
DA:206,1
DA:213,0
DA:216,1
DA:217,0
DA:218,0
DA:219,0
DA:220,0
DA:222,0
DA:223,0
DA:225,0
DA:229,0
DA:230,0
DA:247,0
DA:256,0
DA:260,1
LF:106
LH:74
BRDA:22,0,0,1
BRDA:22,0,1,1
BRDA:23,1,0,1
BRDA:23,1,1,1
BRDA:26,2,0,1
BRDA:26,2,1,1
BRDA:27,3,0,1
BRDA:27,3,1,1
BRDA:28,4,0,1
BRDA:28,4,1,1
BRDA:31,5,0,0
BRDA:31,5,1,1
BRDA:31,6,0,1
BRDA:31,6,1,0
BRDA:32,7,0,0
BRDA:32,7,1,1
BRDA:32,8,0,1
BRDA:32,8,1,0
BRDA:37,9,0,0
BRDA:37,9,1,1
BRDA:37,10,0,1
BRDA:37,10,1,1
BRDA:39,11,0,0
BRDA:39,11,1,0
BRDA:40,12,0,0
BRDA:40,12,1,0
BRDA:56,13,0,0
BRDA:56,13,1,1
BRDA:59,14,0,0
BRDA:59,14,1,0
BRDA:60,15,0,0
BRDA:60,15,1,0
BRDA:61,16,0,0
BRDA:61,16,1,0
BRDA:62,17,0,0
BRDA:62,17,1,0
BRDA:62,17,2,0
BRDA:70,18,0,20
BRDA:70,18,1,0
BRDA:70,19,0,8
BRDA:70,19,1,0
BRDA:74,20,0,20
BRDA:74,20,1,0
BRDA:75,21,0,20
BRDA:75,21,1,0
BRDA:77,22,0,20
BRDA:77,22,1,0
BRDA:78,23,0,20
BRDA:78,23,1,0
BRDA:97,24,0,0
BRDA:97,24,1,1
BRDA:103,25,0,0
BRDA:103,25,1,1
BRDA:110,26,0,0
BRDA:110,26,1,1
BRDA:113,27,0,0
BRDA:113,27,1,1
BRDA:115,28,0,0
BRDA:115,28,1,1
BRDA:123,29,0,1
BRDA:123,29,1,0
BRDA:124,30,0,1
BRDA:124,30,1,0
BRDA:124,31,0,1
BRDA:124,31,1,0
BRDA:128,32,0,1
BRDA:128,32,1,0
BRDA:140,33,0,1
BRDA:140,33,1,0
BRDA:141,34,0,1
BRDA:141,34,1,0
BRDA:158,35,0,0
BRDA:158,35,1,1
BRDA:160,36,0,1
BRDA:160,36,1,0
BRDA:161,37,0,0
BRDA:161,37,1,1
BRDA:170,38,0,0
BRDA:170,38,1,1
BRDA:172,39,0,1
BRDA:172,39,1,0
BRDA:173,40,0,0
BRDA:173,40,1,1
BRDA:177,41,0,1
BRDA:177,41,1,0
BRDA:178,42,0,1
BRDA:178,42,1,0
BRDA:181,43,0,0
BRDA:181,43,1,1
BRDA:181,44,0,1
BRDA:181,44,1,0
BRDA:181,44,2,0
BRDA:188,45,0,0
BRDA:188,45,1,1
BRDA:188,46,0,1
BRDA:188,46,1,1
BRDA:188,46,2,0
BRDA:197,47,0,0
BRDA:197,47,1,1
BRDA:199,48,0,0
BRDA:199,48,1,0
BRDA:205,49,0,1
BRDA:205,49,1,0
BRDA:211,50,0,1
BRDA:211,50,1,0
BRDA:212,51,0,1
BRDA:212,51,1,0
BRDA:213,52,0,0
BRDA:213,52,1,0
BRDA:216,53,0,0
BRDA:216,53,1,1
BRDA:216,54,0,1
BRDA:216,54,1,0
BRDA:223,55,0,0
BRDA:223,55,1,0
BRDA:225,56,0,0
BRDA:225,56,1,0
BRDA:226,57,0,0
BRDA:226,57,1,0
BRDA:226,58,0,0
BRDA:226,58,1,0
BRDA:240,59,0,0
BRDA:240,59,1,0
BRDA:241,60,0,0
BRDA:241,60,1,0
BRDA:251,61,0,0
BRDA:251,61,1,0
BRDA:256,62,0,0
BRDA:256,62,1,0
BRF:129
BRH:54
end_of_record
TN:
SF:src\controllers\admin.payment.controller.ts
FN:10,(anonymous_1)
FN:48,(anonymous_2)
FN:72,(anonymous_3)
FN:91,(anonymous_4)
FN:110,(anonymous_5)
FNF:5
FNH:4
FNDA:1,(anonymous_1)
FNDA:1,(anonymous_2)
FNDA:1,(anonymous_3)
FNDA:0,(anonymous_4)
FNDA:1,(anonymous_5)
DA:2,20
DA:4,20
DA:5,20
DA:6,20
DA:8,20
DA:11,1
DA:12,1
DA:13,1
DA:14,1
DA:16,1
DA:17,1
DA:19,0
DA:23,0
DA:24,0
DA:25,0
DA:29,1
DA:40,1
DA:49,1
DA:50,1
DA:51,1
DA:52,1
DA:54,1
DA:55,1
DA:57,1
DA:68,1
DA:73,1
DA:74,1
DA:76,1
DA:77,1
DA:79,1
DA:81,1
DA:82,1
DA:83,1
DA:84,1
DA:85,1
DA:87,1
DA:92,0
DA:93,0
DA:95,0
DA:96,0
DA:98,0
DA:100,0
DA:101,0
DA:102,0
DA:103,0
DA:104,0
DA:106,0
DA:111,1
DA:112,1
DA:114,1
DA:115,1
DA:117,1
DA:119,1
DA:120,1
DA:121,1
DA:123,1
LF:56
LH:41
BRDA:11,0,0,1
BRDA:11,0,1,1
BRDA:12,1,0,1
BRDA:12,1,1,1
BRDA:14,2,0,1
BRDA:14,2,1,1
BRDA:17,3,0,0
BRDA:17,3,1,1
BRDA:23,4,0,0
BRDA:23,4,1,0
BRDA:49,5,0,1
BRDA:49,5,1,1
BRDA:50,6,0,1
BRDA:50,6,1,1
BRDA:52,7,0,1
BRDA:52,7,1,1
BRDA:55,8,0,0
BRDA:55,8,1,1
BRDA:73,9,0,1
BRDA:73,9,1,0
BRDA:74,10,0,0
BRDA:74,10,1,1
BRDA:77,11,0,0
BRDA:77,11,1,1
BRDA:79,12,0,0
BRDA:79,12,1,1
BRDA:82,13,0,1
BRDA:82,13,1,1
BRDA:82,14,0,1
BRDA:82,14,1,1
BRDA:92,15,0,0
BRDA:92,15,1,0
BRDA:93,16,0,0
BRDA:93,16,1,0
BRDA:96,17,0,0
BRDA:96,17,1,0
BRDA:98,18,0,0
BRDA:98,18,1,0
BRDA:101,19,0,0
BRDA:101,19,1,0
BRDA:101,20,0,0
BRDA:101,20,1,0
BRDA:111,21,0,1
BRDA:111,21,1,0
BRDA:112,22,0,0
BRDA:112,22,1,1
BRDA:115,23,0,0
BRDA:115,23,1,1
BRDA:117,24,0,0
BRDA:117,24,1,1
BRF:50
BRH:26
end_of_record
TN:
SF:src\controllers\admin.product.controller.ts
FN:9,(anonymous_1)
FN:21,(anonymous_2)
FN:35,(anonymous_3)
FN:41,(anonymous_4)
FN:53,(anonymous_5)
FN:58,(anonymous_6)
FNF:6
FNH:5
FNDA:1,(anonymous_1)
FNDA:1,(anonymous_2)
FNDA:1,(anonymous_3)
FNDA:1,(anonymous_4)
FNDA:1,(anonymous_5)
FNDA:0,(anonymous_6)
DA:2,20
DA:3,20
DA:4,20
DA:6,20
DA:8,20
DA:10,1
DA:11,1
DA:12,0
DA:15,1
DA:16,1
DA:18,1
DA:22,1
DA:23,1
DA:24,1
DA:26,1
DA:28,1
DA:36,1
DA:37,1
DA:38,1
DA:42,1
DA:43,1
DA:44,0
DA:47,1
DA:48,1
DA:50,1
DA:54,1
DA:55,1
DA:59,0
DA:60,0
LF:29
LH:25
BRDA:11,0,0,0
BRDA:11,0,1,1
BRDA:15,1,0,1
BRDA:15,1,1,0
BRDA:22,2,0,1
BRDA:22,2,1,1
BRDA:23,3,0,1
BRDA:23,3,1,1
BRDA:24,4,0,1
BRDA:24,4,1,1
BRDA:37,5,0,0
BRDA:37,5,1,1
BRDA:43,6,0,0
BRDA:43,6,1,1
BRDA:47,7,0,1
BRDA:47,7,1,0
BRF:16
BRH:11
end_of_record
TN:
SF:src\controllers\admin.settings.controller.ts
FN:9,(anonymous_0)
FN:15,(anonymous_1)
FN:20,(anonymous_2)
FNF:3
FNH:3
FNDA:1,(anonymous_0)
FNDA:1,(anonymous_1)
FNDA:1,(anonymous_2)
DA:3,20
DA:5,20
DA:7,20
DA:10,1
DA:11,1
DA:16,1
DA:17,1
DA:22,1
DA:23,0
DA:26,1
DA:30,1
LF:11
LH:10
BRDA:16,0,0,1
BRDA:16,0,1,0
BRDA:22,1,0,0
BRDA:22,1,1,1
BRF:4
BRH:2
end_of_record
TN:
SF:src\controllers\admin.user.controller.ts
FN:13,(anonymous_1)
FN:14,(anonymous_2)
FN:20,(anonymous_3)
FN:21,(anonymous_4)
FN:26,validateObjectId
FN:31,(anonymous_6)
FN:52,(anonymous_7)
FN:81,(anonymous_8)
FN:95,(anonymous_9)
FN:120,(anonymous_10)
FN:137,(anonymous_11)
FNF:11
FNH:11
FNDA:12,(anonymous_1)
FNDA:12,(anonymous_2)
FNDA:12,(anonymous_3)
FNDA:12,(anonymous_4)
FNDA:6,validateObjectId
FNDA:4,(anonymous_6)
FNDA:12,(anonymous_7)
FNDA:2,(anonymous_8)
FNDA:2,(anonymous_9)
FNDA:1,(anonymous_10)
FNDA:1,(anonymous_11)
DA:2,20
DA:3,20
DA:4,20
DA:5,20
DA:7,20
DA:9,20
DA:13,12
DA:14,12
DA:20,12
DA:21,12
DA:27,6
DA:30,20
DA:32,4
DA:33,4
DA:34,0
DA:39,4
DA:40,4
DA:42,4
DA:43,3
DA:53,12
DA:54,12
DA:55,2
DA:60,10
DA:63,10
DA:64,5
DA:65,5
DA:69,5
DA:70,5
DA:72,5
DA:74,5
DA:82,2
DA:84,2
DA:85,1
DA:91,1
DA:92,1
DA:96,2
DA:98,2
DA:99,1
DA:105,1
DA:106,1
DA:107,0
DA:112,1
DA:113,1
DA:115,1
DA:116,1
DA:121,1
DA:123,1
DA:124,0
DA:130,1
DA:131,1
DA:138,1
DA:140,1
DA:141,0
DA:147,1
DA:148,1
LF:55
LH:51
BRDA:13,0,0,7
BRDA:13,0,1,5
BRDA:14,1,0,12
BRDA:14,1,1,7
BRDA:14,1,2,7
BRDA:20,2,0,7
BRDA:20,2,1,5
BRDA:21,3,0,12
BRDA:21,3,1,7
BRDA:21,3,2,7
BRDA:33,4,0,0
BRDA:33,4,1,4
BRDA:40,5,0,4
BRDA:40,5,1,4
BRDA:54,6,0,2
BRDA:54,6,1,10
BRDA:63,7,0,5
BRDA:63,7,1,5
BRDA:63,8,0,10
BRDA:63,8,1,5
BRDA:69,9,0,5
BRDA:69,9,1,0
BRDA:70,10,0,5
BRDA:70,10,1,0
BRDA:84,11,0,1
BRDA:84,11,1,1
BRDA:98,12,0,1
BRDA:98,12,1,1
BRDA:106,13,0,0
BRDA:106,13,1,1
BRDA:113,14,0,1
BRDA:113,14,1,1
BRDA:123,15,0,0
BRDA:123,15,1,1
BRDA:140,16,0,0
BRDA:140,16,1,1
BRF:36
BRH:30
end_of_record
TN:
SF:src\controllers\auth.controller.ts
FN:19,(anonymous_1)
FN:33,(anonymous_2)
FN:48,(anonymous_3)
FN:65,(anonymous_4)
FN:82,(anonymous_5)
FN:93,(anonymous_6)
FN:122,(anonymous_7)
FNF:7
FNH:5
FNDA:75,(anonymous_1)
FNDA:70,(anonymous_2)
FNDA:4,(anonymous_3)
FNDA:1,(anonymous_4)
FNDA:3,(anonymous_5)
FNDA:0,(anonymous_6)
FNDA:0,(anonymous_7)
DA:2,20
DA:3,20
DA:4,20
DA:7,20
DA:9,20
DA:13,20
DA:18,20
DA:20,75
DA:22,75
DA:23,0
DA:29,75
DA:30,74
DA:34,70
DA:36,70
DA:37,1
DA:43,69
DA:44,68
DA:49,4
DA:50,4
DA:51,1
DA:58,3
DA:60,3
DA:61,3
DA:66,1
DA:67,1
DA:68,0
DA:74,1
DA:78,1
DA:83,3
DA:84,3
DA:85,0
DA:88,3
DA:89,3
DA:94,0
DA:95,0
DA:96,0
DA:99,0
DA:100,0
DA:101,0
DA:106,0
DA:111,0
DA:123,0
DA:124,0
DA:125,0
DA:128,0
DA:130,0
DA:131,0
DA:134,0
DA:135,0
DA:137,0
DA:143,0
LF:51
LH:30
BRDA:22,0,0,0
BRDA:22,0,1,75
BRDA:36,1,0,1
BRDA:36,1,1,69
BRDA:50,2,0,1
BRDA:50,2,1,3
BRDA:67,3,0,0
BRDA:67,3,1,1
BRDA:84,4,0,0
BRDA:84,4,1,3
BRDA:95,5,0,0
BRDA:95,5,1,0
BRDA:100,6,0,0
BRDA:100,6,1,0
BRDA:124,7,0,0
BRDA:124,7,1,0
BRDA:130,8,0,0
BRDA:130,8,1,0
BRDA:130,9,0,0
BRDA:130,9,1,0
BRDA:135,10,0,0
BRDA:135,10,1,0
BRF:22
BRH:7
end_of_record
TN:
SF:src\controllers\blog.controller.ts
FN:9,(anonymous_0)
FN:15,(anonymous_1)
FNF:2
FNH:2
FNDA:1,(anonymous_0)
FNDA:3,(anonymous_1)
DA:2,20
DA:3,20
DA:5,20
DA:7,20
DA:10,1
DA:11,1
DA:16,3
DA:17,3
DA:19,2
DA:20,2
DA:21,1
LF:11
LH:11
BRDA:16,0,0,3
BRDA:16,0,1,0
BRDA:17,1,0,1
BRDA:17,1,1,2
BRDA:20,2,0,1
BRDA:20,2,1,1
BRF:6
BRH:5
end_of_record
TN:
SF:src\controllers\cart.controller.ts
FN:8,mustUserId
FN:16,(anonymous_2)
FN:34,(anonymous_3)
FN:99,(anonymous_4)
FN:155,(anonymous_5)
FN:177,(anonymous_6)
FNF:6
FNH:6
FNDA:20,mustUserId
FNDA:2,(anonymous_2)
FNDA:14,(anonymous_3)
FNDA:2,(anonymous_4)
FNDA:1,(anonymous_5)
FNDA:1,(anonymous_6)
DA:2,20
DA:4,20
DA:5,20
DA:6,20
DA:9,20
DA:10,20
DA:11,20
DA:14,20
DA:17,2
DA:19,2
DA:27,2
DA:35,14
DA:37,14
DA:39,14
DA:40,1
DA:43,13
DA:44,13
DA:45,1
DA:48,12
DA:54,12
DA:55,12
DA:56,1
DA:59,11
DA:66,11
DA:82,11
DA:85,10
DA:95,10
DA:100,2
DA:102,2
DA:103,2
DA:105,2
DA:106,0
DA:109,2
DA:110,2
DA:111,0
DA:114,2
DA:120,2
DA:121,2
DA:122,0
DA:125,2
DA:131,2
DA:149,2
DA:151,1
DA:156,1
DA:158,1
DA:159,1
DA:160,0
DA:163,1
DA:173,1
DA:178,1
DA:180,1
DA:190,1
LF:52
LH:48
BRDA:10,0,0,0
BRDA:10,0,1,20
BRDA:29,1,0,2
BRDA:29,1,1,1
BRDA:39,2,0,1
BRDA:39,2,1,13
BRDA:43,3,0,13
BRDA:43,3,1,0
BRDA:44,4,0,1
BRDA:44,4,1,12
BRDA:44,5,0,13
BRDA:44,5,1,13
BRDA:54,6,0,0
BRDA:54,6,1,12
BRDA:55,7,0,1
BRDA:55,7,1,11
BRDA:55,8,0,12
BRDA:55,8,1,12
BRDA:60,9,0,1
BRDA:60,9,1,10
BRDA:60,10,0,11
BRDA:60,10,1,1
BRDA:82,11,0,1
BRDA:82,11,1,10
BRDA:105,12,0,0
BRDA:105,12,1,2
BRDA:110,13,0,0
BRDA:110,13,1,2
BRDA:110,14,0,2
BRDA:110,14,1,2
BRDA:120,15,0,0
BRDA:120,15,1,2
BRDA:121,16,0,0
BRDA:121,16,1,2
BRDA:121,17,0,2
BRDA:121,17,1,2
BRDA:126,18,0,1
BRDA:126,18,1,1
BRDA:126,19,0,2
BRDA:126,19,1,1
BRDA:149,20,0,1
BRDA:149,20,1,1
BRDA:159,21,0,0
BRDA:159,21,1,1
BRDA:173,22,0,1
BRDA:173,22,1,0
BRF:46
BRH:37
end_of_record
TN:
SF:src\controllers\order.controller.ts
FN:19,mustUserId
FN:25,computeSubtotalFromCart
FN:27,(anonymous_3)
FN:39,(anonymous_4)
FN:73,(anonymous_5)
FN:81,(anonymous_6)
FN:94,(anonymous_7)
FN:199,(anonymous_8)
FN:247,(anonymous_9)
FN:322,(anonymous_10)
FN:378,(anonymous_11)
FN:402,(anonymous_12)
FN:417,(anonymous_13)
FNF:13
FNH:12
FNDA:17,mustUserId
FNDA:7,computeSubtotalFromCart
FNDA:7,(anonymous_3)
FNDA:10,(anonymous_4)
FNDA:2,(anonymous_5)
FNDA:7,(anonymous_6)
FNDA:7,(anonymous_7)
FNDA:0,(anonymous_8)
FNDA:1,(anonymous_9)
FNDA:2,(anonymous_10)
FNDA:1,(anonymous_11)
FNDA:2,(anonymous_12)
FNDA:2,(anonymous_13)
DA:2,20
DA:4,20
DA:5,20
DA:6,20
DA:7,20
DA:10,20
DA:11,20
DA:12,20
DA:13,20
DA:14,20
DA:20,17
DA:21,17
DA:22,17
DA:26,7
DA:27,7
DA:28,7
DA:29,7
DA:30,7
DA:34,20
DA:40,10
DA:42,10
DA:49,10
DA:50,10
DA:52,10
DA:54,9
DA:55,1
DA:58,8
DA:61,8
DA:62,8
DA:63,1
DA:68,7
DA:70,7
DA:71,1
DA:73,2
DA:75,1
DA:76,0
DA:81,7
DA:82,7
DA:90,7
DA:91,7
DA:94,7
DA:95,7
DA:96,7
DA:98,7
DA:99,0
DA:102,7
DA:103,7
DA:104,0
DA:107,7
DA:108,7
DA:109,0
DA:112,7
DA:113,7
DA:114,0
DA:117,7
DA:119,7
DA:130,7
DA:131,7
DA:134,7
DA:135,7
DA:136,7
DA:137,7
DA:140,7
DA:142,7
DA:146,7
DA:148,7
DA:149,0
DA:152,7
DA:158,7
DA:160,7
DA:161,7
DA:164,7
DA:165,7
DA:172,0
DA:173,0
DA:178,0
DA:196,0
DA:197,0
DA:199,0
DA:204,0
DA:207,0
DA:209,0
DA:211,7
DA:212,7
DA:216,7
DA:219,7
DA:220,7
DA:224,7
DA:228,7
DA:241,7
DA:242,1
DA:247,1
DA:253,6
DA:256,7
DA:259,0
DA:261,7
DA:323,2
DA:324,2
DA:326,2
DA:328,2
DA:329,2
DA:331,2
DA:332,1
DA:336,1
DA:338,1
DA:339,1
DA:340,1
DA:344,1
DA:345,1
DA:348,1
DA:351,1
DA:368,1
DA:369,1
DA:370,1
DA:372,1
DA:379,1
DA:381,1
DA:382,1
DA:383,1
DA:385,1
DA:394,1
DA:403,2
DA:404,2
DA:406,2
DA:408,1
DA:409,1
DA:411,1
DA:418,2
DA:419,2
DA:421,2
DA:424,2
DA:425,2
DA:427,2
DA:429,2
DA:430,2
DA:433,2
DA:439,0
DA:442,0
DA:443,0
DA:447,0
DA:448,0
DA:449,0
DA:456,0
DA:457,0
DA:458,0
DA:459,0
DA:461,0
DA:463,0
DA:465,0
DA:467,2
DA:468,2
DA:472,2
DA:473,2
DA:474,2
DA:476,2
DA:477,1
DA:479,1
DA:480,0
DA:481,0
DA:482,0
DA:489,1
DA:490,1
DA:491,1
DA:492,1
DA:494,1
DA:496,1
DA:499,0
DA:501,2
LF:168
LH:135
BRDA:21,0,0,0
BRDA:21,0,1,17
BRDA:26,1,0,7
BRDA:26,1,1,0
BRDA:28,2,0,7
BRDA:28,2,1,0
BRDA:29,3,0,7
BRDA:29,3,1,0
BRDA:49,4,0,10
BRDA:49,4,1,1
BRDA:50,5,0,10
BRDA:50,5,1,0
BRDA:52,6,0,1
BRDA:52,6,1,9
BRDA:54,7,0,1
BRDA:54,7,1,8
BRDA:62,8,0,1
BRDA:62,8,1,7
BRDA:62,9,0,8
BRDA:62,9,1,8
BRDA:62,9,2,8
BRDA:68,10,0,7
BRDA:68,10,1,0
BRDA:70,11,0,1
BRDA:70,11,1,6
BRDA:70,12,0,7
BRDA:70,12,1,1
BRDA:75,13,0,0
BRDA:75,13,1,1
BRDA:98,14,0,0
BRDA:98,14,1,7
BRDA:102,15,0,7
BRDA:102,15,1,0
BRDA:103,16,0,0
BRDA:103,16,1,7
BRDA:103,17,0,7
BRDA:103,17,1,7
BRDA:107,18,0,7
BRDA:107,18,1,0
BRDA:108,19,0,0
BRDA:108,19,1,7
BRDA:112,20,0,7
BRDA:112,20,1,0
BRDA:113,21,0,0
BRDA:113,21,1,7
BRDA:113,22,0,7
BRDA:113,22,1,7
BRDA:117,23,0,0
BRDA:117,23,1,7
BRDA:117,24,0,7
BRDA:117,24,1,7
BRDA:134,25,0,7
BRDA:134,25,1,0
BRDA:135,26,0,0
BRDA:135,26,1,7
BRDA:135,27,0,7
BRDA:135,27,1,2
BRDA:136,28,0,0
BRDA:136,28,1,7
BRDA:136,29,0,7
BRDA:136,29,1,1
BRDA:137,30,0,0
BRDA:137,30,1,7
BRDA:137,31,0,7
BRDA:137,31,1,4
BRDA:140,32,0,7
BRDA:140,32,1,0
BRDA:142,33,0,7
BRDA:142,33,1,0
BRDA:142,34,0,7
BRDA:142,34,1,0
BRDA:148,35,0,0
BRDA:148,35,1,7
BRDA:148,36,0,7
BRDA:148,36,1,0
BRDA:149,37,0,0
BRDA:149,37,1,0
BRDA:172,38,0,0
BRDA:172,38,1,0
BRDA:196,39,0,0
BRDA:196,39,1,0
BRDA:196,40,0,0
BRDA:196,40,1,0
BRDA:216,41,0,7
BRDA:216,41,1,0
BRDA:216,42,0,7
BRDA:216,42,1,0
BRDA:224,43,0,0
BRDA:224,43,1,7
BRDA:241,44,0,1
BRDA:241,44,1,6
BRDA:241,45,0,7
BRDA:241,45,1,1
BRDA:326,46,0,0
BRDA:326,46,1,2
BRDA:329,47,0,0
BRDA:329,47,1,2
BRDA:331,48,0,1
BRDA:331,48,1,1
BRDA:331,49,0,2
BRDA:331,49,1,0
BRDA:338,50,0,1
BRDA:338,50,1,0
BRDA:339,51,0,1
BRDA:339,51,1,0
BRDA:340,52,0,1
BRDA:340,52,1,0
BRDA:345,53,0,1
BRDA:345,53,1,0
BRDA:361,54,0,1
BRDA:361,54,1,0
BRDA:362,55,0,1
BRDA:362,55,1,0
BRDA:381,56,0,1
BRDA:381,56,1,0
BRDA:382,57,0,1
BRDA:382,57,1,0
BRDA:406,58,0,1
BRDA:406,58,1,1
BRDA:409,59,0,0
BRDA:409,59,1,1
BRDA:421,60,0,0
BRDA:421,60,1,2
BRDA:424,61,0,2
BRDA:424,61,1,0
BRDA:425,62,0,2
BRDA:425,62,1,0
BRDA:439,63,0,0
BRDA:439,63,1,0
BRDA:442,64,0,0
BRDA:442,64,1,0
BRDA:447,65,0,0
BRDA:447,65,1,0
BRDA:472,66,0,2
BRDA:472,66,1,0
BRDA:472,67,0,2
BRDA:472,67,1,0
BRDA:474,68,0,0
BRDA:474,68,1,2
BRDA:476,69,0,1
BRDA:476,69,1,1
BRDA:477,70,0,0
BRDA:477,70,1,1
BRDA:479,71,0,1
BRDA:479,71,1,0
BRDA:480,72,0,0
BRDA:480,72,1,0
BRDA:481,73,0,0
BRDA:481,73,1,0
BRF:149
BRH:84
end_of_record
TN:
SF:src\controllers\payment.controller.ts
FN:18,mustUserId
FN:42,logPayment
FN:70,toEsewaAmountRs
FN:76,buildSignedFieldString
FN:79,(anonymous_5)
FN:86,hmacSha256Base64
FN:90,safeBase64JsonDecode
FN:97,(anonymous_8)
FN:226,(anonymous_9)
FN:403,(anonymous_10)
FN:496,(anonymous_11)
FN:746,(anonymous_12)
FN:782,(anonymous_13)
FN:799,(anonymous_14)
FNF:14
FNH:10
FNDA:2,mustUserId
FNDA:10,logPayment
FNDA:1,toEsewaAmountRs
FNDA:3,buildSignedFieldString
FNDA:9,(anonymous_5)
FNDA:3,hmacSha256Base64
FNDA:3,safeBase64JsonDecode
FNDA:1,(anonymous_8)
FNDA:0,(anonymous_9)
FNDA:1,(anonymous_10)
FNDA:3,(anonymous_11)
FNDA:0,(anonymous_12)
FNDA:0,(anonymous_13)
FNDA:0,(anonymous_14)
DA:2,20
DA:3,20
DA:4,20
DA:6,20
DA:7,20
DA:8,20
DA:9,20
DA:10,20
DA:11,20
DA:12,20
DA:13,20
DA:15,20
DA:16,20
DA:19,2
DA:20,2
DA:21,2
DA:24,20
DA:25,20
DA:26,20
DA:28,20
DA:29,20
DA:30,20
DA:37,20
DA:38,20
DA:39,20
DA:40,20
DA:53,10
DA:54,10
DA:66,0
DA:71,1
DA:73,1
DA:77,3
DA:80,9
DA:81,9
DA:87,3
DA:91,3
DA:92,3
DA:95,20
DA:98,1
DA:99,1
DA:101,1
DA:103,1
DA:107,1
DA:110,1
DA:112,1
DA:113,0
DA:116,1
DA:117,0
DA:121,1
DA:122,1
DA:123,0
DA:126,1
DA:127,1
DA:129,1
DA:130,1
DA:133,1
DA:142,1
DA:155,1
DA:156,1
DA:164,0
DA:169,0
DA:181,0
DA:184,1
DA:185,1
DA:186,1
DA:188,1
DA:189,0
DA:200,0
DA:203,1
DA:204,1
DA:205,1
DA:206,1
DA:207,1
DA:208,1
DA:210,1
DA:222,1
DA:227,0
DA:228,0
DA:229,0
DA:232,0
DA:233,0
DA:235,0
DA:236,0
DA:238,0
DA:240,0
DA:252,0
DA:253,0
DA:264,0
DA:268,0
DA:269,0
DA:281,0
DA:286,0
DA:298,0
DA:301,0
DA:302,0
DA:305,0
DA:306,0
DA:307,0
DA:309,0
DA:311,0
DA:312,0
DA:313,0
DA:315,0
DA:328,0
DA:329,0
DA:333,0
DA:334,0
DA:335,0
DA:336,0
DA:339,0
DA:340,0
DA:342,0
DA:358,0
DA:368,0
DA:371,0
DA:375,0
DA:376,0
DA:378,0
DA:390,0
DA:404,1
DA:405,1
DA:407,1
DA:409,1
DA:410,1
DA:413,1
DA:414,1
DA:415,0
DA:418,1
DA:419,0
DA:422,1
DA:424,1
DA:425,1
DA:428,1
DA:431,1
DA:432,1
DA:434,1
DA:437,1
DA:450,1
DA:451,1
DA:453,1
DA:466,1
DA:467,1
DA:468,1
DA:469,1
DA:470,1
DA:471,1
DA:473,1
DA:485,1
DA:497,3
DA:498,3
DA:500,3
DA:501,3
DA:504,3
DA:505,3
DA:507,3
DA:508,3
DA:510,3
DA:523,3
DA:524,0
DA:535,0
DA:538,3
DA:542,3
DA:543,3
DA:545,1
DA:556,1
DA:560,2
DA:561,2
DA:563,2
DA:564,0
DA:575,0
DA:578,2
DA:579,2
DA:581,2
DA:582,1
DA:593,1
DA:597,1
DA:598,1
DA:599,1
DA:600,1
DA:602,1
DA:603,0
DA:607,1
DA:608,0
DA:619,0
DA:624,1
DA:626,1
DA:627,1
DA:636,0
DA:644,0
DA:663,0
DA:666,1
DA:667,1
DA:670,1
DA:671,1
DA:674,1
DA:676,1
DA:677,1
DA:678,1
DA:680,1
DA:693,1
DA:694,1
DA:696,1
DA:697,1
DA:698,1
DA:699,1
DA:701,1
DA:702,1
DA:704,1
DA:711,1
DA:721,0
DA:724,1
DA:728,0
DA:729,0
DA:731,0
DA:743,0
DA:747,0
DA:749,0
DA:750,0
DA:751,0
DA:753,0
DA:754,0
DA:756,0
DA:757,0
DA:760,0
DA:761,0
DA:765,0
DA:766,0
DA:767,0
DA:770,0
DA:771,0
DA:773,0
DA:776,0
DA:782,0
DA:783,0
DA:784,0
DA:785,0
DA:788,0
DA:796,0
DA:800,0
DA:802,0
DA:807,0
LF:241
LH:146
BRDA:20,0,0,0
BRDA:20,0,1,2
BRDA:24,1,0,20
BRDA:24,1,1,0
BRDA:25,2,0,20
BRDA:25,2,1,20
BRDA:26,3,0,20
BRDA:26,3,1,0
BRDA:28,4,0,20
BRDA:28,4,1,0
BRDA:29,5,0,20
BRDA:29,5,1,0
BRDA:30,6,0,20
BRDA:30,6,1,20
BRDA:37,7,0,20
BRDA:37,7,1,0
BRDA:38,8,0,20
BRDA:38,8,1,0
BRDA:39,9,0,20
BRDA:39,9,1,0
BRDA:40,10,0,20
BRDA:40,10,1,0
BRDA:61,11,0,10
BRDA:61,11,1,1
BRDA:62,12,0,10
BRDA:62,12,1,0
BRDA:63,13,0,10
BRDA:63,13,1,0
BRDA:66,14,0,0
BRDA:66,14,1,0
BRDA:71,15,0,1
BRDA:71,15,1,0
BRDA:81,16,0,9
BRDA:81,16,1,0
BRDA:99,17,0,1
BRDA:99,17,1,0
BRDA:101,18,0,0
BRDA:101,18,1,1
BRDA:107,19,0,0
BRDA:107,19,1,1
BRDA:110,20,0,1
BRDA:110,20,1,0
BRDA:112,21,0,0
BRDA:112,21,1,1
BRDA:116,22,0,0
BRDA:116,22,1,1
BRDA:121,23,0,1
BRDA:121,23,1,0
BRDA:122,24,0,0
BRDA:122,24,1,1
BRDA:122,25,0,1
BRDA:122,25,1,1
BRDA:164,26,0,0
BRDA:164,26,1,0
BRDA:164,26,2,0
BRDA:164,26,3,0
BRDA:176,27,0,0
BRDA:176,27,1,0
BRDA:184,28,0,1
BRDA:184,28,1,0
BRDA:185,29,0,1
BRDA:185,29,1,0
BRDA:186,30,0,1
BRDA:186,30,1,0
BRDA:188,31,0,0
BRDA:188,31,1,1
BRDA:188,32,0,1
BRDA:188,32,1,1
BRDA:228,33,0,0
BRDA:228,33,1,0
BRDA:229,34,0,0
BRDA:229,34,1,0
BRDA:232,35,0,0
BRDA:232,35,1,0
BRDA:233,36,0,0
BRDA:233,36,1,0
BRDA:236,37,0,0
BRDA:236,37,1,0
BRDA:238,38,0,0
BRDA:238,38,1,0
BRDA:252,39,0,0
BRDA:252,39,1,0
BRDA:260,40,0,0
BRDA:260,40,1,0
BRDA:262,41,0,0
BRDA:262,41,1,0
BRDA:281,42,0,0
BRDA:281,42,1,0
BRDA:281,42,2,0
BRDA:281,42,3,0
BRDA:295,43,0,0
BRDA:295,43,1,0
BRDA:301,44,0,0
BRDA:301,44,1,0
BRDA:302,45,0,0
BRDA:302,45,1,0
BRDA:309,46,0,0
BRDA:309,46,1,0
BRDA:322,47,0,0
BRDA:322,47,1,0
BRDA:333,48,0,0
BRDA:333,48,1,0
BRDA:334,49,0,0
BRDA:334,49,1,0
BRDA:335,50,0,0
BRDA:335,50,1,0
BRDA:336,51,0,0
BRDA:336,51,1,0
BRDA:340,52,0,0
BRDA:340,52,1,0
BRDA:340,53,0,0
BRDA:340,53,1,0
BRDA:352,54,0,0
BRDA:352,54,1,0
BRDA:353,55,0,0
BRDA:353,55,1,0
BRDA:362,56,0,0
BRDA:362,56,1,0
BRDA:368,57,0,0
BRDA:368,57,1,0
BRDA:375,58,0,0
BRDA:375,58,1,0
BRDA:387,59,0,0
BRDA:387,59,1,0
BRDA:390,60,0,0
BRDA:390,60,1,0
BRDA:405,61,0,1
BRDA:405,61,1,0
BRDA:407,62,0,0
BRDA:407,62,1,1
BRDA:410,63,0,0
BRDA:410,63,1,1
BRDA:413,64,0,1
BRDA:413,64,1,0
BRDA:414,65,0,0
BRDA:414,65,1,1
BRDA:418,66,0,0
BRDA:418,66,1,1
BRDA:422,67,0,0
BRDA:422,67,1,1
BRDA:424,68,0,1
BRDA:424,68,1,0
BRDA:425,69,0,0
BRDA:425,69,1,1
BRDA:425,70,0,1
BRDA:425,70,1,1
BRDA:497,71,0,3
BRDA:497,71,1,0
BRDA:498,72,0,3
BRDA:498,72,1,0
BRDA:500,73,0,0
BRDA:500,73,1,3
BRDA:501,74,0,0
BRDA:501,74,1,3
BRDA:505,75,0,0
BRDA:505,75,1,3
BRDA:508,76,0,3
BRDA:508,76,1,0
BRDA:517,77,0,3
BRDA:517,77,1,0
BRDA:523,78,0,0
BRDA:523,78,1,3
BRDA:523,79,0,3
BRDA:523,79,1,0
BRDA:531,80,0,0
BRDA:531,80,1,0
BRDA:533,81,0,0
BRDA:533,81,1,0
BRDA:538,82,0,0
BRDA:538,82,1,3
BRDA:552,83,0,1
BRDA:552,83,1,0
BRDA:560,84,0,2
BRDA:560,84,1,0
BRDA:561,85,0,2
BRDA:561,85,1,0
BRDA:563,86,0,0
BRDA:563,86,1,2
BRDA:563,87,0,2
BRDA:563,87,1,2
BRDA:571,88,0,0
BRDA:571,88,1,0
BRDA:581,89,0,1
BRDA:581,89,1,1
BRDA:589,90,0,1
BRDA:589,90,1,0
BRDA:597,91,0,1
BRDA:597,91,1,0
BRDA:598,92,0,1
BRDA:598,92,1,0
BRDA:599,93,0,1
BRDA:599,93,1,0
BRDA:600,94,0,1
BRDA:600,94,1,0
BRDA:602,95,0,0
BRDA:602,95,1,1
BRDA:602,96,0,1
BRDA:602,96,1,1
BRDA:602,96,2,1
BRDA:607,97,0,0
BRDA:607,97,1,1
BRDA:607,98,0,1
BRDA:607,98,1,0
BRDA:666,99,0,1
BRDA:666,99,1,0
BRDA:667,100,0,1
BRDA:667,100,1,0
BRDA:674,101,0,1
BRDA:674,101,1,0
BRDA:696,102,0,1
BRDA:696,102,1,0
BRDA:697,103,0,1
BRDA:697,103,1,0
BRDA:698,104,0,1
BRDA:698,104,1,0
BRDA:699,105,0,1
BRDA:699,105,1,0
BRDA:702,106,0,1
BRDA:702,106,1,0
BRDA:702,107,0,1
BRDA:702,107,1,1
BRDA:715,108,0,1
BRDA:715,108,1,0
BRDA:721,109,0,0
BRDA:721,109,1,0
BRDA:728,110,0,0
BRDA:728,110,1,0
BRDA:739,111,0,0
BRDA:739,111,1,0
BRDA:739,111,2,0
BRDA:743,112,0,0
BRDA:743,112,1,0
BRDA:743,112,2,0
BRDA:749,113,0,0
BRDA:749,113,1,0
BRDA:750,114,0,0
BRDA:750,114,1,0
BRDA:751,115,0,0
BRDA:751,115,1,0
BRDA:753,116,0,0
BRDA:753,116,1,0
BRDA:754,117,0,0
BRDA:754,117,1,0
BRDA:754,118,0,0
BRDA:754,118,1,0
BRDA:757,119,0,0
BRDA:757,119,1,0
BRDA:760,120,0,0
BRDA:760,120,1,0
BRDA:765,121,0,0
BRDA:765,121,1,0
BRDA:766,122,0,0
BRDA:766,122,1,0
BRDA:770,123,0,0
BRDA:770,123,1,0
BRDA:771,124,0,0
BRDA:771,124,1,0
BRDA:782,125,0,0
BRDA:782,125,1,0
BRDA:783,126,0,0
BRDA:783,126,1,0
BRDA:792,127,0,0
BRDA:792,127,1,0
BRF:263
BRH:86
end_of_record
TN:
SF:src\controllers\public.about.controller.ts
FN:8,(anonymous_0)
FNF:1
FNH:0
FNDA:0,(anonymous_0)
DA:2,20
DA:4,20
DA:6,20
DA:9,0
DA:10,0
LF:5
LH:3
BRF:0
BRH:0
end_of_record
TN:
SF:src\controllers\public.category.controller.ts
FN:6,(anonymous_0)
FNF:1
FNH:0
FNDA:0,(anonymous_0)
DA:2,20
DA:4,20
DA:7,0
DA:15,0
LF:4
LH:2
BRF:0
BRH:0
end_of_record
TN:
SF:src\controllers\public.product.controller.ts
FN:7,(anonymous_0)
FN:12,(anonymous_1)
FNF:2
FNH:2
FNDA:1,(anonymous_0)
FNDA:2,(anonymous_1)
DA:2,20
DA:4,20
DA:6,20
DA:8,1
DA:9,1
DA:13,2
DA:14,2
DA:15,1
LF:8
LH:8
BRDA:14,0,0,1
BRDA:14,0,1,1
BRF:2
BRH:2
end_of_record
TN:
SF:src\database\mongodb.ts
FN:4,connectDatabase
FNF:1
FNH:1
FNDA:39,connectDatabase
DA:1,39
DA:2,39
DA:4,39
DA:5,39
DA:6,39
DA:7,39
DA:9,0
DA:10,0
LF:8
LH:6
BRF:0
BRH:0
end_of_record
TN:
SF:src\dtos\admin.user.dto.ts
FNF:0
FNH:0
DA:1,20
DA:3,20
DA:17,20
LF:3
LH:3
BRF:0
BRH:0
end_of_record
TN:
SF:src\dtos\blog.dto.ts
FNF:0
FNH:0
DA:1,1
DA:3,1
LF:2
LH:2
BRF:0
BRH:0
end_of_record
TN:
SF:src\dtos\cart.dto.ts
FNF:0
FNH:0
DA:1,1
DA:3,1
DA:8,1
LF:3
LH:3
BRF:0
BRH:0
end_of_record
TN:
SF:src\dtos\category.dto.ts
FNF:0
FNH:0
DA:1,20
DA:3,20
DA:9,20
LF:3
LH:3
BRF:0
BRH:0
end_of_record
TN:
SF:src\dtos\product.dto.ts
FNF:0
FNH:0
DA:1,20
DA:3,20
DA:14,20
LF:3
LH:3
BRF:0
BRH:0
end_of_record
TN:
SF:src\dtos\user.dto.ts
FNF:0
FNH:0
DA:1,20
DA:2,20
DA:5,20
DA:19,20
DA:26,20
LF:5
LH:5
BRF:0
BRH:0
end_of_record
TN:
SF:src\errors\http-error.ts
FN:3,(anonymous_0)
FNF:1
FNH:1
FNDA:54,(anonymous_0)
DA:1,28
DA:4,54
DA:5,54
LF:3
LH:3
BRF:0
BRH:0
end_of_record
TN:
SF:src\middleware\admin.middleware.ts
FN:4,(anonymous_0)
FN:11,(anonymous_1)
FNF:2
FNH:2
FNDA:71,(anonymous_0)
FNDA:3,(anonymous_1)
DA:4,21
DA:5,71
DA:6,3
DA:8,68
DA:11,21
DA:12,3
DA:13,3
DA:14,2
DA:15,1
DA:17,1
LF:10
LH:10
BRDA:5,0,0,3
BRDA:5,0,1,68
BRDA:13,1,0,1
BRDA:13,1,1,2
BRDA:14,2,0,1
BRDA:14,2,1,1
BRF:6
BRH:6
end_of_record
TN:
SF:src\middleware\async.middleware.ts
FN:7,(anonymous_0)
FN:10,(anonymous_1)
FNF:2
FNH:2
FNDA:1280,(anonymous_0)
FNDA:250,(anonymous_1)
DA:6,20
DA:7,20
DA:10,1280
DA:11,250
LF:4
LH:4
BRF:0
BRH:0
end_of_record
TN:
SF:src\middleware\auth.middleware.ts
FN:9,(anonymous_1)
FNF:1
FNH:1
FNDA:127,(anonymous_1)
DA:2,21
DA:3,21
DA:9,21
DA:10,127
DA:12,127
DA:13,9
DA:16,118
DA:18,118
DA:19,118
DA:21,117
DA:27,117
DA:29,1
LF:12
LH:12
BRDA:12,0,0,9
BRDA:12,0,1,118
BRDA:12,1,0,127
BRDA:12,1,1,118
BRF:4
BRH:4
end_of_record
TN:
SF:src\middleware\blogUpload.ts
FN:9,(anonymous_1)
FN:10,(anonymous_2)
FNF:2
FNH:2
FNDA:1,(anonymous_1)
FNDA:1,(anonymous_2)
DA:1,20
DA:2,20
DA:3,20
DA:5,20
DA:6,20
DA:8,20
DA:9,1
DA:11,1
DA:12,1
DA:13,1
DA:17,20
LF:11
LH:11
BRDA:6,0,0,0
BRDA:6,0,1,20
BRDA:11,1,0,1
BRDA:11,1,1,0
BRDA:12,2,0,1
BRDA:12,2,1,0
BRF:6
BRH:3
end_of_record
TN:
SF:src\middleware\error.middleware.ts
FN:7,(anonymous_0)
FN:23,(anonymous_1)
FNF:2
FNH:2
FNDA:21,(anonymous_0)
FNDA:2,(anonymous_1)
DA:2,21
DA:7,21
DA:14,21
DA:15,18
DA:22,3
DA:23,2
DA:24,1
DA:30,2
DA:33,2
LF:9
LH:9
BRDA:14,0,0,18
BRDA:14,0,1,3
BRDA:22,1,0,1
BRDA:22,1,1,2
BRF:4
BRH:4
end_of_record
TN:
SF:src\middleware\multer_error.middleware.ts
FN:4,multerErrorHandler
FNF:1
FNH:1
FNDA:4,multerErrorHandler
DA:2,21
DA:4,21
DA:10,4
DA:12,3
DA:13,1
DA:16,2
LF:6
LH:6
BRDA:10,0,0,1
BRDA:10,0,1,3
BRDA:12,1,0,1
BRDA:12,1,1,2
BRDA:18,2,0,2
BRDA:18,2,1,1
BRF:6
BRH:6
end_of_record
TN:
SF:src\middleware\product_upload.ts
FN:13,(anonymous_1)
FN:14,(anonymous_2)
FN:20,(anonymous_3)
FNF:3
FNH:0
FNDA:0,(anonymous_1)
FNDA:0,(anonymous_2)
FNDA:0,(anonymous_3)
DA:1,22
DA:2,22
DA:3,22
DA:5,22
DA:6,22
DA:8,22
DA:9,1
DA:12,22
DA:13,0
DA:15,0
DA:16,0
DA:20,22
DA:22,0
DA:23,0
DA:26,0
DA:27,0
DA:28,0
DA:30,0
DA:33,22
LF:19
LH:10
BRDA:8,0,0,1
BRDA:8,0,1,21
BRDA:22,1,0,0
BRDA:22,1,1,0
BRDA:27,2,0,0
BRDA:27,2,1,0
BRF:6
BRH:2
end_of_record
TN:
SF:src\middleware\upload.ts
FN:13,(anonymous_10)
FN:14,(anonymous_11)
FN:20,(anonymous_12)
FNF:3
FNH:1
FNDA:0,(anonymous_10)
FNDA:0,(anonymous_11)
FNDA:1,(anonymous_12)
DA:1,22
DA:2,22
DA:3,22
DA:5,22
DA:6,22
DA:8,22
DA:9,1
DA:12,22
DA:13,0
DA:15,0
DA:16,0
DA:20,22
DA:21,1
DA:22,1
DA:25,0
DA:27,0
DA:28,0
DA:33,0
DA:37,22
LF:19
LH:12
BRDA:8,0,0,1
BRDA:8,0,1,21
BRDA:21,1,0,1
BRDA:21,1,1,0
BRDA:27,2,0,0
BRDA:27,2,1,0
BRF:6
BRH:3
end_of_record
TN:
SF:src\middleware\uploadAboutImage.ts
FN:13,(anonymous_1)
FN:14,(anonymous_2)
FN:21,(anonymous_3)
FNF:3
FNH:3
FNDA:2,(anonymous_1)
FNDA:2,(anonymous_2)
FNDA:2,(anonymous_3)
DA:1,20
DA:2,20
DA:3,20
DA:5,20
DA:6,20
DA:8,20
DA:9,0
DA:12,20
DA:13,2
DA:15,2
DA:16,2
DA:17,2
DA:21,20
DA:22,2
DA:24,2
DA:25,2
DA:27,2
DA:30,20
LF:18
LH:17
BRDA:8,0,0,0
BRDA:8,0,1,20
BRDA:16,1,0,2
BRDA:16,1,1,2
BRDA:22,2,0,0
BRDA:22,2,1,2
BRDA:25,3,0,0
BRDA:25,3,1,2
BRF:8
BRH:5
end_of_record
TN:
SF:src\middleware\uploadLogo.ts
FN:13,(anonymous_1)
FN:14,(anonymous_2)
FN:20,(anonymous_3)
FNF:3
FNH:3
FNDA:1,(anonymous_1)
FNDA:1,(anonymous_2)
FNDA:1,(anonymous_3)
DA:1,20
DA:2,20
DA:3,20
DA:5,20
DA:6,20
DA:8,20
DA:9,0
DA:12,20
DA:13,1
DA:15,1
DA:16,1
DA:20,20
DA:22,1
DA:23,0
DA:26,1
DA:27,1
DA:28,0
DA:31,1
DA:34,20
LF:19
LH:16
BRDA:8,0,0,0
BRDA:8,0,1,20
BRDA:22,1,0,0
BRDA:22,1,1,1
BRDA:27,2,0,0
BRDA:27,2,1,1
BRF:6
BRH:3
end_of_record
TN:
SF:src\middleware\validatePassword.middleware.ts
FN:4,(anonymous_0)
FNF:1
FNH:1
FNDA:81,(anonymous_0)
DA:4,21
DA:5,81
DA:7,81
DA:8,79
DA:9,77
DA:10,77
DA:11,77
DA:12,77
DA:13,0
DA:15,77
LF:10
LH:9
BRDA:7,0,0,2
BRDA:7,0,1,79
BRDA:8,1,0,2
BRDA:8,1,1,77
BRDA:9,2,0,0
BRDA:9,2,1,77
BRDA:10,3,0,0
BRDA:10,3,1,77
BRDA:11,4,0,0
BRDA:11,4,1,77
BRDA:12,5,0,0
BRDA:12,5,1,77
BRF:12
BRH:8
end_of_record
TN:
SF:src\models\about.model.ts
FNF:0
FNH:0
DA:1,20
DA:27,20
DA:65,20
LF:3
LH:3
BRF:0
BRH:0
end_of_record
TN:
SF:src\models\blog.model.ts
FNF:0
FNH:0
DA:1,20
DA:22,20
DA:42,20
DA:44,20
LF:4
LH:4
BRF:0
BRH:0
end_of_record
TN:
SF:src\models\cart.model.ts
FNF:0
FNH:0
DA:1,20
DA:3,20
DA:14,20
DA:23,20
LF:4
LH:4
BRF:0
BRH:0
end_of_record
TN:
SF:src\models\category.model.ts
FNF:0
FNH:0
DA:1,20
DA:11,20
DA:22,20
LF:3
LH:3
BRF:0
BRH:0
end_of_record
TN:
SF:src\models\inventory_transaction.model.ts
FNF:0
FNH:0
DA:1,20
DA:28,20
DA:53,20
DA:55,20
LF:4
LH:4
BRF:0
BRH:0
end_of_record
TN:
SF:src\models\order.model.ts
FNF:0
FNH:0
DA:1,20
DA:51,20
DA:67,20
DA:118,20
LF:4
LH:4
BRF:0
BRH:0
end_of_record
TN:
SF:src\models\payment_log.model.ts
FNF:0
FNH:0
DA:1,20
DA:31,20
DA:53,20
LF:3
LH:3
BRF:0
BRH:0
end_of_record
TN:
SF:src\models\product.model.ts
FNF:0
FNH:0
DA:1,20
DA:17,20
DA:42,20
LF:3
LH:3
BRF:0
BRH:0
end_of_record
TN:
SF:src\models\refund_request.model.ts
FNF:0
FNH:0
DA:1,20
DA:24,20
DA:48,20
LF:3
LH:3
BRF:0
BRH:0
end_of_record
TN:
SF:src\models\settings.model.ts
FNF:0
FNH:0
DA:1,20
DA:28,20
DA:51,20
LF:3
LH:3
BRF:0
BRH:0
end_of_record
TN:
SF:src\models\user.model.ts
FNF:0
FNH:0
DA:1,21
DA:9,21
DA:77,21
LF:3
LH:3
BRF:0
BRH:0
end_of_record
TN:
SF:src\repositories\cart.repository.ts
FN:10,(anonymous_0)
FN:16,(anonymous_1)
FN:20,(anonymous_2)
FN:31,(anonymous_3)
FNF:4
FNH:4
FNDA:1,(anonymous_0)
FNDA:1,(anonymous_1)
FNDA:1,(anonymous_2)
FNDA:1,(anonymous_3)
DA:1,1
DA:3,1
DA:9,1
DA:11,1
DA:17,1
DA:21,1
DA:32,1
LF:7
LH:7
BRF:0
BRH:0
end_of_record
TN:
SF:src\repositories\category.repository.ts
FN:4,(anonymous_0)
FN:8,(anonymous_1)
FN:12,(anonymous_2)
FN:16,(anonymous_3)
FN:20,(anonymous_4)
FN:28,(anonymous_5)
FNF:6
FNH:6
FNDA:2,(anonymous_0)
FNDA:3,(anonymous_1)
FNDA:3,(anonymous_2)
FNDA:1,(anonymous_3)
FNDA:1,(anonymous_4)
FNDA:1,(anonymous_5)
DA:1,20
DA:3,20
DA:5,2
DA:9,3
DA:13,3
DA:17,1
DA:21,1
DA:29,1
LF:8
LH:8
BRF:0
BRH:0
end_of_record
TN:
SF:src\repositories\product.repository.ts
FN:5,(anonymous_0)
FN:9,(anonymous_1)
FN:15,(anonymous_2)
FN:21,(anonymous_3)
FN:25,(anonymous_4)
FN:32,(anonymous_5)
FN:42,(anonymous_6)
FN:50,(anonymous_7)
FN:54,(anonymous_8)
FNF:9
FNH:7
FNDA:1,(anonymous_0)
FNDA:2,(anonymous_1)
FNDA:1,(anonymous_2)
FNDA:1,(anonymous_3)
FNDA:0,(anonymous_4)
FNDA:1,(anonymous_5)
FNDA:1,(anonymous_6)
FNDA:0,(anonymous_7)
FNDA:1,(anonymous_8)
DA:1,20
DA:4,20
DA:6,1
DA:10,2
DA:16,1
DA:22,1
DA:26,0
DA:33,1
DA:43,1
DA:51,0
DA:61,1
DA:63,1
DA:65,1
DA:66,0
DA:76,1
DA:82,1
DA:84,1
DA:94,1
DA:96,1
LF:19
LH:16
BRDA:25,0,0,0
BRDA:56,1,0,1
BRDA:57,2,0,1
BRDA:60,3,0,1
BRDA:65,4,0,0
BRDA:65,4,1,1
BRDA:76,5,0,0
BRDA:76,5,1,1
BRDA:78,6,0,0
BRDA:78,6,1,1
BRF:10
BRH:6
end_of_record
TN:
SF:src\repositories\user.repository.ts
FN:5,(anonymous_0)
FN:10,(anonymous_1)
FN:14,(anonymous_2)
FN:18,(anonymous_3)
FN:23,(anonymous_4)
FN:31,(anonymous_5)
FN:35,(anonymous_6)
FN:39,(anonymous_7)
FN:44,(anonymous_8)
FNF:9
FNH:6
FNDA:77,(anonymous_0)
FNDA:148,(anonymous_1)
FNDA:72,(anonymous_2)
FNDA:0,(anonymous_3)
FNDA:0,(anonymous_4)
FNDA:0,(anonymous_5)
FNDA:1,(anonymous_6)
FNDA:1,(anonymous_7)
FNDA:1,(anonymous_8)
DA:1,20
DA:4,20
DA:6,77
DA:7,77
DA:11,148
DA:15,72
DA:19,0
DA:24,0
DA:32,0
DA:36,1
DA:40,1
DA:45,1
LF:12
LH:9
BRF:0
BRH:0
end_of_record
TN:
SF:src\routes\about.route.ts
FN:8,(anonymous_0)
FNF:1
FNH:0
FNDA:0,(anonymous_0)
DA:1,20
DA:2,20
DA:4,20
DA:5,20
DA:8,20
DA:10,20
LF:6
LH:6
BRF:0
BRH:0
end_of_record
TN:
SF:src\routes\admin.about.route.ts
FN:11,(anonymous_0)
FN:14,(anonymous_1)
FN:22,(anonymous_2)
FN:31,(anonymous_3)
FNF:4
FNH:4
FNDA:1,(anonymous_0)
FNDA:1,(anonymous_1)
FNDA:1,(anonymous_2)
FNDA:1,(anonymous_3)
DA:1,20
DA:2,20
DA:3,20
DA:4,20
DA:5,20
DA:7,20
DA:8,20
DA:11,20
DA:14,20
DA:17,20
DA:22,1
DA:26,20
DA:31,1
DA:34,20
LF:14
LH:14
BRF:0
BRH:0
end_of_record
TN:
SF:src\routes\admin.blog.routes.ts
FN:13,(anonymous_0)
FN:14,(anonymous_1)
FN:15,(anonymous_2)
FN:16,(anonymous_3)
FN:17,(anonymous_4)
FNF:5
FNH:5
FNDA:1,(anonymous_0)
FNDA:1,(anonymous_1)
FNDA:1,(anonymous_2)
FNDA:1,(anonymous_3)
FNDA:1,(anonymous_4)
DA:1,20
DA:2,20
DA:3,20
DA:4,20
DA:5,20
DA:7,20
DA:8,20
DA:10,20
DA:13,20
DA:14,20
DA:15,20
DA:16,20
DA:17,20
DA:19,20
LF:14
LH:14
BRF:0
BRH:0
end_of_record
TN:
SF:src\routes\admin.cart.route.ts
FN:11,(anonymous_0)
FNF:1
FNH:0
FNDA:0,(anonymous_0)
DA:1,20
DA:2,20
DA:3,20
DA:4,20
DA:6,20
DA:7,20
DA:11,20
DA:12,0
DA:15,20
DA:17,20
DA:18,20
DA:20,20
DA:21,20
DA:23,20
LF:14
LH:13
BRF:0
BRH:0
end_of_record
TN:
SF:src\routes\admin.category.route.ts
FNF:0
FNH:0
DA:1,20
DA:2,20
DA:3,20
DA:4,20
DA:5,20
DA:7,20
DA:8,20
DA:11,20
DA:12,20
DA:14,20
DA:15,20
DA:16,20
DA:18,20
LF:13
LH:13
BRF:0
BRH:0
end_of_record
TN:
SF:src\routes\admin.dashboard.route.ts
FNF:0
FNH:0
DA:2,20
DA:3,20
DA:4,20
DA:5,20
DA:6,20
DA:8,20
DA:9,20
DA:12,20
DA:19,20
LF:9
LH:9
BRF:0
BRH:0
end_of_record
TN:
SF:src\routes\admin.inventory.route.ts
FNF:0
FNH:0
DA:1,20
DA:2,20
DA:3,20
DA:4,20
DA:5,20
DA:7,20
DA:8,20
DA:11,20
DA:12,20
DA:14,20
DA:15,20
DA:17,20
LF:12
LH:12
BRF:0
BRH:0
end_of_record
TN:
SF:src\routes\admin.order.route.ts
FNF:0
FNH:0
DA:1,20
DA:2,20
DA:3,20
DA:4,20
DA:5,20
DA:7,20
DA:8,20
DA:11,20
DA:12,20
DA:14,20
DA:15,20
DA:17,20
LF:12
LH:12
BRF:0
BRH:0
end_of_record
TN:
SF:src\routes\admin.payment.route.ts
FNF:0
FNH:0
DA:1,20
DA:2,20
DA:3,20
DA:4,20
DA:5,20
DA:7,20
DA:8,20
DA:11,20
DA:13,20
DA:14,20
DA:15,20
DA:16,20
DA:18,20
LF:13
LH:13
BRF:0
BRH:0
end_of_record
TN:
SF:src\routes\admin.product.route.ts
FNF:0
FNH:0
DA:1,20
DA:2,20
DA:3,20
DA:4,20
DA:5,20
DA:6,20
DA:7,20
DA:9,20
DA:10,20
DA:13,20
DA:15,20
DA:24,20
DA:26,20
DA:35,20
DA:36,20
DA:38,20
LF:16
LH:16
BRF:0
BRH:0
end_of_record
TN:
SF:src\routes\admin.settings.route.ts
FN:11,(anonymous_0)
FN:14,(anonymous_1)
FN:20,(anonymous_2)
FNF:3
FNH:3
FNDA:1,(anonymous_0)
FNDA:1,(anonymous_1)
FNDA:1,(anonymous_2)
DA:1,20
DA:2,20
DA:3,20
DA:4,20
DA:5,20
DA:7,20
DA:8,20
DA:11,20
DA:14,20
DA:15,20
DA:20,1
DA:23,20
LF:12
LH:12
BRF:0
BRH:0
end_of_record
TN:
SF:src\routes\admin.user.route.ts
FNF:0
FNH:0
DA:1,20
DA:2,20
DA:3,20
DA:4,20
DA:5,20
DA:6,20
DA:8,20
DA:9,20
DA:12,20
DA:20,20
DA:21,20
DA:23,20
DA:31,20
DA:32,20
DA:35,20
LF:15
LH:15
BRF:0
BRH:0
end_of_record
TN:
SF:src\routes\auth.route.ts
FNF:0
FNH:0
DA:1,20
DA:2,20
DA:3,20
DA:4,20
DA:5,20
DA:6,20
DA:7,20
DA:8,20
DA:9,20
DA:12,20
DA:18,20
DA:20,20
DA:22,20
DA:30,20
DA:34,20
DA:41,20
DA:49,20
LF:17
LH:17
BRF:0
BRH:0
end_of_record
TN:
SF:src\routes\blog.routes.ts
FN:7,(anonymous_0)
FN:8,(anonymous_1)
FNF:2
FNH:2
FNDA:1,(anonymous_0)
FNDA:3,(anonymous_1)
DA:1,20
DA:2,20
DA:4,20
DA:5,20
DA:7,20
DA:8,20
DA:10,20
LF:7
LH:7
BRF:0
BRH:0
end_of_record
TN:
SF:src\routes\cart.route.ts
FNF:0
FNH:0
DA:1,20
DA:2,20
DA:3,20
DA:4,20
DA:6,20
DA:7,20
DA:10,20
DA:11,20
DA:12,20
DA:13,20
DA:14,20
DA:16,20
LF:12
LH:12
BRF:0
BRH:0
end_of_record
TN:
SF:src\routes\order.route.ts
FNF:0
FNH:0
DA:1,20
DA:2,20
DA:3,20
DA:4,20
DA:6,20
DA:7,20
DA:10,20
DA:11,20
DA:14,20
DA:16,20
DA:18,20
DA:22,20
LF:12
LH:12
BRF:0
BRH:0
end_of_record
TN:
SF:src\routes\payment.route.ts
FNF:0
FNH:0
DA:1,20
DA:2,20
DA:3,20
DA:4,20
DA:6,20
DA:7,20
DA:10,20
DA:13,20
DA:15,20
DA:16,20
DA:18,20
DA:22,20
DA:25,20
LF:13
LH:13
BRF:0
BRH:0
end_of_record
TN:
SF:src\routes\public.category.route.ts
FNF:0
FNH:0
DA:1,20
DA:2,20
DA:3,20
DA:5,20
DA:6,20
DA:9,20
DA:11,20
LF:7
LH:7
BRF:0
BRH:0
end_of_record
TN:
SF:src\routes\public.product.route.ts
FNF:0
FNH:0
DA:1,20
DA:2,20
DA:3,20
DA:5,20
DA:6,20
DA:9,20
DA:10,20
DA:12,20
LF:8
LH:8
BRF:0
BRH:0
end_of_record
TN:
SF:src\routes\settings.route.ts
FN:11,(anonymous_0)
FNF:1
FNH:0
FNDA:0,(anonymous_0)
DA:1,20
DA:2,20
DA:3,20
DA:5,20
DA:6,20
DA:9,20
DA:12,0
DA:15,0
DA:32,20
LF:9
LH:7
BRF:0
BRH:0
end_of_record
TN:
SF:src\services\about.service.ts
FN:5,(anonymous_0)
FN:11,(anonymous_1)
FN:14,(anonymous_2)
FN:33,(anonymous_3)
FN:37,(anonymous_4)
FN:50,(anonymous_5)
FNF:6
FNH:3
FNDA:1,(anonymous_0)
FNDA:3,(anonymous_1)
FNDA:4,(anonymous_2)
FNDA:0,(anonymous_3)
FNDA:0,(anonymous_4)
FNDA:0,(anonymous_5)
DA:1,20
DA:2,20
DA:4,20
DA:6,1
DA:7,1
DA:8,1
DA:12,3
DA:14,4
DA:16,3
DA:17,3
DA:19,3
DA:20,3
DA:22,3
DA:23,3
DA:25,3
DA:26,3
DA:28,3
DA:30,3
DA:31,0
DA:32,0
DA:33,0
DA:37,0
DA:40,3
DA:41,3
DA:42,0
DA:43,0
DA:46,3
DA:47,3
DA:51,0
DA:54,0
LF:30
LH:22
BRDA:7,0,0,0
BRDA:7,0,1,1
BRDA:14,1,0,4
BRDA:14,1,1,0
BRDA:16,2,0,0
BRDA:16,2,1,3
BRDA:17,3,0,0
BRDA:17,3,1,3
BRDA:19,4,0,1
BRDA:19,4,1,2
BRDA:20,5,0,0
BRDA:20,5,1,3
BRDA:22,6,0,1
BRDA:22,6,1,2
BRDA:23,7,0,0
BRDA:23,7,1,3
BRDA:25,8,0,1
BRDA:25,8,1,2
BRDA:26,9,0,1
BRDA:26,9,1,2
BRDA:28,10,0,0
BRDA:28,10,1,3
BRDA:30,11,0,0
BRDA:30,11,1,3
BRDA:31,12,0,0
BRDA:31,12,1,0
BRDA:37,13,0,0
BRDA:37,13,1,0
BRDA:41,14,0,0
BRDA:41,14,1,3
BRF:30
BRH:17
end_of_record
TN:
SF:src\services\admin.dashboard.service.ts
FN:9,parseYmdUtc
FN:17,ymdUtc
FN:24,ymUtc
FN:30,addDaysUtc
FN:36,daysDiffInclusive
FN:43,(anonymous_5)
FN:193,(anonymous_6)
FN:212,(anonymous_7)
FNF:8
FNH:5
FNDA:2,parseYmdUtc
FNDA:0,ymdUtc
FNDA:6,ymUtc
FNDA:0,addDaysUtc
FNDA:0,daysDiffInclusive
FNDA:1,(anonymous_5)
FNDA:6,(anonymous_6)
FNDA:8,(anonymous_7)
DA:2,20
DA:3,20
DA:4,20
DA:5,20
DA:10,2
DA:11,2
DA:12,0
DA:13,0
DA:14,0
DA:18,0
DA:19,0
DA:20,0
DA:21,0
DA:25,6
DA:26,6
DA:27,6
DA:31,0
DA:32,0
DA:33,0
DA:37,0
DA:38,0
DA:39,0
DA:42,20
DA:44,1
DA:45,1
DA:48,1
DA:50,1
DA:51,1
DA:52,1
DA:54,1
DA:55,1
DA:58,1
DA:59,1
DA:60,1
DA:63,1
DA:64,1
DA:65,1
DA:67,1
DA:68,1
DA:69,1
DA:71,1
DA:88,1
DA:142,1
DA:147,1
DA:150,1
DA:151,0
DA:152,0
DA:155,1
DA:157,1
DA:159,0
DA:160,0
DA:162,0
DA:163,0
DA:164,0
DA:165,0
DA:166,0
DA:169,0
DA:170,0
DA:171,0
DA:172,0
DA:173,0
DA:176,0
DA:179,1
DA:180,1
DA:181,6
DA:182,6
DA:185,1
DA:186,1
DA:187,2
DA:188,2
DA:189,2
DA:190,2
DA:193,6
DA:196,1
DA:212,8
LF:75
LH:47
BRDA:10,0,0,2
BRDA:10,0,1,2
BRDA:11,1,0,2
BRDA:11,1,1,0
BRDA:12,2,0,0
BRDA:12,2,1,0
BRDA:14,3,0,0
BRDA:14,3,1,0
BRDA:44,4,0,1
BRDA:44,4,1,0
BRDA:52,5,0,0
BRDA:52,5,1,1
BRDA:54,6,0,1
BRDA:54,6,1,0
BRDA:55,7,0,0
BRDA:55,7,1,1
BRDA:59,8,0,0
BRDA:59,8,1,1
BRDA:60,9,0,0
BRDA:60,9,1,1
BRDA:64,10,0,0
BRDA:64,10,1,1
BRDA:65,11,0,0
BRDA:65,11,1,1
BRDA:68,12,0,0
BRDA:68,12,1,1
BRDA:74,13,0,0
BRDA:74,13,1,1
BRDA:142,14,0,1
BRDA:142,14,1,0
BRDA:150,15,0,0
BRDA:150,15,1,1
BRDA:150,16,0,1
BRDA:150,16,1,0
BRDA:150,16,2,0
BRDA:152,17,0,0
BRDA:152,17,1,0
BRDA:157,18,0,0
BRDA:157,18,1,1
BRDA:157,19,0,1
BRDA:157,19,1,0
BRDA:157,19,2,0
BRDA:157,19,3,0
BRDA:163,20,0,0
BRDA:163,20,1,0
BRDA:164,21,0,0
BRDA:164,21,1,0
BRDA:165,22,0,0
BRDA:165,22,1,0
BRDA:166,23,0,0
BRDA:166,23,1,0
BRDA:166,24,0,0
BRDA:166,24,1,0
BRDA:172,25,0,0
BRDA:172,25,1,0
BRDA:186,26,0,1
BRDA:186,26,1,0
BRDA:188,27,0,2
BRDA:188,27,1,0
BRDA:189,28,0,0
BRDA:189,28,1,2
BRDA:189,29,0,2
BRDA:189,29,1,2
BRDA:190,30,0,2
BRDA:190,30,1,0
BRDA:190,31,0,2
BRDA:190,31,1,0
BRDA:193,32,0,6
BRDA:193,32,1,4
BRDA:199,33,0,0
BRDA:199,33,1,1
BRDA:200,34,0,0
BRDA:200,34,1,1
BRDA:212,35,0,1
BRDA:212,35,1,0
BRDA:214,36,0,8
BRDA:214,36,1,0
BRDA:219,37,0,8
BRDA:219,37,1,0
BRDA:219,38,0,8
BRDA:219,38,1,0
BRF:81
BRH:33
end_of_record
TN:
SF:src\services\admin.user.service.ts
FN:10,(anonymous_1)
FN:29,(anonymous_2)
FN:37,(anonymous_3)
FN:43,(anonymous_4)
FN:61,(anonymous_5)
FN:67,(anonymous_6)
FN:73,(anonymous_7)
FNF:7
FNH:7
FNDA:4,(anonymous_1)
FNDA:5,(anonymous_2)
FNDA:1,(anonymous_3)
FNDA:1,(anonymous_4)
FNDA:1,(anonymous_5)
FNDA:1,(anonymous_6)
FNDA:5,(anonymous_7)
DA:1,20
DA:2,20
DA:3,20
DA:5,20
DA:7,20
DA:9,20
DA:11,4
DA:12,4
DA:14,3
DA:16,3
DA:30,5
DA:38,1
DA:39,1
DA:40,1
DA:44,1
DA:46,1
DA:48,1
DA:50,1
DA:51,0
DA:52,0
DA:55,1
DA:56,1
DA:57,1
DA:62,1
DA:63,1
DA:64,1
DA:68,1
DA:69,1
DA:70,1
DA:74,5
DA:76,5
DA:78,5
DA:88,5
DA:90,5
LF:34
LH:32
BRDA:12,0,0,1
BRDA:12,0,1,3
BRDA:23,1,0,3
BRDA:23,1,1,0
BRDA:24,2,0,3
BRDA:24,2,1,3
BRDA:39,3,0,0
BRDA:39,3,1,1
BRDA:46,4,0,0
BRDA:46,4,1,1
BRDA:48,5,0,0
BRDA:48,5,1,1
BRDA:50,6,0,0
BRDA:50,6,1,1
BRDA:52,7,0,0
BRDA:52,7,1,0
BRDA:52,8,0,0
BRDA:52,8,1,0
BRDA:56,9,0,0
BRDA:56,9,1,1
BRDA:63,10,0,0
BRDA:63,10,1,1
BRDA:69,11,0,0
BRDA:69,11,1,1
BRF:24
BRH:12
end_of_record
TN:
SF:src\services\blog.service.ts
FN:5,cleanTags
FN:7,(anonymous_1)
FN:11,(anonymous_2)
FN:16,(anonymous_3)
FN:51,(anonymous_4)
FN:80,(anonymous_5)
FN:86,(anonymous_6)
FN:128,(anonymous_7)
FN:139,(anonymous_8)
FN:168,(anonymous_9)
FNF:10
FNH:8
FNDA:1,cleanTags
FNDA:0,(anonymous_1)
FNDA:0,(anonymous_2)
FNDA:1,(anonymous_3)
FNDA:1,(anonymous_4)
FNDA:1,(anonymous_5)
FNDA:1,(anonymous_6)
FNDA:1,(anonymous_7)
FNDA:1,(anonymous_8)
FNDA:2,(anonymous_9)
DA:1,20
DA:2,20
DA:3,20
DA:6,1
DA:7,0
DA:9,0
DA:11,0
DA:15,20
DA:17,1
DA:18,1
DA:20,1
DA:21,1
DA:23,1
DA:24,1
DA:26,1
DA:27,1
DA:28,1
DA:29,1
DA:31,1
DA:33,1
DA:35,1
DA:48,1
DA:52,1
DA:53,1
DA:54,1
DA:56,1
DA:57,1
DA:59,1
DA:60,1
DA:62,1
DA:63,0
DA:64,0
DA:67,1
DA:77,1
DA:81,1
DA:87,1
DA:88,1
DA:90,1
DA:92,1
DA:93,1
DA:94,1
DA:95,1
DA:97,1
DA:98,1
DA:99,1
DA:100,1
DA:101,1
DA:102,1
DA:103,0
DA:105,1
DA:108,1
DA:109,1
DA:110,1
DA:112,1
DA:113,1
DA:114,1
DA:115,1
DA:118,1
DA:119,1
DA:122,1
DA:124,1
DA:125,1
DA:129,1
DA:134,1
DA:135,1
DA:140,1
DA:141,1
DA:142,1
DA:144,1
DA:145,1
DA:147,1
DA:148,1
DA:150,1
DA:151,0
DA:152,0
DA:155,1
DA:165,1
DA:169,2
LF:78
LH:70
BRDA:6,0,0,1
BRDA:6,0,1,0
BRDA:7,1,0,0
BRDA:7,1,1,0
BRDA:17,2,0,1
BRDA:17,2,1,0
BRDA:18,3,0,0
BRDA:18,3,1,1
BRDA:20,4,0,1
BRDA:20,4,1,0
BRDA:21,5,0,1
BRDA:21,5,1,0
BRDA:23,6,0,1
BRDA:23,6,1,0
BRDA:24,7,0,0
BRDA:24,7,1,1
BRDA:31,8,0,1
BRDA:31,8,1,0
BRDA:33,9,0,1
BRDA:33,9,1,0
BRDA:44,10,0,1
BRDA:44,10,1,0
BRDA:52,11,0,1
BRDA:52,11,1,1
BRDA:53,12,0,1
BRDA:53,12,1,1
BRDA:56,13,0,1
BRDA:56,13,1,1
BRDA:57,14,0,1
BRDA:57,14,1,1
BRDA:60,15,0,0
BRDA:60,15,1,1
BRDA:60,16,0,1
BRDA:60,16,1,0
BRDA:62,17,0,0
BRDA:62,17,1,1
BRDA:88,18,0,0
BRDA:88,18,1,1
BRDA:92,19,0,1
BRDA:92,19,1,0
BRDA:93,20,0,1
BRDA:93,20,1,0
BRDA:94,21,0,0
BRDA:94,21,1,1
BRDA:102,22,0,1
BRDA:102,22,1,0
BRDA:102,23,0,1
BRDA:102,23,1,0
BRDA:108,24,0,1
BRDA:108,24,1,0
BRDA:108,25,0,1
BRDA:108,25,1,0
BRDA:109,26,0,0
BRDA:109,26,1,1
BRDA:109,27,0,0
BRDA:109,27,1,0
BRDA:110,28,0,0
BRDA:110,28,1,1
BRDA:112,29,0,1
BRDA:112,29,1,0
BRDA:113,30,0,1
BRDA:113,30,1,0
BRDA:114,31,0,0
BRDA:114,31,1,1
BRDA:118,32,0,0
BRDA:118,32,1,1
BRDA:118,33,0,1
BRDA:118,33,1,0
BRDA:119,34,0,1
BRDA:119,34,1,0
BRDA:122,35,0,0
BRDA:122,35,1,1
BRDA:134,36,0,0
BRDA:134,36,1,1
BRDA:140,37,0,1
BRDA:140,37,1,1
BRDA:141,38,0,1
BRDA:141,38,1,1
BRDA:144,39,0,1
BRDA:144,39,1,1
BRDA:145,40,0,1
BRDA:145,40,1,1
BRDA:148,41,0,0
BRDA:148,41,1,1
BRDA:150,42,0,0
BRDA:150,42,1,1
BRF:86
BRH:49
end_of_record
TN:
SF:src\services\cart.service.ts
FN:8,(anonymous_9)
FN:17,(anonymous_10)
FN:37,(anonymous_11)
FN:48,(anonymous_12)
FN:69,(anonymous_13)
FN:87,(anonymous_14)
FN:97,(anonymous_15)
FN:105,(anonymous_16)
FNF:8
FNH:8
FNDA:2,(anonymous_9)
FNDA:6,(anonymous_10)
FNDA:1,(anonymous_11)
FNDA:1,(anonymous_12)
FNDA:4,(anonymous_13)
FNDA:1,(anonymous_14)
FNDA:1,(anonymous_15)
FNDA:1,(anonymous_16)
DA:1,1
DA:2,1
DA:3,1
DA:5,1
DA:7,1
DA:9,2
DA:10,2
DA:11,1
DA:12,1
DA:14,1
DA:18,6
DA:19,6
DA:20,5
DA:22,4
DA:23,4
DA:24,3
DA:28,2
DA:35,2
DA:36,2
DA:37,1
DA:40,2
DA:41,1
DA:42,1
DA:50,1
DA:57,1
DA:61,1
DA:66,1
DA:70,4
DA:71,4
DA:73,3
DA:74,3
DA:75,2
DA:77,1
DA:87,2
DA:88,1
DA:94,1
DA:98,1
DA:102,1
DA:106,1
LF:39
LH:39
BRDA:10,0,0,1
BRDA:10,0,1,1
BRDA:19,1,0,1
BRDA:19,1,1,5
BRDA:20,2,0,1
BRDA:20,2,1,4
BRDA:22,3,0,4
BRDA:22,3,1,0
BRDA:23,4,0,1
BRDA:23,4,1,3
BRDA:24,5,0,1
BRDA:24,5,1,2
BRDA:28,6,0,1
BRDA:28,6,1,1
BRDA:28,7,0,2
BRDA:28,7,1,1
BRDA:37,8,0,1
BRDA:37,8,1,1
BRDA:40,9,0,1
BRDA:40,9,1,1
BRDA:71,10,0,1
BRDA:71,10,1,3
BRDA:73,11,0,3
BRDA:73,11,1,0
BRDA:74,12,0,1
BRDA:74,12,1,2
BRDA:75,13,0,1
BRDA:75,13,1,1
BRF:28
BRH:26
end_of_record
TN:
SF:src\services\category.service.ts
FN:8,(anonymous_0)
FN:27,(anonymous_1)
FN:31,(anonymous_2)
FN:37,(anonymous_3)
FN:66,(anonymous_4)
FNF:5
FNH:5
FNDA:2,(anonymous_0)
FNDA:1,(anonymous_1)
FNDA:2,(anonymous_2)
FNDA:1,(anonymous_3)
FNDA:1,(anonymous_4)
DA:1,20
DA:2,20
DA:3,20
DA:5,20
DA:7,20
DA:9,2
DA:10,2
DA:13,2
DA:14,2
DA:15,0
DA:18,2
DA:28,1
DA:32,2
DA:33,1
DA:34,1
DA:38,1
DA:39,1
DA:41,1
DA:43,1
DA:44,1
DA:45,1
DA:46,1
DA:49,1
DA:50,1
DA:51,1
DA:52,0
DA:54,1
DA:57,1
DA:58,0
DA:61,1
DA:62,1
DA:63,1
DA:67,1
DA:68,1
DA:69,1
LF:35
LH:32
BRDA:21,0,0,2
BRDA:21,0,1,2
BRDA:22,1,0,2
BRDA:22,1,1,2
BRDA:33,2,0,0
BRDA:33,2,1,1
BRDA:39,3,0,0
BRDA:39,3,1,1
BRDA:43,4,0,1
BRDA:43,4,1,0
BRDA:51,5,0,1
BRDA:51,5,1,0
BRDA:51,6,0,1
BRDA:51,6,1,0
BRDA:57,7,0,0
BRDA:57,7,1,1
BRDA:58,8,0,0
BRDA:58,8,1,0
BRDA:62,9,0,0
BRDA:62,9,1,1
BRDA:68,10,0,0
BRDA:68,10,1,1
BRF:22
BRH:12
end_of_record
TN:
SF:src\services\company.service.ts
FN:13,getCompanyFromSettings
FNF:1
FNH:1
FNDA:3,getCompanyFromSettings
DA:1,20
DA:2,20
DA:3,20
DA:13,20
DA:14,3
DA:15,3
DA:17,3
DA:20,3
DA:24,3
DA:26,3
LF:10
LH:10
BRDA:20,0,0,3
BRDA:20,0,1,0
BRDA:24,1,0,3
BRDA:24,1,1,0
BRDA:24,2,0,3
BRDA:24,2,1,3
BRDA:27,3,0,3
BRDA:27,3,1,0
BRDA:27,4,0,3
BRDA:27,4,1,0
BRDA:28,5,0,3
BRDA:28,5,1,0
BRDA:28,6,0,3
BRDA:28,6,1,0
BRDA:29,7,0,3
BRDA:29,7,1,0
BRDA:29,8,0,3
BRDA:29,8,1,0
BRDA:30,9,0,3
BRDA:30,9,1,0
BRDA:30,10,0,3
BRDA:30,10,1,0
BRF:22
BRH:12
end_of_record
TN:
SF:src\services\inventory.order.service.ts
FN:13,(anonymous_1)
FNF:1
FNH:1
FNDA:5,(anonymous_1)
DA:1,21
DA:2,21
DA:3,21
DA:4,21
DA:6,21
DA:8,21
DA:14,5
DA:16,4
DA:17,4
DA:19,3
DA:20,1
DA:25,2
DA:26,2
DA:29,1
DA:30,2
DA:41,1
DA:42,1
DA:44,1
LF:18
LH:18
BRDA:14,0,0,1
BRDA:14,0,1,4
BRDA:17,1,0,1
BRDA:17,1,1,3
BRDA:19,2,0,1
BRDA:19,2,1,2
BRDA:25,3,0,2
BRDA:25,3,1,0
BRDA:26,4,0,1
BRDA:26,4,1,1
BRDA:29,5,0,1
BRDA:29,5,1,0
BRDA:35,6,0,2
BRDA:35,6,1,0
BRDA:41,7,0,1
BRDA:41,7,1,0
BRF:16
BRH:12
end_of_record
TN:
SF:src\services\inventory.service.ts
FN:10,(anonymous_1)
FN:58,(anonymous_2)
FN:99,(anonymous_3)
FN:110,(anonymous_4)
FNF:4
FNH:4
FNDA:9,(anonymous_1)
FNDA:6,(anonymous_2)
FNDA:3,(anonymous_3)
FNDA:4,(anonymous_4)
DA:1,21
DA:2,21
DA:3,21
DA:4,21
DA:6,21
DA:19,9
DA:20,9
DA:22,6
DA:25,6
DA:26,6
DA:28,5
DA:29,5
DA:32,4
DA:38,4
DA:40,3
DA:43,3
DA:55,3
DA:65,6
DA:66,6
DA:68,5
DA:70,5
DA:71,5
DA:73,4
DA:75,4
DA:81,4
DA:83,3
DA:85,3
DA:96,3
DA:100,3
DA:101,3
DA:107,3
DA:111,4
DA:112,4
DA:113,4
DA:115,4
DA:116,4
DA:117,1
DA:119,4
DA:121,4
DA:131,4
LF:40
LH:40
BRDA:20,0,0,3
BRDA:20,0,1,6
BRDA:20,1,0,9
BRDA:20,1,1,8
BRDA:26,2,0,1
BRDA:26,2,1,5
BRDA:28,3,0,5
BRDA:28,3,1,0
BRDA:29,4,0,1
BRDA:29,4,1,4
BRDA:38,5,0,1
BRDA:38,5,1,3
BRDA:40,6,0,3
BRDA:40,6,1,0
BRDA:45,7,0,3
BRDA:45,7,1,1
BRDA:49,8,0,3
BRDA:49,8,1,1
BRDA:50,9,0,1
BRDA:50,9,1,2
BRDA:51,10,0,2
BRDA:51,10,1,1
BRDA:52,11,0,3
BRDA:52,11,1,2
BRDA:66,12,0,1
BRDA:66,12,1,5
BRDA:66,13,0,6
BRDA:66,13,1,6
BRDA:71,14,0,1
BRDA:71,14,1,4
BRDA:73,15,0,4
BRDA:73,15,1,0
BRDA:81,16,0,1
BRDA:81,16,1,3
BRDA:83,17,0,3
BRDA:83,17,1,0
BRDA:91,18,0,3
BRDA:91,18,1,0
BRDA:92,19,0,2
BRDA:92,19,1,1
BRDA:93,20,0,3
BRDA:93,20,1,3
BRDA:99,21,0,0
BRDA:111,22,0,4
BRDA:111,22,1,1
BRDA:112,23,0,4
BRDA:112,23,1,1
BRDA:116,24,0,1
BRDA:116,24,1,3
BRDA:116,25,0,4
BRDA:116,25,1,2
BRDA:119,26,0,2
BRDA:119,26,1,2
BRF:53
BRH:47
end_of_record
TN:
SF:src\services\invoice.service.ts
FN:4,money
FN:9,safeText
FN:13,fmtDate
FN:21,generateInvoicePdfBuffer
FN:33,(anonymous_5)
FN:34,(anonymous_6)
FN:35,(anonymous_7)
FN:67,roundedRect
FN:71,pill
FN:89,drawTableHeader
FNF:10
FNH:10
FNDA:11,money
FNDA:16,safeText
FNDA:6,fmtDate
FNDA:3,generateInvoicePdfBuffer
FNDA:195,(anonymous_5)
FNDA:3,(anonymous_6)
FNDA:3,(anonymous_7)
FNDA:31,roundedRect
FNDA:6,pill
FNDA:3,drawTableHeader
DA:1,20
DA:2,20
DA:5,11
DA:6,11
DA:10,16
DA:14,6
DA:15,6
DA:17,0
DA:21,20
DA:28,3
DA:30,3
DA:31,3
DA:33,195
DA:34,3
DA:35,3
DA:36,3
DA:39,3
DA:47,3
DA:48,3
DA:49,3
DA:54,3
DA:68,31
DA:72,6
DA:73,6
DA:75,6
DA:76,6
DA:77,6
DA:79,6
DA:80,6
DA:82,6
DA:83,6
DA:85,6
DA:86,6
DA:91,3
DA:92,3
DA:93,3
DA:94,3
DA:97,3
DA:98,3
DA:99,3
DA:100,3
DA:102,3
DA:103,3
DA:104,3
DA:105,3
DA:106,3
DA:108,3
DA:114,3
DA:115,3
DA:117,3
DA:118,3
DA:119,3
DA:120,3
DA:121,3
DA:122,3
DA:125,3
DA:126,3
DA:127,3
DA:128,3
DA:136,3
DA:137,3
DA:145,3
DA:147,3
DA:148,3
DA:150,3
DA:151,3
DA:154,3
DA:160,3
DA:173,3
DA:174,3
DA:175,3
DA:177,3
DA:178,3
DA:180,3
DA:181,3
DA:182,3
DA:183,3
DA:186,3
DA:187,3
DA:188,3
DA:189,3
DA:191,3
DA:197,3
DA:198,3
DA:199,3
DA:200,3
DA:202,3
DA:203,3
DA:204,3
DA:205,3
DA:206,3
DA:209,3
DA:211,3
DA:212,3
DA:213,3
DA:214,3
DA:216,3
DA:222,3
DA:223,3
DA:224,3
DA:225,3
DA:227,3
DA:228,3
DA:230,3
DA:231,3
DA:236,3
DA:237,3
DA:240,3
DA:241,3
DA:242,3
DA:243,3
DA:245,3
DA:251,3
DA:253,3
DA:257,3
DA:258,3
DA:259,3
DA:260,3
DA:261,3
DA:262,3
DA:265,3
DA:266,3
DA:267,3
DA:268,3
DA:270,3
DA:276,3
DA:277,3
DA:285,3
DA:287,3
DA:293,3
DA:294,3
DA:296,3
DA:297,3
DA:298,3
DA:300,3
DA:302,3
DA:303,3
DA:305,3
DA:306,1
DA:307,1
DA:308,1
DA:309,1
DA:312,1
DA:313,0
DA:315,0
DA:321,0
DA:322,0
DA:323,0
DA:325,0
DA:329,1
DA:330,1
DA:331,1
DA:332,1
DA:335,1
DA:336,1
DA:337,1
DA:338,1
DA:339,1
DA:341,1
DA:347,3
DA:348,3
DA:349,3
DA:351,3
DA:352,0
DA:353,0
DA:356,3
DA:357,3
DA:358,3
DA:359,3
DA:361,3
DA:362,3
DA:363,3
DA:364,3
DA:366,3
DA:372,3
DA:374,3
DA:375,3
DA:380,3
DA:381,3
DA:386,3
DA:387,3
DA:388,3
DA:396,3
DA:397,3
DA:399,3
DA:407,3
DA:408,3
LF:187
LH:178
BRDA:5,0,0,11
BRDA:5,0,1,0
BRDA:6,1,0,11
BRDA:6,1,1,0
BRDA:10,2,0,16
BRDA:10,2,1,0
BRDA:15,3,0,4
BRDA:15,3,1,2
BRDA:39,4,0,3
BRDA:39,4,1,0
BRDA:43,5,0,0
BRDA:43,5,1,0
BRDA:44,6,0,0
BRDA:44,6,1,0
BRDA:44,7,0,0
BRDA:44,7,1,0
BRDA:67,8,0,0
BRDA:125,9,0,3
BRDA:125,9,1,0
BRDA:127,10,0,3
BRDA:127,10,1,0
BRDA:147,11,0,3
BRDA:147,11,1,0
BRDA:147,12,0,3
BRDA:147,12,1,3
BRDA:150,13,0,3
BRDA:150,13,1,0
BRDA:150,14,0,3
BRDA:150,14,1,3
BRDA:177,15,0,3
BRDA:177,15,1,0
BRDA:177,15,2,0
BRDA:178,16,0,3
BRDA:178,16,1,0
BRDA:224,17,0,3
BRDA:224,17,1,0
BRDA:225,18,0,3
BRDA:225,18,1,0
BRDA:253,19,0,0
BRDA:253,19,1,3
BRDA:254,20,0,0
BRDA:254,20,1,0
BRDA:254,21,0,0
BRDA:254,21,1,0
BRDA:302,22,0,3
BRDA:302,22,1,0
BRDA:307,23,0,1
BRDA:307,23,1,0
BRDA:308,24,0,1
BRDA:308,24,1,0
BRDA:312,25,0,0
BRDA:312,25,1,1
BRDA:330,26,0,1
BRDA:330,26,1,0
BRDA:347,27,0,3
BRDA:347,27,1,2
BRDA:348,28,0,3
BRDA:348,28,1,3
BRDA:349,29,0,3
BRDA:349,29,1,2
BRDA:351,30,0,0
BRDA:351,30,1,3
BRF:62
BRH:31
end_of_record
TN:
SF:src\services\mail.service.ts
FN:9,isEmailConfigured
FN:13,getTransporter
FN:38,verifyEmailTransport
FN:54,sendEmail
FN:67,sendResetEmail
FN:107,sendPaymentReceiptEmail
FN:152,sendOrderStatusEmail
FN:162,(anonymous_8)
FNF:8
FNH:7
FNDA:38,isEmailConfigured
FNDA:21,getTransporter
FNDA:19,verifyEmailTransport
FNDA:1,sendEmail
FNDA:0,sendResetEmail
FNDA:1,sendPaymentReceiptEmail
FNDA:1,sendOrderStatusEmail
FNDA:1,(anonymous_8)
DA:2,20
DA:5,20
DA:7,20
DA:10,38
DA:14,21
DA:16,19
DA:20,0
DA:21,0
DA:24,19
DA:34,19
DA:38,20
DA:39,19
DA:40,19
DA:43,19
DA:45,19
DA:46,5
DA:47,5
DA:49,0
DA:50,0
DA:55,1
DA:56,1
DA:58,1
DA:67,20
DA:72,0
DA:104,0
DA:107,20
DA:115,1
DA:116,1
DA:118,1
DA:135,1
DA:137,1
DA:152,20
DA:160,1
DA:162,1
DA:164,1
DA:193,0
LF:36
LH:29
BRDA:10,0,0,38
BRDA:10,0,1,38
BRDA:10,0,2,38
BRDA:10,0,3,38
BRDA:14,1,0,2
BRDA:14,1,1,19
BRDA:16,2,0,0
BRDA:16,2,1,19
BRDA:43,3,0,0
BRDA:43,3,1,19
BRDA:56,4,0,1
BRDA:56,4,1,0
BRDA:56,4,2,0
BRDA:116,5,0,1
BRDA:116,5,1,0
BRDA:126,6,0,1
BRDA:126,6,1,0
BRDA:135,7,0,1
BRDA:135,7,1,0
BRDA:135,7,2,0
BRDA:160,8,0,1
BRDA:160,8,1,0
BRDA:171,9,0,1
BRDA:171,9,1,0
BRDA:178,10,0,1
BRDA:178,10,1,1
BRDA:180,11,0,1
BRDA:180,11,1,0
BRF:28
BRH:17
end_of_record
TN:
SF:src\services\product.service.ts
FN:14,normalizeSku
FN:19,(anonymous_1)
FN:38,(anonymous_2)
FN:71,(anonymous_3)
FN:92,(anonymous_4)
FN:108,(anonymous_5)
FN:112,(anonymous_6)
FN:153,(anonymous_7)
FN:166,(anonymous_8)
FN:172,(anonymous_9)
FN:179,(anonymous_10)
FN:250,(anonymous_11)
FNF:12
FNH:12
FNDA:6,normalizeSku
FNDA:5,(anonymous_1)
FNDA:2,(anonymous_2)
FNDA:3,(anonymous_3)
FNDA:3,(anonymous_4)
FNDA:2,(anonymous_5)
FNDA:6,(anonymous_6)
FNDA:2,(anonymous_7)
FNDA:3,(anonymous_8)
FNDA:1,(anonymous_9)
FNDA:4,(anonymous_10)
FNDA:3,(anonymous_11)
DA:1,21
DA:2,21
DA:3,21
DA:4,21
DA:5,21
DA:8,21
DA:10,21
DA:11,21
DA:15,6
DA:18,21
DA:20,5
DA:22,5
DA:23,5
DA:25,4
DA:29,4
DA:31,3
DA:32,3
DA:33,3
DA:34,3
DA:35,1
DA:38,3
DA:40,3
DA:43,3
DA:58,3
DA:59,2
DA:68,3
DA:72,3
DA:73,3
DA:74,3
DA:76,3
DA:77,3
DA:79,3
DA:80,3
DA:82,3
DA:84,3
DA:93,3
DA:94,3
DA:109,2
DA:113,6
DA:114,6
DA:116,5
DA:118,5
DA:119,1
DA:120,1
DA:125,1
DA:126,0
DA:129,4
DA:130,2
DA:131,2
DA:132,2
DA:133,2
DA:134,20
DA:135,20
DA:136,18
DA:138,2
DA:141,4
DA:142,1
DA:146,1
DA:147,1
DA:148,1
DA:152,4
DA:153,2
DA:154,1
DA:158,4
DA:159,1
DA:162,3
DA:163,3
DA:167,3
DA:168,3
DA:169,2
DA:173,1
DA:174,1
DA:175,0
DA:181,4
DA:182,2
DA:187,2
DA:188,1
DA:201,1
DA:202,1
DA:203,1
DA:205,1
DA:207,1
DA:213,1
DA:217,1
DA:223,1
DA:233,1
DA:234,1
DA:247,2
DA:251,3
LF:89
LH:87
BRDA:23,0,0,1
BRDA:23,0,1,4
BRDA:29,1,0,1
BRDA:29,1,1,3
BRDA:38,2,0,3
BRDA:38,2,1,0
BRDA:40,3,0,3
BRDA:40,3,1,0
BRDA:47,4,0,3
BRDA:47,4,1,3
BRDA:49,5,0,3
BRDA:49,5,1,2
BRDA:53,6,0,3
BRDA:53,6,1,1
BRDA:58,7,0,2
BRDA:58,7,1,1
BRDA:72,8,0,3
BRDA:72,8,1,0
BRDA:73,9,0,3
BRDA:73,9,1,0
BRDA:76,10,0,3
BRDA:76,10,1,1
BRDA:77,11,0,1
BRDA:77,11,1,2
BRDA:80,12,0,1
BRDA:80,12,1,2
BRDA:114,13,0,1
BRDA:114,13,1,5
BRDA:118,14,0,1
BRDA:118,14,1,4
BRDA:125,15,0,1
BRDA:125,15,1,0
BRDA:129,16,0,2
BRDA:129,16,1,2
BRDA:135,17,0,2
BRDA:135,17,1,18
BRDA:135,18,0,20
BRDA:135,18,1,19
BRDA:141,19,0,1
BRDA:141,19,1,3
BRDA:146,20,0,0
BRDA:146,20,1,1
BRDA:152,21,0,1
BRDA:152,21,1,3
BRDA:152,22,0,4
BRDA:152,22,1,4
BRDA:154,23,0,1
BRDA:154,23,1,0
BRDA:158,24,0,1
BRDA:158,24,1,3
BRDA:158,25,0,4
BRDA:158,25,1,1
BRDA:168,26,0,1
BRDA:168,26,1,2
BRDA:174,27,0,1
BRDA:174,27,1,0
BRDA:181,28,0,2
BRDA:181,28,1,2
BRDA:187,29,0,1
BRDA:187,29,1,1
BRDA:193,30,0,1
BRDA:193,30,1,0
BRDA:201,31,0,1
BRDA:201,31,1,0
BRDA:202,32,0,1
BRDA:202,32,1,0
BRDA:205,33,0,0
BRDA:205,33,1,1
BRDA:213,34,0,0
BRDA:213,34,1,1
BRDA:217,35,0,1
BRDA:217,35,1,0
BRDA:219,36,0,0
BRDA:219,36,1,0
BRF:74
BRH:58
end_of_record
TN:
SF:src\services\settings.service.ts
FN:5,(anonymous_0)
FN:11,(anonymous_1)
FNF:2
FNH:2
FNDA:14,(anonymous_0)
FNDA:12,(anonymous_1)
DA:1,21
DA:2,21
DA:4,21
DA:6,14
DA:7,14
DA:8,14
DA:13,12
DA:15,12
DA:16,12
DA:17,12
DA:18,12
DA:19,1
DA:21,12
DA:23,12
DA:24,3
DA:25,3
DA:26,1
DA:29,10
DA:30,4
DA:31,2
DA:33,2
DA:34,2
DA:35,0
DA:39,8
DA:40,4
DA:41,4
DA:42,2
DA:45,6
DA:46,2
DA:53,6
DA:54,6
DA:55,1
DA:56,1
DA:59,5
DA:65,5
LF:35
LH:34
BRDA:7,0,0,1
BRDA:7,0,1,13
BRDA:15,1,0,3
BRDA:15,1,1,9
BRDA:15,2,0,3
BRDA:15,2,1,0
BRDA:16,3,0,1
BRDA:16,3,1,11
BRDA:16,4,0,1
BRDA:16,4,1,0
BRDA:17,5,0,2
BRDA:17,5,1,10
BRDA:17,6,0,2
BRDA:17,6,1,0
BRDA:18,7,0,1
BRDA:18,7,1,11
BRDA:19,8,0,1
BRDA:19,8,1,0
BRDA:21,9,0,1
BRDA:21,9,1,11
BRDA:21,10,0,1
BRDA:21,10,1,0
BRDA:23,11,0,3
BRDA:23,11,1,9
BRDA:25,12,0,2
BRDA:25,12,1,1
BRDA:25,13,0,3
BRDA:25,13,1,2
BRDA:29,14,0,4
BRDA:29,14,1,6
BRDA:30,15,0,2
BRDA:30,15,1,2
BRDA:30,16,0,4
BRDA:30,16,1,3
BRDA:34,17,0,2
BRDA:34,17,1,0
BRDA:34,18,0,2
BRDA:34,18,1,1
BRDA:39,19,0,4
BRDA:39,19,1,4
BRDA:41,20,0,2
BRDA:41,20,1,2
BRDA:41,21,0,4
BRDA:41,21,1,3
BRDA:45,22,0,2
BRDA:45,22,1,4
BRDA:54,23,0,1
BRDA:54,23,1,5
BRF:48
BRH:42
end_of_record
TN:
SF:src\services\user.service.ts
FN:13,gen6DigitCode
FN:19,(anonymous_2)
FN:38,(anonymous_3)
FN:55,(anonymous_4)
FN:61,(anonymous_5)
FN:67,(anonymous_6)
FN:94,(anonymous_7)
FN:125,(anonymous_8)
FNF:8
FNH:6
FNDA:3,gen6DigitCode
FNDA:77,(anonymous_2)
FNDA:72,(anonymous_3)
FNDA:3,(anonymous_4)
FNDA:0,(anonymous_5)
FNDA:0,(anonymous_6)
FNDA:5,(anonymous_7)
FNDA:3,(anonymous_8)
DA:1,22
DA:2,22
DA:3,22
DA:4,22
DA:5,22
DA:6,22
DA:8,22
DA:9,22
DA:11,22
DA:15,3
DA:18,22
DA:20,77
DA:21,77
DA:23,75
DA:25,75
DA:39,72
DA:40,72
DA:42,71
DA:43,71
DA:45,69
DA:51,69
DA:52,69
DA:56,3
DA:57,3
DA:58,3
DA:62,0
DA:63,0
DA:64,0
DA:72,0
DA:74,0
DA:76,0
DA:78,0
DA:79,0
DA:80,0
DA:81,0
DA:85,0
DA:86,0
DA:87,0
DA:95,5
DA:100,5
DA:101,2
DA:104,3
DA:105,3
DA:107,3
DA:108,3
DA:109,3
DA:112,3
DA:116,3
DA:119,3
DA:121,3
DA:126,3
DA:128,3
DA:134,3
DA:136,2
DA:137,2
DA:138,2
DA:139,2
DA:141,2
LF:58
LH:45
BRDA:21,0,0,2
BRDA:21,0,1,75
BRDA:40,1,0,1
BRDA:40,1,1,71
BRDA:43,2,0,2
BRDA:43,2,1,69
BRDA:57,3,0,0
BRDA:57,3,1,3
BRDA:63,4,0,0
BRDA:63,4,1,0
BRDA:74,5,0,0
BRDA:74,5,1,0
BRDA:76,6,0,0
BRDA:76,6,1,0
BRDA:78,7,0,0
BRDA:78,7,1,0
BRDA:80,8,0,0
BRDA:80,8,1,0
BRDA:80,9,0,0
BRDA:80,9,1,0
BRDA:86,10,0,0
BRDA:86,10,1,0
BRDA:100,11,0,2
BRDA:100,11,1,3
BRDA:134,12,0,1
BRDA:134,12,1,2
BRF:26
BRH:11
end_of_record
TN:
SF:src\types\user.type.ts
FNF:0
FNH:0
DA:1,20
DA:3,20
LF:2
LH:2
BRF:0
BRH:0
end_of_record
TN:
SF:src\utils\blogSlug.ts
FN:1,toSlug
FNF:1
FNH:1
FNDA:2,toSlug
DA:1,20
DA:2,2
LF:2
LH:2
BRDA:2,0,0,2
BRDA:2,0,1,0
BRF:2
BRH:1
end_of_record
TN:
SF:src\utils\slug.ts
FN:1,toSlug
FNF:1
FNH:1
FNDA:8,toSlug
DA:1,21
DA:2,8
LF:2
LH:2
BRF:0
BRH:0
end_of_record
